<?xml version="1.0" encoding="UTF-8"?>
<testsuites name="Chiragh Smoke Tests" time="647" tests="23" failures="7" errors="0">
   <testsuite name="Chiragh Smoke Tests" tests="23" failures="7" errors="0" time="647" timestamp="2019-01-11 12:35:01" hostname="HP - DESKTOP-2D7LI1O" id="Test Suites/Chiragh Smoke Tests">
      <properties>
         <property name="deviceName" value=""/>
         <property name="devicePlatform" value=""/>
         <property name="logFolder" value="C:\\Users\\HP\\git\\ChiraghWebTests\\Reports\\Chiragh Smoke Tests\\20190111_123458"/>
         <property name="logFiles" value="C:\\Users\\HP\\git\\ChiraghWebTests\\Reports\\Chiragh Smoke Tests\\20190111_123458\\execution0.log"/>
         <property name="attachments" value="C:\\Users\\HP\\git\\ChiraghWebTests\\Reports\\Chiragh Smoke Tests\\20190111_123458\\1547192201894.png, C:\\Users\\HP\\git\\ChiraghWebTests\\Reports\\Chiragh Smoke Tests\\20190111_123458\\1547192202323.png, C:\\Users\\HP\\git\\ChiraghWebTests\\Reports\\Chiragh Smoke Tests\\20190111_123458\\1547192242489.png, C:\\Users\\HP\\git\\ChiraghWebTests\\Reports\\Chiragh Smoke Tests\\20190111_123458\\1547192243012.png, C:\\Users\\HP\\git\\ChiraghWebTests\\Reports\\Chiragh Smoke Tests\\20190111_123458\\1547192266848.png, C:\\Users\\HP\\git\\ChiraghWebTests\\Reports\\Chiragh Smoke Tests\\20190111_123458\\1547192267367.png, C:\\Users\\HP\\git\\ChiraghWebTests\\Reports\\Chiragh Smoke Tests\\20190111_123458\\1547192663377.png, C:\\Users\\HP\\git\\ChiraghWebTests\\Reports\\Chiragh Smoke Tests\\20190111_123458\\1547192663670.png, C:\\Users\\HP\\git\\ChiraghWebTests\\Reports\\Chiragh Smoke Tests\\20190111_123458\\1547192717658.png, C:\\Users\\HP\\git\\ChiraghWebTests\\Reports\\Chiragh Smoke Tests\\20190111_123458\\1547192746933.png, C:\\Users\\HP\\git\\ChiraghWebTests\\Reports\\Chiragh Smoke Tests\\20190111_123458\\1547192747544.png"/>
         <property name="hostName" value="HP - DESKTOP-2D7LI1O"/>
         <property name="os" value="Windows 10 64bit"/>
         <property name="katalonVersion" value="5.10.1.1"/>
         <property name="browser" value="Chrome 71.0.3578.98"/>
         <property name="hostAddress" value="192.168.1.163"/>
         <property name="sessionId" value="8373ae2ce03aa6b88dfde1379f19e9e3"/>
         <property name="seleniumVersion" value="3.7.1"/>
         <property name="proxyInformation" value="ProxyInformation{proxyOption=NO_PROXY, proxyServerType=HTTP, password=, proxyServerAddress=, proxyServerPort=0}"/>
         <property name="platform" value="Windows 10"/>
      </properties>
      <testcase name="Test Cases/register/read more" classname="Test Cases/register/read more" status="PASSED">
         <system-out><![CDATA[2019-01-11 12:35:01 - [TEST_CASE][PASSED] - Test Cases/register/read more: Test Cases/register/read more

2019-01-11 12:35:01 - [TEST_STEP][PASSED] - openBrowser(""): Browser is opened with url: ''

2019-01-11 12:35:02 - [MESSAGE][INFO] - Starting 'Chrome' driver

2019-01-11 12:35:02 - [MESSAGE][INFO] - Action delay is set to 0 seconds

2019-01-11 12:35:05 - [MESSAGE][PASSED] - Browser is opened with url: ''

2019-01-11 12:35:05 - [TEST_STEP][PASSED] - navigateToUrl(Url): Navigate to 'http://demo.chiragh.com/' successfully

2019-01-11 12:35:16 - [MESSAGE][PASSED] - Navigate to 'http://demo.chiragh.com/' successfully

2019-01-11 12:35:16 - [TEST_STEP][PASSED] - maximizeWindow(): Current window maximized

2019-01-11 12:35:18 - [MESSAGE][PASSED] - Current window maximized

2019-01-11 12:35:18 - [TEST_STEP][PASSED] - delay(3): Delayed 3 second(s)

2019-01-11 12:35:21 - [MESSAGE][PASSED] - Delayed 3 second(s)

2019-01-11 12:35:21 - [TEST_STEP][PASSED] - click(findTestObject("sign in/Page_Chiragh/div_Login                    o")): Object: 'Object Repository/sign in/Page_Chiragh/div_Login                    o' is clicked on

2019-01-11 12:35:21 - [MESSAGE][PASSED] - Object: 'Object Repository/sign in/Page_Chiragh/div_Login                    o' is clicked on

2019-01-11 12:35:21 - [TEST_STEP][PASSED] - click(findTestObject("sign in/Page_Chiragh/a_Register")): Object: 'Object Repository/sign in/Page_Chiragh/a_Register' is clicked on

2019-01-11 12:35:21 - [MESSAGE][PASSED] - Object: 'Object Repository/sign in/Page_Chiragh/a_Register' is clicked on

2019-01-11 12:35:21 - [TEST_STEP][PASSED] - delay(3): Delayed 3 second(s)

2019-01-11 12:35:24 - [MESSAGE][PASSED] - Delayed 3 second(s)

2019-01-11 12:35:24 - [TEST_STEP][PASSED] - click(findTestObject("Object Repository/read more/Page_Chiragh/a_(Read More)")): Object: 'Object Repository/read more/Page_Chiragh/a_(Read More)' is clicked on

2019-01-11 12:35:24 - [MESSAGE][PASSED] - Object: 'Object Repository/read more/Page_Chiragh/a_(Read More)' is clicked on

2019-01-11 12:35:24 - [TEST_STEP][PASSED] - verifyElementPresent(findTestObject("Object Repository/read more/Page_Chiragh/div_Terms  Conditions"), 5): Object 'Object Repository/read more/Page_Chiragh/div_Terms  Conditions' is present

2019-01-11 12:35:24 - [MESSAGE][PASSED] - Object 'Object Repository/read more/Page_Chiragh/div_Terms  Conditions' is present

2019-01-11 12:35:24 - [TEST_STEP][PASSED] - closeBrowser(): Browser is closed

2019-01-11 12:35:25 - [MESSAGE][PASSED] - Browser is closed

2019-01-11 12:35:25 - [TEST_STEP][PASSED] - Start listener action : sampleAfterTestCase: null

2019-01-11 12:35:25 - [TEST_STEP][PASSED] - println(testCaseContext.getTestCaseId()): null

2019-01-11 12:35:25 - [TEST_STEP][PASSED] - println(testCaseContext.getTestCaseStatus()): null]]></system-out>
         <system-err><![CDATA[]]></system-err>
      </testcase>
      <testcase name="Test Cases/signin/Forgot Password" classname="Test Cases/signin/Forgot Password" status="PASSED">
         <system-out><![CDATA[2019-01-11 12:35:25 - [TEST_CASE][PASSED] - Test Cases/signin/Forgot Password: Test Cases/signin/Forgot Password

2019-01-11 12:35:25 - [TEST_STEP][PASSED] - openBrowser(""): Browser is opened with url: ''

2019-01-11 12:35:25 - [MESSAGE][INFO] - Starting 'Chrome' driver

2019-01-11 12:35:28 - [MESSAGE][PASSED] - Browser is opened with url: ''

2019-01-11 12:35:28 - [TEST_STEP][PASSED] - navigateToUrl(Url): Navigate to 'http://demo.chiragh.com/' successfully

2019-01-11 12:35:38 - [MESSAGE][PASSED] - Navigate to 'http://demo.chiragh.com/' successfully

2019-01-11 12:35:38 - [TEST_STEP][PASSED] - maximizeWindow(): Current window maximized

2019-01-11 12:35:39 - [MESSAGE][PASSED] - Current window maximized

2019-01-11 12:35:39 - [TEST_STEP][PASSED] - delay(3): Delayed 3 second(s)

2019-01-11 12:35:42 - [MESSAGE][PASSED] - Delayed 3 second(s)

2019-01-11 12:35:42 - [TEST_STEP][PASSED] - click(findTestObject("Object Repository/forgot password/Page_Chiragh/div_Login                    o")): Object: 'Object Repository/forgot password/Page_Chiragh/div_Login                    o' is clicked on

2019-01-11 12:35:43 - [MESSAGE][PASSED] - Object: 'Object Repository/forgot password/Page_Chiragh/div_Login                    o' is clicked on

2019-01-11 12:35:43 - [TEST_STEP][PASSED] - click(findTestObject("Object Repository/forgot password/Page_Chiragh/a_Login")): Object: 'Object Repository/forgot password/Page_Chiragh/a_Login' is clicked on

2019-01-11 12:35:43 - [MESSAGE][PASSED] - Object: 'Object Repository/forgot password/Page_Chiragh/a_Login' is clicked on

2019-01-11 12:35:43 - [TEST_STEP][PASSED] - delay(3): Delayed 3 second(s)

2019-01-11 12:35:46 - [MESSAGE][PASSED] - Delayed 3 second(s)

2019-01-11 12:35:46 - [TEST_STEP][PASSED] - click(findTestObject("Object Repository/forgot password/Page_Chiragh/a_Forgot Password")): Object: 'Object Repository/forgot password/Page_Chiragh/a_Forgot Password' is clicked on

2019-01-11 12:35:46 - [MESSAGE][PASSED] - Object: 'Object Repository/forgot password/Page_Chiragh/a_Forgot Password' is clicked on

2019-01-11 12:35:46 - [TEST_STEP][PASSED] - verifyElementPresent(findTestObject("Object Repository/forgot password/Page_Chiragh/form_Forgot Password"), 3): Object 'Object Repository/forgot password/Page_Chiragh/form_Forgot Password' is present

2019-01-11 12:35:46 - [MESSAGE][PASSED] - Object 'Object Repository/forgot password/Page_Chiragh/form_Forgot Password' is present

2019-01-11 12:35:46 - [TEST_STEP][PASSED] - verifyElementPresent(findTestObject("Object Repository/forgot password/Page_Chiragh/div_Follow these simple steps"), 3): Object 'Object Repository/forgot password/Page_Chiragh/div_Follow these simple steps' is present

2019-01-11 12:35:46 - [MESSAGE][PASSED] - Object 'Object Repository/forgot password/Page_Chiragh/div_Follow these simple steps' is present

2019-01-11 12:35:46 - [TEST_STEP][PASSED] - verifyElementPresent(findTestObject("Object Repository/forgot password/Page_Chiragh/div_Submit"), 3): Object 'Object Repository/forgot password/Page_Chiragh/div_Submit' is present

2019-01-11 12:35:46 - [MESSAGE][PASSED] - Object 'Object Repository/forgot password/Page_Chiragh/div_Submit' is present

2019-01-11 12:35:46 - [TEST_STEP][PASSED] - closeBrowser(): Browser is closed

2019-01-11 12:35:47 - [MESSAGE][PASSED] - Browser is closed

2019-01-11 12:35:47 - [TEST_STEP][PASSED] - Start listener action : sampleAfterTestCase: null

2019-01-11 12:35:47 - [TEST_STEP][PASSED] - println(testCaseContext.getTestCaseId()): null

2019-01-11 12:35:47 - [TEST_STEP][PASSED] - println(testCaseContext.getTestCaseStatus()): null]]></system-out>
         <system-err><![CDATA[]]></system-err>
      </testcase>
      <testcase name="Test Cases/signin/login" classname="Test Cases/signin/login" status="PASSED">
         <system-out><![CDATA[2019-01-11 12:35:47 - [TEST_CASE][PASSED] - Test Cases/signin/login: Test Cases/signin/login

2019-01-11 12:35:47 - [TEST_STEP][PASSED] - openBrowser(""): Browser is opened with url: ''

2019-01-11 12:35:47 - [MESSAGE][INFO] - Starting 'Chrome' driver

2019-01-11 12:35:50 - [MESSAGE][PASSED] - Browser is opened with url: ''

2019-01-11 12:35:50 - [TEST_STEP][PASSED] - navigateToUrl(Url): Navigate to 'http://demo.chiragh.com/' successfully

2019-01-11 12:35:56 - [MESSAGE][PASSED] - Navigate to 'http://demo.chiragh.com/' successfully

2019-01-11 12:35:56 - [TEST_STEP][PASSED] - maximizeWindow(): Current window maximized

2019-01-11 12:35:57 - [MESSAGE][PASSED] - Current window maximized

2019-01-11 12:35:57 - [TEST_STEP][PASSED] - click(findTestObject("sign in/Page_Chiragh/div_Login                    o")): Object: 'Object Repository/sign in/Page_Chiragh/div_Login                    o' is clicked on

2019-01-11 12:35:58 - [MESSAGE][PASSED] - Object: 'Object Repository/sign in/Page_Chiragh/div_Login                    o' is clicked on

2019-01-11 12:35:58 - [TEST_STEP][PASSED] - click(findTestObject("sign in/Page_Chiragh/a_Login")): Object: 'Object Repository/sign in/Page_Chiragh/a_Login' is clicked on

2019-01-11 12:35:58 - [MESSAGE][PASSED] - Object: 'Object Repository/sign in/Page_Chiragh/a_Login' is clicked on

2019-01-11 12:35:58 - [TEST_STEP][PASSED] - delay(3): Delayed 3 second(s)

2019-01-11 12:36:01 - [MESSAGE][PASSED] - Delayed 3 second(s)

2019-01-11 12:36:01 - [TEST_STEP][PASSED] - com.chiraghmethods.util.loginMethod.Login(userName, passWord): com.chiraghmethods.util.loginMethod.Login is PASSED

2019-01-11 12:36:01 - [MESSAGE][PASSED] - Text 'newuser11' is set on object 'Object Repository/Page_Chiragh/input_Sign In_userName (1)'

2019-01-11 12:36:01 - [MESSAGE][PASSED] - Text '12345678' is set on object 'Object Repository/Page_Chiragh/input_Sign In_userPassword (1)'

2019-01-11 12:36:01 - [MESSAGE][PASSED] - Object: 'Object Repository/sell/Page_Chiragh/button_Sign In' is clicked on

2019-01-11 12:36:01 - [MESSAGE][PASSED] - com.chiraghmethods.util.loginMethod.Login is PASSED

2019-01-11 12:36:01 - [TEST_STEP][PASSED] - delay(3): Delayed 3 second(s)

2019-01-11 12:36:04 - [MESSAGE][PASSED] - Delayed 3 second(s)

2019-01-11 12:36:04 - [TEST_STEP][PASSED] - verifyTextPresent(userName, true): Text 'newuser11' is present on page  using regular expression

2019-01-11 12:36:05 - [MESSAGE][PASSED] - Text 'newuser11' is present on page  using regular expression

2019-01-11 12:36:05 - [TEST_STEP][PASSED] - closeBrowser(): Browser is closed

2019-01-11 12:36:06 - [MESSAGE][PASSED] - Browser is closed

2019-01-11 12:36:06 - [TEST_STEP][PASSED] - Start listener action : sampleAfterTestCase: null

2019-01-11 12:36:06 - [TEST_STEP][PASSED] - println(testCaseContext.getTestCaseId()): null

2019-01-11 12:36:06 - [TEST_STEP][PASSED] - println(testCaseContext.getTestCaseStatus()): null]]></system-out>
         <system-err><![CDATA[]]></system-err>
      </testcase>
      <testcase name="Test Cases/home page/Contact Us" classname="Test Cases/home page/Contact Us" status="PASSED">
         <system-out><![CDATA[2019-01-11 12:36:06 - [TEST_CASE][PASSED] - Test Cases/home page/Contact Us: Test Cases/home page/Contact Us

2019-01-11 12:36:06 - [TEST_STEP][PASSED] - openBrowser(""): Browser is opened with url: ''

2019-01-11 12:36:06 - [MESSAGE][INFO] - Starting 'Chrome' driver

2019-01-11 12:36:08 - [MESSAGE][PASSED] - Browser is opened with url: ''

2019-01-11 12:36:08 - [TEST_STEP][PASSED] - navigateToUrl(Url): Navigate to 'http://demo.chiragh.com/' successfully

2019-01-11 12:36:19 - [MESSAGE][PASSED] - Navigate to 'http://demo.chiragh.com/' successfully

2019-01-11 12:36:19 - [TEST_STEP][PASSED] - maximizeWindow(): Current window maximized

2019-01-11 12:36:20 - [MESSAGE][PASSED] - Current window maximized

2019-01-11 12:36:20 - [TEST_STEP][PASSED] - delay(3): Delayed 3 second(s)

2019-01-11 12:36:23 - [MESSAGE][PASSED] - Delayed 3 second(s)

2019-01-11 12:36:23 - [TEST_STEP][PASSED] - click(findTestObject("Object Repository/Contact Us/Page_Chiragh/a_CONTACT US")): Object: 'Object Repository/Contact Us/Page_Chiragh/a_CONTACT US' is clicked on

2019-01-11 12:36:23 - [MESSAGE][PASSED] - Object: 'Object Repository/Contact Us/Page_Chiragh/a_CONTACT US' is clicked on

2019-01-11 12:36:23 - [TEST_STEP][PASSED] - delay(3): Delayed 3 second(s)

2019-01-11 12:36:26 - [MESSAGE][PASSED] - Delayed 3 second(s)

2019-01-11 12:36:26 - [TEST_STEP][PASSED] - verifyElementPresent(findTestObject("Object Repository/Contact Us/Page_Chiragh/div_Headquarter"), 3): Object 'Object Repository/Contact Us/Page_Chiragh/div_Headquarter' is present

2019-01-11 12:36:26 - [MESSAGE][PASSED] - Object 'Object Repository/Contact Us/Page_Chiragh/div_Headquarter' is present

2019-01-11 12:36:26 - [TEST_STEP][PASSED] - closeBrowser(): Browser is closed

2019-01-11 12:36:27 - [MESSAGE][PASSED] - Browser is closed

2019-01-11 12:36:27 - [TEST_STEP][PASSED] - Start listener action : sampleAfterTestCase: null

2019-01-11 12:36:27 - [TEST_STEP][PASSED] - println(testCaseContext.getTestCaseId()): null

2019-01-11 12:36:27 - [TEST_STEP][PASSED] - println(testCaseContext.getTestCaseStatus()): null]]></system-out>
         <system-err><![CDATA[]]></system-err>
      </testcase>
      <testcase name="Test Cases/home page/first learn more" classname="Test Cases/home page/first learn more" status="FAILED">
         <failure type="FAILED" message="Test Cases/home page/first learn more FAILED.
Reason:
com.kms.katalon.core.exception.StepFailedException: Unable to accept alert (Root cause: com.kms.katalon.core.exception.StepFailedException: No alert found)
	at com.kms.katalon.core.keyword.internal.KeywordMain.stepFailed(KeywordMain.groovy:36)
	at com.kms.katalon.core.webui.keyword.internal.WebUIKeywordMain.stepFailed(WebUIKeywordMain.groovy:65)
	at com.kms.katalon.core.webui.keyword.internal.WebUIKeywordMain.runKeyword(WebUIKeywordMain.groovy:27)
	at com.kms.katalon.core.webui.keyword.builtin.AcceptAlertKeyword.acceptAlert(AcceptAlertKeyword.groovy:71)
	at com.kms.katalon.core.webui.keyword.builtin.AcceptAlertKeyword.execute(AcceptAlertKeyword.groovy:66)
	at com.kms.katalon.core.keyword.internal.KeywordExecutor.executeKeywordForPlatform(KeywordExecutor.groovy:53)
	at com.kms.katalon.core.webui.keyword.WebUiBuiltInKeywords.acceptAlert(WebUiBuiltInKeywords.groovy:1492)
	at com.kms.katalon.core.webui.keyword.WebUiBuiltInKeywords$acceptAlert$7.call(Unknown Source)
	at first learn more.run(first learn more:22)
	at com.kms.katalon.core.main.ScriptEngine.run(ScriptEngine.java:194)
	at com.kms.katalon.core.main.ScriptEngine.runScriptAsRawText(ScriptEngine.java:119)
	at com.kms.katalon.core.main.TestCaseExecutor.runScript(TestCaseExecutor.java:328)
	at com.kms.katalon.core.main.TestCaseExecutor.doExecute(TestCaseExecutor.java:319)
	at com.kms.katalon.core.main.TestCaseExecutor.processExecutionPhase(TestCaseExecutor.java:298)
	at com.kms.katalon.core.main.TestCaseExecutor.accessMainPhase(TestCaseExecutor.java:290)
	at com.kms.katalon.core.main.TestCaseExecutor.execute(TestCaseExecutor.java:224)
	at com.kms.katalon.core.main.TestSuiteExecutor.accessTestCaseMainPhase(TestSuiteExecutor.java:129)
	at com.kms.katalon.core.main.TestSuiteExecutor.accessTestSuiteMainPhase(TestSuiteExecutor.java:112)
	at com.kms.katalon.core.main.TestSuiteExecutor.execute(TestSuiteExecutor.java:81)
	at com.kms.katalon.core.main.TestCaseMain.startTestSuite(TestCaseMain.java:149)
	at com.kms.katalon.core.main.TestCaseMain$startTestSuite$0.call(Unknown Source)
	at TempTestSuite1547192098307.run(TempTestSuite1547192098307.groovy:36)
"/>
         <system-out><![CDATA[2019-01-11 12:36:27 - [TEST_CASE][FAILED] - Test Cases/home page/first learn more: Test Cases/home page/first learn more FAILED.
Reason:
com.kms.katalon.core.exception.StepFailedException: Unable to accept alert (Root cause: com.kms.katalon.core.exception.StepFailedException: No alert found)
	at com.kms.katalon.core.keyword.internal.KeywordMain.stepFailed(KeywordMain.groovy:36)
	at com.kms.katalon.core.webui.keyword.internal.WebUIKeywordMain.stepFailed(WebUIKeywordMain.groovy:65)
	at com.kms.katalon.core.webui.keyword.internal.WebUIKeywordMain.runKeyword(WebUIKeywordMain.groovy:27)
	at com.kms.katalon.core.webui.keyword.builtin.AcceptAlertKeyword.acceptAlert(AcceptAlertKeyword.groovy:71)
	at com.kms.katalon.core.webui.keyword.builtin.AcceptAlertKeyword.execute(AcceptAlertKeyword.groovy:66)
	at com.kms.katalon.core.keyword.internal.KeywordExecutor.executeKeywordForPlatform(KeywordExecutor.groovy:53)
	at com.kms.katalon.core.webui.keyword.WebUiBuiltInKeywords.acceptAlert(WebUiBuiltInKeywords.groovy:1492)
	at com.kms.katalon.core.webui.keyword.WebUiBuiltInKeywords$acceptAlert$7.call(Unknown Source)
	at first learn more.run(first learn more:22)
	at com.kms.katalon.core.main.ScriptEngine.run(ScriptEngine.java:194)
	at com.kms.katalon.core.main.ScriptEngine.runScriptAsRawText(ScriptEngine.java:119)
	at com.kms.katalon.core.main.TestCaseExecutor.runScript(TestCaseExecutor.java:328)
	at com.kms.katalon.core.main.TestCaseExecutor.doExecute(TestCaseExecutor.java:319)
	at com.kms.katalon.core.main.TestCaseExecutor.processExecutionPhase(TestCaseExecutor.java:298)
	at com.kms.katalon.core.main.TestCaseExecutor.accessMainPhase(TestCaseExecutor.java:290)
	at com.kms.katalon.core.main.TestCaseExecutor.execute(TestCaseExecutor.java:224)
	at com.kms.katalon.core.main.TestSuiteExecutor.accessTestCaseMainPhase(TestSuiteExecutor.java:129)
	at com.kms.katalon.core.main.TestSuiteExecutor.accessTestSuiteMainPhase(TestSuiteExecutor.java:112)
	at com.kms.katalon.core.main.TestSuiteExecutor.execute(TestSuiteExecutor.java:81)
	at com.kms.katalon.core.main.TestCaseMain.startTestSuite(TestCaseMain.java:149)
	at com.kms.katalon.core.main.TestCaseMain$startTestSuite$0.call(Unknown Source)
	at TempTestSuite1547192098307.run(TempTestSuite1547192098307.groovy:36)


2019-01-11 12:36:27 - [TEST_STEP][PASSED] - openBrowser(""): Browser is opened with url: ''

2019-01-11 12:36:27 - [MESSAGE][INFO] - Starting 'Chrome' driver

2019-01-11 12:36:30 - [MESSAGE][PASSED] - Browser is opened with url: ''

2019-01-11 12:36:30 - [TEST_STEP][PASSED] - navigateToUrl(Url): Navigate to 'http://demo.chiragh.com/' successfully

2019-01-11 12:36:41 - [MESSAGE][PASSED] - Navigate to 'http://demo.chiragh.com/' successfully

2019-01-11 12:36:41 - [TEST_STEP][PASSED] - click(findTestObject("Object Repository/first learn more/Page_Chiragh/button_LEARN MORE")): Object: 'Object Repository/first learn more/Page_Chiragh/button_LEARN MORE' is clicked on

2019-01-11 12:36:41 - [MESSAGE][PASSED] - Object: 'Object Repository/first learn more/Page_Chiragh/button_LEARN MORE' is clicked on

2019-01-11 12:36:41 - [TEST_STEP][FAILED] - acceptAlert(): acceptAlert() FAILED.
Reason:
com.kms.katalon.core.exception.StepFailedException: Unable to accept alert (Root cause: com.kms.katalon.core.exception.StepFailedException: No alert found)
	at com.kms.katalon.core.keyword.internal.KeywordMain.stepFailed(KeywordMain.groovy:36)
	at com.kms.katalon.core.webui.keyword.internal.WebUIKeywordMain.stepFailed(WebUIKeywordMain.groovy:65)
	at com.kms.katalon.core.webui.keyword.internal.WebUIKeywordMain.runKeyword(WebUIKeywordMain.groovy:27)
	at com.kms.katalon.core.webui.keyword.builtin.AcceptAlertKeyword.acceptAlert(AcceptAlertKeyword.groovy:71)
	at com.kms.katalon.core.webui.keyword.builtin.AcceptAlertKeyword.execute(AcceptAlertKeyword.groovy:66)
	at com.kms.katalon.core.keyword.internal.KeywordExecutor.executeKeywordForPlatform(KeywordExecutor.groovy:53)
	at com.kms.katalon.core.webui.keyword.WebUiBuiltInKeywords.acceptAlert(WebUiBuiltInKeywords.groovy:1492)
	at com.kms.katalon.core.webui.keyword.WebUiBuiltInKeywords$acceptAlert$7.call(Unknown Source)
	at first learn more.run(first learn more:22)
	at com.kms.katalon.core.main.ScriptEngine.run(ScriptEngine.java:194)
	at com.kms.katalon.core.main.ScriptEngine.runScriptAsRawText(ScriptEngine.java:119)
	at com.kms.katalon.core.main.TestCaseExecutor.runScript(TestCaseExecutor.java:328)
	at com.kms.katalon.core.main.TestCaseExecutor.doExecute(TestCaseExecutor.java:319)
	at com.kms.katalon.core.main.TestCaseExecutor.processExecutionPhase(TestCaseExecutor.java:298)
	at com.kms.katalon.core.main.TestCaseExecutor.accessMainPhase(TestCaseExecutor.java:290)
	at com.kms.katalon.core.main.TestCaseExecutor.execute(TestCaseExecutor.java:224)
	at com.kms.katalon.core.main.TestSuiteExecutor.accessTestCaseMainPhase(TestSuiteExecutor.java:129)
	at com.kms.katalon.core.main.TestSuiteExecutor.accessTestSuiteMainPhase(TestSuiteExecutor.java:112)
	at com.kms.katalon.core.main.TestSuiteExecutor.execute(TestSuiteExecutor.java:81)
	at com.kms.katalon.core.main.TestCaseMain.startTestSuite(TestCaseMain.java:149)
	at com.kms.katalon.core.main.TestCaseMain$startTestSuite$0.call(Unknown Source)
	at TempTestSuite1547192098307.run(TempTestSuite1547192098307.groovy:36)


2019-01-11 12:36:42 - [MESSAGE][FAILED] - No alert found
[[ATTACHMENT|C:\\Users\\HP\\git\\ChiraghWebTests\\Reports\\Chiragh Smoke Tests\\20190111_123458\\1547192201894.png]]

2019-01-11 12:36:42 - [MESSAGE][FAILED] - Unable to accept alert (Root cause: com.kms.katalon.core.exception.StepFailedException: No alert found)
[[ATTACHMENT|C:\\Users\\HP\\git\\ChiraghWebTests\\Reports\\Chiragh Smoke Tests\\20190111_123458\\1547192202323.png]]

2019-01-11 12:36:42 - [MESSAGE][FAILED] - acceptAlert() FAILED.
Reason:
com.kms.katalon.core.exception.StepFailedException: Unable to accept alert (Root cause: com.kms.katalon.core.exception.StepFailedException: No alert found)
	at com.kms.katalon.core.keyword.internal.KeywordMain.stepFailed(KeywordMain.groovy:36)
	at com.kms.katalon.core.webui.keyword.internal.WebUIKeywordMain.stepFailed(WebUIKeywordMain.groovy:65)
	at com.kms.katalon.core.webui.keyword.internal.WebUIKeywordMain.runKeyword(WebUIKeywordMain.groovy:27)
	at com.kms.katalon.core.webui.keyword.builtin.AcceptAlertKeyword.acceptAlert(AcceptAlertKeyword.groovy:71)
	at com.kms.katalon.core.webui.keyword.builtin.AcceptAlertKeyword.execute(AcceptAlertKeyword.groovy:66)
	at com.kms.katalon.core.keyword.internal.KeywordExecutor.executeKeywordForPlatform(KeywordExecutor.groovy:53)
	at com.kms.katalon.core.webui.keyword.WebUiBuiltInKeywords.acceptAlert(WebUiBuiltInKeywords.groovy:1492)
	at com.kms.katalon.core.webui.keyword.WebUiBuiltInKeywords$acceptAlert$7.call(Unknown Source)
	at first learn more.run(first learn more:22)
	at com.kms.katalon.core.main.ScriptEngine.run(ScriptEngine.java:194)
	at com.kms.katalon.core.main.ScriptEngine.runScriptAsRawText(ScriptEngine.java:119)
	at com.kms.katalon.core.main.TestCaseExecutor.runScript(TestCaseExecutor.java:328)
	at com.kms.katalon.core.main.TestCaseExecutor.doExecute(TestCaseExecutor.java:319)
	at com.kms.katalon.core.main.TestCaseExecutor.processExecutionPhase(TestCaseExecutor.java:298)
	at com.kms.katalon.core.main.TestCaseExecutor.accessMainPhase(TestCaseExecutor.java:290)
	at com.kms.katalon.core.main.TestCaseExecutor.execute(TestCaseExecutor.java:224)
	at com.kms.katalon.core.main.TestSuiteExecutor.accessTestCaseMainPhase(TestSuiteExecutor.java:129)
	at com.kms.katalon.core.main.TestSuiteExecutor.accessTestSuiteMainPhase(TestSuiteExecutor.java:112)
	at com.kms.katalon.core.main.TestSuiteExecutor.execute(TestSuiteExecutor.java:81)
	at com.kms.katalon.core.main.TestCaseMain.startTestSuite(TestCaseMain.java:149)
	at com.kms.katalon.core.main.TestCaseMain$startTestSuite$0.call(Unknown Source)
	at TempTestSuite1547192098307.run(TempTestSuite1547192098307.groovy:36)


2019-01-11 12:36:42 - [TEST_STEP][PASSED] - Start listener action : sampleAfterTestCase: null

2019-01-11 12:36:42 - [TEST_STEP][PASSED] - println(testCaseContext.getTestCaseId()): null

2019-01-11 12:36:42 - [TEST_STEP][PASSED] - println(testCaseContext.getTestCaseStatus()): null]]></system-out>
         <system-err><![CDATA[2019-01-11 12:36:27 - [TEST_CASE][FAILED] - Test Cases/home page/first learn more: Test Cases/home page/first learn more FAILED.
Reason:
com.kms.katalon.core.exception.StepFailedException: Unable to accept alert (Root cause: com.kms.katalon.core.exception.StepFailedException: No alert found)
	at com.kms.katalon.core.keyword.internal.KeywordMain.stepFailed(KeywordMain.groovy:36)
	at com.kms.katalon.core.webui.keyword.internal.WebUIKeywordMain.stepFailed(WebUIKeywordMain.groovy:65)
	at com.kms.katalon.core.webui.keyword.internal.WebUIKeywordMain.runKeyword(WebUIKeywordMain.groovy:27)
	at com.kms.katalon.core.webui.keyword.builtin.AcceptAlertKeyword.acceptAlert(AcceptAlertKeyword.groovy:71)
	at com.kms.katalon.core.webui.keyword.builtin.AcceptAlertKeyword.execute(AcceptAlertKeyword.groovy:66)
	at com.kms.katalon.core.keyword.internal.KeywordExecutor.executeKeywordForPlatform(KeywordExecutor.groovy:53)
	at com.kms.katalon.core.webui.keyword.WebUiBuiltInKeywords.acceptAlert(WebUiBuiltInKeywords.groovy:1492)
	at com.kms.katalon.core.webui.keyword.WebUiBuiltInKeywords$acceptAlert$7.call(Unknown Source)
	at first learn more.run(first learn more:22)
	at com.kms.katalon.core.main.ScriptEngine.run(ScriptEngine.java:194)
	at com.kms.katalon.core.main.ScriptEngine.runScriptAsRawText(ScriptEngine.java:119)
	at com.kms.katalon.core.main.TestCaseExecutor.runScript(TestCaseExecutor.java:328)
	at com.kms.katalon.core.main.TestCaseExecutor.doExecute(TestCaseExecutor.java:319)
	at com.kms.katalon.core.main.TestCaseExecutor.processExecutionPhase(TestCaseExecutor.java:298)
	at com.kms.katalon.core.main.TestCaseExecutor.accessMainPhase(TestCaseExecutor.java:290)
	at com.kms.katalon.core.main.TestCaseExecutor.execute(TestCaseExecutor.java:224)
	at com.kms.katalon.core.main.TestSuiteExecutor.accessTestCaseMainPhase(TestSuiteExecutor.java:129)
	at com.kms.katalon.core.main.TestSuiteExecutor.accessTestSuiteMainPhase(TestSuiteExecutor.java:112)
	at com.kms.katalon.core.main.TestSuiteExecutor.execute(TestSuiteExecutor.java:81)
	at com.kms.katalon.core.main.TestCaseMain.startTestSuite(TestCaseMain.java:149)
	at com.kms.katalon.core.main.TestCaseMain$startTestSuite$0.call(Unknown Source)
	at TempTestSuite1547192098307.run(TempTestSuite1547192098307.groovy:36)]]></system-err>
      </testcase>
      <testcase name="Test Cases/home page/load more" classname="Test Cases/home page/load more" status="PASSED">
         <system-out><![CDATA[2019-01-11 12:36:42 - [TEST_CASE][PASSED] - Test Cases/home page/load more: Test Cases/home page/load more

2019-01-11 12:36:43 - [TEST_STEP][PASSED] - openBrowser(""): Browser is opened with url: ''

2019-01-11 12:36:43 - [MESSAGE][WARNING] - A browser is already opened. Closing browser and opening a new one

2019-01-11 12:36:43 - [MESSAGE][INFO] - Starting 'Chrome' driver

2019-01-11 12:36:46 - [MESSAGE][PASSED] - Browser is opened with url: ''

2019-01-11 12:36:46 - [TEST_STEP][PASSED] - navigateToUrl(Url): Navigate to 'http://demo.chiragh.com/' successfully

2019-01-11 12:36:57 - [MESSAGE][PASSED] - Navigate to 'http://demo.chiragh.com/' successfully

2019-01-11 12:36:57 - [TEST_STEP][PASSED] - maximizeWindow(): Current window maximized

2019-01-11 12:36:58 - [MESSAGE][PASSED] - Current window maximized

2019-01-11 12:36:58 - [TEST_STEP][PASSED] - delay(3): Delayed 3 second(s)

2019-01-11 12:37:01 - [MESSAGE][PASSED] - Delayed 3 second(s)

2019-01-11 12:37:01 - [TEST_STEP][PASSED] - verifyElementPresent(findTestObject("load more/Page_Chiragh/div_property id 51556 (1)"), 7): Object 'Object Repository/load more/Page_Chiragh/div_property id 51556 (1)' is present

2019-01-11 12:37:01 - [MESSAGE][PASSED] - Object 'Object Repository/load more/Page_Chiragh/div_property id 51556 (1)' is present

2019-01-11 12:37:01 - [TEST_STEP][PASSED] - attribute2 = getText(findTestObject("load more/Page_Chiragh/div_property id 51556 (1)")): Text of object 'Object Repository/load more/Page_Chiragh/div_property id 51556 (1)' is: 'PROPERTY ID: 896'

2019-01-11 12:37:01 - [MESSAGE][PASSED] - Text of object 'Object Repository/load more/Page_Chiragh/div_property id 51556 (1)' is: 'PROPERTY ID: 896'

2019-01-11 12:37:01 - [TEST_STEP][PASSED] - click(findTestObject("Object Repository/test/Page_Chiragh/button_LOAD MORE")): Object: 'Object Repository/test/Page_Chiragh/button_LOAD MORE' is clicked on

2019-01-11 12:37:01 - [MESSAGE][PASSED] - Object: 'Object Repository/test/Page_Chiragh/button_LOAD MORE' is clicked on

2019-01-11 12:37:01 - [TEST_STEP][PASSED] - delay(5): Delayed 5 second(s)

2019-01-11 12:37:06 - [MESSAGE][PASSED] - Delayed 5 second(s)

2019-01-11 12:37:06 - [TEST_STEP][PASSED] - verifyElementPresent(findTestObject("load more/Page_Chiragh/div_property id 51466"), 7): Object 'Object Repository/load more/Page_Chiragh/div_property id 51466' is present

2019-01-11 12:37:06 - [MESSAGE][PASSED] - Object 'Object Repository/load more/Page_Chiragh/div_property id 51466' is present

2019-01-11 12:37:06 - [TEST_STEP][PASSED] - attribute1 = getText(findTestObject("load more/Page_Chiragh/div_property id 51466")): Text of object 'Object Repository/load more/Page_Chiragh/div_property id 51466' is: 'PROPERTY ID: 784'

2019-01-11 12:37:06 - [MESSAGE][PASSED] - Text of object 'Object Repository/load more/Page_Chiragh/div_property id 51466' is: 'PROPERTY ID: 784'

2019-01-11 12:37:06 - [TEST_STEP][PASSED] - verifyNotMatch("attribute2", "attribute1", false): Actual text 'attribute2' and expected text 'attribute1' are not matched 

2019-01-11 12:37:06 - [MESSAGE][PASSED] - Actual text 'attribute2' and expected text 'attribute1' are not matched 

2019-01-11 12:37:06 - [TEST_STEP][PASSED] - closeBrowser(): Browser is closed

2019-01-11 12:37:07 - [MESSAGE][PASSED] - Browser is closed

2019-01-11 12:37:07 - [TEST_STEP][PASSED] - Start listener action : sampleAfterTestCase: null

2019-01-11 12:37:07 - [TEST_STEP][PASSED] - println(testCaseContext.getTestCaseId()): null

2019-01-11 12:37:07 - [TEST_STEP][PASSED] - println(testCaseContext.getTestCaseStatus()): null]]></system-out>
         <system-err><![CDATA[]]></system-err>
      </testcase>
      <testcase name="Test Cases/home page/second learn more" classname="Test Cases/home page/second learn more" status="FAILED">
         <failure type="FAILED" message="Test Cases/home page/second learn more FAILED.
Reason:
com.kms.katalon.core.exception.StepFailedException: Unable to accept alert (Root cause: com.kms.katalon.core.exception.StepFailedException: No alert found)
	at com.kms.katalon.core.keyword.internal.KeywordMain.stepFailed(KeywordMain.groovy:36)
	at com.kms.katalon.core.webui.keyword.internal.WebUIKeywordMain.stepFailed(WebUIKeywordMain.groovy:65)
	at com.kms.katalon.core.webui.keyword.internal.WebUIKeywordMain.runKeyword(WebUIKeywordMain.groovy:27)
	at com.kms.katalon.core.webui.keyword.builtin.AcceptAlertKeyword.acceptAlert(AcceptAlertKeyword.groovy:71)
	at com.kms.katalon.core.webui.keyword.builtin.AcceptAlertKeyword.execute(AcceptAlertKeyword.groovy:66)
	at com.kms.katalon.core.keyword.internal.KeywordExecutor.executeKeywordForPlatform(KeywordExecutor.groovy:53)
	at com.kms.katalon.core.webui.keyword.WebUiBuiltInKeywords.acceptAlert(WebUiBuiltInKeywords.groovy:1492)
	at com.kms.katalon.core.webui.keyword.WebUiBuiltInKeywords$acceptAlert$7.call(Unknown Source)
	at second learn more.run(second learn more:24)
	at com.kms.katalon.core.main.ScriptEngine.run(ScriptEngine.java:194)
	at com.kms.katalon.core.main.ScriptEngine.runScriptAsRawText(ScriptEngine.java:119)
	at com.kms.katalon.core.main.TestCaseExecutor.runScript(TestCaseExecutor.java:328)
	at com.kms.katalon.core.main.TestCaseExecutor.doExecute(TestCaseExecutor.java:319)
	at com.kms.katalon.core.main.TestCaseExecutor.processExecutionPhase(TestCaseExecutor.java:298)
	at com.kms.katalon.core.main.TestCaseExecutor.accessMainPhase(TestCaseExecutor.java:290)
	at com.kms.katalon.core.main.TestCaseExecutor.execute(TestCaseExecutor.java:224)
	at com.kms.katalon.core.main.TestSuiteExecutor.accessTestCaseMainPhase(TestSuiteExecutor.java:129)
	at com.kms.katalon.core.main.TestSuiteExecutor.accessTestSuiteMainPhase(TestSuiteExecutor.java:112)
	at com.kms.katalon.core.main.TestSuiteExecutor.execute(TestSuiteExecutor.java:81)
	at com.kms.katalon.core.main.TestCaseMain.startTestSuite(TestCaseMain.java:149)
	at com.kms.katalon.core.main.TestCaseMain$startTestSuite$0.call(Unknown Source)
	at TempTestSuite1547192098307.run(TempTestSuite1547192098307.groovy:36)
"/>
         <system-out><![CDATA[2019-01-11 12:37:07 - [TEST_CASE][FAILED] - Test Cases/home page/second learn more: Test Cases/home page/second learn more FAILED.
Reason:
com.kms.katalon.core.exception.StepFailedException: Unable to accept alert (Root cause: com.kms.katalon.core.exception.StepFailedException: No alert found)
	at com.kms.katalon.core.keyword.internal.KeywordMain.stepFailed(KeywordMain.groovy:36)
	at com.kms.katalon.core.webui.keyword.internal.WebUIKeywordMain.stepFailed(WebUIKeywordMain.groovy:65)
	at com.kms.katalon.core.webui.keyword.internal.WebUIKeywordMain.runKeyword(WebUIKeywordMain.groovy:27)
	at com.kms.katalon.core.webui.keyword.builtin.AcceptAlertKeyword.acceptAlert(AcceptAlertKeyword.groovy:71)
	at com.kms.katalon.core.webui.keyword.builtin.AcceptAlertKeyword.execute(AcceptAlertKeyword.groovy:66)
	at com.kms.katalon.core.keyword.internal.KeywordExecutor.executeKeywordForPlatform(KeywordExecutor.groovy:53)
	at com.kms.katalon.core.webui.keyword.WebUiBuiltInKeywords.acceptAlert(WebUiBuiltInKeywords.groovy:1492)
	at com.kms.katalon.core.webui.keyword.WebUiBuiltInKeywords$acceptAlert$7.call(Unknown Source)
	at second learn more.run(second learn more:24)
	at com.kms.katalon.core.main.ScriptEngine.run(ScriptEngine.java:194)
	at com.kms.katalon.core.main.ScriptEngine.runScriptAsRawText(ScriptEngine.java:119)
	at com.kms.katalon.core.main.TestCaseExecutor.runScript(TestCaseExecutor.java:328)
	at com.kms.katalon.core.main.TestCaseExecutor.doExecute(TestCaseExecutor.java:319)
	at com.kms.katalon.core.main.TestCaseExecutor.processExecutionPhase(TestCaseExecutor.java:298)
	at com.kms.katalon.core.main.TestCaseExecutor.accessMainPhase(TestCaseExecutor.java:290)
	at com.kms.katalon.core.main.TestCaseExecutor.execute(TestCaseExecutor.java:224)
	at com.kms.katalon.core.main.TestSuiteExecutor.accessTestCaseMainPhase(TestSuiteExecutor.java:129)
	at com.kms.katalon.core.main.TestSuiteExecutor.accessTestSuiteMainPhase(TestSuiteExecutor.java:112)
	at com.kms.katalon.core.main.TestSuiteExecutor.execute(TestSuiteExecutor.java:81)
	at com.kms.katalon.core.main.TestCaseMain.startTestSuite(TestCaseMain.java:149)
	at com.kms.katalon.core.main.TestCaseMain$startTestSuite$0.call(Unknown Source)
	at TempTestSuite1547192098307.run(TempTestSuite1547192098307.groovy:36)


2019-01-11 12:37:07 - [TEST_STEP][PASSED] - openBrowser(""): Browser is opened with url: ''

2019-01-11 12:37:07 - [MESSAGE][INFO] - Starting 'Chrome' driver

2019-01-11 12:37:10 - [MESSAGE][PASSED] - Browser is opened with url: ''

2019-01-11 12:37:10 - [TEST_STEP][PASSED] - navigateToUrl(Url): Navigate to 'http://demo.chiragh.com/' successfully

2019-01-11 12:37:21 - [MESSAGE][PASSED] - Navigate to 'http://demo.chiragh.com/' successfully

2019-01-11 12:37:21 - [TEST_STEP][PASSED] - maximizeWindow(): Current window maximized

2019-01-11 12:37:22 - [MESSAGE][PASSED] - Current window maximized

2019-01-11 12:37:22 - [TEST_STEP][PASSED] - click(findTestObject("Object Repository/second learn more/Page_Chiragh/button_LEARN MORE")): Object: 'Object Repository/second learn more/Page_Chiragh/button_LEARN MORE' is clicked on

2019-01-11 12:37:22 - [MESSAGE][PASSED] - Object: 'Object Repository/second learn more/Page_Chiragh/button_LEARN MORE' is clicked on

2019-01-11 12:37:22 - [TEST_STEP][FAILED] - acceptAlert(): acceptAlert() FAILED.
Reason:
com.kms.katalon.core.exception.StepFailedException: Unable to accept alert (Root cause: com.kms.katalon.core.exception.StepFailedException: No alert found)
	at com.kms.katalon.core.keyword.internal.KeywordMain.stepFailed(KeywordMain.groovy:36)
	at com.kms.katalon.core.webui.keyword.internal.WebUIKeywordMain.stepFailed(WebUIKeywordMain.groovy:65)
	at com.kms.katalon.core.webui.keyword.internal.WebUIKeywordMain.runKeyword(WebUIKeywordMain.groovy:27)
	at com.kms.katalon.core.webui.keyword.builtin.AcceptAlertKeyword.acceptAlert(AcceptAlertKeyword.groovy:71)
	at com.kms.katalon.core.webui.keyword.builtin.AcceptAlertKeyword.execute(AcceptAlertKeyword.groovy:66)
	at com.kms.katalon.core.keyword.internal.KeywordExecutor.executeKeywordForPlatform(KeywordExecutor.groovy:53)
	at com.kms.katalon.core.webui.keyword.WebUiBuiltInKeywords.acceptAlert(WebUiBuiltInKeywords.groovy:1492)
	at com.kms.katalon.core.webui.keyword.WebUiBuiltInKeywords$acceptAlert$7.call(Unknown Source)
	at second learn more.run(second learn more:24)
	at com.kms.katalon.core.main.ScriptEngine.run(ScriptEngine.java:194)
	at com.kms.katalon.core.main.ScriptEngine.runScriptAsRawText(ScriptEngine.java:119)
	at com.kms.katalon.core.main.TestCaseExecutor.runScript(TestCaseExecutor.java:328)
	at com.kms.katalon.core.main.TestCaseExecutor.doExecute(TestCaseExecutor.java:319)
	at com.kms.katalon.core.main.TestCaseExecutor.processExecutionPhase(TestCaseExecutor.java:298)
	at com.kms.katalon.core.main.TestCaseExecutor.accessMainPhase(TestCaseExecutor.java:290)
	at com.kms.katalon.core.main.TestCaseExecutor.execute(TestCaseExecutor.java:224)
	at com.kms.katalon.core.main.TestSuiteExecutor.accessTestCaseMainPhase(TestSuiteExecutor.java:129)
	at com.kms.katalon.core.main.TestSuiteExecutor.accessTestSuiteMainPhase(TestSuiteExecutor.java:112)
	at com.kms.katalon.core.main.TestSuiteExecutor.execute(TestSuiteExecutor.java:81)
	at com.kms.katalon.core.main.TestCaseMain.startTestSuite(TestCaseMain.java:149)
	at com.kms.katalon.core.main.TestCaseMain$startTestSuite$0.call(Unknown Source)
	at TempTestSuite1547192098307.run(TempTestSuite1547192098307.groovy:36)


2019-01-11 12:37:23 - [MESSAGE][FAILED] - No alert found
[[ATTACHMENT|C:\\Users\\HP\\git\\ChiraghWebTests\\Reports\\Chiragh Smoke Tests\\20190111_123458\\1547192242489.png]]

2019-01-11 12:37:23 - [MESSAGE][FAILED] - Unable to accept alert (Root cause: com.kms.katalon.core.exception.StepFailedException: No alert found)
[[ATTACHMENT|C:\\Users\\HP\\git\\ChiraghWebTests\\Reports\\Chiragh Smoke Tests\\20190111_123458\\1547192243012.png]]

2019-01-11 12:37:23 - [MESSAGE][FAILED] - acceptAlert() FAILED.
Reason:
com.kms.katalon.core.exception.StepFailedException: Unable to accept alert (Root cause: com.kms.katalon.core.exception.StepFailedException: No alert found)
	at com.kms.katalon.core.keyword.internal.KeywordMain.stepFailed(KeywordMain.groovy:36)
	at com.kms.katalon.core.webui.keyword.internal.WebUIKeywordMain.stepFailed(WebUIKeywordMain.groovy:65)
	at com.kms.katalon.core.webui.keyword.internal.WebUIKeywordMain.runKeyword(WebUIKeywordMain.groovy:27)
	at com.kms.katalon.core.webui.keyword.builtin.AcceptAlertKeyword.acceptAlert(AcceptAlertKeyword.groovy:71)
	at com.kms.katalon.core.webui.keyword.builtin.AcceptAlertKeyword.execute(AcceptAlertKeyword.groovy:66)
	at com.kms.katalon.core.keyword.internal.KeywordExecutor.executeKeywordForPlatform(KeywordExecutor.groovy:53)
	at com.kms.katalon.core.webui.keyword.WebUiBuiltInKeywords.acceptAlert(WebUiBuiltInKeywords.groovy:1492)
	at com.kms.katalon.core.webui.keyword.WebUiBuiltInKeywords$acceptAlert$7.call(Unknown Source)
	at second learn more.run(second learn more:24)
	at com.kms.katalon.core.main.ScriptEngine.run(ScriptEngine.java:194)
	at com.kms.katalon.core.main.ScriptEngine.runScriptAsRawText(ScriptEngine.java:119)
	at com.kms.katalon.core.main.TestCaseExecutor.runScript(TestCaseExecutor.java:328)
	at com.kms.katalon.core.main.TestCaseExecutor.doExecute(TestCaseExecutor.java:319)
	at com.kms.katalon.core.main.TestCaseExecutor.processExecutionPhase(TestCaseExecutor.java:298)
	at com.kms.katalon.core.main.TestCaseExecutor.accessMainPhase(TestCaseExecutor.java:290)
	at com.kms.katalon.core.main.TestCaseExecutor.execute(TestCaseExecutor.java:224)
	at com.kms.katalon.core.main.TestSuiteExecutor.accessTestCaseMainPhase(TestSuiteExecutor.java:129)
	at com.kms.katalon.core.main.TestSuiteExecutor.accessTestSuiteMainPhase(TestSuiteExecutor.java:112)
	at com.kms.katalon.core.main.TestSuiteExecutor.execute(TestSuiteExecutor.java:81)
	at com.kms.katalon.core.main.TestCaseMain.startTestSuite(TestCaseMain.java:149)
	at com.kms.katalon.core.main.TestCaseMain$startTestSuite$0.call(Unknown Source)
	at TempTestSuite1547192098307.run(TempTestSuite1547192098307.groovy:36)


2019-01-11 12:37:23 - [TEST_STEP][PASSED] - Start listener action : sampleAfterTestCase: null

2019-01-11 12:37:23 - [TEST_STEP][PASSED] - println(testCaseContext.getTestCaseId()): null

2019-01-11 12:37:23 - [TEST_STEP][PASSED] - println(testCaseContext.getTestCaseStatus()): null]]></system-out>
         <system-err><![CDATA[2019-01-11 12:37:07 - [TEST_CASE][FAILED] - Test Cases/home page/second learn more: Test Cases/home page/second learn more FAILED.
Reason:
com.kms.katalon.core.exception.StepFailedException: Unable to accept alert (Root cause: com.kms.katalon.core.exception.StepFailedException: No alert found)
	at com.kms.katalon.core.keyword.internal.KeywordMain.stepFailed(KeywordMain.groovy:36)
	at com.kms.katalon.core.webui.keyword.internal.WebUIKeywordMain.stepFailed(WebUIKeywordMain.groovy:65)
	at com.kms.katalon.core.webui.keyword.internal.WebUIKeywordMain.runKeyword(WebUIKeywordMain.groovy:27)
	at com.kms.katalon.core.webui.keyword.builtin.AcceptAlertKeyword.acceptAlert(AcceptAlertKeyword.groovy:71)
	at com.kms.katalon.core.webui.keyword.builtin.AcceptAlertKeyword.execute(AcceptAlertKeyword.groovy:66)
	at com.kms.katalon.core.keyword.internal.KeywordExecutor.executeKeywordForPlatform(KeywordExecutor.groovy:53)
	at com.kms.katalon.core.webui.keyword.WebUiBuiltInKeywords.acceptAlert(WebUiBuiltInKeywords.groovy:1492)
	at com.kms.katalon.core.webui.keyword.WebUiBuiltInKeywords$acceptAlert$7.call(Unknown Source)
	at second learn more.run(second learn more:24)
	at com.kms.katalon.core.main.ScriptEngine.run(ScriptEngine.java:194)
	at com.kms.katalon.core.main.ScriptEngine.runScriptAsRawText(ScriptEngine.java:119)
	at com.kms.katalon.core.main.TestCaseExecutor.runScript(TestCaseExecutor.java:328)
	at com.kms.katalon.core.main.TestCaseExecutor.doExecute(TestCaseExecutor.java:319)
	at com.kms.katalon.core.main.TestCaseExecutor.processExecutionPhase(TestCaseExecutor.java:298)
	at com.kms.katalon.core.main.TestCaseExecutor.accessMainPhase(TestCaseExecutor.java:290)
	at com.kms.katalon.core.main.TestCaseExecutor.execute(TestCaseExecutor.java:224)
	at com.kms.katalon.core.main.TestSuiteExecutor.accessTestCaseMainPhase(TestSuiteExecutor.java:129)
	at com.kms.katalon.core.main.TestSuiteExecutor.accessTestSuiteMainPhase(TestSuiteExecutor.java:112)
	at com.kms.katalon.core.main.TestSuiteExecutor.execute(TestSuiteExecutor.java:81)
	at com.kms.katalon.core.main.TestCaseMain.startTestSuite(TestCaseMain.java:149)
	at com.kms.katalon.core.main.TestCaseMain$startTestSuite$0.call(Unknown Source)
	at TempTestSuite1547192098307.run(TempTestSuite1547192098307.groovy:36)]]></system-err>
      </testcase>
      <testcase name="Test Cases/home page/start now button" classname="Test Cases/home page/start now button" status="FAILED">
         <failure type="FAILED" message="Test Cases/home page/start now button FAILED.
Reason:
com.kms.katalon.core.exception.StepFailedException: Unable to verify object 'Object Repository/sell/Page_Chiragh/Page_Chiragh/form_Owner Details' is present (Root cause: com.kms.katalon.core.exception.StepFailedException: com.kms.katalon.core.webui.exception.WebElementNotFoundException: Web element with id: 'Object Repository/sell/Page_Chiragh/Page_Chiragh/form_Owner Details' located by 'By.xpath: (.//*[normalize-space(text()) and normalize-space(.)='Resources'])[1]/following::form[1]' not found)
	at com.kms.katalon.core.keyword.internal.KeywordMain.stepFailed(KeywordMain.groovy:36)
	at com.kms.katalon.core.webui.keyword.internal.WebUIKeywordMain.stepFailed(WebUIKeywordMain.groovy:65)
	at com.kms.katalon.core.webui.keyword.internal.WebUIKeywordMain.runKeyword(WebUIKeywordMain.groovy:27)
	at com.kms.katalon.core.webui.keyword.builtin.VerifyElementPresentKeyword.verifyElementPresent(VerifyElementPresentKeyword.groovy:92)
	at com.kms.katalon.core.webui.keyword.builtin.VerifyElementPresentKeyword.execute(VerifyElementPresentKeyword.groovy:68)
	at com.kms.katalon.core.keyword.internal.KeywordExecutor.executeKeywordForPlatform(KeywordExecutor.groovy:53)
	at com.kms.katalon.core.webui.keyword.WebUiBuiltInKeywords.verifyElementPresent(WebUiBuiltInKeywords.groovy:1434)
	at com.kms.katalon.core.webui.keyword.WebUiBuiltInKeywords$verifyElementPresent$3.call(Unknown Source)
	at start now button.run(start now button:33)
	at com.kms.katalon.core.main.ScriptEngine.run(ScriptEngine.java:194)
	at com.kms.katalon.core.main.ScriptEngine.runScriptAsRawText(ScriptEngine.java:119)
	at com.kms.katalon.core.main.TestCaseExecutor.runScript(TestCaseExecutor.java:328)
	at com.kms.katalon.core.main.TestCaseExecutor.doExecute(TestCaseExecutor.java:319)
	at com.kms.katalon.core.main.TestCaseExecutor.processExecutionPhase(TestCaseExecutor.java:298)
	at com.kms.katalon.core.main.TestCaseExecutor.accessMainPhase(TestCaseExecutor.java:290)
	at com.kms.katalon.core.main.TestCaseExecutor.execute(TestCaseExecutor.java:224)
	at com.kms.katalon.core.main.TestSuiteExecutor.accessTestCaseMainPhase(TestSuiteExecutor.java:129)
	at com.kms.katalon.core.main.TestSuiteExecutor.accessTestSuiteMainPhase(TestSuiteExecutor.java:112)
	at com.kms.katalon.core.main.TestSuiteExecutor.execute(TestSuiteExecutor.java:81)
	at com.kms.katalon.core.main.TestCaseMain.startTestSuite(TestCaseMain.java:149)
	at com.kms.katalon.core.main.TestCaseMain$startTestSuite$0.call(Unknown Source)
	at TempTestSuite1547192098307.run(TempTestSuite1547192098307.groovy:36)
"/>
         <system-out><![CDATA[2019-01-11 12:37:23 - [TEST_CASE][FAILED] - Test Cases/home page/start now button: Test Cases/home page/start now button FAILED.
Reason:
com.kms.katalon.core.exception.StepFailedException: Unable to verify object 'Object Repository/sell/Page_Chiragh/Page_Chiragh/form_Owner Details' is present (Root cause: com.kms.katalon.core.exception.StepFailedException: com.kms.katalon.core.webui.exception.WebElementNotFoundException: Web element with id: 'Object Repository/sell/Page_Chiragh/Page_Chiragh/form_Owner Details' located by 'By.xpath: (.//*[normalize-space(text()) and normalize-space(.)='Resources'])[1]/following::form[1]' not found)
	at com.kms.katalon.core.keyword.internal.KeywordMain.stepFailed(KeywordMain.groovy:36)
	at com.kms.katalon.core.webui.keyword.internal.WebUIKeywordMain.stepFailed(WebUIKeywordMain.groovy:65)
	at com.kms.katalon.core.webui.keyword.internal.WebUIKeywordMain.runKeyword(WebUIKeywordMain.groovy:27)
	at com.kms.katalon.core.webui.keyword.builtin.VerifyElementPresentKeyword.verifyElementPresent(VerifyElementPresentKeyword.groovy:92)
	at com.kms.katalon.core.webui.keyword.builtin.VerifyElementPresentKeyword.execute(VerifyElementPresentKeyword.groovy:68)
	at com.kms.katalon.core.keyword.internal.KeywordExecutor.executeKeywordForPlatform(KeywordExecutor.groovy:53)
	at com.kms.katalon.core.webui.keyword.WebUiBuiltInKeywords.verifyElementPresent(WebUiBuiltInKeywords.groovy:1434)
	at com.kms.katalon.core.webui.keyword.WebUiBuiltInKeywords$verifyElementPresent$3.call(Unknown Source)
	at start now button.run(start now button:33)
	at com.kms.katalon.core.main.ScriptEngine.run(ScriptEngine.java:194)
	at com.kms.katalon.core.main.ScriptEngine.runScriptAsRawText(ScriptEngine.java:119)
	at com.kms.katalon.core.main.TestCaseExecutor.runScript(TestCaseExecutor.java:328)
	at com.kms.katalon.core.main.TestCaseExecutor.doExecute(TestCaseExecutor.java:319)
	at com.kms.katalon.core.main.TestCaseExecutor.processExecutionPhase(TestCaseExecutor.java:298)
	at com.kms.katalon.core.main.TestCaseExecutor.accessMainPhase(TestCaseExecutor.java:290)
	at com.kms.katalon.core.main.TestCaseExecutor.execute(TestCaseExecutor.java:224)
	at com.kms.katalon.core.main.TestSuiteExecutor.accessTestCaseMainPhase(TestSuiteExecutor.java:129)
	at com.kms.katalon.core.main.TestSuiteExecutor.accessTestSuiteMainPhase(TestSuiteExecutor.java:112)
	at com.kms.katalon.core.main.TestSuiteExecutor.execute(TestSuiteExecutor.java:81)
	at com.kms.katalon.core.main.TestCaseMain.startTestSuite(TestCaseMain.java:149)
	at com.kms.katalon.core.main.TestCaseMain$startTestSuite$0.call(Unknown Source)
	at TempTestSuite1547192098307.run(TempTestSuite1547192098307.groovy:36)


2019-01-11 12:37:23 - [TEST_STEP][PASSED] - openBrowser(""): Browser is opened with url: ''

2019-01-11 12:37:23 - [MESSAGE][WARNING] - A browser is already opened. Closing browser and opening a new one

2019-01-11 12:37:24 - [MESSAGE][INFO] - Starting 'Chrome' driver

2019-01-11 12:37:26 - [MESSAGE][PASSED] - Browser is opened with url: ''

2019-01-11 12:37:26 - [TEST_STEP][PASSED] - navigateToUrl(Url): Navigate to 'http://demo.chiragh.com/' successfully

2019-01-11 12:37:38 - [MESSAGE][PASSED] - Navigate to 'http://demo.chiragh.com/' successfully

2019-01-11 12:37:38 - [TEST_STEP][PASSED] - click(findTestObject("Object Repository/start now button/Page_Chiragh/button_START NOW")): Object: 'Object Repository/start now button/Page_Chiragh/button_START NOW' is clicked on

2019-01-11 12:37:38 - [MESSAGE][PASSED] - Object: 'Object Repository/start now button/Page_Chiragh/button_START NOW' is clicked on

2019-01-11 12:37:38 - [TEST_STEP][PASSED] - waitForPageLoad(5): Wait for page load successfully

2019-01-11 12:37:38 - [MESSAGE][PASSED] - Wait for page load successfully

2019-01-11 12:37:38 - [TEST_STEP][PASSED] - if (verifyElementPresent(findTestObject("sell/Page_Chiragh/Page_Chiragh/form_Sign In"), 3) == true): if (verifyElementPresent(findTestObject("sell/Page_Chiragh/Page_Chiragh/form_Sign In"), 3) == true) FAILED.
Reason:
com.kms.katalon.core.exception.StepFailedException: Unable to verify object 'Object Repository/sell/Page_Chiragh/Page_Chiragh/form_Owner Details' is present (Root cause: com.kms.katalon.core.exception.StepFailedException: com.kms.katalon.core.webui.exception.WebElementNotFoundException: Web element with id: 'Object Repository/sell/Page_Chiragh/Page_Chiragh/form_Owner Details' located by 'By.xpath: (.//*[normalize-space(text()) and normalize-space(.)='Resources'])[1]/following::form[1]' not found)
	at com.kms.katalon.core.keyword.internal.KeywordMain.stepFailed(KeywordMain.groovy:36)
	at com.kms.katalon.core.webui.keyword.internal.WebUIKeywordMain.stepFailed(WebUIKeywordMain.groovy:65)
	at com.kms.katalon.core.webui.keyword.internal.WebUIKeywordMain.runKeyword(WebUIKeywordMain.groovy:27)
	at com.kms.katalon.core.webui.keyword.builtin.VerifyElementPresentKeyword.verifyElementPresent(VerifyElementPresentKeyword.groovy:92)
	at com.kms.katalon.core.webui.keyword.builtin.VerifyElementPresentKeyword.execute(VerifyElementPresentKeyword.groovy:68)
	at com.kms.katalon.core.keyword.internal.KeywordExecutor.executeKeywordForPlatform(KeywordExecutor.groovy:53)
	at com.kms.katalon.core.webui.keyword.WebUiBuiltInKeywords.verifyElementPresent(WebUiBuiltInKeywords.groovy:1434)
	at com.kms.katalon.core.webui.keyword.WebUiBuiltInKeywords$verifyElementPresent$3.call(Unknown Source)
	at start now button.run(start now button:33)
	at com.kms.katalon.core.main.ScriptEngine.run(ScriptEngine.java:194)
	at com.kms.katalon.core.main.ScriptEngine.runScriptAsRawText(ScriptEngine.java:119)
	at com.kms.katalon.core.main.TestCaseExecutor.runScript(TestCaseExecutor.java:328)
	at com.kms.katalon.core.main.TestCaseExecutor.doExecute(TestCaseExecutor.java:319)
	at com.kms.katalon.core.main.TestCaseExecutor.processExecutionPhase(TestCaseExecutor.java:298)
	at com.kms.katalon.core.main.TestCaseExecutor.accessMainPhase(TestCaseExecutor.java:290)
	at com.kms.katalon.core.main.TestCaseExecutor.execute(TestCaseExecutor.java:224)
	at com.kms.katalon.core.main.TestSuiteExecutor.accessTestCaseMainPhase(TestSuiteExecutor.java:129)
	at com.kms.katalon.core.main.TestSuiteExecutor.accessTestSuiteMainPhase(TestSuiteExecutor.java:112)
	at com.kms.katalon.core.main.TestSuiteExecutor.execute(TestSuiteExecutor.java:81)
	at com.kms.katalon.core.main.TestCaseMain.startTestSuite(TestCaseMain.java:149)
	at com.kms.katalon.core.main.TestCaseMain$startTestSuite$0.call(Unknown Source)
	at TempTestSuite1547192098307.run(TempTestSuite1547192098307.groovy:36)


2019-01-11 12:37:40 - [MESSAGE][PASSED] - Object 'Object Repository/sell/Page_Chiragh/Page_Chiragh/form_Sign In' is present

2019-01-11 12:37:40 - [TEST_STEP][PASSED] - setText(findTestObject("sell/Page_Chiragh/input_Sign In_userName"), userName): Text 'newuser11' is set on object 'Object Repository/sell/Page_Chiragh/input_Sign In_userName'

2019-01-11 12:37:40 - [MESSAGE][PASSED] - Text 'newuser11' is set on object 'Object Repository/sell/Page_Chiragh/input_Sign In_userName'

2019-01-11 12:37:40 - [TEST_STEP][PASSED] - setText(findTestObject("sell/Page_Chiragh/input_Sign In_userPassword"), passWord): Text '12345678' is set on object 'Object Repository/sell/Page_Chiragh/input_Sign In_userPassword'

2019-01-11 12:37:40 - [MESSAGE][PASSED] - Text '12345678' is set on object 'Object Repository/sell/Page_Chiragh/input_Sign In_userPassword'

2019-01-11 12:37:40 - [TEST_STEP][PASSED] - click(findTestObject("Page_Chiragh/button_Sign In")): Object: 'Object Repository/Page_Chiragh/button_Sign In' is clicked on

2019-01-11 12:37:40 - [MESSAGE][PASSED] - Object: 'Object Repository/Page_Chiragh/button_Sign In' is clicked on

2019-01-11 12:37:40 - [TEST_STEP][PASSED] - delay(3): Delayed 3 second(s)

2019-01-11 12:37:43 - [MESSAGE][PASSED] - Delayed 3 second(s)

2019-01-11 12:37:43 - [TEST_STEP][FAILED] - verifyElementPresent(findTestObject("sell/Page_Chiragh/Page_Chiragh/form_Owner Details"), 3): if (verifyElementPresent(findTestObject("sell/Page_Chiragh/Page_Chiragh/form_Sign In"), 3) == true) FAILED.
Reason:
com.kms.katalon.core.exception.StepFailedException: Unable to verify object 'Object Repository/sell/Page_Chiragh/Page_Chiragh/form_Owner Details' is present (Root cause: com.kms.katalon.core.exception.StepFailedException: com.kms.katalon.core.webui.exception.WebElementNotFoundException: Web element with id: 'Object Repository/sell/Page_Chiragh/Page_Chiragh/form_Owner Details' located by 'By.xpath: (.//*[normalize-space(text()) and normalize-space(.)='Resources'])[1]/following::form[1]' not found)
	at com.kms.katalon.core.keyword.internal.KeywordMain.stepFailed(KeywordMain.groovy:36)
	at com.kms.katalon.core.webui.keyword.internal.WebUIKeywordMain.stepFailed(WebUIKeywordMain.groovy:65)
	at com.kms.katalon.core.webui.keyword.internal.WebUIKeywordMain.runKeyword(WebUIKeywordMain.groovy:27)
	at com.kms.katalon.core.webui.keyword.builtin.VerifyElementPresentKeyword.verifyElementPresent(VerifyElementPresentKeyword.groovy:92)
	at com.kms.katalon.core.webui.keyword.builtin.VerifyElementPresentKeyword.execute(VerifyElementPresentKeyword.groovy:68)
	at com.kms.katalon.core.keyword.internal.KeywordExecutor.executeKeywordForPlatform(KeywordExecutor.groovy:53)
	at com.kms.katalon.core.webui.keyword.WebUiBuiltInKeywords.verifyElementPresent(WebUiBuiltInKeywords.groovy:1434)
	at com.kms.katalon.core.webui.keyword.WebUiBuiltInKeywords$verifyElementPresent$3.call(Unknown Source)
	at start now button.run(start now button:33)
	at com.kms.katalon.core.main.ScriptEngine.run(ScriptEngine.java:194)
	at com.kms.katalon.core.main.ScriptEngine.runScriptAsRawText(ScriptEngine.java:119)
	at com.kms.katalon.core.main.TestCaseExecutor.runScript(TestCaseExecutor.java:328)
	at com.kms.katalon.core.main.TestCaseExecutor.doExecute(TestCaseExecutor.java:319)
	at com.kms.katalon.core.main.TestCaseExecutor.processExecutionPhase(TestCaseExecutor.java:298)
	at com.kms.katalon.core.main.TestCaseExecutor.accessMainPhase(TestCaseExecutor.java:290)
	at com.kms.katalon.core.main.TestCaseExecutor.execute(TestCaseExecutor.java:224)
	at com.kms.katalon.core.main.TestSuiteExecutor.accessTestCaseMainPhase(TestSuiteExecutor.java:129)
	at com.kms.katalon.core.main.TestSuiteExecutor.accessTestSuiteMainPhase(TestSuiteExecutor.java:112)
	at com.kms.katalon.core.main.TestSuiteExecutor.execute(TestSuiteExecutor.java:81)
	at com.kms.katalon.core.main.TestCaseMain.startTestSuite(TestCaseMain.java:149)
	at com.kms.katalon.core.main.TestCaseMain$startTestSuite$0.call(Unknown Source)
	at TempTestSuite1547192098307.run(TempTestSuite1547192098307.groovy:36)


2019-01-11 12:37:46 - [MESSAGE][INFO] - Unable to find the element located by 'By.xpath: (.//*[normalize-space(text()) and normalize-space(.)='Resources'])[1]/following::form[1]'. Please recheck the objects properties to make sure the desired element is located. 

2019-01-11 12:37:47 - [MESSAGE][FAILED] - com.kms.katalon.core.webui.exception.WebElementNotFoundException: Web element with id: 'Object Repository/sell/Page_Chiragh/Page_Chiragh/form_Owner Details' located by 'By.xpath: (.//*[normalize-space(text()) and normalize-space(.)='Resources'])[1]/following::form[1]' not found
[[ATTACHMENT|C:\\Users\\HP\\git\\ChiraghWebTests\\Reports\\Chiragh Smoke Tests\\20190111_123458\\1547192266848.png]]

2019-01-11 12:37:47 - [MESSAGE][FAILED] - Unable to verify object 'Object Repository/sell/Page_Chiragh/Page_Chiragh/form_Owner Details' is present (Root cause: com.kms.katalon.core.exception.StepFailedException: com.kms.katalon.core.webui.exception.WebElementNotFoundException: Web element with id: 'Object Repository/sell/Page_Chiragh/Page_Chiragh/form_Owner Details' located by 'By.xpath: (.//*[normalize-space(text()) and normalize-space(.)='Resources'])[1]/following::form[1]' not found)
[[ATTACHMENT|C:\\Users\\HP\\git\\ChiraghWebTests\\Reports\\Chiragh Smoke Tests\\20190111_123458\\1547192267367.png]]

2019-01-11 12:37:47 - [MESSAGE][FAILED] - if (verifyElementPresent(findTestObject("sell/Page_Chiragh/Page_Chiragh/form_Sign In"), 3) == true) FAILED.
Reason:
com.kms.katalon.core.exception.StepFailedException: Unable to verify object 'Object Repository/sell/Page_Chiragh/Page_Chiragh/form_Owner Details' is present (Root cause: com.kms.katalon.core.exception.StepFailedException: com.kms.katalon.core.webui.exception.WebElementNotFoundException: Web element with id: 'Object Repository/sell/Page_Chiragh/Page_Chiragh/form_Owner Details' located by 'By.xpath: (.//*[normalize-space(text()) and normalize-space(.)='Resources'])[1]/following::form[1]' not found)
	at com.kms.katalon.core.keyword.internal.KeywordMain.stepFailed(KeywordMain.groovy:36)
	at com.kms.katalon.core.webui.keyword.internal.WebUIKeywordMain.stepFailed(WebUIKeywordMain.groovy:65)
	at com.kms.katalon.core.webui.keyword.internal.WebUIKeywordMain.runKeyword(WebUIKeywordMain.groovy:27)
	at com.kms.katalon.core.webui.keyword.builtin.VerifyElementPresentKeyword.verifyElementPresent(VerifyElementPresentKeyword.groovy:92)
	at com.kms.katalon.core.webui.keyword.builtin.VerifyElementPresentKeyword.execute(VerifyElementPresentKeyword.groovy:68)
	at com.kms.katalon.core.keyword.internal.KeywordExecutor.executeKeywordForPlatform(KeywordExecutor.groovy:53)
	at com.kms.katalon.core.webui.keyword.WebUiBuiltInKeywords.verifyElementPresent(WebUiBuiltInKeywords.groovy:1434)
	at com.kms.katalon.core.webui.keyword.WebUiBuiltInKeywords$verifyElementPresent$3.call(Unknown Source)
	at start now button.run(start now button:33)
	at com.kms.katalon.core.main.ScriptEngine.run(ScriptEngine.java:194)
	at com.kms.katalon.core.main.ScriptEngine.runScriptAsRawText(ScriptEngine.java:119)
	at com.kms.katalon.core.main.TestCaseExecutor.runScript(TestCaseExecutor.java:328)
	at com.kms.katalon.core.main.TestCaseExecutor.doExecute(TestCaseExecutor.java:319)
	at com.kms.katalon.core.main.TestCaseExecutor.processExecutionPhase(TestCaseExecutor.java:298)
	at com.kms.katalon.core.main.TestCaseExecutor.accessMainPhase(TestCaseExecutor.java:290)
	at com.kms.katalon.core.main.TestCaseExecutor.execute(TestCaseExecutor.java:224)
	at com.kms.katalon.core.main.TestSuiteExecutor.accessTestCaseMainPhase(TestSuiteExecutor.java:129)
	at com.kms.katalon.core.main.TestSuiteExecutor.accessTestSuiteMainPhase(TestSuiteExecutor.java:112)
	at com.kms.katalon.core.main.TestSuiteExecutor.execute(TestSuiteExecutor.java:81)
	at com.kms.katalon.core.main.TestCaseMain.startTestSuite(TestCaseMain.java:149)
	at com.kms.katalon.core.main.TestCaseMain$startTestSuite$0.call(Unknown Source)
	at TempTestSuite1547192098307.run(TempTestSuite1547192098307.groovy:36)


2019-01-11 12:37:47 - [TEST_STEP][PASSED] - Start listener action : sampleAfterTestCase: null

2019-01-11 12:37:47 - [TEST_STEP][PASSED] - println(testCaseContext.getTestCaseId()): null

2019-01-11 12:37:47 - [TEST_STEP][PASSED] - println(testCaseContext.getTestCaseStatus()): null]]></system-out>
         <system-err><![CDATA[2019-01-11 12:37:23 - [TEST_CASE][FAILED] - Test Cases/home page/start now button: Test Cases/home page/start now button FAILED.
Reason:
com.kms.katalon.core.exception.StepFailedException: Unable to verify object 'Object Repository/sell/Page_Chiragh/Page_Chiragh/form_Owner Details' is present (Root cause: com.kms.katalon.core.exception.StepFailedException: com.kms.katalon.core.webui.exception.WebElementNotFoundException: Web element with id: 'Object Repository/sell/Page_Chiragh/Page_Chiragh/form_Owner Details' located by 'By.xpath: (.//*[normalize-space(text()) and normalize-space(.)='Resources'])[1]/following::form[1]' not found)
	at com.kms.katalon.core.keyword.internal.KeywordMain.stepFailed(KeywordMain.groovy:36)
	at com.kms.katalon.core.webui.keyword.internal.WebUIKeywordMain.stepFailed(WebUIKeywordMain.groovy:65)
	at com.kms.katalon.core.webui.keyword.internal.WebUIKeywordMain.runKeyword(WebUIKeywordMain.groovy:27)
	at com.kms.katalon.core.webui.keyword.builtin.VerifyElementPresentKeyword.verifyElementPresent(VerifyElementPresentKeyword.groovy:92)
	at com.kms.katalon.core.webui.keyword.builtin.VerifyElementPresentKeyword.execute(VerifyElementPresentKeyword.groovy:68)
	at com.kms.katalon.core.keyword.internal.KeywordExecutor.executeKeywordForPlatform(KeywordExecutor.groovy:53)
	at com.kms.katalon.core.webui.keyword.WebUiBuiltInKeywords.verifyElementPresent(WebUiBuiltInKeywords.groovy:1434)
	at com.kms.katalon.core.webui.keyword.WebUiBuiltInKeywords$verifyElementPresent$3.call(Unknown Source)
	at start now button.run(start now button:33)
	at com.kms.katalon.core.main.ScriptEngine.run(ScriptEngine.java:194)
	at com.kms.katalon.core.main.ScriptEngine.runScriptAsRawText(ScriptEngine.java:119)
	at com.kms.katalon.core.main.TestCaseExecutor.runScript(TestCaseExecutor.java:328)
	at com.kms.katalon.core.main.TestCaseExecutor.doExecute(TestCaseExecutor.java:319)
	at com.kms.katalon.core.main.TestCaseExecutor.processExecutionPhase(TestCaseExecutor.java:298)
	at com.kms.katalon.core.main.TestCaseExecutor.accessMainPhase(TestCaseExecutor.java:290)
	at com.kms.katalon.core.main.TestCaseExecutor.execute(TestCaseExecutor.java:224)
	at com.kms.katalon.core.main.TestSuiteExecutor.accessTestCaseMainPhase(TestSuiteExecutor.java:129)
	at com.kms.katalon.core.main.TestSuiteExecutor.accessTestSuiteMainPhase(TestSuiteExecutor.java:112)
	at com.kms.katalon.core.main.TestSuiteExecutor.execute(TestSuiteExecutor.java:81)
	at com.kms.katalon.core.main.TestCaseMain.startTestSuite(TestCaseMain.java:149)
	at com.kms.katalon.core.main.TestCaseMain$startTestSuite$0.call(Unknown Source)
	at TempTestSuite1547192098307.run(TempTestSuite1547192098307.groovy:36)]]></system-err>
      </testcase>
      <testcase name="Test Cases/home page/view property by name" classname="Test Cases/home page/view property by name" status="PASSED">
         <system-out><![CDATA[2019-01-11 12:37:47 - [TEST_CASE][PASSED] - Test Cases/home page/view property by name: Test Cases/home page/view property by name

2019-01-11 12:37:48 - [TEST_STEP][PASSED] - openBrowser(""): Browser is opened with url: ''

2019-01-11 12:37:48 - [MESSAGE][WARNING] - A browser is already opened. Closing browser and opening a new one

2019-01-11 12:37:48 - [MESSAGE][INFO] - Starting 'Chrome' driver

2019-01-11 12:37:51 - [MESSAGE][PASSED] - Browser is opened with url: ''

2019-01-11 12:37:51 - [TEST_STEP][PASSED] - navigateToUrl(Url): Navigate to 'http://demo.chiragh.com/' successfully

2019-01-11 12:38:03 - [MESSAGE][PASSED] - Navigate to 'http://demo.chiragh.com/' successfully

2019-01-11 12:38:03 - [TEST_STEP][PASSED] - maximizeWindow(): Current window maximized

2019-01-11 12:38:04 - [MESSAGE][PASSED] - Current window maximized

2019-01-11 12:38:04 - [TEST_STEP][PASSED] - delay(5): Delayed 5 second(s)

2019-01-11 12:38:09 - [MESSAGE][PASSED] - Delayed 5 second(s)

2019-01-11 12:38:09 - [TEST_STEP][PASSED] - if (getExecutionProfile() == "default"): null

2019-01-11 12:38:09 - [TEST_STEP][PASSED] - if (getExecutionProfile() == "demo"): Browser is closed

2019-01-11 12:38:09 - [TEST_STEP][PASSED] - click(findTestObject("property by name/Page_Chiragh/a_Burj Dubai")): Object: 'Object Repository/property by name/Page_Chiragh/a_Burj Dubai' is clicked on

2019-01-11 12:38:09 - [MESSAGE][PASSED] - Object: 'Object Repository/property by name/Page_Chiragh/a_Burj Dubai' is clicked on

2019-01-11 12:38:09 - [TEST_STEP][PASSED] - delay(3): Delayed 3 second(s)

2019-01-11 12:38:12 - [MESSAGE][PASSED] - Delayed 3 second(s)

2019-01-11 12:38:12 - [TEST_STEP][PASSED] - verifyElementPresent(findTestObject("view property/Page_Chiragh/div_Exit VR (1)"), 3): Object 'Object Repository/view property/Page_Chiragh/div_Exit VR (1)' is present

2019-01-11 12:38:12 - [MESSAGE][PASSED] - Object 'Object Repository/view property/Page_Chiragh/div_Exit VR (1)' is present

2019-01-11 12:38:12 - [TEST_STEP][PASSED] - closeBrowser(): Browser is closed

2019-01-11 12:38:13 - [MESSAGE][PASSED] - Browser is closed

2019-01-11 12:38:13 - [TEST_STEP][PASSED] - Start listener action : sampleAfterTestCase: null

2019-01-11 12:38:13 - [TEST_STEP][PASSED] - println(testCaseContext.getTestCaseId()): null

2019-01-11 12:38:13 - [TEST_STEP][PASSED] - println(testCaseContext.getTestCaseStatus()): null]]></system-out>
         <system-err><![CDATA[]]></system-err>
      </testcase>
      <testcase name="Test Cases/home page/view property" classname="Test Cases/home page/view property" status="PASSED">
         <system-out><![CDATA[2019-01-11 12:38:13 - [TEST_CASE][PASSED] - Test Cases/home page/view property: Test Cases/home page/view property

2019-01-11 12:38:13 - [TEST_STEP][PASSED] - openBrowser(""): Browser is opened with url: ''

2019-01-11 12:38:13 - [MESSAGE][INFO] - Starting 'Chrome' driver

2019-01-11 12:38:15 - [MESSAGE][PASSED] - Browser is opened with url: ''

2019-01-11 12:38:15 - [TEST_STEP][PASSED] - navigateToUrl(Url): Navigate to 'http://demo.chiragh.com/' successfully

2019-01-11 12:38:28 - [MESSAGE][PASSED] - Navigate to 'http://demo.chiragh.com/' successfully

2019-01-11 12:38:28 - [TEST_STEP][PASSED] - maximizeWindow(): Current window maximized

2019-01-11 12:38:29 - [MESSAGE][PASSED] - Current window maximized

2019-01-11 12:38:29 - [TEST_STEP][PASSED] - delay(3): Delayed 3 second(s)

2019-01-11 12:38:32 - [MESSAGE][PASSED] - Delayed 3 second(s)

2019-01-11 12:38:32 - [TEST_STEP][PASSED] - click(findTestObject("Object Repository/view property/Page_Chiragh/img (1)")): Object: 'Object Repository/view property/Page_Chiragh/img (1)' is clicked on

2019-01-11 12:38:32 - [MESSAGE][PASSED] - Object: 'Object Repository/view property/Page_Chiragh/img (1)' is clicked on

2019-01-11 12:38:32 - [TEST_STEP][PASSED] - delay(3): Delayed 3 second(s)

2019-01-11 12:38:35 - [MESSAGE][PASSED] - Delayed 3 second(s)

2019-01-11 12:38:35 - [TEST_STEP][PASSED] - verifyElementPresent(findTestObject("Object Repository/view property/Page_Chiragh/div_Exit VR (1)"), 3): Object 'Object Repository/view property/Page_Chiragh/div_Exit VR (1)' is present

2019-01-11 12:38:35 - [MESSAGE][PASSED] - Object 'Object Repository/view property/Page_Chiragh/div_Exit VR (1)' is present

2019-01-11 12:38:35 - [TEST_STEP][PASSED] - closeBrowser(): Browser is closed

2019-01-11 12:38:36 - [MESSAGE][PASSED] - Browser is closed

2019-01-11 12:38:36 - [TEST_STEP][PASSED] - Start listener action : sampleAfterTestCase: null

2019-01-11 12:38:36 - [TEST_STEP][PASSED] - println(testCaseContext.getTestCaseId()): null

2019-01-11 12:38:36 - [TEST_STEP][PASSED] - println(testCaseContext.getTestCaseStatus()): null]]></system-out>
         <system-err><![CDATA[]]></system-err>
      </testcase>
      <testcase name="Test Cases/header/about us" classname="Test Cases/header/about us" status="PASSED">
         <system-out><![CDATA[2019-01-11 12:38:36 - [TEST_CASE][PASSED] - Test Cases/header/about us: Test Cases/header/about us

2019-01-11 12:38:36 - [TEST_STEP][PASSED] - openBrowser(""): Browser is opened with url: ''

2019-01-11 12:38:36 - [MESSAGE][INFO] - Starting 'Chrome' driver

2019-01-11 12:38:39 - [MESSAGE][PASSED] - Browser is opened with url: ''

2019-01-11 12:38:39 - [TEST_STEP][PASSED] - navigateToUrl(Url): Navigate to 'http://demo.chiragh.com/' successfully

2019-01-11 12:38:49 - [MESSAGE][PASSED] - Navigate to 'http://demo.chiragh.com/' successfully

2019-01-11 12:38:49 - [TEST_STEP][PASSED] - maximizeWindow(): Current window maximized

2019-01-11 12:38:50 - [MESSAGE][PASSED] - Current window maximized

2019-01-11 12:38:50 - [TEST_STEP][PASSED] - delay(3): Delayed 3 second(s)

2019-01-11 12:38:53 - [MESSAGE][PASSED] - Delayed 3 second(s)

2019-01-11 12:38:53 - [TEST_STEP][PASSED] - click(findTestObject("Object Repository/about us/Page_Chiragh/a_About Us(current)")): Object: 'Object Repository/about us/Page_Chiragh/a_About Us(current)' is clicked on

2019-01-11 12:38:54 - [MESSAGE][PASSED] - Object: 'Object Repository/about us/Page_Chiragh/a_About Us(current)' is clicked on

2019-01-11 12:38:54 - [TEST_STEP][PASSED] - delay(3): Delayed 3 second(s)

2019-01-11 12:38:57 - [MESSAGE][PASSED] - Delayed 3 second(s)

2019-01-11 12:38:57 - [TEST_STEP][PASSED] - verifyElementPresent(findTestObject("Object Repository/about us/Page_Chiragh/div_MISSION STATEMENT"), 5): Object 'Object Repository/about us/Page_Chiragh/div_MISSION STATEMENT' is present

2019-01-11 12:38:57 - [MESSAGE][PASSED] - Object 'Object Repository/about us/Page_Chiragh/div_MISSION STATEMENT' is present

2019-01-11 12:38:57 - [TEST_STEP][PASSED] - closeBrowser(): Browser is closed

2019-01-11 12:38:57 - [MESSAGE][PASSED] - Browser is closed

2019-01-11 12:38:57 - [TEST_STEP][PASSED] - Start listener action : sampleAfterTestCase: null

2019-01-11 12:38:57 - [TEST_STEP][PASSED] - println(testCaseContext.getTestCaseId()): null

2019-01-11 12:38:57 - [TEST_STEP][PASSED] - println(testCaseContext.getTestCaseStatus()): null]]></system-out>
         <system-err><![CDATA[]]></system-err>
      </testcase>
      <testcase name="Test Cases/header/Buy" classname="Test Cases/header/Buy" status="PASSED">
         <system-out><![CDATA[2019-01-11 12:38:57 - [TEST_CASE][PASSED] - Test Cases/header/Buy: Test Cases/header/Buy

2019-01-11 12:38:58 - [TEST_STEP][PASSED] - openBrowser(""): Browser is opened with url: ''

2019-01-11 12:38:58 - [MESSAGE][INFO] - Starting 'Chrome' driver

2019-01-11 12:39:00 - [MESSAGE][PASSED] - Browser is opened with url: ''

2019-01-11 12:39:00 - [TEST_STEP][PASSED] - navigateToUrl(Url): Navigate to 'http://demo.chiragh.com/' successfully

2019-01-11 12:39:07 - [MESSAGE][PASSED] - Navigate to 'http://demo.chiragh.com/' successfully

2019-01-11 12:39:07 - [TEST_STEP][PASSED] - maximizeWindow(): Current window maximized

2019-01-11 12:39:08 - [MESSAGE][PASSED] - Current window maximized

2019-01-11 12:39:08 - [TEST_STEP][PASSED] - delay(3): Delayed 3 second(s)

2019-01-11 12:39:11 - [MESSAGE][PASSED] - Delayed 3 second(s)

2019-01-11 12:39:11 - [TEST_STEP][PASSED] - click(findTestObject("buy/Page_Chiragh/a_Buy")): Object: 'Object Repository/buy/Page_Chiragh/a_Buy' is clicked on

2019-01-11 12:39:11 - [MESSAGE][PASSED] - Object: 'Object Repository/buy/Page_Chiragh/a_Buy' is clicked on

2019-01-11 12:39:11 - [TEST_STEP][PASSED] - delay(3): Delayed 3 second(s)

2019-01-11 12:39:14 - [MESSAGE][PASSED] - Delayed 3 second(s)

2019-01-11 12:39:14 - [TEST_STEP][PASSED] - verifyElementPresent(findTestObject("buy/new/Page_Chiragh/div_Current Auctions        Ac"), 5): Object 'Object Repository/buy/new/Page_Chiragh/div_Current Auctions        Ac' is present

2019-01-11 12:39:14 - [MESSAGE][PASSED] - Object 'Object Repository/buy/new/Page_Chiragh/div_Current Auctions        Ac' is present

2019-01-11 12:39:14 - [TEST_STEP][PASSED] - closeBrowser(): Browser is closed

2019-01-11 12:39:15 - [MESSAGE][PASSED] - Browser is closed

2019-01-11 12:39:15 - [TEST_STEP][PASSED] - Start listener action : sampleAfterTestCase: null

2019-01-11 12:39:15 - [TEST_STEP][PASSED] - println(testCaseContext.getTestCaseId()): null

2019-01-11 12:39:15 - [TEST_STEP][PASSED] - println(testCaseContext.getTestCaseStatus()): null]]></system-out>
         <system-err><![CDATA[]]></system-err>
      </testcase>
      <testcase name="Test Cases/header/FAQS" classname="Test Cases/header/FAQS" status="PASSED">
         <system-out><![CDATA[2019-01-11 12:39:15 - [TEST_CASE][PASSED] - Test Cases/header/FAQS: Test Cases/header/FAQS

2019-01-11 12:39:15 - [TEST_STEP][PASSED] - openBrowser(""): Browser is opened with url: ''

2019-01-11 12:39:15 - [MESSAGE][INFO] - Starting 'Chrome' driver

2019-01-11 12:39:18 - [MESSAGE][PASSED] - Browser is opened with url: ''

2019-01-11 12:39:18 - [TEST_STEP][PASSED] - navigateToUrl(Url): Navigate to 'http://demo.chiragh.com/' successfully

2019-01-11 12:39:28 - [MESSAGE][PASSED] - Navigate to 'http://demo.chiragh.com/' successfully

2019-01-11 12:39:28 - [TEST_STEP][PASSED] - maximizeWindow(): Current window maximized

2019-01-11 12:39:29 - [MESSAGE][PASSED] - Current window maximized

2019-01-11 12:39:29 - [TEST_STEP][PASSED] - delay(3): Delayed 3 second(s)

2019-01-11 12:39:32 - [MESSAGE][PASSED] - Delayed 3 second(s)

2019-01-11 12:39:32 - [TEST_STEP][PASSED] - click(findTestObject("Object Repository/FAQS/Page_Chiragh/a_FAQs")): Object: 'Object Repository/FAQS/Page_Chiragh/a_FAQs' is clicked on

2019-01-11 12:39:32 - [MESSAGE][PASSED] - Object: 'Object Repository/FAQS/Page_Chiragh/a_FAQs' is clicked on

2019-01-11 12:39:32 - [TEST_STEP][PASSED] - delay(3): Delayed 3 second(s)

2019-01-11 12:39:35 - [MESSAGE][PASSED] - Delayed 3 second(s)

2019-01-11 12:39:35 - [TEST_STEP][PASSED] - verifyElementPresent(findTestObject("Object Repository/FAQS/Page_Chiragh/div_Frequently Asked Questions"), 3): Object 'Object Repository/FAQS/Page_Chiragh/div_Frequently Asked Questions' is present

2019-01-11 12:39:35 - [MESSAGE][PASSED] - Object 'Object Repository/FAQS/Page_Chiragh/div_Frequently Asked Questions' is present

2019-01-11 12:39:35 - [TEST_STEP][PASSED] - closeBrowser(): Browser is closed

2019-01-11 12:39:36 - [MESSAGE][PASSED] - Browser is closed

2019-01-11 12:39:36 - [TEST_STEP][PASSED] - Start listener action : sampleAfterTestCase: null

2019-01-11 12:39:36 - [TEST_STEP][PASSED] - println(testCaseContext.getTestCaseId()): null

2019-01-11 12:39:36 - [TEST_STEP][PASSED] - println(testCaseContext.getTestCaseStatus()): null]]></system-out>
         <system-err><![CDATA[]]></system-err>
      </testcase>
      <testcase name="Test Cases/header/How it Works" classname="Test Cases/header/How it Works" status="PASSED">
         <system-out><![CDATA[2019-01-11 12:39:36 - [TEST_CASE][PASSED] - Test Cases/header/How it Works: Test Cases/header/How it Works

2019-01-11 12:39:37 - [TEST_STEP][PASSED] - openBrowser(""): Browser is opened with url: ''

2019-01-11 12:39:37 - [MESSAGE][INFO] - Starting 'Chrome' driver

2019-01-11 12:39:39 - [MESSAGE][PASSED] - Browser is opened with url: ''

2019-01-11 12:39:39 - [TEST_STEP][PASSED] - navigateToUrl(Url): Navigate to 'http://demo.chiragh.com/' successfully

2019-01-11 12:39:50 - [MESSAGE][PASSED] - Navigate to 'http://demo.chiragh.com/' successfully

2019-01-11 12:39:50 - [TEST_STEP][PASSED] - maximizeWindow(): Current window maximized

2019-01-11 12:39:51 - [MESSAGE][PASSED] - Current window maximized

2019-01-11 12:39:51 - [TEST_STEP][PASSED] - delay(3): Delayed 3 second(s)

2019-01-11 12:39:54 - [MESSAGE][PASSED] - Delayed 3 second(s)

2019-01-11 12:39:54 - [TEST_STEP][PASSED] - click(findTestObject("Object Repository/How it Works/Page_Chiragh/a_How it Works")): Object: 'Object Repository/How it Works/Page_Chiragh/a_How it Works' is clicked on

2019-01-11 12:39:54 - [MESSAGE][PASSED] - Object: 'Object Repository/How it Works/Page_Chiragh/a_How it Works' is clicked on

2019-01-11 12:39:54 - [TEST_STEP][PASSED] - delay(3): Delayed 3 second(s)

2019-01-11 12:39:57 - [MESSAGE][PASSED] - Delayed 3 second(s)

2019-01-11 12:39:57 - [TEST_STEP][PASSED] - verifyElementPresent(findTestObject("Object Repository/How it Works/Page_Chiragh/div_Seller  Buyer Process"), 5): Object 'Object Repository/How it Works/Page_Chiragh/div_Seller  Buyer Process' is present

2019-01-11 12:39:57 - [MESSAGE][PASSED] - Object 'Object Repository/How it Works/Page_Chiragh/div_Seller  Buyer Process' is present

2019-01-11 12:39:57 - [TEST_STEP][PASSED] - closeBrowser(): Browser is closed

2019-01-11 12:39:58 - [MESSAGE][PASSED] - Browser is closed

2019-01-11 12:39:58 - [TEST_STEP][PASSED] - Start listener action : sampleAfterTestCase: null

2019-01-11 12:39:58 - [TEST_STEP][PASSED] - println(testCaseContext.getTestCaseId()): null

2019-01-11 12:39:58 - [TEST_STEP][PASSED] - println(testCaseContext.getTestCaseStatus()): null]]></system-out>
         <system-err><![CDATA[]]></system-err>
      </testcase>
      <testcase name="Test Cases/header/repurchase" classname="Test Cases/header/repurchase" status="PASSED">
         <system-out><![CDATA[2019-01-11 12:39:58 - [TEST_CASE][PASSED] - Test Cases/header/repurchase: Test Cases/header/repurchase

2019-01-11 12:39:58 - [TEST_STEP][PASSED] - openBrowser(""): Browser is opened with url: ''

2019-01-11 12:39:58 - [MESSAGE][INFO] - Starting 'Chrome' driver

2019-01-11 12:40:01 - [MESSAGE][PASSED] - Browser is opened with url: ''

2019-01-11 12:40:01 - [TEST_STEP][PASSED] - navigateToUrl(Url): Navigate to 'http://demo.chiragh.com/' successfully

2019-01-11 12:40:11 - [MESSAGE][PASSED] - Navigate to 'http://demo.chiragh.com/' successfully

2019-01-11 12:40:11 - [TEST_STEP][PASSED] - maximizeWindow(): Current window maximized

2019-01-11 12:40:12 - [MESSAGE][PASSED] - Current window maximized

2019-01-11 12:40:12 - [TEST_STEP][PASSED] - delay(3): Delayed 3 second(s)

2019-01-11 12:40:15 - [MESSAGE][PASSED] - Delayed 3 second(s)

2019-01-11 12:40:15 - [TEST_STEP][PASSED] - click(findTestObject("Object Repository/repurchase/Page_Chiragh/a_Repurchase")): Object: 'Object Repository/repurchase/Page_Chiragh/a_Repurchase' is clicked on

2019-01-11 12:40:15 - [MESSAGE][PASSED] - Object: 'Object Repository/repurchase/Page_Chiragh/a_Repurchase' is clicked on

2019-01-11 12:40:15 - [TEST_STEP][PASSED] - delay(3): Delayed 3 second(s)

2019-01-11 12:40:18 - [MESSAGE][PASSED] - Delayed 3 second(s)

2019-01-11 12:40:18 - [TEST_STEP][PASSED] - verifyElementPresent(findTestObject("Object Repository/repurchase/Page_Chiragh/div_BUY BACK OR REPURCHASE AGR"), 5): Object 'Object Repository/repurchase/Page_Chiragh/div_BUY BACK OR REPURCHASE AGR' is present

2019-01-11 12:40:18 - [MESSAGE][PASSED] - Object 'Object Repository/repurchase/Page_Chiragh/div_BUY BACK OR REPURCHASE AGR' is present

2019-01-11 12:40:18 - [TEST_STEP][PASSED] - closeBrowser(): Browser is closed

2019-01-11 12:40:19 - [MESSAGE][PASSED] - Browser is closed

2019-01-11 12:40:19 - [TEST_STEP][PASSED] - Start listener action : sampleAfterTestCase: null

2019-01-11 12:40:19 - [TEST_STEP][PASSED] - println(testCaseContext.getTestCaseId()): null

2019-01-11 12:40:19 - [TEST_STEP][PASSED] - println(testCaseContext.getTestCaseStatus()): null]]></system-out>
         <system-err><![CDATA[]]></system-err>
      </testcase>
      <testcase name="Test Cases/header/resources" classname="Test Cases/header/resources" status="PASSED">
         <system-out><![CDATA[2019-01-11 12:40:19 - [TEST_CASE][PASSED] - Test Cases/header/resources: Test Cases/header/resources

2019-01-11 12:40:19 - [TEST_STEP][PASSED] - openBrowser(""): Browser is opened with url: ''

2019-01-11 12:40:19 - [MESSAGE][INFO] - Starting 'Chrome' driver

2019-01-11 12:40:22 - [MESSAGE][PASSED] - Browser is opened with url: ''

2019-01-11 12:40:22 - [TEST_STEP][PASSED] - navigateToUrl(Url): Navigate to 'http://demo.chiragh.com/' successfully

2019-01-11 12:40:32 - [MESSAGE][PASSED] - Navigate to 'http://demo.chiragh.com/' successfully

2019-01-11 12:40:32 - [TEST_STEP][PASSED] - maximizeWindow(): Current window maximized

2019-01-11 12:40:33 - [MESSAGE][PASSED] - Current window maximized

2019-01-11 12:40:33 - [TEST_STEP][PASSED] - delay(3): Delayed 3 second(s)

2019-01-11 12:40:36 - [MESSAGE][PASSED] - Delayed 3 second(s)

2019-01-11 12:40:36 - [TEST_STEP][PASSED] - click(findTestObject("Object Repository/RESOURCES/Page_Chiragh/a_Resources")): Object: 'Object Repository/RESOURCES/Page_Chiragh/a_Resources' is clicked on

2019-01-11 12:40:36 - [MESSAGE][PASSED] - Object: 'Object Repository/RESOURCES/Page_Chiragh/a_Resources' is clicked on

2019-01-11 12:40:36 - [TEST_STEP][PASSED] - delay(3): Delayed 3 second(s)

2019-01-11 12:40:39 - [MESSAGE][PASSED] - Delayed 3 second(s)

2019-01-11 12:40:39 - [TEST_STEP][PASSED] - verifyElementPresent(findTestObject("Object Repository/RESOURCES/Page_Chiragh/div_Resources"), 3): Object 'Object Repository/RESOURCES/Page_Chiragh/div_Resources' is present

2019-01-11 12:40:39 - [MESSAGE][PASSED] - Object 'Object Repository/RESOURCES/Page_Chiragh/div_Resources' is present

2019-01-11 12:40:39 - [TEST_STEP][PASSED] - closeBrowser(): Browser is closed

2019-01-11 12:40:40 - [MESSAGE][PASSED] - Browser is closed

2019-01-11 12:40:40 - [TEST_STEP][PASSED] - Start listener action : sampleAfterTestCase: null

2019-01-11 12:40:40 - [TEST_STEP][PASSED] - println(testCaseContext.getTestCaseId()): null

2019-01-11 12:40:40 - [TEST_STEP][PASSED] - println(testCaseContext.getTestCaseStatus()): null]]></system-out>
         <system-err><![CDATA[]]></system-err>
      </testcase>
      <testcase name="Test Cases/header/Sell" classname="Test Cases/header/Sell" status="PASSED">
         <system-out><![CDATA[2019-01-11 12:40:40 - [TEST_CASE][PASSED] - Test Cases/header/Sell: Test Cases/header/Sell

2019-01-11 12:40:40 - [TEST_STEP][PASSED] - openBrowser(""): Browser is opened with url: ''

2019-01-11 12:40:40 - [MESSAGE][INFO] - Starting 'Chrome' driver

2019-01-11 12:40:43 - [MESSAGE][PASSED] - Browser is opened with url: ''

2019-01-11 12:40:43 - [TEST_STEP][PASSED] - navigateToUrl(Url): Navigate to 'http://demo.chiragh.com/' successfully

2019-01-11 12:40:55 - [MESSAGE][PASSED] - Navigate to 'http://demo.chiragh.com/' successfully

2019-01-11 12:40:55 - [TEST_STEP][PASSED] - maximizeWindow(): Current window maximized

2019-01-11 12:40:56 - [MESSAGE][PASSED] - Current window maximized

2019-01-11 12:40:56 - [TEST_STEP][PASSED] - delay(3): Delayed 3 second(s)

2019-01-11 12:40:59 - [MESSAGE][PASSED] - Delayed 3 second(s)

2019-01-11 12:40:59 - [TEST_STEP][PASSED] - click(findTestObject("Object Repository/sell/Page_Chiragh/Page_Chiragh/a_Sell")): Object: 'Object Repository/sell/Page_Chiragh/Page_Chiragh/a_Sell' is clicked on

2019-01-11 12:40:59 - [MESSAGE][PASSED] - Object: 'Object Repository/sell/Page_Chiragh/Page_Chiragh/a_Sell' is clicked on

2019-01-11 12:40:59 - [TEST_STEP][PASSED] - delay(3): Delayed 3 second(s)

2019-01-11 12:41:02 - [MESSAGE][PASSED] - Delayed 3 second(s)

2019-01-11 12:41:02 - [TEST_STEP][PASSED] - if (verifyElementPresent(findTestObject("sell/Page_Chiragh/Page_Chiragh/form_Sign In"), 3) == true): Object 'Object Repository/sell/Page_Chiragh/Page_Chiragh/form_Owner Details' is present

2019-01-11 12:41:02 - [MESSAGE][PASSED] - Object 'Object Repository/sell/Page_Chiragh/Page_Chiragh/form_Sign In' is present

2019-01-11 12:41:02 - [TEST_STEP][PASSED] - setText(findTestObject("sell/Page_Chiragh/input_Sign In_userName"), userName): Text 'newuser11' is set on object 'Object Repository/sell/Page_Chiragh/input_Sign In_userName'

2019-01-11 12:41:02 - [MESSAGE][PASSED] - Text 'newuser11' is set on object 'Object Repository/sell/Page_Chiragh/input_Sign In_userName'

2019-01-11 12:41:02 - [TEST_STEP][PASSED] - setText(findTestObject("sell/Page_Chiragh/input_Sign In_userPassword"), passWord): Text '12345678' is set on object 'Object Repository/sell/Page_Chiragh/input_Sign In_userPassword'

2019-01-11 12:41:02 - [MESSAGE][PASSED] - Text '12345678' is set on object 'Object Repository/sell/Page_Chiragh/input_Sign In_userPassword'

2019-01-11 12:41:02 - [TEST_STEP][PASSED] - click(findTestObject("Page_Chiragh/button_Sign In")): Object: 'Object Repository/Page_Chiragh/button_Sign In' is clicked on

2019-01-11 12:41:02 - [MESSAGE][PASSED] - Object: 'Object Repository/Page_Chiragh/button_Sign In' is clicked on

2019-01-11 12:41:02 - [TEST_STEP][PASSED] - delay(3): Delayed 3 second(s)

2019-01-11 12:41:05 - [MESSAGE][PASSED] - Delayed 3 second(s)

2019-01-11 12:41:05 - [TEST_STEP][PASSED] - verifyElementPresent(findTestObject("sell/Page_Chiragh/Page_Chiragh/form_Owner Details"), 3): Object 'Object Repository/sell/Page_Chiragh/Page_Chiragh/form_Owner Details' is present

2019-01-11 12:41:05 - [MESSAGE][PASSED] - Object 'Object Repository/sell/Page_Chiragh/Page_Chiragh/form_Owner Details' is present

2019-01-11 12:41:05 - [TEST_STEP][PASSED] - closeBrowser(): Browser is closed

2019-01-11 12:41:06 - [MESSAGE][PASSED] - Browser is closed

2019-01-11 12:41:06 - [TEST_STEP][PASSED] - Start listener action : sampleAfterTestCase: null

2019-01-11 12:41:06 - [TEST_STEP][PASSED] - println(testCaseContext.getTestCaseId()): null

2019-01-11 12:41:06 - [TEST_STEP][PASSED] - println(testCaseContext.getTestCaseStatus()): null]]></system-out>
         <system-err><![CDATA[]]></system-err>
      </testcase>
      <testcase name="Test Cases/footer/Buy a property" classname="Test Cases/footer/Buy a property" status="PASSED">
         <system-out><![CDATA[2019-01-11 12:41:06 - [TEST_CASE][PASSED] - Test Cases/footer/Buy a property: Test Cases/footer/Buy a property

2019-01-11 12:41:07 - [TEST_STEP][PASSED] - openBrowser(""): Browser is opened with url: ''

2019-01-11 12:41:07 - [MESSAGE][INFO] - Starting 'Chrome' driver

2019-01-11 12:41:09 - [MESSAGE][PASSED] - Browser is opened with url: ''

2019-01-11 12:41:09 - [TEST_STEP][PASSED] - navigateToUrl(Url): Navigate to 'http://demo.chiragh.com/' successfully

2019-01-11 12:41:21 - [MESSAGE][PASSED] - Navigate to 'http://demo.chiragh.com/' successfully

2019-01-11 12:41:21 - [TEST_STEP][PASSED] - maximizeWindow(): Current window maximized

2019-01-11 12:41:22 - [MESSAGE][PASSED] - Current window maximized

2019-01-11 12:41:22 - [TEST_STEP][PASSED] - delay(5): Delayed 5 second(s)

2019-01-11 12:41:27 - [MESSAGE][PASSED] - Delayed 5 second(s)

2019-01-11 12:41:27 - [TEST_STEP][PASSED] - click(findTestObject("Object Repository/Buy a property/Page_Chiragh/a_-Buy a property")): Object: 'Object Repository/Buy a property/Page_Chiragh/a_-Buy a property' is clicked on

2019-01-11 12:41:28 - [MESSAGE][PASSED] - Object: 'Object Repository/Buy a property/Page_Chiragh/a_-Buy a property' is clicked on

2019-01-11 12:41:28 - [TEST_STEP][PASSED] - delay(5): Delayed 5 second(s)

2019-01-11 12:41:33 - [MESSAGE][PASSED] - Delayed 5 second(s)

2019-01-11 12:41:33 - [TEST_STEP][PASSED] - verifyElementPresent(findTestObject("Buy a property/new/Page_Chiragh/div_Current Auctions        Ac"), 3): Object 'Object Repository/Buy a property/new/Page_Chiragh/div_Current Auctions        Ac' is present

2019-01-11 12:41:33 - [MESSAGE][PASSED] - Object 'Object Repository/Buy a property/new/Page_Chiragh/div_Current Auctions        Ac' is present

2019-01-11 12:41:33 - [TEST_STEP][PASSED] - closeBrowser(): Browser is closed

2019-01-11 12:41:33 - [MESSAGE][PASSED] - Browser is closed

2019-01-11 12:41:33 - [TEST_STEP][PASSED] - Start listener action : sampleAfterTestCase: null

2019-01-11 12:41:33 - [TEST_STEP][PASSED] - println(testCaseContext.getTestCaseId()): null

2019-01-11 12:41:33 - [TEST_STEP][PASSED] - println(testCaseContext.getTestCaseStatus()): null]]></system-out>
         <system-err><![CDATA[]]></system-err>
      </testcase>
      <testcase name="Test Cases/footer/contact us-footer" classname="Test Cases/footer/contact us-footer" status="PASSED">
         <system-out><![CDATA[2019-01-11 12:41:33 - [TEST_CASE][PASSED] - Test Cases/footer/contact us-footer: Test Cases/footer/contact us-footer

2019-01-11 12:41:34 - [TEST_STEP][PASSED] - openBrowser(""): Browser is opened with url: ''

2019-01-11 12:41:34 - [MESSAGE][INFO] - Starting 'Chrome' driver

2019-01-11 12:41:36 - [MESSAGE][PASSED] - Browser is opened with url: ''

2019-01-11 12:41:36 - [TEST_STEP][PASSED] - navigateToUrl(Url): Navigate to 'http://demo.chiragh.com/' successfully

2019-01-11 12:41:47 - [MESSAGE][PASSED] - Navigate to 'http://demo.chiragh.com/' successfully

2019-01-11 12:41:47 - [TEST_STEP][PASSED] - maximizeWindow(): Current window maximized

2019-01-11 12:41:48 - [MESSAGE][PASSED] - Current window maximized

2019-01-11 12:41:48 - [TEST_STEP][PASSED] - delay(3): Delayed 3 second(s)

2019-01-11 12:41:51 - [MESSAGE][PASSED] - Delayed 3 second(s)

2019-01-11 12:41:51 - [TEST_STEP][PASSED] - click(findTestObject("Object Repository/Contact Us-footer/Page_Chiragh/a_-Contact Us")): Object: 'Object Repository/Contact Us-footer/Page_Chiragh/a_-Contact Us' is clicked on

2019-01-11 12:41:51 - [MESSAGE][PASSED] - Object: 'Object Repository/Contact Us-footer/Page_Chiragh/a_-Contact Us' is clicked on

2019-01-11 12:41:51 - [TEST_STEP][PASSED] - delay(3): Delayed 3 second(s)

2019-01-11 12:41:54 - [MESSAGE][PASSED] - Delayed 3 second(s)

2019-01-11 12:41:54 - [TEST_STEP][PASSED] - verifyElementPresent(findTestObject("Object Repository/Contact Us-footer/Page_Chiragh/div_Headquarter"), 3): Object 'Object Repository/Contact Us-footer/Page_Chiragh/div_Headquarter' is present

2019-01-11 12:41:55 - [MESSAGE][PASSED] - Object 'Object Repository/Contact Us-footer/Page_Chiragh/div_Headquarter' is present

2019-01-11 12:41:55 - [TEST_STEP][PASSED] - closeBrowser(): Browser is closed

2019-01-11 12:41:56 - [MESSAGE][PASSED] - Browser is closed

2019-01-11 12:41:56 - [TEST_STEP][PASSED] - Start listener action : sampleAfterTestCase: null

2019-01-11 12:41:56 - [TEST_STEP][PASSED] - println(testCaseContext.getTestCaseId()): null

2019-01-11 12:41:56 - [TEST_STEP][PASSED] - println(testCaseContext.getTestCaseStatus()): null]]></system-out>
         <system-err><![CDATA[]]></system-err>
      </testcase>
      <testcase name="Test Cases/footer/contact-social links" classname="Test Cases/footer/contact-social links" status="FAILED">
         <failure type="FAILED" message="Test Cases/footer/contact-social links FAILED.
Reason:
com.kms.katalon.core.exception.StepFailedException: Unable to accept alert (Root cause: com.kms.katalon.core.webui.exception.BrowserNotOpenedException: Browser is not opened
Build info: version: '3.7.1', revision: '8a0099a', time: '2017-11-06T21:07:36.161Z'
System info: host: 'DESKTOP-2D7LI1O', ip: '192.168.1.163', os.name: 'Windows 10', os.arch: 'amd64', os.version: '10.0', java.version: '1.8.0_181'
Driver info: driver.version: unknown)
	at com.kms.katalon.core.keyword.internal.KeywordMain.stepFailed(KeywordMain.groovy:36)
	at com.kms.katalon.core.webui.keyword.internal.WebUIKeywordMain.stepFailed(WebUIKeywordMain.groovy:65)
	at com.kms.katalon.core.webui.keyword.internal.WebUIKeywordMain.runKeyword(WebUIKeywordMain.groovy:27)
	at com.kms.katalon.core.webui.keyword.builtin.AcceptAlertKeyword.acceptAlert(AcceptAlertKeyword.groovy:71)
	at com.kms.katalon.core.webui.keyword.builtin.AcceptAlertKeyword.execute(AcceptAlertKeyword.groovy:66)
	at com.kms.katalon.core.keyword.internal.KeywordExecutor.executeKeywordForPlatform(KeywordExecutor.groovy:53)
	at com.kms.katalon.core.webui.keyword.WebUiBuiltInKeywords.acceptAlert(WebUiBuiltInKeywords.groovy:1492)
	at com.kms.katalon.core.webui.keyword.WebUiBuiltInKeywords$acceptAlert$7.call(Unknown Source)
	at contact-social links.run(contact-social links:16)
	at com.kms.katalon.core.main.ScriptEngine.run(ScriptEngine.java:194)
	at com.kms.katalon.core.main.ScriptEngine.runScriptAsRawText(ScriptEngine.java:119)
	at com.kms.katalon.core.main.TestCaseExecutor.runScript(TestCaseExecutor.java:328)
	at com.kms.katalon.core.main.TestCaseExecutor.doExecute(TestCaseExecutor.java:319)
	at com.kms.katalon.core.main.TestCaseExecutor.processExecutionPhase(TestCaseExecutor.java:298)
	at com.kms.katalon.core.main.TestCaseExecutor.accessMainPhase(TestCaseExecutor.java:290)
	at com.kms.katalon.core.main.TestCaseExecutor.execute(TestCaseExecutor.java:224)
	at com.kms.katalon.core.main.TestSuiteExecutor.accessTestCaseMainPhase(TestSuiteExecutor.java:129)
	at com.kms.katalon.core.main.TestSuiteExecutor.accessTestSuiteMainPhase(TestSuiteExecutor.java:112)
	at com.kms.katalon.core.main.TestSuiteExecutor.execute(TestSuiteExecutor.java:81)
	at com.kms.katalon.core.main.TestCaseMain.startTestSuite(TestCaseMain.java:149)
	at com.kms.katalon.core.main.TestCaseMain$startTestSuite$0.call(Unknown Source)
	at TempTestSuite1547192098307.run(TempTestSuite1547192098307.groovy:36)
"/>
         <system-out><![CDATA[2019-01-11 12:41:56 - [TEST_CASE][FAILED] - Test Cases/footer/contact-social links: Test Cases/footer/contact-social links FAILED.
Reason:
com.kms.katalon.core.exception.StepFailedException: Unable to accept alert (Root cause: com.kms.katalon.core.webui.exception.BrowserNotOpenedException: Browser is not opened
Build info: version: '3.7.1', revision: '8a0099a', time: '2017-11-06T21:07:36.161Z'
System info: host: 'DESKTOP-2D7LI1O', ip: '192.168.1.163', os.name: 'Windows 10', os.arch: 'amd64', os.version: '10.0', java.version: '1.8.0_181'
Driver info: driver.version: unknown)
	at com.kms.katalon.core.keyword.internal.KeywordMain.stepFailed(KeywordMain.groovy:36)
	at com.kms.katalon.core.webui.keyword.internal.WebUIKeywordMain.stepFailed(WebUIKeywordMain.groovy:65)
	at com.kms.katalon.core.webui.keyword.internal.WebUIKeywordMain.runKeyword(WebUIKeywordMain.groovy:27)
	at com.kms.katalon.core.webui.keyword.builtin.AcceptAlertKeyword.acceptAlert(AcceptAlertKeyword.groovy:71)
	at com.kms.katalon.core.webui.keyword.builtin.AcceptAlertKeyword.execute(AcceptAlertKeyword.groovy:66)
	at com.kms.katalon.core.keyword.internal.KeywordExecutor.executeKeywordForPlatform(KeywordExecutor.groovy:53)
	at com.kms.katalon.core.webui.keyword.WebUiBuiltInKeywords.acceptAlert(WebUiBuiltInKeywords.groovy:1492)
	at com.kms.katalon.core.webui.keyword.WebUiBuiltInKeywords$acceptAlert$7.call(Unknown Source)
	at contact-social links.run(contact-social links:16)
	at com.kms.katalon.core.main.ScriptEngine.run(ScriptEngine.java:194)
	at com.kms.katalon.core.main.ScriptEngine.runScriptAsRawText(ScriptEngine.java:119)
	at com.kms.katalon.core.main.TestCaseExecutor.runScript(TestCaseExecutor.java:328)
	at com.kms.katalon.core.main.TestCaseExecutor.doExecute(TestCaseExecutor.java:319)
	at com.kms.katalon.core.main.TestCaseExecutor.processExecutionPhase(TestCaseExecutor.java:298)
	at com.kms.katalon.core.main.TestCaseExecutor.accessMainPhase(TestCaseExecutor.java:290)
	at com.kms.katalon.core.main.TestCaseExecutor.execute(TestCaseExecutor.java:224)
	at com.kms.katalon.core.main.TestSuiteExecutor.accessTestCaseMainPhase(TestSuiteExecutor.java:129)
	at com.kms.katalon.core.main.TestSuiteExecutor.accessTestSuiteMainPhase(TestSuiteExecutor.java:112)
	at com.kms.katalon.core.main.TestSuiteExecutor.execute(TestSuiteExecutor.java:81)
	at com.kms.katalon.core.main.TestCaseMain.startTestSuite(TestCaseMain.java:149)
	at com.kms.katalon.core.main.TestCaseMain$startTestSuite$0.call(Unknown Source)
	at TempTestSuite1547192098307.run(TempTestSuite1547192098307.groovy:36)


2019-01-11 12:41:56 - [TEST_STEP][FAILED] - acceptAlert(): acceptAlert() FAILED.
Reason:
com.kms.katalon.core.exception.StepFailedException: Unable to accept alert (Root cause: com.kms.katalon.core.webui.exception.BrowserNotOpenedException: Browser is not opened
Build info: version: '3.7.1', revision: '8a0099a', time: '2017-11-06T21:07:36.161Z'
System info: host: 'DESKTOP-2D7LI1O', ip: '192.168.1.163', os.name: 'Windows 10', os.arch: 'amd64', os.version: '10.0', java.version: '1.8.0_181'
Driver info: driver.version: unknown)
	at com.kms.katalon.core.keyword.internal.KeywordMain.stepFailed(KeywordMain.groovy:36)
	at com.kms.katalon.core.webui.keyword.internal.WebUIKeywordMain.stepFailed(WebUIKeywordMain.groovy:65)
	at com.kms.katalon.core.webui.keyword.internal.WebUIKeywordMain.runKeyword(WebUIKeywordMain.groovy:27)
	at com.kms.katalon.core.webui.keyword.builtin.AcceptAlertKeyword.acceptAlert(AcceptAlertKeyword.groovy:71)
	at com.kms.katalon.core.webui.keyword.builtin.AcceptAlertKeyword.execute(AcceptAlertKeyword.groovy:66)
	at com.kms.katalon.core.keyword.internal.KeywordExecutor.executeKeywordForPlatform(KeywordExecutor.groovy:53)
	at com.kms.katalon.core.webui.keyword.WebUiBuiltInKeywords.acceptAlert(WebUiBuiltInKeywords.groovy:1492)
	at com.kms.katalon.core.webui.keyword.WebUiBuiltInKeywords$acceptAlert$7.call(Unknown Source)
	at contact-social links.run(contact-social links:16)
	at com.kms.katalon.core.main.ScriptEngine.run(ScriptEngine.java:194)
	at com.kms.katalon.core.main.ScriptEngine.runScriptAsRawText(ScriptEngine.java:119)
	at com.kms.katalon.core.main.TestCaseExecutor.runScript(TestCaseExecutor.java:328)
	at com.kms.katalon.core.main.TestCaseExecutor.doExecute(TestCaseExecutor.java:319)
	at com.kms.katalon.core.main.TestCaseExecutor.processExecutionPhase(TestCaseExecutor.java:298)
	at com.kms.katalon.core.main.TestCaseExecutor.accessMainPhase(TestCaseExecutor.java:290)
	at com.kms.katalon.core.main.TestCaseExecutor.execute(TestCaseExecutor.java:224)
	at com.kms.katalon.core.main.TestSuiteExecutor.accessTestCaseMainPhase(TestSuiteExecutor.java:129)
	at com.kms.katalon.core.main.TestSuiteExecutor.accessTestSuiteMainPhase(TestSuiteExecutor.java:112)
	at com.kms.katalon.core.main.TestSuiteExecutor.execute(TestSuiteExecutor.java:81)
	at com.kms.katalon.core.main.TestCaseMain.startTestSuite(TestCaseMain.java:149)
	at com.kms.katalon.core.main.TestCaseMain$startTestSuite$0.call(Unknown Source)
	at TempTestSuite1547192098307.run(TempTestSuite1547192098307.groovy:36)


2019-01-11 12:41:56 - [MESSAGE][WARNING] - Cannot take screenshot

2019-01-11 12:41:56 - [MESSAGE][FAILED] - Unable to accept alert (Root cause: com.kms.katalon.core.webui.exception.BrowserNotOpenedException: Browser is not opened
Build info: version: '3.7.1', revision: '8a0099a', time: '2017-11-06T21:07:36.161Z'
System info: host: 'DESKTOP-2D7LI1O', ip: '192.168.1.163', os.name: 'Windows 10', os.arch: 'amd64', os.version: '10.0', java.version: '1.8.0_181'
Driver info: driver.version: unknown)

2019-01-11 12:41:56 - [MESSAGE][FAILED] - acceptAlert() FAILED.
Reason:
com.kms.katalon.core.exception.StepFailedException: Unable to accept alert (Root cause: com.kms.katalon.core.webui.exception.BrowserNotOpenedException: Browser is not opened
Build info: version: '3.7.1', revision: '8a0099a', time: '2017-11-06T21:07:36.161Z'
System info: host: 'DESKTOP-2D7LI1O', ip: '192.168.1.163', os.name: 'Windows 10', os.arch: 'amd64', os.version: '10.0', java.version: '1.8.0_181'
Driver info: driver.version: unknown)
	at com.kms.katalon.core.keyword.internal.KeywordMain.stepFailed(KeywordMain.groovy:36)
	at com.kms.katalon.core.webui.keyword.internal.WebUIKeywordMain.stepFailed(WebUIKeywordMain.groovy:65)
	at com.kms.katalon.core.webui.keyword.internal.WebUIKeywordMain.runKeyword(WebUIKeywordMain.groovy:27)
	at com.kms.katalon.core.webui.keyword.builtin.AcceptAlertKeyword.acceptAlert(AcceptAlertKeyword.groovy:71)
	at com.kms.katalon.core.webui.keyword.builtin.AcceptAlertKeyword.execute(AcceptAlertKeyword.groovy:66)
	at com.kms.katalon.core.keyword.internal.KeywordExecutor.executeKeywordForPlatform(KeywordExecutor.groovy:53)
	at com.kms.katalon.core.webui.keyword.WebUiBuiltInKeywords.acceptAlert(WebUiBuiltInKeywords.groovy:1492)
	at com.kms.katalon.core.webui.keyword.WebUiBuiltInKeywords$acceptAlert$7.call(Unknown Source)
	at contact-social links.run(contact-social links:16)
	at com.kms.katalon.core.main.ScriptEngine.run(ScriptEngine.java:194)
	at com.kms.katalon.core.main.ScriptEngine.runScriptAsRawText(ScriptEngine.java:119)
	at com.kms.katalon.core.main.TestCaseExecutor.runScript(TestCaseExecutor.java:328)
	at com.kms.katalon.core.main.TestCaseExecutor.doExecute(TestCaseExecutor.java:319)
	at com.kms.katalon.core.main.TestCaseExecutor.processExecutionPhase(TestCaseExecutor.java:298)
	at com.kms.katalon.core.main.TestCaseExecutor.accessMainPhase(TestCaseExecutor.java:290)
	at com.kms.katalon.core.main.TestCaseExecutor.execute(TestCaseExecutor.java:224)
	at com.kms.katalon.core.main.TestSuiteExecutor.accessTestCaseMainPhase(TestSuiteExecutor.java:129)
	at com.kms.katalon.core.main.TestSuiteExecutor.accessTestSuiteMainPhase(TestSuiteExecutor.java:112)
	at com.kms.katalon.core.main.TestSuiteExecutor.execute(TestSuiteExecutor.java:81)
	at com.kms.katalon.core.main.TestCaseMain.startTestSuite(TestCaseMain.java:149)
	at com.kms.katalon.core.main.TestCaseMain$startTestSuite$0.call(Unknown Source)
	at TempTestSuite1547192098307.run(TempTestSuite1547192098307.groovy:36)


2019-01-11 12:41:56 - [TEST_STEP][PASSED] - Start listener action : sampleAfterTestCase: null

2019-01-11 12:41:56 - [TEST_STEP][PASSED] - println(testCaseContext.getTestCaseId()): null

2019-01-11 12:41:56 - [TEST_STEP][PASSED] - println(testCaseContext.getTestCaseStatus()): null]]></system-out>
         <system-err><![CDATA[2019-01-11 12:41:56 - [TEST_CASE][FAILED] - Test Cases/footer/contact-social links: Test Cases/footer/contact-social links FAILED.
Reason:
com.kms.katalon.core.exception.StepFailedException: Unable to accept alert (Root cause: com.kms.katalon.core.webui.exception.BrowserNotOpenedException: Browser is not opened
Build info: version: '3.7.1', revision: '8a0099a', time: '2017-11-06T21:07:36.161Z'
System info: host: 'DESKTOP-2D7LI1O', ip: '192.168.1.163', os.name: 'Windows 10', os.arch: 'amd64', os.version: '10.0', java.version: '1.8.0_181'
Driver info: driver.version: unknown)
	at com.kms.katalon.core.keyword.internal.KeywordMain.stepFailed(KeywordMain.groovy:36)
	at com.kms.katalon.core.webui.keyword.internal.WebUIKeywordMain.stepFailed(WebUIKeywordMain.groovy:65)
	at com.kms.katalon.core.webui.keyword.internal.WebUIKeywordMain.runKeyword(WebUIKeywordMain.groovy:27)
	at com.kms.katalon.core.webui.keyword.builtin.AcceptAlertKeyword.acceptAlert(AcceptAlertKeyword.groovy:71)
	at com.kms.katalon.core.webui.keyword.builtin.AcceptAlertKeyword.execute(AcceptAlertKeyword.groovy:66)
	at com.kms.katalon.core.keyword.internal.KeywordExecutor.executeKeywordForPlatform(KeywordExecutor.groovy:53)
	at com.kms.katalon.core.webui.keyword.WebUiBuiltInKeywords.acceptAlert(WebUiBuiltInKeywords.groovy:1492)
	at com.kms.katalon.core.webui.keyword.WebUiBuiltInKeywords$acceptAlert$7.call(Unknown Source)
	at contact-social links.run(contact-social links:16)
	at com.kms.katalon.core.main.ScriptEngine.run(ScriptEngine.java:194)
	at com.kms.katalon.core.main.ScriptEngine.runScriptAsRawText(ScriptEngine.java:119)
	at com.kms.katalon.core.main.TestCaseExecutor.runScript(TestCaseExecutor.java:328)
	at com.kms.katalon.core.main.TestCaseExecutor.doExecute(TestCaseExecutor.java:319)
	at com.kms.katalon.core.main.TestCaseExecutor.processExecutionPhase(TestCaseExecutor.java:298)
	at com.kms.katalon.core.main.TestCaseExecutor.accessMainPhase(TestCaseExecutor.java:290)
	at com.kms.katalon.core.main.TestCaseExecutor.execute(TestCaseExecutor.java:224)
	at com.kms.katalon.core.main.TestSuiteExecutor.accessTestCaseMainPhase(TestSuiteExecutor.java:129)
	at com.kms.katalon.core.main.TestSuiteExecutor.accessTestSuiteMainPhase(TestSuiteExecutor.java:112)
	at com.kms.katalon.core.main.TestSuiteExecutor.execute(TestSuiteExecutor.java:81)
	at com.kms.katalon.core.main.TestCaseMain.startTestSuite(TestCaseMain.java:149)
	at com.kms.katalon.core.main.TestCaseMain$startTestSuite$0.call(Unknown Source)
	at TempTestSuite1547192098307.run(TempTestSuite1547192098307.groovy:36)]]></system-err>
      </testcase>
      <testcase name="Test Cases/footer/Disclaimer-footer" classname="Test Cases/footer/Disclaimer-footer" status="PASSED">
         <system-out><![CDATA[2019-01-11 12:41:56 - [TEST_CASE][PASSED] - Test Cases/footer/Disclaimer-footer: Test Cases/footer/Disclaimer-footer

2019-01-11 12:41:56 - [TEST_STEP][PASSED] - openBrowser(""): Browser is opened with url: ''

2019-01-11 12:41:56 - [MESSAGE][INFO] - Starting 'Chrome' driver

2019-01-11 12:41:59 - [MESSAGE][PASSED] - Browser is opened with url: ''

2019-01-11 12:41:59 - [TEST_STEP][PASSED] - navigateToUrl(Url): Navigate to 'http://demo.chiragh.com/' successfully

2019-01-11 12:42:10 - [MESSAGE][PASSED] - Navigate to 'http://demo.chiragh.com/' successfully

2019-01-11 12:42:10 - [TEST_STEP][PASSED] - maximizeWindow(): Current window maximized

2019-01-11 12:42:11 - [MESSAGE][PASSED] - Current window maximized

2019-01-11 12:42:11 - [TEST_STEP][PASSED] - delay(3): Delayed 3 second(s)

2019-01-11 12:42:14 - [MESSAGE][PASSED] - Delayed 3 second(s)

2019-01-11 12:42:14 - [TEST_STEP][PASSED] - click(findTestObject("Object Repository/Disclaimer/Page_Chiragh/a_Disclaimer")): Object: 'Object Repository/Disclaimer/Page_Chiragh/a_Disclaimer' is clicked on

2019-01-11 12:42:14 - [MESSAGE][PASSED] - Object: 'Object Repository/Disclaimer/Page_Chiragh/a_Disclaimer' is clicked on

2019-01-11 12:42:14 - [TEST_STEP][PASSED] - delay(3): Delayed 3 second(s)

2019-01-11 12:42:17 - [MESSAGE][PASSED] - Delayed 3 second(s)

2019-01-11 12:42:17 - [TEST_STEP][PASSED] - verifyElementPresent(findTestObject("Object Repository/Disclaimer/Page_Chiragh/div_Disclaimer"), 3): Object 'Object Repository/Disclaimer/Page_Chiragh/div_Disclaimer' is present

2019-01-11 12:42:17 - [MESSAGE][PASSED] - Object 'Object Repository/Disclaimer/Page_Chiragh/div_Disclaimer' is present

2019-01-11 12:42:17 - [TEST_STEP][PASSED] - closeBrowser(): Browser is closed

2019-01-11 12:42:18 - [MESSAGE][PASSED] - Browser is closed

2019-01-11 12:42:18 - [TEST_STEP][PASSED] - Start listener action : sampleAfterTestCase: null

2019-01-11 12:42:18 - [TEST_STEP][PASSED] - println(testCaseContext.getTestCaseId()): null

2019-01-11 12:42:18 - [TEST_STEP][PASSED] - println(testCaseContext.getTestCaseStatus()): null]]></system-out>
         <system-err><![CDATA[]]></system-err>
      </testcase>
      <testcase name="Test Cases/footer/FAQs-footer" classname="Test Cases/footer/FAQs-footer" status="PASSED">
         <system-out><![CDATA[2019-01-11 12:42:18 - [TEST_CASE][PASSED] - Test Cases/footer/FAQs-footer: Test Cases/footer/FAQs-footer

2019-01-11 12:42:18 - [TEST_STEP][PASSED] - openBrowser(""): Browser is opened with url: ''

2019-01-11 12:42:18 - [MESSAGE][INFO] - Starting 'Chrome' driver

2019-01-11 12:42:21 - [MESSAGE][PASSED] - Browser is opened with url: ''

2019-01-11 12:42:21 - [TEST_STEP][PASSED] - navigateToUrl(Url): Navigate to 'http://demo.chiragh.com/' successfully

2019-01-11 12:42:27 - [MESSAGE][PASSED] - Navigate to 'http://demo.chiragh.com/' successfully

2019-01-11 12:42:27 - [TEST_STEP][PASSED] - maximizeWindow(): Current window maximized

2019-01-11 12:42:28 - [MESSAGE][PASSED] - Current window maximized

2019-01-11 12:42:28 - [TEST_STEP][PASSED] - delay(3): Delayed 3 second(s)

2019-01-11 12:42:31 - [MESSAGE][PASSED] - Delayed 3 second(s)

2019-01-11 12:42:31 - [TEST_STEP][PASSED] - click(findTestObject("Object Repository/FAQs-footer/Page_Chiragh/a_-FAQs")): Object: 'Object Repository/FAQs-footer/Page_Chiragh/a_-FAQs' is clicked on

2019-01-11 12:42:31 - [MESSAGE][PASSED] - Object: 'Object Repository/FAQs-footer/Page_Chiragh/a_-FAQs' is clicked on

2019-01-11 12:42:31 - [TEST_STEP][PASSED] - delay(3): Delayed 3 second(s)

2019-01-11 12:42:34 - [MESSAGE][PASSED] - Delayed 3 second(s)

2019-01-11 12:42:34 - [TEST_STEP][PASSED] - verifyElementPresent(findTestObject("Object Repository/FAQs-footer/Page_Chiragh/div_Frequently Asked Questions"), 3): Object 'Object Repository/FAQs-footer/Page_Chiragh/div_Frequently Asked Questions' is present

2019-01-11 12:42:34 - [MESSAGE][PASSED] - Object 'Object Repository/FAQs-footer/Page_Chiragh/div_Frequently Asked Questions' is present

2019-01-11 12:42:34 - [TEST_STEP][PASSED] - closeBrowser(): Browser is closed

2019-01-11 12:42:35 - [MESSAGE][PASSED] - Browser is closed

2019-01-11 12:42:35 - [TEST_STEP][PASSED] - Start listener action : sampleAfterTestCase: null

2019-01-11 12:42:35 - [TEST_STEP][PASSED] - println(testCaseContext.getTestCaseId()): null

2019-01-11 12:42:35 - [TEST_STEP][PASSED] - println(testCaseContext.getTestCaseStatus()): null]]></system-out>
         <system-err><![CDATA[]]></system-err>
      </testcase>
      <testcase name="Test Cases/footer/How it Works-footer" classname="Test Cases/footer/How it Works-footer" status="PASSED">
         <system-out><![CDATA[2019-01-11 12:42:35 - [TEST_CASE][PASSED] - Test Cases/footer/How it Works-footer: Test Cases/footer/How it Works-footer

2019-01-11 12:42:35 - [TEST_STEP][PASSED] - openBrowser(""): Browser is opened with url: ''

2019-01-11 12:42:35 - [MESSAGE][INFO] - Starting 'Chrome' driver

2019-01-11 12:42:37 - [MESSAGE][PASSED] - Browser is opened with url: ''

2019-01-11 12:42:37 - [TEST_STEP][PASSED] - navigateToUrl(Url): Navigate to 'http://demo.chiragh.com/' successfully

2019-01-11 12:42:44 - [MESSAGE][PASSED] - Navigate to 'http://demo.chiragh.com/' successfully

2019-01-11 12:42:44 - [TEST_STEP][PASSED] - maximizeWindow(): Current window maximized

2019-01-11 12:42:45 - [MESSAGE][PASSED] - Current window maximized

2019-01-11 12:42:45 - [TEST_STEP][PASSED] - delay(3): Delayed 3 second(s)

2019-01-11 12:42:48 - [MESSAGE][PASSED] - Delayed 3 second(s)

2019-01-11 12:42:48 - [TEST_STEP][PASSED] - click(findTestObject("Object Repository/How it Works-footer/Page_Chiragh/a_-How it works")): Object: 'Object Repository/How it Works-footer/Page_Chiragh/a_-How it works' is clicked on

2019-01-11 12:42:48 - [MESSAGE][PASSED] - Object: 'Object Repository/How it Works-footer/Page_Chiragh/a_-How it works' is clicked on

2019-01-11 12:42:48 - [TEST_STEP][PASSED] - delay(3): Delayed 3 second(s)

2019-01-11 12:42:51 - [MESSAGE][PASSED] - Delayed 3 second(s)

2019-01-11 12:42:51 - [TEST_STEP][PASSED] - verifyElementPresent(findTestObject("How it Works-footer/Page_Chiragh/div_Seller  Buyer Process"), 3): Object 'Object Repository/How it Works-footer/Page_Chiragh/div_Seller  Buyer Process' is present

2019-01-11 12:42:51 - [MESSAGE][PASSED] - Object 'Object Repository/How it Works-footer/Page_Chiragh/div_Seller  Buyer Process' is present

2019-01-11 12:42:51 - [TEST_STEP][PASSED] - closeBrowser(): Browser is closed

2019-01-11 12:42:52 - [MESSAGE][PASSED] - Browser is closed

2019-01-11 12:42:52 - [TEST_STEP][PASSED] - Start listener action : sampleAfterTestCase: null

2019-01-11 12:42:52 - [TEST_STEP][PASSED] - println(testCaseContext.getTestCaseId()): null

2019-01-11 12:42:52 - [TEST_STEP][PASSED] - println(testCaseContext.getTestCaseStatus()): null]]></system-out>
         <system-err><![CDATA[]]></system-err>
      </testcase>
      <testcase name="Test Cases/footer/Privacy Policy-footer" classname="Test Cases/footer/Privacy Policy-footer" status="PASSED">
         <system-out><![CDATA[2019-01-11 12:42:52 - [TEST_CASE][PASSED] - Test Cases/footer/Privacy Policy-footer: Test Cases/footer/Privacy Policy-footer

2019-01-11 12:42:52 - [TEST_STEP][PASSED] - openBrowser(""): Browser is opened with url: ''

2019-01-11 12:42:52 - [MESSAGE][INFO] - Starting 'Chrome' driver

2019-01-11 12:42:55 - [MESSAGE][PASSED] - Browser is opened with url: ''

2019-01-11 12:42:55 - [TEST_STEP][PASSED] - navigateToUrl(Url): Navigate to 'http://demo.chiragh.com/' successfully

2019-01-11 12:43:07 - [MESSAGE][PASSED] - Navigate to 'http://demo.chiragh.com/' successfully

2019-01-11 12:43:07 - [TEST_STEP][PASSED] - maximizeWindow(): Current window maximized

2019-01-11 12:43:08 - [MESSAGE][PASSED] - Current window maximized

2019-01-11 12:43:08 - [TEST_STEP][PASSED] - delay(3): Delayed 3 second(s)

2019-01-11 12:43:11 - [MESSAGE][PASSED] - Delayed 3 second(s)

2019-01-11 12:43:11 - [TEST_STEP][PASSED] - click(findTestObject("Object Repository/Privacy Policy/Page_Chiragh/a_Privacy Policy")): Object: 'Object Repository/Privacy Policy/Page_Chiragh/a_Privacy Policy' is clicked on

2019-01-11 12:43:12 - [MESSAGE][PASSED] - Object: 'Object Repository/Privacy Policy/Page_Chiragh/a_Privacy Policy' is clicked on

2019-01-11 12:43:12 - [TEST_STEP][PASSED] - delay(3): Delayed 3 second(s)

2019-01-11 12:43:15 - [MESSAGE][PASSED] - Delayed 3 second(s)

2019-01-11 12:43:15 - [TEST_STEP][PASSED] - verifyElementPresent(findTestObject("Object Repository/Privacy Policy/Page_Chiragh/div_Privacy Policy"), 3): Object 'Object Repository/Privacy Policy/Page_Chiragh/div_Privacy Policy' is present

2019-01-11 12:43:15 - [MESSAGE][PASSED] - Object 'Object Repository/Privacy Policy/Page_Chiragh/div_Privacy Policy' is present

2019-01-11 12:43:15 - [TEST_STEP][PASSED] - closeBrowser(): Browser is closed

2019-01-11 12:43:16 - [MESSAGE][PASSED] - Browser is closed

2019-01-11 12:43:16 - [TEST_STEP][PASSED] - Start listener action : sampleAfterTestCase: null

2019-01-11 12:43:16 - [TEST_STEP][PASSED] - println(testCaseContext.getTestCaseId()): null

2019-01-11 12:43:16 - [TEST_STEP][PASSED] - println(testCaseContext.getTestCaseStatus()): null]]></system-out>
         <system-err><![CDATA[]]></system-err>
      </testcase>
      <testcase name="Test Cases/footer/repurchase-footer" classname="Test Cases/footer/repurchase-footer" status="PASSED">
         <system-out><![CDATA[2019-01-11 12:43:16 - [TEST_CASE][PASSED] - Test Cases/footer/repurchase-footer: Test Cases/footer/repurchase-footer

2019-01-11 12:43:16 - [TEST_STEP][PASSED] - openBrowser(""): Browser is opened with url: ''

2019-01-11 12:43:16 - [MESSAGE][INFO] - Starting 'Chrome' driver

2019-01-11 12:43:18 - [MESSAGE][PASSED] - Browser is opened with url: ''

2019-01-11 12:43:18 - [TEST_STEP][PASSED] - navigateToUrl(Url): Navigate to 'http://demo.chiragh.com/' successfully

2019-01-11 12:43:28 - [MESSAGE][PASSED] - Navigate to 'http://demo.chiragh.com/' successfully

2019-01-11 12:43:28 - [TEST_STEP][PASSED] - maximizeWindow(): Current window maximized

2019-01-11 12:43:30 - [MESSAGE][PASSED] - Current window maximized

2019-01-11 12:43:30 - [TEST_STEP][PASSED] - delay(3): Delayed 3 second(s)

2019-01-11 12:43:33 - [MESSAGE][PASSED] - Delayed 3 second(s)

2019-01-11 12:43:33 - [TEST_STEP][PASSED] - click(findTestObject("Object Repository/repurchase-footer/Page_Chiragh/a_-Repurchase")): Object: 'Object Repository/repurchase-footer/Page_Chiragh/a_-Repurchase' is clicked on

2019-01-11 12:43:33 - [MESSAGE][PASSED] - Object: 'Object Repository/repurchase-footer/Page_Chiragh/a_-Repurchase' is clicked on

2019-01-11 12:43:33 - [TEST_STEP][PASSED] - delay(3): Delayed 3 second(s)

2019-01-11 12:43:36 - [MESSAGE][PASSED] - Delayed 3 second(s)

2019-01-11 12:43:36 - [TEST_STEP][PASSED] - verifyElementPresent(findTestObject("Object Repository/repurchase-footer/Page_Chiragh/div_BUY BACK OR REPURCHASE AGR_1"), 3): Object 'Object Repository/repurchase-footer/Page_Chiragh/div_BUY BACK OR REPURCHASE AGR_1' is present

2019-01-11 12:43:36 - [MESSAGE][PASSED] - Object 'Object Repository/repurchase-footer/Page_Chiragh/div_BUY BACK OR REPURCHASE AGR_1' is present

2019-01-11 12:43:36 - [TEST_STEP][PASSED] - closeBrowser(): Browser is closed

2019-01-11 12:43:37 - [MESSAGE][PASSED] - Browser is closed

2019-01-11 12:43:37 - [TEST_STEP][PASSED] - Start listener action : sampleAfterTestCase: null

2019-01-11 12:43:37 - [TEST_STEP][PASSED] - println(testCaseContext.getTestCaseId()): null

2019-01-11 12:43:37 - [TEST_STEP][PASSED] - println(testCaseContext.getTestCaseStatus()): null]]></system-out>
         <system-err><![CDATA[]]></system-err>
      </testcase>
      <testcase name="Test Cases/footer/sell a property" classname="Test Cases/footer/sell a property" status="PASSED">
         <system-out><![CDATA[2019-01-11 12:43:37 - [TEST_CASE][PASSED] - Test Cases/footer/sell a property: Test Cases/footer/sell a property

2019-01-11 12:43:37 - [TEST_STEP][PASSED] - openBrowser(""): Browser is opened with url: ''

2019-01-11 12:43:37 - [MESSAGE][INFO] - Starting 'Chrome' driver

2019-01-11 12:43:39 - [MESSAGE][PASSED] - Browser is opened with url: ''

2019-01-11 12:43:39 - [TEST_STEP][PASSED] - navigateToUrl(Url): Navigate to 'http://demo.chiragh.com/' successfully

2019-01-11 12:43:49 - [MESSAGE][PASSED] - Navigate to 'http://demo.chiragh.com/' successfully

2019-01-11 12:43:49 - [TEST_STEP][PASSED] - maximizeWindow(): Current window maximized

2019-01-11 12:43:50 - [MESSAGE][PASSED] - Current window maximized

2019-01-11 12:43:50 - [TEST_STEP][PASSED] - delay(3): Delayed 3 second(s)

2019-01-11 12:43:53 - [MESSAGE][PASSED] - Delayed 3 second(s)

2019-01-11 12:43:53 - [TEST_STEP][PASSED] - click(findTestObject("Object Repository/sell/Page_Chiragh/Page_Chiragh/a_Sell")): Object: 'Object Repository/sell/Page_Chiragh/Page_Chiragh/a_Sell' is clicked on

2019-01-11 12:43:54 - [MESSAGE][PASSED] - Object: 'Object Repository/sell/Page_Chiragh/Page_Chiragh/a_Sell' is clicked on

2019-01-11 12:43:54 - [TEST_STEP][PASSED] - delay(3): Delayed 3 second(s)

2019-01-11 12:43:57 - [MESSAGE][PASSED] - Delayed 3 second(s)

2019-01-11 12:43:57 - [TEST_STEP][PASSED] - if (verifyElementPresent(findTestObject("sell/Page_Chiragh/Page_Chiragh/form_Sign In"), 3) == true): Object 'Object Repository/sell/Page_Chiragh/Page_Chiragh/form_Owner Details' is present

2019-01-11 12:43:57 - [MESSAGE][PASSED] - Object 'Object Repository/sell/Page_Chiragh/Page_Chiragh/form_Sign In' is present

2019-01-11 12:43:57 - [TEST_STEP][PASSED] - setText(findTestObject("sell/Page_Chiragh/input_Sign In_userName"), userName): Text 'newuser11' is set on object 'Object Repository/sell/Page_Chiragh/input_Sign In_userName'

2019-01-11 12:43:57 - [MESSAGE][PASSED] - Text 'newuser11' is set on object 'Object Repository/sell/Page_Chiragh/input_Sign In_userName'

2019-01-11 12:43:57 - [TEST_STEP][PASSED] - setText(findTestObject("sell/Page_Chiragh/input_Sign In_userPassword"), passWord): Text '12345678' is set on object 'Object Repository/sell/Page_Chiragh/input_Sign In_userPassword'

2019-01-11 12:43:57 - [MESSAGE][PASSED] - Text '12345678' is set on object 'Object Repository/sell/Page_Chiragh/input_Sign In_userPassword'

2019-01-11 12:43:57 - [TEST_STEP][PASSED] - click(findTestObject("Page_Chiragh/button_Sign In")): Object: 'Object Repository/Page_Chiragh/button_Sign In' is clicked on

2019-01-11 12:43:57 - [MESSAGE][PASSED] - Object: 'Object Repository/Page_Chiragh/button_Sign In' is clicked on

2019-01-11 12:43:57 - [TEST_STEP][PASSED] - delay(3): Delayed 3 second(s)

2019-01-11 12:44:00 - [MESSAGE][PASSED] - Delayed 3 second(s)

2019-01-11 12:44:00 - [TEST_STEP][PASSED] - verifyElementPresent(findTestObject("sell/Page_Chiragh/Page_Chiragh/form_Owner Details"), 3): Object 'Object Repository/sell/Page_Chiragh/Page_Chiragh/form_Owner Details' is present

2019-01-11 12:44:00 - [MESSAGE][PASSED] - Object 'Object Repository/sell/Page_Chiragh/Page_Chiragh/form_Owner Details' is present

2019-01-11 12:44:00 - [TEST_STEP][PASSED] - closeBrowser(): Browser is closed

2019-01-11 12:44:01 - [MESSAGE][PASSED] - Browser is closed

2019-01-11 12:44:01 - [TEST_STEP][PASSED] - Start listener action : sampleAfterTestCase: null

2019-01-11 12:44:01 - [TEST_STEP][PASSED] - println(testCaseContext.getTestCaseId()): null

2019-01-11 12:44:01 - [TEST_STEP][PASSED] - println(testCaseContext.getTestCaseStatus()): null]]></system-out>
         <system-err><![CDATA[]]></system-err>
      </testcase>
      <testcase name="Test Cases/footer/Subscribe button" classname="Test Cases/footer/Subscribe button" status="FAILED">
         <failure type="FAILED" message="Test Cases/footer/Subscribe button FAILED.
Reason:
com.kms.katalon.core.exception.StepFailedException: Unable to accept alert (Root cause: com.kms.katalon.core.exception.StepFailedException: No alert found)
	at com.kms.katalon.core.keyword.internal.KeywordMain.stepFailed(KeywordMain.groovy:36)
	at com.kms.katalon.core.webui.keyword.internal.WebUIKeywordMain.stepFailed(WebUIKeywordMain.groovy:65)
	at com.kms.katalon.core.webui.keyword.internal.WebUIKeywordMain.runKeyword(WebUIKeywordMain.groovy:27)
	at com.kms.katalon.core.webui.keyword.builtin.AcceptAlertKeyword.acceptAlert(AcceptAlertKeyword.groovy:71)
	at com.kms.katalon.core.webui.keyword.builtin.AcceptAlertKeyword.execute(AcceptAlertKeyword.groovy:66)
	at com.kms.katalon.core.keyword.internal.KeywordExecutor.executeKeywordForPlatform(KeywordExecutor.groovy:53)
	at com.kms.katalon.core.webui.keyword.WebUiBuiltInKeywords.acceptAlert(WebUiBuiltInKeywords.groovy:1492)
	at com.kms.katalon.core.webui.keyword.WebUiBuiltInKeywords$acceptAlert$7.call(Unknown Source)
	at Subscribe button.run(Subscribe button:30)
	at com.kms.katalon.core.main.ScriptEngine.run(ScriptEngine.java:194)
	at com.kms.katalon.core.main.ScriptEngine.runScriptAsRawText(ScriptEngine.java:119)
	at com.kms.katalon.core.main.TestCaseExecutor.runScript(TestCaseExecutor.java:328)
	at com.kms.katalon.core.main.TestCaseExecutor.doExecute(TestCaseExecutor.java:319)
	at com.kms.katalon.core.main.TestCaseExecutor.processExecutionPhase(TestCaseExecutor.java:298)
	at com.kms.katalon.core.main.TestCaseExecutor.accessMainPhase(TestCaseExecutor.java:290)
	at com.kms.katalon.core.main.TestCaseExecutor.execute(TestCaseExecutor.java:224)
	at com.kms.katalon.core.main.TestSuiteExecutor.accessTestCaseMainPhase(TestSuiteExecutor.java:129)
	at com.kms.katalon.core.main.TestSuiteExecutor.accessTestSuiteMainPhase(TestSuiteExecutor.java:112)
	at com.kms.katalon.core.main.TestSuiteExecutor.execute(TestSuiteExecutor.java:81)
	at com.kms.katalon.core.main.TestCaseMain.startTestSuite(TestCaseMain.java:149)
	at com.kms.katalon.core.main.TestCaseMain$startTestSuite$0.call(Unknown Source)
	at TempTestSuite1547192098307.run(TempTestSuite1547192098307.groovy:36)
"/>
         <system-out><![CDATA[2019-01-11 12:44:01 - [TEST_CASE][FAILED] - Test Cases/footer/Subscribe button: Test Cases/footer/Subscribe button FAILED.
Reason:
com.kms.katalon.core.exception.StepFailedException: Unable to accept alert (Root cause: com.kms.katalon.core.exception.StepFailedException: No alert found)
	at com.kms.katalon.core.keyword.internal.KeywordMain.stepFailed(KeywordMain.groovy:36)
	at com.kms.katalon.core.webui.keyword.internal.WebUIKeywordMain.stepFailed(WebUIKeywordMain.groovy:65)
	at com.kms.katalon.core.webui.keyword.internal.WebUIKeywordMain.runKeyword(WebUIKeywordMain.groovy:27)
	at com.kms.katalon.core.webui.keyword.builtin.AcceptAlertKeyword.acceptAlert(AcceptAlertKeyword.groovy:71)
	at com.kms.katalon.core.webui.keyword.builtin.AcceptAlertKeyword.execute(AcceptAlertKeyword.groovy:66)
	at com.kms.katalon.core.keyword.internal.KeywordExecutor.executeKeywordForPlatform(KeywordExecutor.groovy:53)
	at com.kms.katalon.core.webui.keyword.WebUiBuiltInKeywords.acceptAlert(WebUiBuiltInKeywords.groovy:1492)
	at com.kms.katalon.core.webui.keyword.WebUiBuiltInKeywords$acceptAlert$7.call(Unknown Source)
	at Subscribe button.run(Subscribe button:30)
	at com.kms.katalon.core.main.ScriptEngine.run(ScriptEngine.java:194)
	at com.kms.katalon.core.main.ScriptEngine.runScriptAsRawText(ScriptEngine.java:119)
	at com.kms.katalon.core.main.TestCaseExecutor.runScript(TestCaseExecutor.java:328)
	at com.kms.katalon.core.main.TestCaseExecutor.doExecute(TestCaseExecutor.java:319)
	at com.kms.katalon.core.main.TestCaseExecutor.processExecutionPhase(TestCaseExecutor.java:298)
	at com.kms.katalon.core.main.TestCaseExecutor.accessMainPhase(TestCaseExecutor.java:290)
	at com.kms.katalon.core.main.TestCaseExecutor.execute(TestCaseExecutor.java:224)
	at com.kms.katalon.core.main.TestSuiteExecutor.accessTestCaseMainPhase(TestSuiteExecutor.java:129)
	at com.kms.katalon.core.main.TestSuiteExecutor.accessTestSuiteMainPhase(TestSuiteExecutor.java:112)
	at com.kms.katalon.core.main.TestSuiteExecutor.execute(TestSuiteExecutor.java:81)
	at com.kms.katalon.core.main.TestCaseMain.startTestSuite(TestCaseMain.java:149)
	at com.kms.katalon.core.main.TestCaseMain$startTestSuite$0.call(Unknown Source)
	at TempTestSuite1547192098307.run(TempTestSuite1547192098307.groovy:36)


2019-01-11 12:44:01 - [TEST_STEP][PASSED] - openBrowser(""): Browser is opened with url: ''

2019-01-11 12:44:01 - [MESSAGE][INFO] - Starting 'Chrome' driver

2019-01-11 12:44:04 - [MESSAGE][PASSED] - Browser is opened with url: ''

2019-01-11 12:44:04 - [TEST_STEP][PASSED] - navigateToUrl(Url): Navigate to 'http://demo.chiragh.com/' successfully

2019-01-11 12:44:15 - [MESSAGE][PASSED] - Navigate to 'http://demo.chiragh.com/' successfully

2019-01-11 12:44:15 - [TEST_STEP][PASSED] - maximizeWindow(): Current window maximized

2019-01-11 12:44:16 - [MESSAGE][PASSED] - Current window maximized

2019-01-11 12:44:16 - [TEST_STEP][PASSED] - delay(3): Delayed 3 second(s)

2019-01-11 12:44:19 - [MESSAGE][PASSED] - Delayed 3 second(s)

2019-01-11 12:44:19 - [TEST_STEP][PASSED] - setText(findTestObject("Object Repository/Subscribe/Page_Chiragh/input_Newsletter_form-control"), "a@gmail.com"): Text 'a@gmail.com' is set on object 'Object Repository/Subscribe/Page_Chiragh/input_Newsletter_form-control'

2019-01-11 12:44:20 - [MESSAGE][PASSED] - Text 'a@gmail.com' is set on object 'Object Repository/Subscribe/Page_Chiragh/input_Newsletter_form-control'

2019-01-11 12:44:20 - [TEST_STEP][PASSED] - click(findTestObject("Object Repository/Subscribe/Page_Chiragh/button_Subscribe")): Object: 'Object Repository/Subscribe/Page_Chiragh/button_Subscribe' is clicked on

2019-01-11 12:44:20 - [MESSAGE][PASSED] - Object: 'Object Repository/Subscribe/Page_Chiragh/button_Subscribe' is clicked on

2019-01-11 12:44:20 - [TEST_STEP][PASSED] - delay(3): Delayed 3 second(s)

2019-01-11 12:44:23 - [MESSAGE][PASSED] - Delayed 3 second(s)

2019-01-11 12:44:23 - [TEST_STEP][FAILED] - acceptAlert(): acceptAlert() FAILED.
Reason:
com.kms.katalon.core.exception.StepFailedException: Unable to accept alert (Root cause: com.kms.katalon.core.exception.StepFailedException: No alert found)
	at com.kms.katalon.core.keyword.internal.KeywordMain.stepFailed(KeywordMain.groovy:36)
	at com.kms.katalon.core.webui.keyword.internal.WebUIKeywordMain.stepFailed(WebUIKeywordMain.groovy:65)
	at com.kms.katalon.core.webui.keyword.internal.WebUIKeywordMain.runKeyword(WebUIKeywordMain.groovy:27)
	at com.kms.katalon.core.webui.keyword.builtin.AcceptAlertKeyword.acceptAlert(AcceptAlertKeyword.groovy:71)
	at com.kms.katalon.core.webui.keyword.builtin.AcceptAlertKeyword.execute(AcceptAlertKeyword.groovy:66)
	at com.kms.katalon.core.keyword.internal.KeywordExecutor.executeKeywordForPlatform(KeywordExecutor.groovy:53)
	at com.kms.katalon.core.webui.keyword.WebUiBuiltInKeywords.acceptAlert(WebUiBuiltInKeywords.groovy:1492)
	at com.kms.katalon.core.webui.keyword.WebUiBuiltInKeywords$acceptAlert$7.call(Unknown Source)
	at Subscribe button.run(Subscribe button:30)
	at com.kms.katalon.core.main.ScriptEngine.run(ScriptEngine.java:194)
	at com.kms.katalon.core.main.ScriptEngine.runScriptAsRawText(ScriptEngine.java:119)
	at com.kms.katalon.core.main.TestCaseExecutor.runScript(TestCaseExecutor.java:328)
	at com.kms.katalon.core.main.TestCaseExecutor.doExecute(TestCaseExecutor.java:319)
	at com.kms.katalon.core.main.TestCaseExecutor.processExecutionPhase(TestCaseExecutor.java:298)
	at com.kms.katalon.core.main.TestCaseExecutor.accessMainPhase(TestCaseExecutor.java:290)
	at com.kms.katalon.core.main.TestCaseExecutor.execute(TestCaseExecutor.java:224)
	at com.kms.katalon.core.main.TestSuiteExecutor.accessTestCaseMainPhase(TestSuiteExecutor.java:129)
	at com.kms.katalon.core.main.TestSuiteExecutor.accessTestSuiteMainPhase(TestSuiteExecutor.java:112)
	at com.kms.katalon.core.main.TestSuiteExecutor.execute(TestSuiteExecutor.java:81)
	at com.kms.katalon.core.main.TestCaseMain.startTestSuite(TestCaseMain.java:149)
	at com.kms.katalon.core.main.TestCaseMain$startTestSuite$0.call(Unknown Source)
	at TempTestSuite1547192098307.run(TempTestSuite1547192098307.groovy:36)


2019-01-11 12:44:23 - [MESSAGE][FAILED] - No alert found
[[ATTACHMENT|C:\\Users\\HP\\git\\ChiraghWebTests\\Reports\\Chiragh Smoke Tests\\20190111_123458\\1547192663377.png]]

2019-01-11 12:44:23 - [MESSAGE][FAILED] - Unable to accept alert (Root cause: com.kms.katalon.core.exception.StepFailedException: No alert found)
[[ATTACHMENT|C:\\Users\\HP\\git\\ChiraghWebTests\\Reports\\Chiragh Smoke Tests\\20190111_123458\\1547192663670.png]]

2019-01-11 12:44:23 - [MESSAGE][FAILED] - acceptAlert() FAILED.
Reason:
com.kms.katalon.core.exception.StepFailedException: Unable to accept alert (Root cause: com.kms.katalon.core.exception.StepFailedException: No alert found)
	at com.kms.katalon.core.keyword.internal.KeywordMain.stepFailed(KeywordMain.groovy:36)
	at com.kms.katalon.core.webui.keyword.internal.WebUIKeywordMain.stepFailed(WebUIKeywordMain.groovy:65)
	at com.kms.katalon.core.webui.keyword.internal.WebUIKeywordMain.runKeyword(WebUIKeywordMain.groovy:27)
	at com.kms.katalon.core.webui.keyword.builtin.AcceptAlertKeyword.acceptAlert(AcceptAlertKeyword.groovy:71)
	at com.kms.katalon.core.webui.keyword.builtin.AcceptAlertKeyword.execute(AcceptAlertKeyword.groovy:66)
	at com.kms.katalon.core.keyword.internal.KeywordExecutor.executeKeywordForPlatform(KeywordExecutor.groovy:53)
	at com.kms.katalon.core.webui.keyword.WebUiBuiltInKeywords.acceptAlert(WebUiBuiltInKeywords.groovy:1492)
	at com.kms.katalon.core.webui.keyword.WebUiBuiltInKeywords$acceptAlert$7.call(Unknown Source)
	at Subscribe button.run(Subscribe button:30)
	at com.kms.katalon.core.main.ScriptEngine.run(ScriptEngine.java:194)
	at com.kms.katalon.core.main.ScriptEngine.runScriptAsRawText(ScriptEngine.java:119)
	at com.kms.katalon.core.main.TestCaseExecutor.runScript(TestCaseExecutor.java:328)
	at com.kms.katalon.core.main.TestCaseExecutor.doExecute(TestCaseExecutor.java:319)
	at com.kms.katalon.core.main.TestCaseExecutor.processExecutionPhase(TestCaseExecutor.java:298)
	at com.kms.katalon.core.main.TestCaseExecutor.accessMainPhase(TestCaseExecutor.java:290)
	at com.kms.katalon.core.main.TestCaseExecutor.execute(TestCaseExecutor.java:224)
	at com.kms.katalon.core.main.TestSuiteExecutor.accessTestCaseMainPhase(TestSuiteExecutor.java:129)
	at com.kms.katalon.core.main.TestSuiteExecutor.accessTestSuiteMainPhase(TestSuiteExecutor.java:112)
	at com.kms.katalon.core.main.TestSuiteExecutor.execute(TestSuiteExecutor.java:81)
	at com.kms.katalon.core.main.TestCaseMain.startTestSuite(TestCaseMain.java:149)
	at com.kms.katalon.core.main.TestCaseMain$startTestSuite$0.call(Unknown Source)
	at TempTestSuite1547192098307.run(TempTestSuite1547192098307.groovy:36)


2019-01-11 12:44:23 - [TEST_STEP][PASSED] - Start listener action : sampleAfterTestCase: null

2019-01-11 12:44:23 - [TEST_STEP][PASSED] - println(testCaseContext.getTestCaseId()): null

2019-01-11 12:44:23 - [TEST_STEP][PASSED] - println(testCaseContext.getTestCaseStatus()): null]]></system-out>
         <system-err><![CDATA[2019-01-11 12:44:01 - [TEST_CASE][FAILED] - Test Cases/footer/Subscribe button: Test Cases/footer/Subscribe button FAILED.
Reason:
com.kms.katalon.core.exception.StepFailedException: Unable to accept alert (Root cause: com.kms.katalon.core.exception.StepFailedException: No alert found)
	at com.kms.katalon.core.keyword.internal.KeywordMain.stepFailed(KeywordMain.groovy:36)
	at com.kms.katalon.core.webui.keyword.internal.WebUIKeywordMain.stepFailed(WebUIKeywordMain.groovy:65)
	at com.kms.katalon.core.webui.keyword.internal.WebUIKeywordMain.runKeyword(WebUIKeywordMain.groovy:27)
	at com.kms.katalon.core.webui.keyword.builtin.AcceptAlertKeyword.acceptAlert(AcceptAlertKeyword.groovy:71)
	at com.kms.katalon.core.webui.keyword.builtin.AcceptAlertKeyword.execute(AcceptAlertKeyword.groovy:66)
	at com.kms.katalon.core.keyword.internal.KeywordExecutor.executeKeywordForPlatform(KeywordExecutor.groovy:53)
	at com.kms.katalon.core.webui.keyword.WebUiBuiltInKeywords.acceptAlert(WebUiBuiltInKeywords.groovy:1492)
	at com.kms.katalon.core.webui.keyword.WebUiBuiltInKeywords$acceptAlert$7.call(Unknown Source)
	at Subscribe button.run(Subscribe button:30)
	at com.kms.katalon.core.main.ScriptEngine.run(ScriptEngine.java:194)
	at com.kms.katalon.core.main.ScriptEngine.runScriptAsRawText(ScriptEngine.java:119)
	at com.kms.katalon.core.main.TestCaseExecutor.runScript(TestCaseExecutor.java:328)
	at com.kms.katalon.core.main.TestCaseExecutor.doExecute(TestCaseExecutor.java:319)
	at com.kms.katalon.core.main.TestCaseExecutor.processExecutionPhase(TestCaseExecutor.java:298)
	at com.kms.katalon.core.main.TestCaseExecutor.accessMainPhase(TestCaseExecutor.java:290)
	at com.kms.katalon.core.main.TestCaseExecutor.execute(TestCaseExecutor.java:224)
	at com.kms.katalon.core.main.TestSuiteExecutor.accessTestCaseMainPhase(TestSuiteExecutor.java:129)
	at com.kms.katalon.core.main.TestSuiteExecutor.accessTestSuiteMainPhase(TestSuiteExecutor.java:112)
	at com.kms.katalon.core.main.TestSuiteExecutor.execute(TestSuiteExecutor.java:81)
	at com.kms.katalon.core.main.TestCaseMain.startTestSuite(TestCaseMain.java:149)
	at com.kms.katalon.core.main.TestCaseMain$startTestSuite$0.call(Unknown Source)
	at TempTestSuite1547192098307.run(TempTestSuite1547192098307.groovy:36)]]></system-err>
      </testcase>
      <testcase name="Test Cases/footer/Terms and Conditions- footer" classname="Test Cases/footer/Terms and Conditions- footer" status="PASSED">
         <system-out><![CDATA[2019-01-11 12:44:23 - [TEST_CASE][PASSED] - Test Cases/footer/Terms and Conditions- footer: Test Cases/footer/Terms and Conditions- footer

2019-01-11 12:44:24 - [TEST_STEP][PASSED] - openBrowser(""): Browser is opened with url: ''

2019-01-11 12:44:24 - [MESSAGE][WARNING] - A browser is already opened. Closing browser and opening a new one

2019-01-11 12:44:25 - [MESSAGE][INFO] - Starting 'Chrome' driver

2019-01-11 12:44:27 - [MESSAGE][PASSED] - Browser is opened with url: ''

2019-01-11 12:44:27 - [TEST_STEP][PASSED] - navigateToUrl(Url): Navigate to 'http://demo.chiragh.com/' successfully

2019-01-11 12:44:42 - [MESSAGE][PASSED] - Navigate to 'http://demo.chiragh.com/' successfully

2019-01-11 12:44:42 - [TEST_STEP][PASSED] - maximizeWindow(): Current window maximized

2019-01-11 12:44:43 - [MESSAGE][PASSED] - Current window maximized

2019-01-11 12:44:43 - [TEST_STEP][PASSED] - delay(3): Delayed 3 second(s)

2019-01-11 12:44:46 - [MESSAGE][PASSED] - Delayed 3 second(s)

2019-01-11 12:44:46 - [TEST_STEP][PASSED] - click(findTestObject("Object Repository/Terms and Conditions/Page_Chiragh/a_Terms  Conditions")): Object: 'Object Repository/Terms and Conditions/Page_Chiragh/a_Terms  Conditions' is clicked on

2019-01-11 12:44:47 - [MESSAGE][PASSED] - Object: 'Object Repository/Terms and Conditions/Page_Chiragh/a_Terms  Conditions' is clicked on

2019-01-11 12:44:47 - [TEST_STEP][PASSED] - delay(3): Delayed 3 second(s)

2019-01-11 12:44:50 - [MESSAGE][PASSED] - Delayed 3 second(s)

2019-01-11 12:44:50 - [TEST_STEP][PASSED] - verifyElementPresent(findTestObject("Object Repository/Terms and Conditions/Page_Chiragh/div_Terms  Conditions"), 3): Object 'Object Repository/Terms and Conditions/Page_Chiragh/div_Terms  Conditions' is present

2019-01-11 12:44:50 - [MESSAGE][PASSED] - Object 'Object Repository/Terms and Conditions/Page_Chiragh/div_Terms  Conditions' is present

2019-01-11 12:44:50 - [TEST_STEP][PASSED] - closeBrowser(): Browser is closed

2019-01-11 12:44:50 - [MESSAGE][PASSED] - Browser is closed

2019-01-11 12:44:50 - [TEST_STEP][PASSED] - Start listener action : sampleAfterTestCase: null

2019-01-11 12:44:50 - [TEST_STEP][PASSED] - println(testCaseContext.getTestCaseId()): null

2019-01-11 12:44:50 - [TEST_STEP][PASSED] - println(testCaseContext.getTestCaseStatus()): null]]></system-out>
         <system-err><![CDATA[]]></system-err>
      </testcase>
      <testcase name="Test Cases/about us page/start buying now button" classname="Test Cases/about us page/start buying now button" status="FAILED">
         <failure type="FAILED" message="Test Cases/about us page/start buying now button FAILED.
Reason:
com.kms.katalon.core.exception.StepFailedException: Unable to verify text 'Current Auctions' is present  (Root cause: com.kms.katalon.core.exception.StepFailedException: Text 'Current Auctions' is not present on page )
	at com.kms.katalon.core.keyword.internal.KeywordMain.stepFailed(KeywordMain.groovy:36)
	at com.kms.katalon.core.webui.keyword.internal.WebUIKeywordMain.stepFailed(WebUIKeywordMain.groovy:65)
	at com.kms.katalon.core.webui.keyword.internal.WebUIKeywordMain.runKeyword(WebUIKeywordMain.groovy:27)
	at com.kms.katalon.core.webui.keyword.builtin.VerifyTextPresentKeyword.verifyTextPresent(VerifyTextPresentKeyword.groovy:83)
	at com.kms.katalon.core.webui.keyword.builtin.VerifyTextPresentKeyword.execute(VerifyTextPresentKeyword.groovy:68)
	at com.kms.katalon.core.keyword.internal.KeywordExecutor.executeKeywordForPlatform(KeywordExecutor.groovy:53)
	at com.kms.katalon.core.webui.keyword.WebUiBuiltInKeywords.verifyTextPresent(WebUiBuiltInKeywords.groovy:1693)
	at com.kms.katalon.core.webui.keyword.WebUiBuiltInKeywords$verifyTextPresent$6.call(Unknown Source)
	at start buying now button.run(start buying now button:30)
	at com.kms.katalon.core.main.ScriptEngine.run(ScriptEngine.java:194)
	at com.kms.katalon.core.main.ScriptEngine.runScriptAsRawText(ScriptEngine.java:119)
	at com.kms.katalon.core.main.TestCaseExecutor.runScript(TestCaseExecutor.java:328)
	at com.kms.katalon.core.main.TestCaseExecutor.doExecute(TestCaseExecutor.java:319)
	at com.kms.katalon.core.main.TestCaseExecutor.processExecutionPhase(TestCaseExecutor.java:298)
	at com.kms.katalon.core.main.TestCaseExecutor.accessMainPhase(TestCaseExecutor.java:290)
	at com.kms.katalon.core.main.TestCaseExecutor.execute(TestCaseExecutor.java:224)
	at com.kms.katalon.core.main.TestSuiteExecutor.accessTestCaseMainPhase(TestSuiteExecutor.java:129)
	at com.kms.katalon.core.main.TestSuiteExecutor.accessTestSuiteMainPhase(TestSuiteExecutor.java:112)
	at com.kms.katalon.core.main.TestSuiteExecutor.execute(TestSuiteExecutor.java:81)
	at com.kms.katalon.core.main.TestCaseMain.startTestSuite(TestCaseMain.java:149)
	at com.kms.katalon.core.main.TestCaseMain$startTestSuite$0.call(Unknown Source)
	at TempTestSuite1547192098307.run(TempTestSuite1547192098307.groovy:36)
"/>
         <system-out><![CDATA[2019-01-11 12:44:50 - [TEST_CASE][FAILED] - Test Cases/about us page/start buying now button: Test Cases/about us page/start buying now button FAILED.
Reason:
com.kms.katalon.core.exception.StepFailedException: Unable to verify text 'Current Auctions' is present  (Root cause: com.kms.katalon.core.exception.StepFailedException: Text 'Current Auctions' is not present on page )
	at com.kms.katalon.core.keyword.internal.KeywordMain.stepFailed(KeywordMain.groovy:36)
	at com.kms.katalon.core.webui.keyword.internal.WebUIKeywordMain.stepFailed(WebUIKeywordMain.groovy:65)
	at com.kms.katalon.core.webui.keyword.internal.WebUIKeywordMain.runKeyword(WebUIKeywordMain.groovy:27)
	at com.kms.katalon.core.webui.keyword.builtin.VerifyTextPresentKeyword.verifyTextPresent(VerifyTextPresentKeyword.groovy:83)
	at com.kms.katalon.core.webui.keyword.builtin.VerifyTextPresentKeyword.execute(VerifyTextPresentKeyword.groovy:68)
	at com.kms.katalon.core.keyword.internal.KeywordExecutor.executeKeywordForPlatform(KeywordExecutor.groovy:53)
	at com.kms.katalon.core.webui.keyword.WebUiBuiltInKeywords.verifyTextPresent(WebUiBuiltInKeywords.groovy:1693)
	at com.kms.katalon.core.webui.keyword.WebUiBuiltInKeywords$verifyTextPresent$6.call(Unknown Source)
	at start buying now button.run(start buying now button:30)
	at com.kms.katalon.core.main.ScriptEngine.run(ScriptEngine.java:194)
	at com.kms.katalon.core.main.ScriptEngine.runScriptAsRawText(ScriptEngine.java:119)
	at com.kms.katalon.core.main.TestCaseExecutor.runScript(TestCaseExecutor.java:328)
	at com.kms.katalon.core.main.TestCaseExecutor.doExecute(TestCaseExecutor.java:319)
	at com.kms.katalon.core.main.TestCaseExecutor.processExecutionPhase(TestCaseExecutor.java:298)
	at com.kms.katalon.core.main.TestCaseExecutor.accessMainPhase(TestCaseExecutor.java:290)
	at com.kms.katalon.core.main.TestCaseExecutor.execute(TestCaseExecutor.java:224)
	at com.kms.katalon.core.main.TestSuiteExecutor.accessTestCaseMainPhase(TestSuiteExecutor.java:129)
	at com.kms.katalon.core.main.TestSuiteExecutor.accessTestSuiteMainPhase(TestSuiteExecutor.java:112)
	at com.kms.katalon.core.main.TestSuiteExecutor.execute(TestSuiteExecutor.java:81)
	at com.kms.katalon.core.main.TestCaseMain.startTestSuite(TestCaseMain.java:149)
	at com.kms.katalon.core.main.TestCaseMain$startTestSuite$0.call(Unknown Source)
	at TempTestSuite1547192098307.run(TempTestSuite1547192098307.groovy:36)


2019-01-11 12:44:51 - [TEST_STEP][PASSED] - openBrowser(""): Browser is opened with url: ''

2019-01-11 12:44:51 - [MESSAGE][INFO] - Starting 'Chrome' driver

2019-01-11 12:44:53 - [MESSAGE][PASSED] - Browser is opened with url: ''

2019-01-11 12:44:53 - [TEST_STEP][PASSED] - navigateToUrl(Url): Navigate to 'http://demo.chiragh.com/' successfully

2019-01-11 12:45:10 - [MESSAGE][PASSED] - Navigate to 'http://demo.chiragh.com/' successfully

2019-01-11 12:45:10 - [TEST_STEP][PASSED] - maximizeWindow(): Current window maximized

2019-01-11 12:45:11 - [MESSAGE][PASSED] - Current window maximized

2019-01-11 12:45:11 - [TEST_STEP][PASSED] - delay(5): Delayed 5 second(s)

2019-01-11 12:45:16 - [MESSAGE][PASSED] - Delayed 5 second(s)

2019-01-11 12:45:16 - [TEST_STEP][PASSED] - click(findTestObject("about us/Page_Chiragh/a_About Us(current) (1)")): Object: 'Object Repository/about us/Page_Chiragh/a_About Us(current) (1)' is clicked on

2019-01-11 12:45:16 - [MESSAGE][PASSED] - Object: 'Object Repository/about us/Page_Chiragh/a_About Us(current) (1)' is clicked on

2019-01-11 12:45:16 - [TEST_STEP][PASSED] - click(findTestObject("about us/Page_Chiragh/Page_Chiragh/button_Start Buying")): Object: 'Object Repository/about us/Page_Chiragh/Page_Chiragh/button_Start Buying' is clicked on

2019-01-11 12:45:17 - [MESSAGE][PASSED] - Object: 'Object Repository/about us/Page_Chiragh/Page_Chiragh/button_Start Buying' is clicked on

2019-01-11 12:45:17 - [TEST_STEP][PASSED] - waitForPageLoad(5): Wait for page load successfully

2019-01-11 12:45:17 - [MESSAGE][PASSED] - Wait for page load successfully

2019-01-11 12:45:17 - [TEST_STEP][FAILED] - verifyTextPresent("Current Auctions", false): verifyTextPresent("Current Auctions", false) FAILED.
Reason:
com.kms.katalon.core.exception.StepFailedException: Unable to verify text 'Current Auctions' is present  (Root cause: com.kms.katalon.core.exception.StepFailedException: Text 'Current Auctions' is not present on page )
	at com.kms.katalon.core.keyword.internal.KeywordMain.stepFailed(KeywordMain.groovy:36)
	at com.kms.katalon.core.webui.keyword.internal.WebUIKeywordMain.stepFailed(WebUIKeywordMain.groovy:65)
	at com.kms.katalon.core.webui.keyword.internal.WebUIKeywordMain.runKeyword(WebUIKeywordMain.groovy:27)
	at com.kms.katalon.core.webui.keyword.builtin.VerifyTextPresentKeyword.verifyTextPresent(VerifyTextPresentKeyword.groovy:83)
	at com.kms.katalon.core.webui.keyword.builtin.VerifyTextPresentKeyword.execute(VerifyTextPresentKeyword.groovy:68)
	at com.kms.katalon.core.keyword.internal.KeywordExecutor.executeKeywordForPlatform(KeywordExecutor.groovy:53)
	at com.kms.katalon.core.webui.keyword.WebUiBuiltInKeywords.verifyTextPresent(WebUiBuiltInKeywords.groovy:1693)
	at com.kms.katalon.core.webui.keyword.WebUiBuiltInKeywords$verifyTextPresent$6.call(Unknown Source)
	at start buying now button.run(start buying now button:30)
	at com.kms.katalon.core.main.ScriptEngine.run(ScriptEngine.java:194)
	at com.kms.katalon.core.main.ScriptEngine.runScriptAsRawText(ScriptEngine.java:119)
	at com.kms.katalon.core.main.TestCaseExecutor.runScript(TestCaseExecutor.java:328)
	at com.kms.katalon.core.main.TestCaseExecutor.doExecute(TestCaseExecutor.java:319)
	at com.kms.katalon.core.main.TestCaseExecutor.processExecutionPhase(TestCaseExecutor.java:298)
	at com.kms.katalon.core.main.TestCaseExecutor.accessMainPhase(TestCaseExecutor.java:290)
	at com.kms.katalon.core.main.TestCaseExecutor.execute(TestCaseExecutor.java:224)
	at com.kms.katalon.core.main.TestSuiteExecutor.accessTestCaseMainPhase(TestSuiteExecutor.java:129)
	at com.kms.katalon.core.main.TestSuiteExecutor.accessTestSuiteMainPhase(TestSuiteExecutor.java:112)
	at com.kms.katalon.core.main.TestSuiteExecutor.execute(TestSuiteExecutor.java:81)
	at com.kms.katalon.core.main.TestCaseMain.startTestSuite(TestCaseMain.java:149)
	at com.kms.katalon.core.main.TestCaseMain$startTestSuite$0.call(Unknown Source)
	at TempTestSuite1547192098307.run(TempTestSuite1547192098307.groovy:36)


2019-01-11 12:45:17 - [MESSAGE][FAILED] - Text 'Current Auctions' is not present on page 

2019-01-11 12:45:18 - [MESSAGE][FAILED] - Unable to verify text 'Current Auctions' is present  (Root cause: com.kms.katalon.core.exception.StepFailedException: Text 'Current Auctions' is not present on page )
[[ATTACHMENT|C:\\Users\\HP\\git\\ChiraghWebTests\\Reports\\Chiragh Smoke Tests\\20190111_123458\\1547192717658.png]]

2019-01-11 12:45:18 - [MESSAGE][FAILED] - verifyTextPresent("Current Auctions", false) FAILED.
Reason:
com.kms.katalon.core.exception.StepFailedException: Unable to verify text 'Current Auctions' is present  (Root cause: com.kms.katalon.core.exception.StepFailedException: Text 'Current Auctions' is not present on page )
	at com.kms.katalon.core.keyword.internal.KeywordMain.stepFailed(KeywordMain.groovy:36)
	at com.kms.katalon.core.webui.keyword.internal.WebUIKeywordMain.stepFailed(WebUIKeywordMain.groovy:65)
	at com.kms.katalon.core.webui.keyword.internal.WebUIKeywordMain.runKeyword(WebUIKeywordMain.groovy:27)
	at com.kms.katalon.core.webui.keyword.builtin.VerifyTextPresentKeyword.verifyTextPresent(VerifyTextPresentKeyword.groovy:83)
	at com.kms.katalon.core.webui.keyword.builtin.VerifyTextPresentKeyword.execute(VerifyTextPresentKeyword.groovy:68)
	at com.kms.katalon.core.keyword.internal.KeywordExecutor.executeKeywordForPlatform(KeywordExecutor.groovy:53)
	at com.kms.katalon.core.webui.keyword.WebUiBuiltInKeywords.verifyTextPresent(WebUiBuiltInKeywords.groovy:1693)
	at com.kms.katalon.core.webui.keyword.WebUiBuiltInKeywords$verifyTextPresent$6.call(Unknown Source)
	at start buying now button.run(start buying now button:30)
	at com.kms.katalon.core.main.ScriptEngine.run(ScriptEngine.java:194)
	at com.kms.katalon.core.main.ScriptEngine.runScriptAsRawText(ScriptEngine.java:119)
	at com.kms.katalon.core.main.TestCaseExecutor.runScript(TestCaseExecutor.java:328)
	at com.kms.katalon.core.main.TestCaseExecutor.doExecute(TestCaseExecutor.java:319)
	at com.kms.katalon.core.main.TestCaseExecutor.processExecutionPhase(TestCaseExecutor.java:298)
	at com.kms.katalon.core.main.TestCaseExecutor.accessMainPhase(TestCaseExecutor.java:290)
	at com.kms.katalon.core.main.TestCaseExecutor.execute(TestCaseExecutor.java:224)
	at com.kms.katalon.core.main.TestSuiteExecutor.accessTestCaseMainPhase(TestSuiteExecutor.java:129)
	at com.kms.katalon.core.main.TestSuiteExecutor.accessTestSuiteMainPhase(TestSuiteExecutor.java:112)
	at com.kms.katalon.core.main.TestSuiteExecutor.execute(TestSuiteExecutor.java:81)
	at com.kms.katalon.core.main.TestCaseMain.startTestSuite(TestCaseMain.java:149)
	at com.kms.katalon.core.main.TestCaseMain$startTestSuite$0.call(Unknown Source)
	at TempTestSuite1547192098307.run(TempTestSuite1547192098307.groovy:36)


2019-01-11 12:45:18 - [TEST_STEP][PASSED] - Start listener action : sampleAfterTestCase: null

2019-01-11 12:45:18 - [TEST_STEP][PASSED] - println(testCaseContext.getTestCaseId()): null

2019-01-11 12:45:18 - [TEST_STEP][PASSED] - println(testCaseContext.getTestCaseStatus()): null]]></system-out>
         <system-err><![CDATA[2019-01-11 12:44:50 - [TEST_CASE][FAILED] - Test Cases/about us page/start buying now button: Test Cases/about us page/start buying now button FAILED.
Reason:
com.kms.katalon.core.exception.StepFailedException: Unable to verify text 'Current Auctions' is present  (Root cause: com.kms.katalon.core.exception.StepFailedException: Text 'Current Auctions' is not present on page )
	at com.kms.katalon.core.keyword.internal.KeywordMain.stepFailed(KeywordMain.groovy:36)
	at com.kms.katalon.core.webui.keyword.internal.WebUIKeywordMain.stepFailed(WebUIKeywordMain.groovy:65)
	at com.kms.katalon.core.webui.keyword.internal.WebUIKeywordMain.runKeyword(WebUIKeywordMain.groovy:27)
	at com.kms.katalon.core.webui.keyword.builtin.VerifyTextPresentKeyword.verifyTextPresent(VerifyTextPresentKeyword.groovy:83)
	at com.kms.katalon.core.webui.keyword.builtin.VerifyTextPresentKeyword.execute(VerifyTextPresentKeyword.groovy:68)
	at com.kms.katalon.core.keyword.internal.KeywordExecutor.executeKeywordForPlatform(KeywordExecutor.groovy:53)
	at com.kms.katalon.core.webui.keyword.WebUiBuiltInKeywords.verifyTextPresent(WebUiBuiltInKeywords.groovy:1693)
	at com.kms.katalon.core.webui.keyword.WebUiBuiltInKeywords$verifyTextPresent$6.call(Unknown Source)
	at start buying now button.run(start buying now button:30)
	at com.kms.katalon.core.main.ScriptEngine.run(ScriptEngine.java:194)
	at com.kms.katalon.core.main.ScriptEngine.runScriptAsRawText(ScriptEngine.java:119)
	at com.kms.katalon.core.main.TestCaseExecutor.runScript(TestCaseExecutor.java:328)
	at com.kms.katalon.core.main.TestCaseExecutor.doExecute(TestCaseExecutor.java:319)
	at com.kms.katalon.core.main.TestCaseExecutor.processExecutionPhase(TestCaseExecutor.java:298)
	at com.kms.katalon.core.main.TestCaseExecutor.accessMainPhase(TestCaseExecutor.java:290)
	at com.kms.katalon.core.main.TestCaseExecutor.execute(TestCaseExecutor.java:224)
	at com.kms.katalon.core.main.TestSuiteExecutor.accessTestCaseMainPhase(TestSuiteExecutor.java:129)
	at com.kms.katalon.core.main.TestSuiteExecutor.accessTestSuiteMainPhase(TestSuiteExecutor.java:112)
	at com.kms.katalon.core.main.TestSuiteExecutor.execute(TestSuiteExecutor.java:81)
	at com.kms.katalon.core.main.TestCaseMain.startTestSuite(TestCaseMain.java:149)
	at com.kms.katalon.core.main.TestCaseMain$startTestSuite$0.call(Unknown Source)
	at TempTestSuite1547192098307.run(TempTestSuite1547192098307.groovy:36)]]></system-err>
      </testcase>
      <testcase name="Test Cases/about us page/start selling now button" classname="Test Cases/about us page/start selling now button" status="FAILED">
         <failure type="FAILED" message="Test Cases/about us page/start selling now button FAILED.
Reason:
com.kms.katalon.core.exception.StepFailedException: Unable to verify object 'Object Repository/sell/Page_Chiragh/Page_Chiragh/form_Owner Details' is present (Root cause: com.kms.katalon.core.exception.StepFailedException: com.kms.katalon.core.webui.exception.WebElementNotFoundException: Web element with id: 'Object Repository/sell/Page_Chiragh/Page_Chiragh/form_Owner Details' located by 'By.xpath: (.//*[normalize-space(text()) and normalize-space(.)='Resources'])[1]/following::form[1]' not found)
	at com.kms.katalon.core.keyword.internal.KeywordMain.stepFailed(KeywordMain.groovy:36)
	at com.kms.katalon.core.webui.keyword.internal.WebUIKeywordMain.stepFailed(WebUIKeywordMain.groovy:65)
	at com.kms.katalon.core.webui.keyword.internal.WebUIKeywordMain.runKeyword(WebUIKeywordMain.groovy:27)
	at com.kms.katalon.core.webui.keyword.builtin.VerifyElementPresentKeyword.verifyElementPresent(VerifyElementPresentKeyword.groovy:92)
	at com.kms.katalon.core.webui.keyword.builtin.VerifyElementPresentKeyword.execute(VerifyElementPresentKeyword.groovy:68)
	at com.kms.katalon.core.keyword.internal.KeywordExecutor.executeKeywordForPlatform(KeywordExecutor.groovy:53)
	at com.kms.katalon.core.webui.keyword.WebUiBuiltInKeywords.verifyElementPresent(WebUiBuiltInKeywords.groovy:1434)
	at com.kms.katalon.core.webui.keyword.WebUiBuiltInKeywords$verifyElementPresent$3.call(Unknown Source)
	at start selling now button.run(start selling now button:39)
	at com.kms.katalon.core.main.ScriptEngine.run(ScriptEngine.java:194)
	at com.kms.katalon.core.main.ScriptEngine.runScriptAsRawText(ScriptEngine.java:119)
	at com.kms.katalon.core.main.TestCaseExecutor.runScript(TestCaseExecutor.java:328)
	at com.kms.katalon.core.main.TestCaseExecutor.doExecute(TestCaseExecutor.java:319)
	at com.kms.katalon.core.main.TestCaseExecutor.processExecutionPhase(TestCaseExecutor.java:298)
	at com.kms.katalon.core.main.TestCaseExecutor.accessMainPhase(TestCaseExecutor.java:290)
	at com.kms.katalon.core.main.TestCaseExecutor.execute(TestCaseExecutor.java:224)
	at com.kms.katalon.core.main.TestSuiteExecutor.accessTestCaseMainPhase(TestSuiteExecutor.java:129)
	at com.kms.katalon.core.main.TestSuiteExecutor.accessTestSuiteMainPhase(TestSuiteExecutor.java:112)
	at com.kms.katalon.core.main.TestSuiteExecutor.execute(TestSuiteExecutor.java:81)
	at com.kms.katalon.core.main.TestCaseMain.startTestSuite(TestCaseMain.java:149)
	at com.kms.katalon.core.main.TestCaseMain$startTestSuite$0.call(Unknown Source)
	at TempTestSuite1547192098307.run(TempTestSuite1547192098307.groovy:36)
"/>
         <system-out><![CDATA[2019-01-11 12:45:18 - [TEST_CASE][FAILED] - Test Cases/about us page/start selling now button: Test Cases/about us page/start selling now button FAILED.
Reason:
com.kms.katalon.core.exception.StepFailedException: Unable to verify object 'Object Repository/sell/Page_Chiragh/Page_Chiragh/form_Owner Details' is present (Root cause: com.kms.katalon.core.exception.StepFailedException: com.kms.katalon.core.webui.exception.WebElementNotFoundException: Web element with id: 'Object Repository/sell/Page_Chiragh/Page_Chiragh/form_Owner Details' located by 'By.xpath: (.//*[normalize-space(text()) and normalize-space(.)='Resources'])[1]/following::form[1]' not found)
	at com.kms.katalon.core.keyword.internal.KeywordMain.stepFailed(KeywordMain.groovy:36)
	at com.kms.katalon.core.webui.keyword.internal.WebUIKeywordMain.stepFailed(WebUIKeywordMain.groovy:65)
	at com.kms.katalon.core.webui.keyword.internal.WebUIKeywordMain.runKeyword(WebUIKeywordMain.groovy:27)
	at com.kms.katalon.core.webui.keyword.builtin.VerifyElementPresentKeyword.verifyElementPresent(VerifyElementPresentKeyword.groovy:92)
	at com.kms.katalon.core.webui.keyword.builtin.VerifyElementPresentKeyword.execute(VerifyElementPresentKeyword.groovy:68)
	at com.kms.katalon.core.keyword.internal.KeywordExecutor.executeKeywordForPlatform(KeywordExecutor.groovy:53)
	at com.kms.katalon.core.webui.keyword.WebUiBuiltInKeywords.verifyElementPresent(WebUiBuiltInKeywords.groovy:1434)
	at com.kms.katalon.core.webui.keyword.WebUiBuiltInKeywords$verifyElementPresent$3.call(Unknown Source)
	at start selling now button.run(start selling now button:39)
	at com.kms.katalon.core.main.ScriptEngine.run(ScriptEngine.java:194)
	at com.kms.katalon.core.main.ScriptEngine.runScriptAsRawText(ScriptEngine.java:119)
	at com.kms.katalon.core.main.TestCaseExecutor.runScript(TestCaseExecutor.java:328)
	at com.kms.katalon.core.main.TestCaseExecutor.doExecute(TestCaseExecutor.java:319)
	at com.kms.katalon.core.main.TestCaseExecutor.processExecutionPhase(TestCaseExecutor.java:298)
	at com.kms.katalon.core.main.TestCaseExecutor.accessMainPhase(TestCaseExecutor.java:290)
	at com.kms.katalon.core.main.TestCaseExecutor.execute(TestCaseExecutor.java:224)
	at com.kms.katalon.core.main.TestSuiteExecutor.accessTestCaseMainPhase(TestSuiteExecutor.java:129)
	at com.kms.katalon.core.main.TestSuiteExecutor.accessTestSuiteMainPhase(TestSuiteExecutor.java:112)
	at com.kms.katalon.core.main.TestSuiteExecutor.execute(TestSuiteExecutor.java:81)
	at com.kms.katalon.core.main.TestCaseMain.startTestSuite(TestCaseMain.java:149)
	at com.kms.katalon.core.main.TestCaseMain$startTestSuite$0.call(Unknown Source)
	at TempTestSuite1547192098307.run(TempTestSuite1547192098307.groovy:36)


2019-01-11 12:45:18 - [TEST_STEP][PASSED] - openBrowser(""): Browser is opened with url: ''

2019-01-11 12:45:18 - [MESSAGE][WARNING] - A browser is already opened. Closing browser and opening a new one

2019-01-11 12:45:19 - [MESSAGE][INFO] - Starting 'Chrome' driver

2019-01-11 12:45:21 - [MESSAGE][PASSED] - Browser is opened with url: ''

2019-01-11 12:45:21 - [TEST_STEP][PASSED] - navigateToUrl(Url): Navigate to 'http://demo.chiragh.com/' successfully

2019-01-11 12:45:32 - [MESSAGE][PASSED] - Navigate to 'http://demo.chiragh.com/' successfully

2019-01-11 12:45:32 - [TEST_STEP][PASSED] - maximizeWindow(): Current window maximized

2019-01-11 12:45:33 - [MESSAGE][PASSED] - Current window maximized

2019-01-11 12:45:33 - [TEST_STEP][PASSED] - delay(5): Delayed 5 second(s)

2019-01-11 12:45:38 - [MESSAGE][PASSED] - Delayed 5 second(s)

2019-01-11 12:45:38 - [TEST_STEP][PASSED] - click(findTestObject("Object Repository/about us/Page_Chiragh/a_About Us(current) (1)")): Object: 'Object Repository/about us/Page_Chiragh/a_About Us(current) (1)' is clicked on

2019-01-11 12:45:38 - [MESSAGE][PASSED] - Object: 'Object Repository/about us/Page_Chiragh/a_About Us(current) (1)' is clicked on

2019-01-11 12:45:38 - [TEST_STEP][PASSED] - click(findTestObject("Object Repository/about us/Page_Chiragh/button_Start                Se")): Object: 'Object Repository/about us/Page_Chiragh/button_Start                Se' is clicked on

2019-01-11 12:45:38 - [MESSAGE][PASSED] - Object: 'Object Repository/about us/Page_Chiragh/button_Start                Se' is clicked on

2019-01-11 12:45:38 - [TEST_STEP][PASSED] - waitForPageLoad(5): Wait for page load successfully

2019-01-11 12:45:38 - [MESSAGE][PASSED] - Wait for page load successfully

2019-01-11 12:45:38 - [TEST_STEP][PASSED] - if (verifyElementPresent(findTestObject("sell/Page_Chiragh/Page_Chiragh/form_Sign In"), 3) == true): if (verifyElementPresent(findTestObject("sell/Page_Chiragh/Page_Chiragh/form_Sign In"), 3) == true) FAILED.
Reason:
com.kms.katalon.core.exception.StepFailedException: Unable to verify object 'Object Repository/sell/Page_Chiragh/Page_Chiragh/form_Owner Details' is present (Root cause: com.kms.katalon.core.exception.StepFailedException: com.kms.katalon.core.webui.exception.WebElementNotFoundException: Web element with id: 'Object Repository/sell/Page_Chiragh/Page_Chiragh/form_Owner Details' located by 'By.xpath: (.//*[normalize-space(text()) and normalize-space(.)='Resources'])[1]/following::form[1]' not found)
	at com.kms.katalon.core.keyword.internal.KeywordMain.stepFailed(KeywordMain.groovy:36)
	at com.kms.katalon.core.webui.keyword.internal.WebUIKeywordMain.stepFailed(WebUIKeywordMain.groovy:65)
	at com.kms.katalon.core.webui.keyword.internal.WebUIKeywordMain.runKeyword(WebUIKeywordMain.groovy:27)
	at com.kms.katalon.core.webui.keyword.builtin.VerifyElementPresentKeyword.verifyElementPresent(VerifyElementPresentKeyword.groovy:92)
	at com.kms.katalon.core.webui.keyword.builtin.VerifyElementPresentKeyword.execute(VerifyElementPresentKeyword.groovy:68)
	at com.kms.katalon.core.keyword.internal.KeywordExecutor.executeKeywordForPlatform(KeywordExecutor.groovy:53)
	at com.kms.katalon.core.webui.keyword.WebUiBuiltInKeywords.verifyElementPresent(WebUiBuiltInKeywords.groovy:1434)
	at com.kms.katalon.core.webui.keyword.WebUiBuiltInKeywords$verifyElementPresent$3.call(Unknown Source)
	at start selling now button.run(start selling now button:39)
	at com.kms.katalon.core.main.ScriptEngine.run(ScriptEngine.java:194)
	at com.kms.katalon.core.main.ScriptEngine.runScriptAsRawText(ScriptEngine.java:119)
	at com.kms.katalon.core.main.TestCaseExecutor.runScript(TestCaseExecutor.java:328)
	at com.kms.katalon.core.main.TestCaseExecutor.doExecute(TestCaseExecutor.java:319)
	at com.kms.katalon.core.main.TestCaseExecutor.processExecutionPhase(TestCaseExecutor.java:298)
	at com.kms.katalon.core.main.TestCaseExecutor.accessMainPhase(TestCaseExecutor.java:290)
	at com.kms.katalon.core.main.TestCaseExecutor.execute(TestCaseExecutor.java:224)
	at com.kms.katalon.core.main.TestSuiteExecutor.accessTestCaseMainPhase(TestSuiteExecutor.java:129)
	at com.kms.katalon.core.main.TestSuiteExecutor.accessTestSuiteMainPhase(TestSuiteExecutor.java:112)
	at com.kms.katalon.core.main.TestSuiteExecutor.execute(TestSuiteExecutor.java:81)
	at com.kms.katalon.core.main.TestCaseMain.startTestSuite(TestCaseMain.java:149)
	at com.kms.katalon.core.main.TestCaseMain$startTestSuite$0.call(Unknown Source)
	at TempTestSuite1547192098307.run(TempTestSuite1547192098307.groovy:36)


2019-01-11 12:45:40 - [MESSAGE][PASSED] - Object 'Object Repository/sell/Page_Chiragh/Page_Chiragh/form_Sign In' is present

2019-01-11 12:45:40 - [TEST_STEP][PASSED] - setText(findTestObject("sell/Page_Chiragh/input_Sign In_userName"), userName): Text 'newuser11' is set on object 'Object Repository/sell/Page_Chiragh/input_Sign In_userName'

2019-01-11 12:45:40 - [MESSAGE][PASSED] - Text 'newuser11' is set on object 'Object Repository/sell/Page_Chiragh/input_Sign In_userName'

2019-01-11 12:45:40 - [TEST_STEP][PASSED] - setText(findTestObject("sell/Page_Chiragh/input_Sign In_userPassword"), passWord): Text '12345678' is set on object 'Object Repository/sell/Page_Chiragh/input_Sign In_userPassword'

2019-01-11 12:45:40 - [MESSAGE][PASSED] - Text '12345678' is set on object 'Object Repository/sell/Page_Chiragh/input_Sign In_userPassword'

2019-01-11 12:45:40 - [TEST_STEP][PASSED] - click(findTestObject("Page_Chiragh/button_Sign In")): Object: 'Object Repository/Page_Chiragh/button_Sign In' is clicked on

2019-01-11 12:45:40 - [MESSAGE][PASSED] - Object: 'Object Repository/Page_Chiragh/button_Sign In' is clicked on

2019-01-11 12:45:40 - [TEST_STEP][PASSED] - delay(3): Delayed 3 second(s)

2019-01-11 12:45:43 - [MESSAGE][PASSED] - Delayed 3 second(s)

2019-01-11 12:45:43 - [TEST_STEP][FAILED] - verifyElementPresent(findTestObject("sell/Page_Chiragh/Page_Chiragh/form_Owner Details"), 3): if (verifyElementPresent(findTestObject("sell/Page_Chiragh/Page_Chiragh/form_Sign In"), 3) == true) FAILED.
Reason:
com.kms.katalon.core.exception.StepFailedException: Unable to verify object 'Object Repository/sell/Page_Chiragh/Page_Chiragh/form_Owner Details' is present (Root cause: com.kms.katalon.core.exception.StepFailedException: com.kms.katalon.core.webui.exception.WebElementNotFoundException: Web element with id: 'Object Repository/sell/Page_Chiragh/Page_Chiragh/form_Owner Details' located by 'By.xpath: (.//*[normalize-space(text()) and normalize-space(.)='Resources'])[1]/following::form[1]' not found)
	at com.kms.katalon.core.keyword.internal.KeywordMain.stepFailed(KeywordMain.groovy:36)
	at com.kms.katalon.core.webui.keyword.internal.WebUIKeywordMain.stepFailed(WebUIKeywordMain.groovy:65)
	at com.kms.katalon.core.webui.keyword.internal.WebUIKeywordMain.runKeyword(WebUIKeywordMain.groovy:27)
	at com.kms.katalon.core.webui.keyword.builtin.VerifyElementPresentKeyword.verifyElementPresent(VerifyElementPresentKeyword.groovy:92)
	at com.kms.katalon.core.webui.keyword.builtin.VerifyElementPresentKeyword.execute(VerifyElementPresentKeyword.groovy:68)
	at com.kms.katalon.core.keyword.internal.KeywordExecutor.executeKeywordForPlatform(KeywordExecutor.groovy:53)
	at com.kms.katalon.core.webui.keyword.WebUiBuiltInKeywords.verifyElementPresent(WebUiBuiltInKeywords.groovy:1434)
	at com.kms.katalon.core.webui.keyword.WebUiBuiltInKeywords$verifyElementPresent$3.call(Unknown Source)
	at start selling now button.run(start selling now button:39)
	at com.kms.katalon.core.main.ScriptEngine.run(ScriptEngine.java:194)
	at com.kms.katalon.core.main.ScriptEngine.runScriptAsRawText(ScriptEngine.java:119)
	at com.kms.katalon.core.main.TestCaseExecutor.runScript(TestCaseExecutor.java:328)
	at com.kms.katalon.core.main.TestCaseExecutor.doExecute(TestCaseExecutor.java:319)
	at com.kms.katalon.core.main.TestCaseExecutor.processExecutionPhase(TestCaseExecutor.java:298)
	at com.kms.katalon.core.main.TestCaseExecutor.accessMainPhase(TestCaseExecutor.java:290)
	at com.kms.katalon.core.main.TestCaseExecutor.execute(TestCaseExecutor.java:224)
	at com.kms.katalon.core.main.TestSuiteExecutor.accessTestCaseMainPhase(TestSuiteExecutor.java:129)
	at com.kms.katalon.core.main.TestSuiteExecutor.accessTestSuiteMainPhase(TestSuiteExecutor.java:112)
	at com.kms.katalon.core.main.TestSuiteExecutor.execute(TestSuiteExecutor.java:81)
	at com.kms.katalon.core.main.TestCaseMain.startTestSuite(TestCaseMain.java:149)
	at com.kms.katalon.core.main.TestCaseMain$startTestSuite$0.call(Unknown Source)
	at TempTestSuite1547192098307.run(TempTestSuite1547192098307.groovy:36)


2019-01-11 12:45:46 - [MESSAGE][INFO] - Unable to find the element located by 'By.xpath: (.//*[normalize-space(text()) and normalize-space(.)='Resources'])[1]/following::form[1]'. Please recheck the objects properties to make sure the desired element is located. 

2019-01-11 12:45:47 - [MESSAGE][FAILED] - com.kms.katalon.core.webui.exception.WebElementNotFoundException: Web element with id: 'Object Repository/sell/Page_Chiragh/Page_Chiragh/form_Owner Details' located by 'By.xpath: (.//*[normalize-space(text()) and normalize-space(.)='Resources'])[1]/following::form[1]' not found
[[ATTACHMENT|C:\\Users\\HP\\git\\ChiraghWebTests\\Reports\\Chiragh Smoke Tests\\20190111_123458\\1547192746933.png]]

2019-01-11 12:45:48 - [MESSAGE][FAILED] - Unable to verify object 'Object Repository/sell/Page_Chiragh/Page_Chiragh/form_Owner Details' is present (Root cause: com.kms.katalon.core.exception.StepFailedException: com.kms.katalon.core.webui.exception.WebElementNotFoundException: Web element with id: 'Object Repository/sell/Page_Chiragh/Page_Chiragh/form_Owner Details' located by 'By.xpath: (.//*[normalize-space(text()) and normalize-space(.)='Resources'])[1]/following::form[1]' not found)
[[ATTACHMENT|C:\\Users\\HP\\git\\ChiraghWebTests\\Reports\\Chiragh Smoke Tests\\20190111_123458\\1547192747544.png]]

2019-01-11 12:45:48 - [MESSAGE][FAILED] - if (verifyElementPresent(findTestObject("sell/Page_Chiragh/Page_Chiragh/form_Sign In"), 3) == true) FAILED.
Reason:
com.kms.katalon.core.exception.StepFailedException: Unable to verify object 'Object Repository/sell/Page_Chiragh/Page_Chiragh/form_Owner Details' is present (Root cause: com.kms.katalon.core.exception.StepFailedException: com.kms.katalon.core.webui.exception.WebElementNotFoundException: Web element with id: 'Object Repository/sell/Page_Chiragh/Page_Chiragh/form_Owner Details' located by 'By.xpath: (.//*[normalize-space(text()) and normalize-space(.)='Resources'])[1]/following::form[1]' not found)
	at com.kms.katalon.core.keyword.internal.KeywordMain.stepFailed(KeywordMain.groovy:36)
	at com.kms.katalon.core.webui.keyword.internal.WebUIKeywordMain.stepFailed(WebUIKeywordMain.groovy:65)
	at com.kms.katalon.core.webui.keyword.internal.WebUIKeywordMain.runKeyword(WebUIKeywordMain.groovy:27)
	at com.kms.katalon.core.webui.keyword.builtin.VerifyElementPresentKeyword.verifyElementPresent(VerifyElementPresentKeyword.groovy:92)
	at com.kms.katalon.core.webui.keyword.builtin.VerifyElementPresentKeyword.execute(VerifyElementPresentKeyword.groovy:68)
	at com.kms.katalon.core.keyword.internal.KeywordExecutor.executeKeywordForPlatform(KeywordExecutor.groovy:53)
	at com.kms.katalon.core.webui.keyword.WebUiBuiltInKeywords.verifyElementPresent(WebUiBuiltInKeywords.groovy:1434)
	at com.kms.katalon.core.webui.keyword.WebUiBuiltInKeywords$verifyElementPresent$3.call(Unknown Source)
	at start selling now button.run(start selling now button:39)
	at com.kms.katalon.core.main.ScriptEngine.run(ScriptEngine.java:194)
	at com.kms.katalon.core.main.ScriptEngine.runScriptAsRawText(ScriptEngine.java:119)
	at com.kms.katalon.core.main.TestCaseExecutor.runScript(TestCaseExecutor.java:328)
	at com.kms.katalon.core.main.TestCaseExecutor.doExecute(TestCaseExecutor.java:319)
	at com.kms.katalon.core.main.TestCaseExecutor.processExecutionPhase(TestCaseExecutor.java:298)
	at com.kms.katalon.core.main.TestCaseExecutor.accessMainPhase(TestCaseExecutor.java:290)
	at com.kms.katalon.core.main.TestCaseExecutor.execute(TestCaseExecutor.java:224)
	at com.kms.katalon.core.main.TestSuiteExecutor.accessTestCaseMainPhase(TestSuiteExecutor.java:129)
	at com.kms.katalon.core.main.TestSuiteExecutor.accessTestSuiteMainPhase(TestSuiteExecutor.java:112)
	at com.kms.katalon.core.main.TestSuiteExecutor.execute(TestSuiteExecutor.java:81)
	at com.kms.katalon.core.main.TestCaseMain.startTestSuite(TestCaseMain.java:149)
	at com.kms.katalon.core.main.TestCaseMain$startTestSuite$0.call(Unknown Source)
	at TempTestSuite1547192098307.run(TempTestSuite1547192098307.groovy:36)


2019-01-11 12:45:48 - [TEST_STEP][PASSED] - Start listener action : sampleAfterTestCase: null

2019-01-11 12:45:48 - [TEST_STEP][PASSED] - println(testCaseContext.getTestCaseId()): null

2019-01-11 12:45:48 - [TEST_STEP][PASSED] - println(testCaseContext.getTestCaseStatus()): null]]></system-out>
         <system-err><![CDATA[2019-01-11 12:45:18 - [TEST_CASE][FAILED] - Test Cases/about us page/start selling now button: Test Cases/about us page/start selling now button FAILED.
Reason:
com.kms.katalon.core.exception.StepFailedException: Unable to verify object 'Object Repository/sell/Page_Chiragh/Page_Chiragh/form_Owner Details' is present (Root cause: com.kms.katalon.core.exception.StepFailedException: com.kms.katalon.core.webui.exception.WebElementNotFoundException: Web element with id: 'Object Repository/sell/Page_Chiragh/Page_Chiragh/form_Owner Details' located by 'By.xpath: (.//*[normalize-space(text()) and normalize-space(.)='Resources'])[1]/following::form[1]' not found)
	at com.kms.katalon.core.keyword.internal.KeywordMain.stepFailed(KeywordMain.groovy:36)
	at com.kms.katalon.core.webui.keyword.internal.WebUIKeywordMain.stepFailed(WebUIKeywordMain.groovy:65)
	at com.kms.katalon.core.webui.keyword.internal.WebUIKeywordMain.runKeyword(WebUIKeywordMain.groovy:27)
	at com.kms.katalon.core.webui.keyword.builtin.VerifyElementPresentKeyword.verifyElementPresent(VerifyElementPresentKeyword.groovy:92)
	at com.kms.katalon.core.webui.keyword.builtin.VerifyElementPresentKeyword.execute(VerifyElementPresentKeyword.groovy:68)
	at com.kms.katalon.core.keyword.internal.KeywordExecutor.executeKeywordForPlatform(KeywordExecutor.groovy:53)
	at com.kms.katalon.core.webui.keyword.WebUiBuiltInKeywords.verifyElementPresent(WebUiBuiltInKeywords.groovy:1434)
	at com.kms.katalon.core.webui.keyword.WebUiBuiltInKeywords$verifyElementPresent$3.call(Unknown Source)
	at start selling now button.run(start selling now button:39)
	at com.kms.katalon.core.main.ScriptEngine.run(ScriptEngine.java:194)
	at com.kms.katalon.core.main.ScriptEngine.runScriptAsRawText(ScriptEngine.java:119)
	at com.kms.katalon.core.main.TestCaseExecutor.runScript(TestCaseExecutor.java:328)
	at com.kms.katalon.core.main.TestCaseExecutor.doExecute(TestCaseExecutor.java:319)
	at com.kms.katalon.core.main.TestCaseExecutor.processExecutionPhase(TestCaseExecutor.java:298)
	at com.kms.katalon.core.main.TestCaseExecutor.accessMainPhase(TestCaseExecutor.java:290)
	at com.kms.katalon.core.main.TestCaseExecutor.execute(TestCaseExecutor.java:224)
	at com.kms.katalon.core.main.TestSuiteExecutor.accessTestCaseMainPhase(TestSuiteExecutor.java:129)
	at com.kms.katalon.core.main.TestSuiteExecutor.accessTestSuiteMainPhase(TestSuiteExecutor.java:112)
	at com.kms.katalon.core.main.TestSuiteExecutor.execute(TestSuiteExecutor.java:81)
	at com.kms.katalon.core.main.TestCaseMain.startTestSuite(TestCaseMain.java:149)
	at com.kms.katalon.core.main.TestCaseMain$startTestSuite$0.call(Unknown Source)
	at TempTestSuite1547192098307.run(TempTestSuite1547192098307.groovy:36)]]></system-err>
      </testcase>
      <system-out><![CDATA[2019-01-11 12:35:01 - [TEST_SUITE][FAILED] - Chiragh Smoke Tests: Test Cases/home page/first learn more FAILED.
Reason:
com.kms.katalon.core.exception.StepFailedException: Unable to accept alert (Root cause: com.kms.katalon.core.exception.StepFailedException: No alert found)
	at com.kms.katalon.core.keyword.internal.KeywordMain.stepFailed(KeywordMain.groovy:36)
	at com.kms.katalon.core.webui.keyword.internal.WebUIKeywordMain.stepFailed(WebUIKeywordMain.groovy:65)
	at com.kms.katalon.core.webui.keyword.internal.WebUIKeywordMain.runKeyword(WebUIKeywordMain.groovy:27)
	at com.kms.katalon.core.webui.keyword.builtin.AcceptAlertKeyword.acceptAlert(AcceptAlertKeyword.groovy:71)
	at com.kms.katalon.core.webui.keyword.builtin.AcceptAlertKeyword.execute(AcceptAlertKeyword.groovy:66)
	at com.kms.katalon.core.keyword.internal.KeywordExecutor.executeKeywordForPlatform(KeywordExecutor.groovy:53)
	at com.kms.katalon.core.webui.keyword.WebUiBuiltInKeywords.acceptAlert(WebUiBuiltInKeywords.groovy:1492)
	at com.kms.katalon.core.webui.keyword.WebUiBuiltInKeywords$acceptAlert$7.call(Unknown Source)
	at first learn more.run(first learn more:22)
	at com.kms.katalon.core.main.ScriptEngine.run(ScriptEngine.java:194)
	at com.kms.katalon.core.main.ScriptEngine.runScriptAsRawText(ScriptEngine.java:119)
	at com.kms.katalon.core.main.TestCaseExecutor.runScript(TestCaseExecutor.java:328)
	at com.kms.katalon.core.main.TestCaseExecutor.doExecute(TestCaseExecutor.java:319)
	at com.kms.katalon.core.main.TestCaseExecutor.processExecutionPhase(TestCaseExecutor.java:298)
	at com.kms.katalon.core.main.TestCaseExecutor.accessMainPhase(TestCaseExecutor.java:290)
	at com.kms.katalon.core.main.TestCaseExecutor.execute(TestCaseExecutor.java:224)
	at com.kms.katalon.core.main.TestSuiteExecutor.accessTestCaseMainPhase(TestSuiteExecutor.java:129)
	at com.kms.katalon.core.main.TestSuiteExecutor.accessTestSuiteMainPhase(TestSuiteExecutor.java:112)
	at com.kms.katalon.core.main.TestSuiteExecutor.execute(TestSuiteExecutor.java:81)
	at com.kms.katalon.core.main.TestCaseMain.startTestSuite(TestCaseMain.java:149)
	at com.kms.katalon.core.main.TestCaseMain$startTestSuite$0.call(Unknown Source)
	at TempTestSuite1547192098307.run(TempTestSuite1547192098307.groovy:36)]]></system-out>
      <system-err><![CDATA[2019-01-11 12:35:01 - [TEST_SUITE][FAILED] - Chiragh Smoke Tests: Test Cases/home page/first learn more FAILED.
Reason:
com.kms.katalon.core.exception.StepFailedException: Unable to accept alert (Root cause: com.kms.katalon.core.exception.StepFailedException: No alert found)
	at com.kms.katalon.core.keyword.internal.KeywordMain.stepFailed(KeywordMain.groovy:36)
	at com.kms.katalon.core.webui.keyword.internal.WebUIKeywordMain.stepFailed(WebUIKeywordMain.groovy:65)
	at com.kms.katalon.core.webui.keyword.internal.WebUIKeywordMain.runKeyword(WebUIKeywordMain.groovy:27)
	at com.kms.katalon.core.webui.keyword.builtin.AcceptAlertKeyword.acceptAlert(AcceptAlertKeyword.groovy:71)
	at com.kms.katalon.core.webui.keyword.builtin.AcceptAlertKeyword.execute(AcceptAlertKeyword.groovy:66)
	at com.kms.katalon.core.keyword.internal.KeywordExecutor.executeKeywordForPlatform(KeywordExecutor.groovy:53)
	at com.kms.katalon.core.webui.keyword.WebUiBuiltInKeywords.acceptAlert(WebUiBuiltInKeywords.groovy:1492)
	at com.kms.katalon.core.webui.keyword.WebUiBuiltInKeywords$acceptAlert$7.call(Unknown Source)
	at first learn more.run(first learn more:22)
	at com.kms.katalon.core.main.ScriptEngine.run(ScriptEngine.java:194)
	at com.kms.katalon.core.main.ScriptEngine.runScriptAsRawText(ScriptEngine.java:119)
	at com.kms.katalon.core.main.TestCaseExecutor.runScript(TestCaseExecutor.java:328)
	at com.kms.katalon.core.main.TestCaseExecutor.doExecute(TestCaseExecutor.java:319)
	at com.kms.katalon.core.main.TestCaseExecutor.processExecutionPhase(TestCaseExecutor.java:298)
	at com.kms.katalon.core.main.TestCaseExecutor.accessMainPhase(TestCaseExecutor.java:290)
	at com.kms.katalon.core.main.TestCaseExecutor.execute(TestCaseExecutor.java:224)
	at com.kms.katalon.core.main.TestSuiteExecutor.accessTestCaseMainPhase(TestSuiteExecutor.java:129)
	at com.kms.katalon.core.main.TestSuiteExecutor.accessTestSuiteMainPhase(TestSuiteExecutor.java:112)
	at com.kms.katalon.core.main.TestSuiteExecutor.execute(TestSuiteExecutor.java:81)
	at com.kms.katalon.core.main.TestCaseMain.startTestSuite(TestCaseMain.java:149)
	at com.kms.katalon.core.main.TestCaseMain$startTestSuite$0.call(Unknown Source)
	at TempTestSuite1547192098307.run(TempTestSuite1547192098307.groovy:36)]]></system-err>
   </testsuite>
</testsuites>
