<?xml version="1.0" encoding="UTF-8"?>
<testsuites name="Chiragh links" time="743" tests="21" failures="8" errors="1">
   <testsuite name="Chiragh links" tests="21" failures="8" errors="1" time="743" timestamp="2019-01-03 12:58:00" hostname="HP - DESKTOP-2D7LI1O.mshome.net" id="Test Suites/Chiragh links">
      <properties>
         <property name="deviceName" value=""/>
         <property name="devicePlatform" value=""/>
         <property name="logFolder" value="C:\\Users\\HP\\Katalon Studio\\links\\Reports\\Chiragh links\\20190103_125757"/>
         <property name="logFiles" value="C:\\Users\\HP\\Katalon Studio\\links\\Reports\\Chiragh links\\20190103_125757\\execution0.log"/>
         <property name="attachments" value="C:\\Users\\HP\\Katalon Studio\\links\\Reports\\Chiragh links\\20190103_125757\\1546502360676.png, C:\\Users\\HP\\Katalon Studio\\links\\Reports\\Chiragh links\\20190103_125757\\1546502429959.png, C:\\Users\\HP\\Katalon Studio\\links\\Reports\\Chiragh links\\20190103_125757\\1546502430465.png, C:\\Users\\HP\\Katalon Studio\\links\\Reports\\Chiragh links\\20190103_125757\\1546502478453.png, C:\\Users\\HP\\Katalon Studio\\links\\Reports\\Chiragh links\\20190103_125757\\1546502479054.png, C:\\Users\\HP\\Katalon Studio\\links\\Reports\\Chiragh links\\20190103_125757\\1546502500433.png, C:\\Users\\HP\\Katalon Studio\\links\\Reports\\Chiragh links\\20190103_125757\\1546502500776.png, C:\\Users\\HP\\Katalon Studio\\links\\Reports\\Chiragh links\\20190103_125757\\1546502950314.png, C:\\Users\\HP\\Katalon Studio\\links\\Reports\\Chiragh links\\20190103_125757\\1546502950620.png, C:\\Users\\HP\\Katalon Studio\\links\\Reports\\Chiragh links\\20190103_125757\\1546502996641.png, C:\\Users\\HP\\Katalon Studio\\links\\Reports\\Chiragh links\\20190103_125757\\1546503022872.png, C:\\Users\\HP\\Katalon Studio\\links\\Reports\\Chiragh links\\20190103_125757\\1546503023168.png"/>
         <property name="hostName" value="HP - DESKTOP-2D7LI1O.mshome.net"/>
         <property name="os" value="Windows 10 64bit"/>
         <property name="katalonVersion" value="5.10.0.1"/>
         <property name="browser" value="Chrome 71.0.3578.98"/>
         <property name="hostAddress" value="192.168.137.1"/>
         <property name="sessionId" value="c100448b72c5138a7f6aa76d9753f94b"/>
         <property name="seleniumVersion" value="3.7.1"/>
         <property name="proxyInformation" value="ProxyInformation{proxyOption=NO_PROXY, proxyServerType=HTTP, password=, proxyServerAddress=, proxyServerPort=0}"/>
         <property name="platform" value="Windows 10"/>
      </properties>
      <testcase name="Test Cases/register/read more" classname="Test Cases/register/read more" status="PASSED">
         <system-out><![CDATA[2019-01-03 12:58:00 - [TEST_CASE][PASSED] - Test Cases/register/read more: Test Cases/register/read more

2019-01-03 12:58:01 - [TEST_STEP][PASSED] - openBrowser(""): Browser is opened with url: ''

2019-01-03 12:58:01 - [MESSAGE][INFO] - Starting 'Chrome' driver

2019-01-03 12:58:01 - [MESSAGE][INFO] - Action delay is set to 0 seconds

2019-01-03 12:58:05 - [MESSAGE][PASSED] - Browser is opened with url: ''

2019-01-03 12:58:05 - [TEST_STEP][PASSED] - navigateToUrl(Url): Navigate to 'http://dev-chiragh.surge.sh' successfully

2019-01-03 12:58:18 - [MESSAGE][PASSED] - Navigate to 'http://dev-chiragh.surge.sh' successfully

2019-01-03 12:58:18 - [TEST_STEP][PASSED] - maximizeWindow(): Current window maximized

2019-01-03 12:58:19 - [MESSAGE][PASSED] - Current window maximized

2019-01-03 12:58:19 - [TEST_STEP][PASSED] - delay(3): Delayed 3 second(s)

2019-01-03 12:58:22 - [MESSAGE][PASSED] - Delayed 3 second(s)

2019-01-03 12:58:22 - [TEST_STEP][PASSED] - click(findTestObject("sign in/Page_Chiragh/div_Login                    o")): Object: 'Object Repository/sign in/Page_Chiragh/div_Login                    o' is clicked on

2019-01-03 12:58:22 - [MESSAGE][PASSED] - Object: 'Object Repository/sign in/Page_Chiragh/div_Login                    o' is clicked on

2019-01-03 12:58:22 - [TEST_STEP][PASSED] - click(findTestObject("sign in/Page_Chiragh/a_Register")): Object: 'Object Repository/sign in/Page_Chiragh/a_Register' is clicked on

2019-01-03 12:58:22 - [MESSAGE][PASSED] - Object: 'Object Repository/sign in/Page_Chiragh/a_Register' is clicked on

2019-01-03 12:58:22 - [TEST_STEP][PASSED] - delay(3): Delayed 3 second(s)

2019-01-03 12:58:25 - [MESSAGE][PASSED] - Delayed 3 second(s)

2019-01-03 12:58:25 - [TEST_STEP][PASSED] - click(findTestObject("Object Repository/read more/Page_Chiragh/a_(Read More)")): Object: 'Object Repository/read more/Page_Chiragh/a_(Read More)' is clicked on

2019-01-03 12:58:26 - [MESSAGE][PASSED] - Object: 'Object Repository/read more/Page_Chiragh/a_(Read More)' is clicked on

2019-01-03 12:58:26 - [TEST_STEP][PASSED] - verifyElementPresent(findTestObject("Object Repository/read more/Page_Chiragh/div_Terms  Conditions"), 5): Object 'Object Repository/read more/Page_Chiragh/div_Terms  Conditions' is present

2019-01-03 12:58:26 - [MESSAGE][PASSED] - Object 'Object Repository/read more/Page_Chiragh/div_Terms  Conditions' is present

2019-01-03 12:58:26 - [TEST_STEP][PASSED] - closeBrowser(): Browser is closed

2019-01-03 12:58:27 - [MESSAGE][PASSED] - Browser is closed

2019-01-03 12:58:27 - [TEST_STEP][PASSED] - Start listener action : sampleAfterTestCase: null

2019-01-03 12:58:27 - [TEST_STEP][PASSED] - println(testCaseContext.getTestCaseId()): null

2019-01-03 12:58:27 - [TEST_STEP][PASSED] - println(testCaseContext.getTestCaseStatus()): null]]></system-out>
         <system-err><![CDATA[]]></system-err>
      </testcase>
      <testcase name="Test Cases/signin/Forgot Password" classname="Test Cases/signin/Forgot Password" status="PASSED">
         <system-out><![CDATA[2019-01-03 12:58:27 - [TEST_CASE][PASSED] - Test Cases/signin/Forgot Password: Test Cases/signin/Forgot Password

2019-01-03 12:58:27 - [TEST_STEP][PASSED] - openBrowser(""): Browser is opened with url: ''

2019-01-03 12:58:27 - [MESSAGE][INFO] - Starting 'Chrome' driver

2019-01-03 12:58:29 - [MESSAGE][PASSED] - Browser is opened with url: ''

2019-01-03 12:58:29 - [TEST_STEP][PASSED] - navigateToUrl(Url): Navigate to 'http://dev-chiragh.surge.sh' successfully

2019-01-03 12:58:45 - [MESSAGE][PASSED] - Navigate to 'http://dev-chiragh.surge.sh' successfully

2019-01-03 12:58:45 - [TEST_STEP][PASSED] - maximizeWindow(): Current window maximized

2019-01-03 12:58:46 - [MESSAGE][PASSED] - Current window maximized

2019-01-03 12:58:46 - [TEST_STEP][PASSED] - delay(3): Delayed 3 second(s)

2019-01-03 12:58:49 - [MESSAGE][PASSED] - Delayed 3 second(s)

2019-01-03 12:58:49 - [TEST_STEP][PASSED] - click(findTestObject("Object Repository/forgot password/Page_Chiragh/div_Login                    o")): Object: 'Object Repository/forgot password/Page_Chiragh/div_Login                    o' is clicked on

2019-01-03 12:58:49 - [MESSAGE][PASSED] - Object: 'Object Repository/forgot password/Page_Chiragh/div_Login                    o' is clicked on

2019-01-03 12:58:49 - [TEST_STEP][PASSED] - click(findTestObject("Object Repository/forgot password/Page_Chiragh/a_Login")): Object: 'Object Repository/forgot password/Page_Chiragh/a_Login' is clicked on

2019-01-03 12:58:49 - [MESSAGE][PASSED] - Object: 'Object Repository/forgot password/Page_Chiragh/a_Login' is clicked on

2019-01-03 12:58:49 - [TEST_STEP][PASSED] - delay(3): Delayed 3 second(s)

2019-01-03 12:58:52 - [MESSAGE][PASSED] - Delayed 3 second(s)

2019-01-03 12:58:52 - [TEST_STEP][PASSED] - click(findTestObject("Object Repository/forgot password/Page_Chiragh/a_Forgot Password")): Object: 'Object Repository/forgot password/Page_Chiragh/a_Forgot Password' is clicked on

2019-01-03 12:58:52 - [MESSAGE][PASSED] - Object: 'Object Repository/forgot password/Page_Chiragh/a_Forgot Password' is clicked on

2019-01-03 12:58:52 - [TEST_STEP][PASSED] - verifyElementPresent(findTestObject("Object Repository/forgot password/Page_Chiragh/form_Forgot Password"), 3): Object 'Object Repository/forgot password/Page_Chiragh/form_Forgot Password' is present

2019-01-03 12:58:52 - [MESSAGE][PASSED] - Object 'Object Repository/forgot password/Page_Chiragh/form_Forgot Password' is present

2019-01-03 12:58:52 - [TEST_STEP][PASSED] - verifyElementPresent(findTestObject("Object Repository/forgot password/Page_Chiragh/div_Follow these simple steps"), 3): Object 'Object Repository/forgot password/Page_Chiragh/div_Follow these simple steps' is present

2019-01-03 12:58:52 - [MESSAGE][PASSED] - Object 'Object Repository/forgot password/Page_Chiragh/div_Follow these simple steps' is present

2019-01-03 12:58:52 - [TEST_STEP][PASSED] - verifyElementPresent(findTestObject("Object Repository/forgot password/Page_Chiragh/div_Submit"), 3): Object 'Object Repository/forgot password/Page_Chiragh/div_Submit' is present

2019-01-03 12:58:53 - [MESSAGE][PASSED] - Object 'Object Repository/forgot password/Page_Chiragh/div_Submit' is present

2019-01-03 12:58:53 - [TEST_STEP][PASSED] - closeBrowser(): Browser is closed

2019-01-03 12:58:53 - [MESSAGE][PASSED] - Browser is closed

2019-01-03 12:58:53 - [TEST_STEP][PASSED] - Start listener action : sampleAfterTestCase: null

2019-01-03 12:58:53 - [TEST_STEP][PASSED] - println(testCaseContext.getTestCaseId()): null

2019-01-03 12:58:53 - [TEST_STEP][PASSED] - println(testCaseContext.getTestCaseStatus()): null]]></system-out>
         <system-err><![CDATA[]]></system-err>
      </testcase>
      <testcase name="Test Cases/signin/login" classname="Test Cases/signin/login" status="FAILED">
         <failure type="FAILED" message="Test Cases/signin/login FAILED.
Reason:
com.kms.katalon.core.exception.StepFailedException: Unable to verify text 'newuser01' is present  (Root cause: com.kms.katalon.core.exception.StepFailedException: Text 'newuser01' is not present on page )
	at com.kms.katalon.core.keyword.internal.KeywordMain.stepFailed(KeywordMain.groovy:36)
	at com.kms.katalon.core.webui.keyword.internal.WebUIKeywordMain.stepFailed(WebUIKeywordMain.groovy:65)
	at com.kms.katalon.core.webui.keyword.internal.WebUIKeywordMain.runKeyword(WebUIKeywordMain.groovy:27)
	at com.kms.katalon.core.webui.keyword.builtin.VerifyTextPresentKeyword.verifyTextPresent(VerifyTextPresentKeyword.groovy:83)
	at com.kms.katalon.core.webui.keyword.builtin.VerifyTextPresentKeyword.execute(VerifyTextPresentKeyword.groovy:68)
	at com.kms.katalon.core.keyword.internal.KeywordExecutor.executeKeywordForPlatform(KeywordExecutor.groovy:53)
	at com.kms.katalon.core.webui.keyword.WebUiBuiltInKeywords.verifyTextPresent(WebUiBuiltInKeywords.groovy:1693)
	at com.kms.katalon.core.webui.keyword.WebUiBuiltInKeywords$verifyTextPresent$6.call(Unknown Source)
	at login.run(login:36)
	at com.kms.katalon.core.main.ScriptEngine.run(ScriptEngine.java:194)
	at com.kms.katalon.core.main.ScriptEngine.runScriptAsRawText(ScriptEngine.java:119)
	at com.kms.katalon.core.main.TestCaseExecutor.runScript(TestCaseExecutor.java:328)
	at com.kms.katalon.core.main.TestCaseExecutor.doExecute(TestCaseExecutor.java:319)
	at com.kms.katalon.core.main.TestCaseExecutor.processExecutionPhase(TestCaseExecutor.java:298)
	at com.kms.katalon.core.main.TestCaseExecutor.accessMainPhase(TestCaseExecutor.java:290)
	at com.kms.katalon.core.main.TestCaseExecutor.execute(TestCaseExecutor.java:224)
	at com.kms.katalon.core.main.TestSuiteExecutor.accessTestCaseMainPhase(TestSuiteExecutor.java:129)
	at com.kms.katalon.core.main.TestSuiteExecutor.accessTestSuiteMainPhase(TestSuiteExecutor.java:112)
	at com.kms.katalon.core.main.TestSuiteExecutor.execute(TestSuiteExecutor.java:81)
	at com.kms.katalon.core.main.TestCaseMain.startTestSuite(TestCaseMain.java:149)
	at com.kms.katalon.core.main.TestCaseMain$startTestSuite$0.call(Unknown Source)
	at TempTestSuite1546502277433.run(TempTestSuite1546502277433.groovy:36)
"/>
         <system-out><![CDATA[2019-01-03 12:58:54 - [TEST_CASE][FAILED] - Test Cases/signin/login: Test Cases/signin/login FAILED.
Reason:
com.kms.katalon.core.exception.StepFailedException: Unable to verify text 'newuser01' is present  (Root cause: com.kms.katalon.core.exception.StepFailedException: Text 'newuser01' is not present on page )
	at com.kms.katalon.core.keyword.internal.KeywordMain.stepFailed(KeywordMain.groovy:36)
	at com.kms.katalon.core.webui.keyword.internal.WebUIKeywordMain.stepFailed(WebUIKeywordMain.groovy:65)
	at com.kms.katalon.core.webui.keyword.internal.WebUIKeywordMain.runKeyword(WebUIKeywordMain.groovy:27)
	at com.kms.katalon.core.webui.keyword.builtin.VerifyTextPresentKeyword.verifyTextPresent(VerifyTextPresentKeyword.groovy:83)
	at com.kms.katalon.core.webui.keyword.builtin.VerifyTextPresentKeyword.execute(VerifyTextPresentKeyword.groovy:68)
	at com.kms.katalon.core.keyword.internal.KeywordExecutor.executeKeywordForPlatform(KeywordExecutor.groovy:53)
	at com.kms.katalon.core.webui.keyword.WebUiBuiltInKeywords.verifyTextPresent(WebUiBuiltInKeywords.groovy:1693)
	at com.kms.katalon.core.webui.keyword.WebUiBuiltInKeywords$verifyTextPresent$6.call(Unknown Source)
	at login.run(login:36)
	at com.kms.katalon.core.main.ScriptEngine.run(ScriptEngine.java:194)
	at com.kms.katalon.core.main.ScriptEngine.runScriptAsRawText(ScriptEngine.java:119)
	at com.kms.katalon.core.main.TestCaseExecutor.runScript(TestCaseExecutor.java:328)
	at com.kms.katalon.core.main.TestCaseExecutor.doExecute(TestCaseExecutor.java:319)
	at com.kms.katalon.core.main.TestCaseExecutor.processExecutionPhase(TestCaseExecutor.java:298)
	at com.kms.katalon.core.main.TestCaseExecutor.accessMainPhase(TestCaseExecutor.java:290)
	at com.kms.katalon.core.main.TestCaseExecutor.execute(TestCaseExecutor.java:224)
	at com.kms.katalon.core.main.TestSuiteExecutor.accessTestCaseMainPhase(TestSuiteExecutor.java:129)
	at com.kms.katalon.core.main.TestSuiteExecutor.accessTestSuiteMainPhase(TestSuiteExecutor.java:112)
	at com.kms.katalon.core.main.TestSuiteExecutor.execute(TestSuiteExecutor.java:81)
	at com.kms.katalon.core.main.TestCaseMain.startTestSuite(TestCaseMain.java:149)
	at com.kms.katalon.core.main.TestCaseMain$startTestSuite$0.call(Unknown Source)
	at TempTestSuite1546502277433.run(TempTestSuite1546502277433.groovy:36)


2019-01-03 12:58:54 - [TEST_STEP][PASSED] - openBrowser(""): Browser is opened with url: ''

2019-01-03 12:58:54 - [MESSAGE][INFO] - Starting 'Chrome' driver

2019-01-03 12:58:56 - [MESSAGE][PASSED] - Browser is opened with url: ''

2019-01-03 12:58:56 - [TEST_STEP][PASSED] - navigateToUrl(Url): Navigate to 'http://dev-chiragh.surge.sh' successfully

2019-01-03 12:59:12 - [MESSAGE][PASSED] - Navigate to 'http://dev-chiragh.surge.sh' successfully

2019-01-03 12:59:12 - [TEST_STEP][PASSED] - maximizeWindow(): Current window maximized

2019-01-03 12:59:13 - [MESSAGE][PASSED] - Current window maximized

2019-01-03 12:59:13 - [TEST_STEP][PASSED] - click(findTestObject("sign in/Page_Chiragh/div_Login                    o")): Object: 'Object Repository/sign in/Page_Chiragh/div_Login                    o' is clicked on

2019-01-03 12:59:13 - [MESSAGE][PASSED] - Object: 'Object Repository/sign in/Page_Chiragh/div_Login                    o' is clicked on

2019-01-03 12:59:13 - [TEST_STEP][PASSED] - click(findTestObject("sign in/Page_Chiragh/a_Login")): Object: 'Object Repository/sign in/Page_Chiragh/a_Login' is clicked on

2019-01-03 12:59:13 - [MESSAGE][PASSED] - Object: 'Object Repository/sign in/Page_Chiragh/a_Login' is clicked on

2019-01-03 12:59:13 - [TEST_STEP][PASSED] - delay(3): Delayed 3 second(s)

2019-01-03 12:59:16 - [MESSAGE][PASSED] - Delayed 3 second(s)

2019-01-03 12:59:16 - [TEST_STEP][PASSED] - setText(findTestObject("Object Repository/Page_Chiragh/input_Sign In_userName (1)"), userName): Text 'newuser01' is set on object 'Object Repository/Page_Chiragh/input_Sign In_userName (1)'

2019-01-03 12:59:17 - [MESSAGE][PASSED] - Text 'newuser01' is set on object 'Object Repository/Page_Chiragh/input_Sign In_userName (1)'

2019-01-03 12:59:17 - [TEST_STEP][PASSED] - setText(findTestObject("Object Repository/Page_Chiragh/input_Sign In_userPassword (1)"), userPassword): Text '1234567890' is set on object 'Object Repository/Page_Chiragh/input_Sign In_userPassword (1)'

2019-01-03 12:59:17 - [MESSAGE][PASSED] - Text '1234567890' is set on object 'Object Repository/Page_Chiragh/input_Sign In_userPassword (1)'

2019-01-03 12:59:17 - [TEST_STEP][PASSED] - click(findTestObject("sell/Page_Chiragh/button_Sign In")): Object: 'Object Repository/sell/Page_Chiragh/button_Sign In' is clicked on

2019-01-03 12:59:17 - [MESSAGE][PASSED] - Object: 'Object Repository/sell/Page_Chiragh/button_Sign In' is clicked on

2019-01-03 12:59:17 - [TEST_STEP][PASSED] - delay(3): Delayed 3 second(s)

2019-01-03 12:59:20 - [MESSAGE][PASSED] - Delayed 3 second(s)

2019-01-03 12:59:20 - [TEST_STEP][FAILED] - verifyTextPresent(userName, false): verifyTextPresent(userName, false) FAILED.
Reason:
com.kms.katalon.core.exception.StepFailedException: Unable to verify text 'newuser01' is present  (Root cause: com.kms.katalon.core.exception.StepFailedException: Text 'newuser01' is not present on page )
	at com.kms.katalon.core.keyword.internal.KeywordMain.stepFailed(KeywordMain.groovy:36)
	at com.kms.katalon.core.webui.keyword.internal.WebUIKeywordMain.stepFailed(WebUIKeywordMain.groovy:65)
	at com.kms.katalon.core.webui.keyword.internal.WebUIKeywordMain.runKeyword(WebUIKeywordMain.groovy:27)
	at com.kms.katalon.core.webui.keyword.builtin.VerifyTextPresentKeyword.verifyTextPresent(VerifyTextPresentKeyword.groovy:83)
	at com.kms.katalon.core.webui.keyword.builtin.VerifyTextPresentKeyword.execute(VerifyTextPresentKeyword.groovy:68)
	at com.kms.katalon.core.keyword.internal.KeywordExecutor.executeKeywordForPlatform(KeywordExecutor.groovy:53)
	at com.kms.katalon.core.webui.keyword.WebUiBuiltInKeywords.verifyTextPresent(WebUiBuiltInKeywords.groovy:1693)
	at com.kms.katalon.core.webui.keyword.WebUiBuiltInKeywords$verifyTextPresent$6.call(Unknown Source)
	at login.run(login:36)
	at com.kms.katalon.core.main.ScriptEngine.run(ScriptEngine.java:194)
	at com.kms.katalon.core.main.ScriptEngine.runScriptAsRawText(ScriptEngine.java:119)
	at com.kms.katalon.core.main.TestCaseExecutor.runScript(TestCaseExecutor.java:328)
	at com.kms.katalon.core.main.TestCaseExecutor.doExecute(TestCaseExecutor.java:319)
	at com.kms.katalon.core.main.TestCaseExecutor.processExecutionPhase(TestCaseExecutor.java:298)
	at com.kms.katalon.core.main.TestCaseExecutor.accessMainPhase(TestCaseExecutor.java:290)
	at com.kms.katalon.core.main.TestCaseExecutor.execute(TestCaseExecutor.java:224)
	at com.kms.katalon.core.main.TestSuiteExecutor.accessTestCaseMainPhase(TestSuiteExecutor.java:129)
	at com.kms.katalon.core.main.TestSuiteExecutor.accessTestSuiteMainPhase(TestSuiteExecutor.java:112)
	at com.kms.katalon.core.main.TestSuiteExecutor.execute(TestSuiteExecutor.java:81)
	at com.kms.katalon.core.main.TestCaseMain.startTestSuite(TestCaseMain.java:149)
	at com.kms.katalon.core.main.TestCaseMain$startTestSuite$0.call(Unknown Source)
	at TempTestSuite1546502277433.run(TempTestSuite1546502277433.groovy:36)


2019-01-03 12:59:20 - [MESSAGE][FAILED] - Text 'newuser01' is not present on page 

2019-01-03 12:59:21 - [MESSAGE][FAILED] - Unable to verify text 'newuser01' is present  (Root cause: com.kms.katalon.core.exception.StepFailedException: Text 'newuser01' is not present on page )
[[ATTACHMENT|C:\\Users\\HP\\Katalon Studio\\links\\Reports\\Chiragh links\\20190103_125757\\1546502360676.png]]

2019-01-03 12:59:21 - [MESSAGE][FAILED] - verifyTextPresent(userName, false) FAILED.
Reason:
com.kms.katalon.core.exception.StepFailedException: Unable to verify text 'newuser01' is present  (Root cause: com.kms.katalon.core.exception.StepFailedException: Text 'newuser01' is not present on page )
	at com.kms.katalon.core.keyword.internal.KeywordMain.stepFailed(KeywordMain.groovy:36)
	at com.kms.katalon.core.webui.keyword.internal.WebUIKeywordMain.stepFailed(WebUIKeywordMain.groovy:65)
	at com.kms.katalon.core.webui.keyword.internal.WebUIKeywordMain.runKeyword(WebUIKeywordMain.groovy:27)
	at com.kms.katalon.core.webui.keyword.builtin.VerifyTextPresentKeyword.verifyTextPresent(VerifyTextPresentKeyword.groovy:83)
	at com.kms.katalon.core.webui.keyword.builtin.VerifyTextPresentKeyword.execute(VerifyTextPresentKeyword.groovy:68)
	at com.kms.katalon.core.keyword.internal.KeywordExecutor.executeKeywordForPlatform(KeywordExecutor.groovy:53)
	at com.kms.katalon.core.webui.keyword.WebUiBuiltInKeywords.verifyTextPresent(WebUiBuiltInKeywords.groovy:1693)
	at com.kms.katalon.core.webui.keyword.WebUiBuiltInKeywords$verifyTextPresent$6.call(Unknown Source)
	at login.run(login:36)
	at com.kms.katalon.core.main.ScriptEngine.run(ScriptEngine.java:194)
	at com.kms.katalon.core.main.ScriptEngine.runScriptAsRawText(ScriptEngine.java:119)
	at com.kms.katalon.core.main.TestCaseExecutor.runScript(TestCaseExecutor.java:328)
	at com.kms.katalon.core.main.TestCaseExecutor.doExecute(TestCaseExecutor.java:319)
	at com.kms.katalon.core.main.TestCaseExecutor.processExecutionPhase(TestCaseExecutor.java:298)
	at com.kms.katalon.core.main.TestCaseExecutor.accessMainPhase(TestCaseExecutor.java:290)
	at com.kms.katalon.core.main.TestCaseExecutor.execute(TestCaseExecutor.java:224)
	at com.kms.katalon.core.main.TestSuiteExecutor.accessTestCaseMainPhase(TestSuiteExecutor.java:129)
	at com.kms.katalon.core.main.TestSuiteExecutor.accessTestSuiteMainPhase(TestSuiteExecutor.java:112)
	at com.kms.katalon.core.main.TestSuiteExecutor.execute(TestSuiteExecutor.java:81)
	at com.kms.katalon.core.main.TestCaseMain.startTestSuite(TestCaseMain.java:149)
	at com.kms.katalon.core.main.TestCaseMain$startTestSuite$0.call(Unknown Source)
	at TempTestSuite1546502277433.run(TempTestSuite1546502277433.groovy:36)


2019-01-03 12:59:21 - [TEST_STEP][PASSED] - Start listener action : sampleAfterTestCase: null

2019-01-03 12:59:21 - [TEST_STEP][PASSED] - println(testCaseContext.getTestCaseId()): null

2019-01-03 12:59:21 - [TEST_STEP][PASSED] - println(testCaseContext.getTestCaseStatus()): null]]></system-out>
         <system-err><![CDATA[2019-01-03 12:58:54 - [TEST_CASE][FAILED] - Test Cases/signin/login: Test Cases/signin/login FAILED.
Reason:
com.kms.katalon.core.exception.StepFailedException: Unable to verify text 'newuser01' is present  (Root cause: com.kms.katalon.core.exception.StepFailedException: Text 'newuser01' is not present on page )
	at com.kms.katalon.core.keyword.internal.KeywordMain.stepFailed(KeywordMain.groovy:36)
	at com.kms.katalon.core.webui.keyword.internal.WebUIKeywordMain.stepFailed(WebUIKeywordMain.groovy:65)
	at com.kms.katalon.core.webui.keyword.internal.WebUIKeywordMain.runKeyword(WebUIKeywordMain.groovy:27)
	at com.kms.katalon.core.webui.keyword.builtin.VerifyTextPresentKeyword.verifyTextPresent(VerifyTextPresentKeyword.groovy:83)
	at com.kms.katalon.core.webui.keyword.builtin.VerifyTextPresentKeyword.execute(VerifyTextPresentKeyword.groovy:68)
	at com.kms.katalon.core.keyword.internal.KeywordExecutor.executeKeywordForPlatform(KeywordExecutor.groovy:53)
	at com.kms.katalon.core.webui.keyword.WebUiBuiltInKeywords.verifyTextPresent(WebUiBuiltInKeywords.groovy:1693)
	at com.kms.katalon.core.webui.keyword.WebUiBuiltInKeywords$verifyTextPresent$6.call(Unknown Source)
	at login.run(login:36)
	at com.kms.katalon.core.main.ScriptEngine.run(ScriptEngine.java:194)
	at com.kms.katalon.core.main.ScriptEngine.runScriptAsRawText(ScriptEngine.java:119)
	at com.kms.katalon.core.main.TestCaseExecutor.runScript(TestCaseExecutor.java:328)
	at com.kms.katalon.core.main.TestCaseExecutor.doExecute(TestCaseExecutor.java:319)
	at com.kms.katalon.core.main.TestCaseExecutor.processExecutionPhase(TestCaseExecutor.java:298)
	at com.kms.katalon.core.main.TestCaseExecutor.accessMainPhase(TestCaseExecutor.java:290)
	at com.kms.katalon.core.main.TestCaseExecutor.execute(TestCaseExecutor.java:224)
	at com.kms.katalon.core.main.TestSuiteExecutor.accessTestCaseMainPhase(TestSuiteExecutor.java:129)
	at com.kms.katalon.core.main.TestSuiteExecutor.accessTestSuiteMainPhase(TestSuiteExecutor.java:112)
	at com.kms.katalon.core.main.TestSuiteExecutor.execute(TestSuiteExecutor.java:81)
	at com.kms.katalon.core.main.TestCaseMain.startTestSuite(TestCaseMain.java:149)
	at com.kms.katalon.core.main.TestCaseMain$startTestSuite$0.call(Unknown Source)
	at TempTestSuite1546502277433.run(TempTestSuite1546502277433.groovy:36)]]></system-err>
      </testcase>
      <testcase name="Test Cases/home page/Contact Us" classname="Test Cases/home page/Contact Us" status="PASSED">
         <system-out><![CDATA[2019-01-03 12:59:21 - [TEST_CASE][PASSED] - Test Cases/home page/Contact Us: Test Cases/home page/Contact Us

2019-01-03 12:59:21 - [TEST_STEP][PASSED] - openBrowser(""): Browser is opened with url: ''

2019-01-03 12:59:21 - [MESSAGE][WARNING] - A browser is already opened. Closing browser and opening a new one

2019-01-03 12:59:22 - [MESSAGE][INFO] - Starting 'Chrome' driver

2019-01-03 12:59:24 - [MESSAGE][PASSED] - Browser is opened with url: ''

2019-01-03 12:59:24 - [TEST_STEP][PASSED] - navigateToUrl(Url): Navigate to 'http://dev-chiragh.surge.sh' successfully

2019-01-03 13:00:04 - [MESSAGE][PASSED] - Navigate to 'http://dev-chiragh.surge.sh' successfully

2019-01-03 13:00:04 - [TEST_STEP][PASSED] - maximizeWindow(): Current window maximized

2019-01-03 13:00:05 - [MESSAGE][PASSED] - Current window maximized

2019-01-03 13:00:05 - [TEST_STEP][PASSED] - delay(3): Delayed 3 second(s)

2019-01-03 13:00:08 - [MESSAGE][PASSED] - Delayed 3 second(s)

2019-01-03 13:00:08 - [TEST_STEP][PASSED] - click(findTestObject("Object Repository/Contact Us/Page_Chiragh/a_CONTACT US")): Object: 'Object Repository/Contact Us/Page_Chiragh/a_CONTACT US' is clicked on

2019-01-03 13:00:08 - [MESSAGE][PASSED] - Object: 'Object Repository/Contact Us/Page_Chiragh/a_CONTACT US' is clicked on

2019-01-03 13:00:08 - [TEST_STEP][PASSED] - delay(3): Delayed 3 second(s)

2019-01-03 13:00:11 - [MESSAGE][PASSED] - Delayed 3 second(s)

2019-01-03 13:00:11 - [TEST_STEP][PASSED] - verifyElementPresent(findTestObject("Object Repository/Contact Us/Page_Chiragh/div_Headquarter"), 3): Object 'Object Repository/Contact Us/Page_Chiragh/div_Headquarter' is present

2019-01-03 13:00:12 - [MESSAGE][PASSED] - Object 'Object Repository/Contact Us/Page_Chiragh/div_Headquarter' is present

2019-01-03 13:00:12 - [TEST_STEP][PASSED] - closeBrowser(): Browser is closed

2019-01-03 13:00:13 - [MESSAGE][PASSED] - Browser is closed

2019-01-03 13:00:13 - [TEST_STEP][PASSED] - Start listener action : sampleAfterTestCase: null

2019-01-03 13:00:13 - [TEST_STEP][PASSED] - println(testCaseContext.getTestCaseId()): null

2019-01-03 13:00:13 - [TEST_STEP][PASSED] - println(testCaseContext.getTestCaseStatus()): null]]></system-out>
         <system-err><![CDATA[]]></system-err>
      </testcase>
      <testcase name="Test Cases/home page/first learn more" classname="Test Cases/home page/first learn more" status="FAILED">
         <failure type="FAILED" message="Test Cases/home page/first learn more FAILED.
Reason:
com.kms.katalon.core.exception.StepFailedException: Unable to accept alert (Root cause: com.kms.katalon.core.exception.StepFailedException: No alert found)
	at com.kms.katalon.core.keyword.internal.KeywordMain.stepFailed(KeywordMain.groovy:36)
	at com.kms.katalon.core.webui.keyword.internal.WebUIKeywordMain.stepFailed(WebUIKeywordMain.groovy:65)
	at com.kms.katalon.core.webui.keyword.internal.WebUIKeywordMain.runKeyword(WebUIKeywordMain.groovy:27)
	at com.kms.katalon.core.webui.keyword.builtin.AcceptAlertKeyword.acceptAlert(AcceptAlertKeyword.groovy:71)
	at com.kms.katalon.core.webui.keyword.builtin.AcceptAlertKeyword.execute(AcceptAlertKeyword.groovy:66)
	at com.kms.katalon.core.keyword.internal.KeywordExecutor.executeKeywordForPlatform(KeywordExecutor.groovy:53)
	at com.kms.katalon.core.webui.keyword.WebUiBuiltInKeywords.acceptAlert(WebUiBuiltInKeywords.groovy:1492)
	at com.kms.katalon.core.webui.keyword.WebUiBuiltInKeywords$acceptAlert$7.call(Unknown Source)
	at first learn more.run(first learn more:22)
	at com.kms.katalon.core.main.ScriptEngine.run(ScriptEngine.java:194)
	at com.kms.katalon.core.main.ScriptEngine.runScriptAsRawText(ScriptEngine.java:119)
	at com.kms.katalon.core.main.TestCaseExecutor.runScript(TestCaseExecutor.java:328)
	at com.kms.katalon.core.main.TestCaseExecutor.doExecute(TestCaseExecutor.java:319)
	at com.kms.katalon.core.main.TestCaseExecutor.processExecutionPhase(TestCaseExecutor.java:298)
	at com.kms.katalon.core.main.TestCaseExecutor.accessMainPhase(TestCaseExecutor.java:290)
	at com.kms.katalon.core.main.TestCaseExecutor.execute(TestCaseExecutor.java:224)
	at com.kms.katalon.core.main.TestSuiteExecutor.accessTestCaseMainPhase(TestSuiteExecutor.java:129)
	at com.kms.katalon.core.main.TestSuiteExecutor.accessTestSuiteMainPhase(TestSuiteExecutor.java:112)
	at com.kms.katalon.core.main.TestSuiteExecutor.execute(TestSuiteExecutor.java:81)
	at com.kms.katalon.core.main.TestCaseMain.startTestSuite(TestCaseMain.java:149)
	at com.kms.katalon.core.main.TestCaseMain$startTestSuite$0.call(Unknown Source)
	at TempTestSuite1546502277433.run(TempTestSuite1546502277433.groovy:36)
"/>
         <system-out><![CDATA[2019-01-03 13:00:13 - [TEST_CASE][FAILED] - Test Cases/home page/first learn more: Test Cases/home page/first learn more FAILED.
Reason:
com.kms.katalon.core.exception.StepFailedException: Unable to accept alert (Root cause: com.kms.katalon.core.exception.StepFailedException: No alert found)
	at com.kms.katalon.core.keyword.internal.KeywordMain.stepFailed(KeywordMain.groovy:36)
	at com.kms.katalon.core.webui.keyword.internal.WebUIKeywordMain.stepFailed(WebUIKeywordMain.groovy:65)
	at com.kms.katalon.core.webui.keyword.internal.WebUIKeywordMain.runKeyword(WebUIKeywordMain.groovy:27)
	at com.kms.katalon.core.webui.keyword.builtin.AcceptAlertKeyword.acceptAlert(AcceptAlertKeyword.groovy:71)
	at com.kms.katalon.core.webui.keyword.builtin.AcceptAlertKeyword.execute(AcceptAlertKeyword.groovy:66)
	at com.kms.katalon.core.keyword.internal.KeywordExecutor.executeKeywordForPlatform(KeywordExecutor.groovy:53)
	at com.kms.katalon.core.webui.keyword.WebUiBuiltInKeywords.acceptAlert(WebUiBuiltInKeywords.groovy:1492)
	at com.kms.katalon.core.webui.keyword.WebUiBuiltInKeywords$acceptAlert$7.call(Unknown Source)
	at first learn more.run(first learn more:22)
	at com.kms.katalon.core.main.ScriptEngine.run(ScriptEngine.java:194)
	at com.kms.katalon.core.main.ScriptEngine.runScriptAsRawText(ScriptEngine.java:119)
	at com.kms.katalon.core.main.TestCaseExecutor.runScript(TestCaseExecutor.java:328)
	at com.kms.katalon.core.main.TestCaseExecutor.doExecute(TestCaseExecutor.java:319)
	at com.kms.katalon.core.main.TestCaseExecutor.processExecutionPhase(TestCaseExecutor.java:298)
	at com.kms.katalon.core.main.TestCaseExecutor.accessMainPhase(TestCaseExecutor.java:290)
	at com.kms.katalon.core.main.TestCaseExecutor.execute(TestCaseExecutor.java:224)
	at com.kms.katalon.core.main.TestSuiteExecutor.accessTestCaseMainPhase(TestSuiteExecutor.java:129)
	at com.kms.katalon.core.main.TestSuiteExecutor.accessTestSuiteMainPhase(TestSuiteExecutor.java:112)
	at com.kms.katalon.core.main.TestSuiteExecutor.execute(TestSuiteExecutor.java:81)
	at com.kms.katalon.core.main.TestCaseMain.startTestSuite(TestCaseMain.java:149)
	at com.kms.katalon.core.main.TestCaseMain$startTestSuite$0.call(Unknown Source)
	at TempTestSuite1546502277433.run(TempTestSuite1546502277433.groovy:36)


2019-01-03 13:00:13 - [TEST_STEP][PASSED] - openBrowser(""): Browser is opened with url: ''

2019-01-03 13:00:13 - [MESSAGE][INFO] - Starting 'Chrome' driver

2019-01-03 13:00:16 - [MESSAGE][PASSED] - Browser is opened with url: ''

2019-01-03 13:00:16 - [TEST_STEP][PASSED] - navigateToUrl(Url): Navigate to 'http://dev-chiragh.surge.sh' successfully

2019-01-03 13:00:29 - [MESSAGE][PASSED] - Navigate to 'http://dev-chiragh.surge.sh' successfully

2019-01-03 13:00:29 - [TEST_STEP][PASSED] - click(findTestObject("Object Repository/first learn more/Page_Chiragh/button_LEARN MORE")): Object: 'Object Repository/first learn more/Page_Chiragh/button_LEARN MORE' is clicked on

2019-01-03 13:00:29 - [MESSAGE][PASSED] - Object: 'Object Repository/first learn more/Page_Chiragh/button_LEARN MORE' is clicked on

2019-01-03 13:00:29 - [TEST_STEP][FAILED] - acceptAlert(): acceptAlert() FAILED.
Reason:
com.kms.katalon.core.exception.StepFailedException: Unable to accept alert (Root cause: com.kms.katalon.core.exception.StepFailedException: No alert found)
	at com.kms.katalon.core.keyword.internal.KeywordMain.stepFailed(KeywordMain.groovy:36)
	at com.kms.katalon.core.webui.keyword.internal.WebUIKeywordMain.stepFailed(WebUIKeywordMain.groovy:65)
	at com.kms.katalon.core.webui.keyword.internal.WebUIKeywordMain.runKeyword(WebUIKeywordMain.groovy:27)
	at com.kms.katalon.core.webui.keyword.builtin.AcceptAlertKeyword.acceptAlert(AcceptAlertKeyword.groovy:71)
	at com.kms.katalon.core.webui.keyword.builtin.AcceptAlertKeyword.execute(AcceptAlertKeyword.groovy:66)
	at com.kms.katalon.core.keyword.internal.KeywordExecutor.executeKeywordForPlatform(KeywordExecutor.groovy:53)
	at com.kms.katalon.core.webui.keyword.WebUiBuiltInKeywords.acceptAlert(WebUiBuiltInKeywords.groovy:1492)
	at com.kms.katalon.core.webui.keyword.WebUiBuiltInKeywords$acceptAlert$7.call(Unknown Source)
	at first learn more.run(first learn more:22)
	at com.kms.katalon.core.main.ScriptEngine.run(ScriptEngine.java:194)
	at com.kms.katalon.core.main.ScriptEngine.runScriptAsRawText(ScriptEngine.java:119)
	at com.kms.katalon.core.main.TestCaseExecutor.runScript(TestCaseExecutor.java:328)
	at com.kms.katalon.core.main.TestCaseExecutor.doExecute(TestCaseExecutor.java:319)
	at com.kms.katalon.core.main.TestCaseExecutor.processExecutionPhase(TestCaseExecutor.java:298)
	at com.kms.katalon.core.main.TestCaseExecutor.accessMainPhase(TestCaseExecutor.java:290)
	at com.kms.katalon.core.main.TestCaseExecutor.execute(TestCaseExecutor.java:224)
	at com.kms.katalon.core.main.TestSuiteExecutor.accessTestCaseMainPhase(TestSuiteExecutor.java:129)
	at com.kms.katalon.core.main.TestSuiteExecutor.accessTestSuiteMainPhase(TestSuiteExecutor.java:112)
	at com.kms.katalon.core.main.TestSuiteExecutor.execute(TestSuiteExecutor.java:81)
	at com.kms.katalon.core.main.TestCaseMain.startTestSuite(TestCaseMain.java:149)
	at com.kms.katalon.core.main.TestCaseMain$startTestSuite$0.call(Unknown Source)
	at TempTestSuite1546502277433.run(TempTestSuite1546502277433.groovy:36)


2019-01-03 13:00:30 - [MESSAGE][FAILED] - No alert found
[[ATTACHMENT|C:\\Users\\HP\\Katalon Studio\\links\\Reports\\Chiragh links\\20190103_125757\\1546502429959.png]]

2019-01-03 13:00:30 - [MESSAGE][FAILED] - Unable to accept alert (Root cause: com.kms.katalon.core.exception.StepFailedException: No alert found)
[[ATTACHMENT|C:\\Users\\HP\\Katalon Studio\\links\\Reports\\Chiragh links\\20190103_125757\\1546502430465.png]]

2019-01-03 13:00:30 - [MESSAGE][FAILED] - acceptAlert() FAILED.
Reason:
com.kms.katalon.core.exception.StepFailedException: Unable to accept alert (Root cause: com.kms.katalon.core.exception.StepFailedException: No alert found)
	at com.kms.katalon.core.keyword.internal.KeywordMain.stepFailed(KeywordMain.groovy:36)
	at com.kms.katalon.core.webui.keyword.internal.WebUIKeywordMain.stepFailed(WebUIKeywordMain.groovy:65)
	at com.kms.katalon.core.webui.keyword.internal.WebUIKeywordMain.runKeyword(WebUIKeywordMain.groovy:27)
	at com.kms.katalon.core.webui.keyword.builtin.AcceptAlertKeyword.acceptAlert(AcceptAlertKeyword.groovy:71)
	at com.kms.katalon.core.webui.keyword.builtin.AcceptAlertKeyword.execute(AcceptAlertKeyword.groovy:66)
	at com.kms.katalon.core.keyword.internal.KeywordExecutor.executeKeywordForPlatform(KeywordExecutor.groovy:53)
	at com.kms.katalon.core.webui.keyword.WebUiBuiltInKeywords.acceptAlert(WebUiBuiltInKeywords.groovy:1492)
	at com.kms.katalon.core.webui.keyword.WebUiBuiltInKeywords$acceptAlert$7.call(Unknown Source)
	at first learn more.run(first learn more:22)
	at com.kms.katalon.core.main.ScriptEngine.run(ScriptEngine.java:194)
	at com.kms.katalon.core.main.ScriptEngine.runScriptAsRawText(ScriptEngine.java:119)
	at com.kms.katalon.core.main.TestCaseExecutor.runScript(TestCaseExecutor.java:328)
	at com.kms.katalon.core.main.TestCaseExecutor.doExecute(TestCaseExecutor.java:319)
	at com.kms.katalon.core.main.TestCaseExecutor.processExecutionPhase(TestCaseExecutor.java:298)
	at com.kms.katalon.core.main.TestCaseExecutor.accessMainPhase(TestCaseExecutor.java:290)
	at com.kms.katalon.core.main.TestCaseExecutor.execute(TestCaseExecutor.java:224)
	at com.kms.katalon.core.main.TestSuiteExecutor.accessTestCaseMainPhase(TestSuiteExecutor.java:129)
	at com.kms.katalon.core.main.TestSuiteExecutor.accessTestSuiteMainPhase(TestSuiteExecutor.java:112)
	at com.kms.katalon.core.main.TestSuiteExecutor.execute(TestSuiteExecutor.java:81)
	at com.kms.katalon.core.main.TestCaseMain.startTestSuite(TestCaseMain.java:149)
	at com.kms.katalon.core.main.TestCaseMain$startTestSuite$0.call(Unknown Source)
	at TempTestSuite1546502277433.run(TempTestSuite1546502277433.groovy:36)


2019-01-03 13:00:30 - [TEST_STEP][PASSED] - Start listener action : sampleAfterTestCase: null

2019-01-03 13:00:30 - [TEST_STEP][PASSED] - println(testCaseContext.getTestCaseId()): null

2019-01-03 13:00:30 - [TEST_STEP][PASSED] - println(testCaseContext.getTestCaseStatus()): null]]></system-out>
         <system-err><![CDATA[2019-01-03 13:00:13 - [TEST_CASE][FAILED] - Test Cases/home page/first learn more: Test Cases/home page/first learn more FAILED.
Reason:
com.kms.katalon.core.exception.StepFailedException: Unable to accept alert (Root cause: com.kms.katalon.core.exception.StepFailedException: No alert found)
	at com.kms.katalon.core.keyword.internal.KeywordMain.stepFailed(KeywordMain.groovy:36)
	at com.kms.katalon.core.webui.keyword.internal.WebUIKeywordMain.stepFailed(WebUIKeywordMain.groovy:65)
	at com.kms.katalon.core.webui.keyword.internal.WebUIKeywordMain.runKeyword(WebUIKeywordMain.groovy:27)
	at com.kms.katalon.core.webui.keyword.builtin.AcceptAlertKeyword.acceptAlert(AcceptAlertKeyword.groovy:71)
	at com.kms.katalon.core.webui.keyword.builtin.AcceptAlertKeyword.execute(AcceptAlertKeyword.groovy:66)
	at com.kms.katalon.core.keyword.internal.KeywordExecutor.executeKeywordForPlatform(KeywordExecutor.groovy:53)
	at com.kms.katalon.core.webui.keyword.WebUiBuiltInKeywords.acceptAlert(WebUiBuiltInKeywords.groovy:1492)
	at com.kms.katalon.core.webui.keyword.WebUiBuiltInKeywords$acceptAlert$7.call(Unknown Source)
	at first learn more.run(first learn more:22)
	at com.kms.katalon.core.main.ScriptEngine.run(ScriptEngine.java:194)
	at com.kms.katalon.core.main.ScriptEngine.runScriptAsRawText(ScriptEngine.java:119)
	at com.kms.katalon.core.main.TestCaseExecutor.runScript(TestCaseExecutor.java:328)
	at com.kms.katalon.core.main.TestCaseExecutor.doExecute(TestCaseExecutor.java:319)
	at com.kms.katalon.core.main.TestCaseExecutor.processExecutionPhase(TestCaseExecutor.java:298)
	at com.kms.katalon.core.main.TestCaseExecutor.accessMainPhase(TestCaseExecutor.java:290)
	at com.kms.katalon.core.main.TestCaseExecutor.execute(TestCaseExecutor.java:224)
	at com.kms.katalon.core.main.TestSuiteExecutor.accessTestCaseMainPhase(TestSuiteExecutor.java:129)
	at com.kms.katalon.core.main.TestSuiteExecutor.accessTestSuiteMainPhase(TestSuiteExecutor.java:112)
	at com.kms.katalon.core.main.TestSuiteExecutor.execute(TestSuiteExecutor.java:81)
	at com.kms.katalon.core.main.TestCaseMain.startTestSuite(TestCaseMain.java:149)
	at com.kms.katalon.core.main.TestCaseMain$startTestSuite$0.call(Unknown Source)
	at TempTestSuite1546502277433.run(TempTestSuite1546502277433.groovy:36)]]></system-err>
      </testcase>
      <testcase name="Test Cases/home page/load more" classname="Test Cases/home page/load more" status="PASSED">
         <system-out><![CDATA[2019-01-03 13:00:30 - [TEST_CASE][PASSED] - Test Cases/home page/load more: Test Cases/home page/load more

2019-01-03 13:00:31 - [TEST_STEP][PASSED] - openBrowser(""): Browser is opened with url: ''

2019-01-03 13:00:31 - [MESSAGE][WARNING] - A browser is already opened. Closing browser and opening a new one

2019-01-03 13:00:32 - [MESSAGE][INFO] - Starting 'Chrome' driver

2019-01-03 13:00:34 - [MESSAGE][PASSED] - Browser is opened with url: ''

2019-01-03 13:00:34 - [TEST_STEP][PASSED] - navigateToUrl(Url): Navigate to 'http://dev-chiragh.surge.sh' successfully

2019-01-03 13:00:47 - [MESSAGE][PASSED] - Navigate to 'http://dev-chiragh.surge.sh' successfully

2019-01-03 13:00:47 - [TEST_STEP][PASSED] - maximizeWindow(): Current window maximized

2019-01-03 13:00:48 - [MESSAGE][PASSED] - Current window maximized

2019-01-03 13:00:48 - [TEST_STEP][PASSED] - delay(5): Delayed 5 second(s)

2019-01-03 13:00:53 - [MESSAGE][PASSED] - Delayed 5 second(s)

2019-01-03 13:00:53 - [TEST_STEP][PASSED] - verifyElementPresent(findTestObject("load more/Page_Chiragh/div_property id 51556"), 7): Object 'Object Repository/load more/Page_Chiragh/div_property id 51556' is present

2019-01-03 13:00:53 - [MESSAGE][PASSED] - Object 'Object Repository/load more/Page_Chiragh/div_property id 51556' is present

2019-01-03 13:00:53 - [TEST_STEP][PASSED] - attribute2 = getText(findTestObject("load more/Page_Chiragh/div_property id 51556")): Text of object 'Object Repository/load more/Page_Chiragh/div_property id 51556' is: 'PROPERTY ID: 51556
Burj Khalifa, 3214, Dubai main road
Dubai Main Road
234 sqm
4
3
Auction Ends: 24 Apr 2018
Time Remaining: 22 : 36 : 33'

2019-01-03 13:00:53 - [MESSAGE][PASSED] - Text of object 'Object Repository/load more/Page_Chiragh/div_property id 51556' is: 'PROPERTY ID: 51556
Burj Khalifa, 3214, Dubai main road
Dubai Main Road
234 sqm
4
3
Auction Ends: 24 Apr 2018
Time Remaining: 22 : 36 : 33'

2019-01-03 13:00:53 - [TEST_STEP][PASSED] - click(findTestObject("Object Repository/test/Page_Chiragh/button_LOAD MORE")): Object: 'Object Repository/test/Page_Chiragh/button_LOAD MORE' is clicked on

2019-01-03 13:00:53 - [MESSAGE][PASSED] - Object: 'Object Repository/test/Page_Chiragh/button_LOAD MORE' is clicked on

2019-01-03 13:00:53 - [TEST_STEP][PASSED] - delay(5): Delayed 5 second(s)

2019-01-03 13:00:58 - [MESSAGE][PASSED] - Delayed 5 second(s)

2019-01-03 13:00:58 - [TEST_STEP][PASSED] - verifyElementPresent(findTestObject("load more/Page_Chiragh/div_property id 51464"), 7): Object 'Object Repository/load more/Page_Chiragh/div_property id 51464' is present

2019-01-03 13:00:58 - [MESSAGE][PASSED] - Object 'Object Repository/load more/Page_Chiragh/div_property id 51464' is present

2019-01-03 13:00:58 - [TEST_STEP][PASSED] - attribute1 = getText(findTestObject("load more/Page_Chiragh/div_property id 51464")): Text of object 'Object Repository/load more/Page_Chiragh/div_property id 51464' is: 'PROPERTY ID: 51464
Project: 51464| Exclusive Penthouse|Marina Skyline View|
Dubai 51464| Emirates Crown, Dubai Marina, Dubai
7685 sqft
4
5
Auction Ends: 24 Apr 2018
Time Remaining: 22 : 36 : 33'

2019-01-03 13:00:58 - [MESSAGE][PASSED] - Text of object 'Object Repository/load more/Page_Chiragh/div_property id 51464' is: 'PROPERTY ID: 51464
Project: 51464| Exclusive Penthouse|Marina Skyline View|
Dubai 51464| Emirates Crown, Dubai Marina, Dubai
7685 sqft
4
5
Auction Ends: 24 Apr 2018
Time Remaining: 22 : 36 : 33'

2019-01-03 13:00:58 - [TEST_STEP][PASSED] - verifyNotMatch("attribute2", "attribute1", false): Actual text 'attribute2' and expected text 'attribute1' are not matched 

2019-01-03 13:00:58 - [MESSAGE][PASSED] - Actual text 'attribute2' and expected text 'attribute1' are not matched 

2019-01-03 13:00:58 - [TEST_STEP][PASSED] - closeBrowser(): Browser is closed

2019-01-03 13:00:59 - [MESSAGE][PASSED] - Browser is closed

2019-01-03 13:00:59 - [TEST_STEP][PASSED] - Start listener action : sampleAfterTestCase: null

2019-01-03 13:00:59 - [TEST_STEP][PASSED] - println(testCaseContext.getTestCaseId()): null

2019-01-03 13:00:59 - [TEST_STEP][PASSED] - println(testCaseContext.getTestCaseStatus()): null]]></system-out>
         <system-err><![CDATA[]]></system-err>
      </testcase>
      <testcase name="Test Cases/home page/second learn more" classname="Test Cases/home page/second learn more" status="FAILED">
         <failure type="FAILED" message="Test Cases/home page/second learn more FAILED.
Reason:
com.kms.katalon.core.exception.StepFailedException: Unable to accept alert (Root cause: com.kms.katalon.core.exception.StepFailedException: No alert found)
	at com.kms.katalon.core.keyword.internal.KeywordMain.stepFailed(KeywordMain.groovy:36)
	at com.kms.katalon.core.webui.keyword.internal.WebUIKeywordMain.stepFailed(WebUIKeywordMain.groovy:65)
	at com.kms.katalon.core.webui.keyword.internal.WebUIKeywordMain.runKeyword(WebUIKeywordMain.groovy:27)
	at com.kms.katalon.core.webui.keyword.builtin.AcceptAlertKeyword.acceptAlert(AcceptAlertKeyword.groovy:71)
	at com.kms.katalon.core.webui.keyword.builtin.AcceptAlertKeyword.execute(AcceptAlertKeyword.groovy:66)
	at com.kms.katalon.core.keyword.internal.KeywordExecutor.executeKeywordForPlatform(KeywordExecutor.groovy:53)
	at com.kms.katalon.core.webui.keyword.WebUiBuiltInKeywords.acceptAlert(WebUiBuiltInKeywords.groovy:1492)
	at com.kms.katalon.core.webui.keyword.WebUiBuiltInKeywords$acceptAlert$7.call(Unknown Source)
	at second learn more.run(second learn more:24)
	at com.kms.katalon.core.main.ScriptEngine.run(ScriptEngine.java:194)
	at com.kms.katalon.core.main.ScriptEngine.runScriptAsRawText(ScriptEngine.java:119)
	at com.kms.katalon.core.main.TestCaseExecutor.runScript(TestCaseExecutor.java:328)
	at com.kms.katalon.core.main.TestCaseExecutor.doExecute(TestCaseExecutor.java:319)
	at com.kms.katalon.core.main.TestCaseExecutor.processExecutionPhase(TestCaseExecutor.java:298)
	at com.kms.katalon.core.main.TestCaseExecutor.accessMainPhase(TestCaseExecutor.java:290)
	at com.kms.katalon.core.main.TestCaseExecutor.execute(TestCaseExecutor.java:224)
	at com.kms.katalon.core.main.TestSuiteExecutor.accessTestCaseMainPhase(TestSuiteExecutor.java:129)
	at com.kms.katalon.core.main.TestSuiteExecutor.accessTestSuiteMainPhase(TestSuiteExecutor.java:112)
	at com.kms.katalon.core.main.TestSuiteExecutor.execute(TestSuiteExecutor.java:81)
	at com.kms.katalon.core.main.TestCaseMain.startTestSuite(TestCaseMain.java:149)
	at com.kms.katalon.core.main.TestCaseMain$startTestSuite$0.call(Unknown Source)
	at TempTestSuite1546502277433.run(TempTestSuite1546502277433.groovy:36)
"/>
         <system-out><![CDATA[2019-01-03 13:00:59 - [TEST_CASE][FAILED] - Test Cases/home page/second learn more: Test Cases/home page/second learn more FAILED.
Reason:
com.kms.katalon.core.exception.StepFailedException: Unable to accept alert (Root cause: com.kms.katalon.core.exception.StepFailedException: No alert found)
	at com.kms.katalon.core.keyword.internal.KeywordMain.stepFailed(KeywordMain.groovy:36)
	at com.kms.katalon.core.webui.keyword.internal.WebUIKeywordMain.stepFailed(WebUIKeywordMain.groovy:65)
	at com.kms.katalon.core.webui.keyword.internal.WebUIKeywordMain.runKeyword(WebUIKeywordMain.groovy:27)
	at com.kms.katalon.core.webui.keyword.builtin.AcceptAlertKeyword.acceptAlert(AcceptAlertKeyword.groovy:71)
	at com.kms.katalon.core.webui.keyword.builtin.AcceptAlertKeyword.execute(AcceptAlertKeyword.groovy:66)
	at com.kms.katalon.core.keyword.internal.KeywordExecutor.executeKeywordForPlatform(KeywordExecutor.groovy:53)
	at com.kms.katalon.core.webui.keyword.WebUiBuiltInKeywords.acceptAlert(WebUiBuiltInKeywords.groovy:1492)
	at com.kms.katalon.core.webui.keyword.WebUiBuiltInKeywords$acceptAlert$7.call(Unknown Source)
	at second learn more.run(second learn more:24)
	at com.kms.katalon.core.main.ScriptEngine.run(ScriptEngine.java:194)
	at com.kms.katalon.core.main.ScriptEngine.runScriptAsRawText(ScriptEngine.java:119)
	at com.kms.katalon.core.main.TestCaseExecutor.runScript(TestCaseExecutor.java:328)
	at com.kms.katalon.core.main.TestCaseExecutor.doExecute(TestCaseExecutor.java:319)
	at com.kms.katalon.core.main.TestCaseExecutor.processExecutionPhase(TestCaseExecutor.java:298)
	at com.kms.katalon.core.main.TestCaseExecutor.accessMainPhase(TestCaseExecutor.java:290)
	at com.kms.katalon.core.main.TestCaseExecutor.execute(TestCaseExecutor.java:224)
	at com.kms.katalon.core.main.TestSuiteExecutor.accessTestCaseMainPhase(TestSuiteExecutor.java:129)
	at com.kms.katalon.core.main.TestSuiteExecutor.accessTestSuiteMainPhase(TestSuiteExecutor.java:112)
	at com.kms.katalon.core.main.TestSuiteExecutor.execute(TestSuiteExecutor.java:81)
	at com.kms.katalon.core.main.TestCaseMain.startTestSuite(TestCaseMain.java:149)
	at com.kms.katalon.core.main.TestCaseMain$startTestSuite$0.call(Unknown Source)
	at TempTestSuite1546502277433.run(TempTestSuite1546502277433.groovy:36)


2019-01-03 13:01:00 - [TEST_STEP][PASSED] - openBrowser(""): Browser is opened with url: ''

2019-01-03 13:01:00 - [MESSAGE][INFO] - Starting 'Chrome' driver

2019-01-03 13:01:02 - [MESSAGE][PASSED] - Browser is opened with url: ''

2019-01-03 13:01:02 - [TEST_STEP][PASSED] - navigateToUrl(Url): Navigate to 'http://dev-chiragh.surge.sh' successfully

2019-01-03 13:01:17 - [MESSAGE][PASSED] - Navigate to 'http://dev-chiragh.surge.sh' successfully

2019-01-03 13:01:17 - [TEST_STEP][PASSED] - maximizeWindow(): Current window maximized

2019-01-03 13:01:18 - [MESSAGE][PASSED] - Current window maximized

2019-01-03 13:01:18 - [TEST_STEP][PASSED] - click(findTestObject("Object Repository/second learn more/Page_Chiragh/button_LEARN MORE")): Object: 'Object Repository/second learn more/Page_Chiragh/button_LEARN MORE' is clicked on

2019-01-03 13:01:18 - [MESSAGE][PASSED] - Object: 'Object Repository/second learn more/Page_Chiragh/button_LEARN MORE' is clicked on

2019-01-03 13:01:18 - [TEST_STEP][FAILED] - acceptAlert(): acceptAlert() FAILED.
Reason:
com.kms.katalon.core.exception.StepFailedException: Unable to accept alert (Root cause: com.kms.katalon.core.exception.StepFailedException: No alert found)
	at com.kms.katalon.core.keyword.internal.KeywordMain.stepFailed(KeywordMain.groovy:36)
	at com.kms.katalon.core.webui.keyword.internal.WebUIKeywordMain.stepFailed(WebUIKeywordMain.groovy:65)
	at com.kms.katalon.core.webui.keyword.internal.WebUIKeywordMain.runKeyword(WebUIKeywordMain.groovy:27)
	at com.kms.katalon.core.webui.keyword.builtin.AcceptAlertKeyword.acceptAlert(AcceptAlertKeyword.groovy:71)
	at com.kms.katalon.core.webui.keyword.builtin.AcceptAlertKeyword.execute(AcceptAlertKeyword.groovy:66)
	at com.kms.katalon.core.keyword.internal.KeywordExecutor.executeKeywordForPlatform(KeywordExecutor.groovy:53)
	at com.kms.katalon.core.webui.keyword.WebUiBuiltInKeywords.acceptAlert(WebUiBuiltInKeywords.groovy:1492)
	at com.kms.katalon.core.webui.keyword.WebUiBuiltInKeywords$acceptAlert$7.call(Unknown Source)
	at second learn more.run(second learn more:24)
	at com.kms.katalon.core.main.ScriptEngine.run(ScriptEngine.java:194)
	at com.kms.katalon.core.main.ScriptEngine.runScriptAsRawText(ScriptEngine.java:119)
	at com.kms.katalon.core.main.TestCaseExecutor.runScript(TestCaseExecutor.java:328)
	at com.kms.katalon.core.main.TestCaseExecutor.doExecute(TestCaseExecutor.java:319)
	at com.kms.katalon.core.main.TestCaseExecutor.processExecutionPhase(TestCaseExecutor.java:298)
	at com.kms.katalon.core.main.TestCaseExecutor.accessMainPhase(TestCaseExecutor.java:290)
	at com.kms.katalon.core.main.TestCaseExecutor.execute(TestCaseExecutor.java:224)
	at com.kms.katalon.core.main.TestSuiteExecutor.accessTestCaseMainPhase(TestSuiteExecutor.java:129)
	at com.kms.katalon.core.main.TestSuiteExecutor.accessTestSuiteMainPhase(TestSuiteExecutor.java:112)
	at com.kms.katalon.core.main.TestSuiteExecutor.execute(TestSuiteExecutor.java:81)
	at com.kms.katalon.core.main.TestCaseMain.startTestSuite(TestCaseMain.java:149)
	at com.kms.katalon.core.main.TestCaseMain$startTestSuite$0.call(Unknown Source)
	at TempTestSuite1546502277433.run(TempTestSuite1546502277433.groovy:36)


2019-01-03 13:01:19 - [MESSAGE][FAILED] - No alert found
[[ATTACHMENT|C:\\Users\\HP\\Katalon Studio\\links\\Reports\\Chiragh links\\20190103_125757\\1546502478453.png]]

2019-01-03 13:01:19 - [MESSAGE][FAILED] - Unable to accept alert (Root cause: com.kms.katalon.core.exception.StepFailedException: No alert found)
[[ATTACHMENT|C:\\Users\\HP\\Katalon Studio\\links\\Reports\\Chiragh links\\20190103_125757\\1546502479054.png]]

2019-01-03 13:01:19 - [MESSAGE][FAILED] - acceptAlert() FAILED.
Reason:
com.kms.katalon.core.exception.StepFailedException: Unable to accept alert (Root cause: com.kms.katalon.core.exception.StepFailedException: No alert found)
	at com.kms.katalon.core.keyword.internal.KeywordMain.stepFailed(KeywordMain.groovy:36)
	at com.kms.katalon.core.webui.keyword.internal.WebUIKeywordMain.stepFailed(WebUIKeywordMain.groovy:65)
	at com.kms.katalon.core.webui.keyword.internal.WebUIKeywordMain.runKeyword(WebUIKeywordMain.groovy:27)
	at com.kms.katalon.core.webui.keyword.builtin.AcceptAlertKeyword.acceptAlert(AcceptAlertKeyword.groovy:71)
	at com.kms.katalon.core.webui.keyword.builtin.AcceptAlertKeyword.execute(AcceptAlertKeyword.groovy:66)
	at com.kms.katalon.core.keyword.internal.KeywordExecutor.executeKeywordForPlatform(KeywordExecutor.groovy:53)
	at com.kms.katalon.core.webui.keyword.WebUiBuiltInKeywords.acceptAlert(WebUiBuiltInKeywords.groovy:1492)
	at com.kms.katalon.core.webui.keyword.WebUiBuiltInKeywords$acceptAlert$7.call(Unknown Source)
	at second learn more.run(second learn more:24)
	at com.kms.katalon.core.main.ScriptEngine.run(ScriptEngine.java:194)
	at com.kms.katalon.core.main.ScriptEngine.runScriptAsRawText(ScriptEngine.java:119)
	at com.kms.katalon.core.main.TestCaseExecutor.runScript(TestCaseExecutor.java:328)
	at com.kms.katalon.core.main.TestCaseExecutor.doExecute(TestCaseExecutor.java:319)
	at com.kms.katalon.core.main.TestCaseExecutor.processExecutionPhase(TestCaseExecutor.java:298)
	at com.kms.katalon.core.main.TestCaseExecutor.accessMainPhase(TestCaseExecutor.java:290)
	at com.kms.katalon.core.main.TestCaseExecutor.execute(TestCaseExecutor.java:224)
	at com.kms.katalon.core.main.TestSuiteExecutor.accessTestCaseMainPhase(TestSuiteExecutor.java:129)
	at com.kms.katalon.core.main.TestSuiteExecutor.accessTestSuiteMainPhase(TestSuiteExecutor.java:112)
	at com.kms.katalon.core.main.TestSuiteExecutor.execute(TestSuiteExecutor.java:81)
	at com.kms.katalon.core.main.TestCaseMain.startTestSuite(TestCaseMain.java:149)
	at com.kms.katalon.core.main.TestCaseMain$startTestSuite$0.call(Unknown Source)
	at TempTestSuite1546502277433.run(TempTestSuite1546502277433.groovy:36)


2019-01-03 13:01:19 - [TEST_STEP][PASSED] - Start listener action : sampleAfterTestCase: null

2019-01-03 13:01:19 - [TEST_STEP][PASSED] - println(testCaseContext.getTestCaseId()): null

2019-01-03 13:01:19 - [TEST_STEP][PASSED] - println(testCaseContext.getTestCaseStatus()): null]]></system-out>
         <system-err><![CDATA[2019-01-03 13:00:59 - [TEST_CASE][FAILED] - Test Cases/home page/second learn more: Test Cases/home page/second learn more FAILED.
Reason:
com.kms.katalon.core.exception.StepFailedException: Unable to accept alert (Root cause: com.kms.katalon.core.exception.StepFailedException: No alert found)
	at com.kms.katalon.core.keyword.internal.KeywordMain.stepFailed(KeywordMain.groovy:36)
	at com.kms.katalon.core.webui.keyword.internal.WebUIKeywordMain.stepFailed(WebUIKeywordMain.groovy:65)
	at com.kms.katalon.core.webui.keyword.internal.WebUIKeywordMain.runKeyword(WebUIKeywordMain.groovy:27)
	at com.kms.katalon.core.webui.keyword.builtin.AcceptAlertKeyword.acceptAlert(AcceptAlertKeyword.groovy:71)
	at com.kms.katalon.core.webui.keyword.builtin.AcceptAlertKeyword.execute(AcceptAlertKeyword.groovy:66)
	at com.kms.katalon.core.keyword.internal.KeywordExecutor.executeKeywordForPlatform(KeywordExecutor.groovy:53)
	at com.kms.katalon.core.webui.keyword.WebUiBuiltInKeywords.acceptAlert(WebUiBuiltInKeywords.groovy:1492)
	at com.kms.katalon.core.webui.keyword.WebUiBuiltInKeywords$acceptAlert$7.call(Unknown Source)
	at second learn more.run(second learn more:24)
	at com.kms.katalon.core.main.ScriptEngine.run(ScriptEngine.java:194)
	at com.kms.katalon.core.main.ScriptEngine.runScriptAsRawText(ScriptEngine.java:119)
	at com.kms.katalon.core.main.TestCaseExecutor.runScript(TestCaseExecutor.java:328)
	at com.kms.katalon.core.main.TestCaseExecutor.doExecute(TestCaseExecutor.java:319)
	at com.kms.katalon.core.main.TestCaseExecutor.processExecutionPhase(TestCaseExecutor.java:298)
	at com.kms.katalon.core.main.TestCaseExecutor.accessMainPhase(TestCaseExecutor.java:290)
	at com.kms.katalon.core.main.TestCaseExecutor.execute(TestCaseExecutor.java:224)
	at com.kms.katalon.core.main.TestSuiteExecutor.accessTestCaseMainPhase(TestSuiteExecutor.java:129)
	at com.kms.katalon.core.main.TestSuiteExecutor.accessTestSuiteMainPhase(TestSuiteExecutor.java:112)
	at com.kms.katalon.core.main.TestSuiteExecutor.execute(TestSuiteExecutor.java:81)
	at com.kms.katalon.core.main.TestCaseMain.startTestSuite(TestCaseMain.java:149)
	at com.kms.katalon.core.main.TestCaseMain$startTestSuite$0.call(Unknown Source)
	at TempTestSuite1546502277433.run(TempTestSuite1546502277433.groovy:36)]]></system-err>
      </testcase>
      <testcase name="Test Cases/home page/start now button" classname="Test Cases/home page/start now button" status="FAILED">
         <failure type="FAILED" message="Test Cases/home page/start now button FAILED.
Reason:
com.kms.katalon.core.exception.StepFailedException: Unable to verify object 'Object Repository/sell/Page_Chiragh/Page_Chiragh/form_Sign In' is present (Root cause: com.kms.katalon.core.exception.StepFailedException: com.kms.katalon.core.webui.exception.WebElementNotFoundException: Web element with id: 'Object Repository/sell/Page_Chiragh/Page_Chiragh/form_Sign In' located by 'By.xpath: (.//*[normalize-space(text()) and normalize-space(.)='Resources'])[1]/following::form[1]' not found)
	at com.kms.katalon.core.keyword.internal.KeywordMain.stepFailed(KeywordMain.groovy:36)
	at com.kms.katalon.core.webui.keyword.internal.WebUIKeywordMain.stepFailed(WebUIKeywordMain.groovy:65)
	at com.kms.katalon.core.webui.keyword.internal.WebUIKeywordMain.runKeyword(WebUIKeywordMain.groovy:27)
	at com.kms.katalon.core.webui.keyword.builtin.VerifyElementPresentKeyword.verifyElementPresent(VerifyElementPresentKeyword.groovy:92)
	at com.kms.katalon.core.webui.keyword.builtin.VerifyElementPresentKeyword.execute(VerifyElementPresentKeyword.groovy:68)
	at com.kms.katalon.core.keyword.internal.KeywordExecutor.executeKeywordForPlatform(KeywordExecutor.groovy:53)
	at com.kms.katalon.core.webui.keyword.WebUiBuiltInKeywords.verifyElementPresent(WebUiBuiltInKeywords.groovy:1434)
	at com.kms.katalon.core.webui.keyword.WebUiBuiltInKeywords$verifyElementPresent$3.call(Unknown Source)
	at start now button.run(start now button:24)
	at com.kms.katalon.core.main.ScriptEngine.run(ScriptEngine.java:194)
	at com.kms.katalon.core.main.ScriptEngine.runScriptAsRawText(ScriptEngine.java:119)
	at com.kms.katalon.core.main.TestCaseExecutor.runScript(TestCaseExecutor.java:328)
	at com.kms.katalon.core.main.TestCaseExecutor.doExecute(TestCaseExecutor.java:319)
	at com.kms.katalon.core.main.TestCaseExecutor.processExecutionPhase(TestCaseExecutor.java:298)
	at com.kms.katalon.core.main.TestCaseExecutor.accessMainPhase(TestCaseExecutor.java:290)
	at com.kms.katalon.core.main.TestCaseExecutor.execute(TestCaseExecutor.java:224)
	at com.kms.katalon.core.main.TestSuiteExecutor.accessTestCaseMainPhase(TestSuiteExecutor.java:129)
	at com.kms.katalon.core.main.TestSuiteExecutor.accessTestSuiteMainPhase(TestSuiteExecutor.java:112)
	at com.kms.katalon.core.main.TestSuiteExecutor.execute(TestSuiteExecutor.java:81)
	at com.kms.katalon.core.main.TestCaseMain.startTestSuite(TestCaseMain.java:149)
	at com.kms.katalon.core.main.TestCaseMain$startTestSuite$0.call(Unknown Source)
	at TempTestSuite1546502277433.run(TempTestSuite1546502277433.groovy:36)
"/>
         <system-out><![CDATA[2019-01-03 13:01:19 - [TEST_CASE][FAILED] - Test Cases/home page/start now button: Test Cases/home page/start now button FAILED.
Reason:
com.kms.katalon.core.exception.StepFailedException: Unable to verify object 'Object Repository/sell/Page_Chiragh/Page_Chiragh/form_Sign In' is present (Root cause: com.kms.katalon.core.exception.StepFailedException: com.kms.katalon.core.webui.exception.WebElementNotFoundException: Web element with id: 'Object Repository/sell/Page_Chiragh/Page_Chiragh/form_Sign In' located by 'By.xpath: (.//*[normalize-space(text()) and normalize-space(.)='Resources'])[1]/following::form[1]' not found)
	at com.kms.katalon.core.keyword.internal.KeywordMain.stepFailed(KeywordMain.groovy:36)
	at com.kms.katalon.core.webui.keyword.internal.WebUIKeywordMain.stepFailed(WebUIKeywordMain.groovy:65)
	at com.kms.katalon.core.webui.keyword.internal.WebUIKeywordMain.runKeyword(WebUIKeywordMain.groovy:27)
	at com.kms.katalon.core.webui.keyword.builtin.VerifyElementPresentKeyword.verifyElementPresent(VerifyElementPresentKeyword.groovy:92)
	at com.kms.katalon.core.webui.keyword.builtin.VerifyElementPresentKeyword.execute(VerifyElementPresentKeyword.groovy:68)
	at com.kms.katalon.core.keyword.internal.KeywordExecutor.executeKeywordForPlatform(KeywordExecutor.groovy:53)
	at com.kms.katalon.core.webui.keyword.WebUiBuiltInKeywords.verifyElementPresent(WebUiBuiltInKeywords.groovy:1434)
	at com.kms.katalon.core.webui.keyword.WebUiBuiltInKeywords$verifyElementPresent$3.call(Unknown Source)
	at start now button.run(start now button:24)
	at com.kms.katalon.core.main.ScriptEngine.run(ScriptEngine.java:194)
	at com.kms.katalon.core.main.ScriptEngine.runScriptAsRawText(ScriptEngine.java:119)
	at com.kms.katalon.core.main.TestCaseExecutor.runScript(TestCaseExecutor.java:328)
	at com.kms.katalon.core.main.TestCaseExecutor.doExecute(TestCaseExecutor.java:319)
	at com.kms.katalon.core.main.TestCaseExecutor.processExecutionPhase(TestCaseExecutor.java:298)
	at com.kms.katalon.core.main.TestCaseExecutor.accessMainPhase(TestCaseExecutor.java:290)
	at com.kms.katalon.core.main.TestCaseExecutor.execute(TestCaseExecutor.java:224)
	at com.kms.katalon.core.main.TestSuiteExecutor.accessTestCaseMainPhase(TestSuiteExecutor.java:129)
	at com.kms.katalon.core.main.TestSuiteExecutor.accessTestSuiteMainPhase(TestSuiteExecutor.java:112)
	at com.kms.katalon.core.main.TestSuiteExecutor.execute(TestSuiteExecutor.java:81)
	at com.kms.katalon.core.main.TestCaseMain.startTestSuite(TestCaseMain.java:149)
	at com.kms.katalon.core.main.TestCaseMain$startTestSuite$0.call(Unknown Source)
	at TempTestSuite1546502277433.run(TempTestSuite1546502277433.groovy:36)


2019-01-03 13:01:19 - [TEST_STEP][PASSED] - openBrowser(""): Browser is opened with url: ''

2019-01-03 13:01:19 - [MESSAGE][WARNING] - A browser is already opened. Closing browser and opening a new one

2019-01-03 13:01:20 - [MESSAGE][INFO] - Starting 'Chrome' driver

2019-01-03 13:01:23 - [MESSAGE][PASSED] - Browser is opened with url: ''

2019-01-03 13:01:23 - [TEST_STEP][PASSED] - navigateToUrl(Url): Navigate to 'http://dev-chiragh.surge.sh' successfully

2019-01-03 13:01:36 - [MESSAGE][PASSED] - Navigate to 'http://dev-chiragh.surge.sh' successfully

2019-01-03 13:01:36 - [TEST_STEP][PASSED] - click(findTestObject("Object Repository/start now button/Page_Chiragh/button_START NOW")): Object: 'Object Repository/start now button/Page_Chiragh/button_START NOW' is clicked on

2019-01-03 13:01:37 - [MESSAGE][PASSED] - Object: 'Object Repository/start now button/Page_Chiragh/button_START NOW' is clicked on

2019-01-03 13:01:37 - [TEST_STEP][PASSED] - waitForPageLoad(5): Wait for page load successfully

2019-01-03 13:01:37 - [MESSAGE][PASSED] - Wait for page load successfully

2019-01-03 13:01:37 - [TEST_STEP][FAILED] - if (verifyElementPresent(findTestObject("sell/Page_Chiragh/Page_Chiragh/form_Sign In"), 3) == true): if (verifyElementPresent(findTestObject("sell/Page_Chiragh/Page_Chiragh/form_Sign In"), 3) == true) FAILED.
Reason:
com.kms.katalon.core.exception.StepFailedException: Unable to verify object 'Object Repository/sell/Page_Chiragh/Page_Chiragh/form_Sign In' is present (Root cause: com.kms.katalon.core.exception.StepFailedException: com.kms.katalon.core.webui.exception.WebElementNotFoundException: Web element with id: 'Object Repository/sell/Page_Chiragh/Page_Chiragh/form_Sign In' located by 'By.xpath: (.//*[normalize-space(text()) and normalize-space(.)='Resources'])[1]/following::form[1]' not found)
	at com.kms.katalon.core.keyword.internal.KeywordMain.stepFailed(KeywordMain.groovy:36)
	at com.kms.katalon.core.webui.keyword.internal.WebUIKeywordMain.stepFailed(WebUIKeywordMain.groovy:65)
	at com.kms.katalon.core.webui.keyword.internal.WebUIKeywordMain.runKeyword(WebUIKeywordMain.groovy:27)
	at com.kms.katalon.core.webui.keyword.builtin.VerifyElementPresentKeyword.verifyElementPresent(VerifyElementPresentKeyword.groovy:92)
	at com.kms.katalon.core.webui.keyword.builtin.VerifyElementPresentKeyword.execute(VerifyElementPresentKeyword.groovy:68)
	at com.kms.katalon.core.keyword.internal.KeywordExecutor.executeKeywordForPlatform(KeywordExecutor.groovy:53)
	at com.kms.katalon.core.webui.keyword.WebUiBuiltInKeywords.verifyElementPresent(WebUiBuiltInKeywords.groovy:1434)
	at com.kms.katalon.core.webui.keyword.WebUiBuiltInKeywords$verifyElementPresent$3.call(Unknown Source)
	at start now button.run(start now button:24)
	at com.kms.katalon.core.main.ScriptEngine.run(ScriptEngine.java:194)
	at com.kms.katalon.core.main.ScriptEngine.runScriptAsRawText(ScriptEngine.java:119)
	at com.kms.katalon.core.main.TestCaseExecutor.runScript(TestCaseExecutor.java:328)
	at com.kms.katalon.core.main.TestCaseExecutor.doExecute(TestCaseExecutor.java:319)
	at com.kms.katalon.core.main.TestCaseExecutor.processExecutionPhase(TestCaseExecutor.java:298)
	at com.kms.katalon.core.main.TestCaseExecutor.accessMainPhase(TestCaseExecutor.java:290)
	at com.kms.katalon.core.main.TestCaseExecutor.execute(TestCaseExecutor.java:224)
	at com.kms.katalon.core.main.TestSuiteExecutor.accessTestCaseMainPhase(TestSuiteExecutor.java:129)
	at com.kms.katalon.core.main.TestSuiteExecutor.accessTestSuiteMainPhase(TestSuiteExecutor.java:112)
	at com.kms.katalon.core.main.TestSuiteExecutor.execute(TestSuiteExecutor.java:81)
	at com.kms.katalon.core.main.TestCaseMain.startTestSuite(TestCaseMain.java:149)
	at com.kms.katalon.core.main.TestCaseMain$startTestSuite$0.call(Unknown Source)
	at TempTestSuite1546502277433.run(TempTestSuite1546502277433.groovy:36)


2019-01-03 13:01:40 - [MESSAGE][INFO] - Unable to find the element located by 'By.xpath: (.//*[normalize-space(text()) and normalize-space(.)='Resources'])[1]/following::form[1]'. Please recheck the objects properties to make sure the desired element is located. 

2019-01-03 13:01:40 - [MESSAGE][FAILED] - com.kms.katalon.core.webui.exception.WebElementNotFoundException: Web element with id: 'Object Repository/sell/Page_Chiragh/Page_Chiragh/form_Sign In' located by 'By.xpath: (.//*[normalize-space(text()) and normalize-space(.)='Resources'])[1]/following::form[1]' not found
[[ATTACHMENT|C:\\Users\\HP\\Katalon Studio\\links\\Reports\\Chiragh links\\20190103_125757\\1546502500433.png]]

2019-01-03 13:01:41 - [MESSAGE][FAILED] - Unable to verify object 'Object Repository/sell/Page_Chiragh/Page_Chiragh/form_Sign In' is present (Root cause: com.kms.katalon.core.exception.StepFailedException: com.kms.katalon.core.webui.exception.WebElementNotFoundException: Web element with id: 'Object Repository/sell/Page_Chiragh/Page_Chiragh/form_Sign In' located by 'By.xpath: (.//*[normalize-space(text()) and normalize-space(.)='Resources'])[1]/following::form[1]' not found)
[[ATTACHMENT|C:\\Users\\HP\\Katalon Studio\\links\\Reports\\Chiragh links\\20190103_125757\\1546502500776.png]]

2019-01-03 13:01:41 - [MESSAGE][FAILED] - if (verifyElementPresent(findTestObject("sell/Page_Chiragh/Page_Chiragh/form_Sign In"), 3) == true) FAILED.
Reason:
com.kms.katalon.core.exception.StepFailedException: Unable to verify object 'Object Repository/sell/Page_Chiragh/Page_Chiragh/form_Sign In' is present (Root cause: com.kms.katalon.core.exception.StepFailedException: com.kms.katalon.core.webui.exception.WebElementNotFoundException: Web element with id: 'Object Repository/sell/Page_Chiragh/Page_Chiragh/form_Sign In' located by 'By.xpath: (.//*[normalize-space(text()) and normalize-space(.)='Resources'])[1]/following::form[1]' not found)
	at com.kms.katalon.core.keyword.internal.KeywordMain.stepFailed(KeywordMain.groovy:36)
	at com.kms.katalon.core.webui.keyword.internal.WebUIKeywordMain.stepFailed(WebUIKeywordMain.groovy:65)
	at com.kms.katalon.core.webui.keyword.internal.WebUIKeywordMain.runKeyword(WebUIKeywordMain.groovy:27)
	at com.kms.katalon.core.webui.keyword.builtin.VerifyElementPresentKeyword.verifyElementPresent(VerifyElementPresentKeyword.groovy:92)
	at com.kms.katalon.core.webui.keyword.builtin.VerifyElementPresentKeyword.execute(VerifyElementPresentKeyword.groovy:68)
	at com.kms.katalon.core.keyword.internal.KeywordExecutor.executeKeywordForPlatform(KeywordExecutor.groovy:53)
	at com.kms.katalon.core.webui.keyword.WebUiBuiltInKeywords.verifyElementPresent(WebUiBuiltInKeywords.groovy:1434)
	at com.kms.katalon.core.webui.keyword.WebUiBuiltInKeywords$verifyElementPresent$3.call(Unknown Source)
	at start now button.run(start now button:24)
	at com.kms.katalon.core.main.ScriptEngine.run(ScriptEngine.java:194)
	at com.kms.katalon.core.main.ScriptEngine.runScriptAsRawText(ScriptEngine.java:119)
	at com.kms.katalon.core.main.TestCaseExecutor.runScript(TestCaseExecutor.java:328)
	at com.kms.katalon.core.main.TestCaseExecutor.doExecute(TestCaseExecutor.java:319)
	at com.kms.katalon.core.main.TestCaseExecutor.processExecutionPhase(TestCaseExecutor.java:298)
	at com.kms.katalon.core.main.TestCaseExecutor.accessMainPhase(TestCaseExecutor.java:290)
	at com.kms.katalon.core.main.TestCaseExecutor.execute(TestCaseExecutor.java:224)
	at com.kms.katalon.core.main.TestSuiteExecutor.accessTestCaseMainPhase(TestSuiteExecutor.java:129)
	at com.kms.katalon.core.main.TestSuiteExecutor.accessTestSuiteMainPhase(TestSuiteExecutor.java:112)
	at com.kms.katalon.core.main.TestSuiteExecutor.execute(TestSuiteExecutor.java:81)
	at com.kms.katalon.core.main.TestCaseMain.startTestSuite(TestCaseMain.java:149)
	at com.kms.katalon.core.main.TestCaseMain$startTestSuite$0.call(Unknown Source)
	at TempTestSuite1546502277433.run(TempTestSuite1546502277433.groovy:36)


2019-01-03 13:01:41 - [TEST_STEP][PASSED] - Start listener action : sampleAfterTestCase: null

2019-01-03 13:01:41 - [TEST_STEP][PASSED] - println(testCaseContext.getTestCaseId()): null

2019-01-03 13:01:41 - [TEST_STEP][PASSED] - println(testCaseContext.getTestCaseStatus()): null]]></system-out>
         <system-err><![CDATA[2019-01-03 13:01:19 - [TEST_CASE][FAILED] - Test Cases/home page/start now button: Test Cases/home page/start now button FAILED.
Reason:
com.kms.katalon.core.exception.StepFailedException: Unable to verify object 'Object Repository/sell/Page_Chiragh/Page_Chiragh/form_Sign In' is present (Root cause: com.kms.katalon.core.exception.StepFailedException: com.kms.katalon.core.webui.exception.WebElementNotFoundException: Web element with id: 'Object Repository/sell/Page_Chiragh/Page_Chiragh/form_Sign In' located by 'By.xpath: (.//*[normalize-space(text()) and normalize-space(.)='Resources'])[1]/following::form[1]' not found)
	at com.kms.katalon.core.keyword.internal.KeywordMain.stepFailed(KeywordMain.groovy:36)
	at com.kms.katalon.core.webui.keyword.internal.WebUIKeywordMain.stepFailed(WebUIKeywordMain.groovy:65)
	at com.kms.katalon.core.webui.keyword.internal.WebUIKeywordMain.runKeyword(WebUIKeywordMain.groovy:27)
	at com.kms.katalon.core.webui.keyword.builtin.VerifyElementPresentKeyword.verifyElementPresent(VerifyElementPresentKeyword.groovy:92)
	at com.kms.katalon.core.webui.keyword.builtin.VerifyElementPresentKeyword.execute(VerifyElementPresentKeyword.groovy:68)
	at com.kms.katalon.core.keyword.internal.KeywordExecutor.executeKeywordForPlatform(KeywordExecutor.groovy:53)
	at com.kms.katalon.core.webui.keyword.WebUiBuiltInKeywords.verifyElementPresent(WebUiBuiltInKeywords.groovy:1434)
	at com.kms.katalon.core.webui.keyword.WebUiBuiltInKeywords$verifyElementPresent$3.call(Unknown Source)
	at start now button.run(start now button:24)
	at com.kms.katalon.core.main.ScriptEngine.run(ScriptEngine.java:194)
	at com.kms.katalon.core.main.ScriptEngine.runScriptAsRawText(ScriptEngine.java:119)
	at com.kms.katalon.core.main.TestCaseExecutor.runScript(TestCaseExecutor.java:328)
	at com.kms.katalon.core.main.TestCaseExecutor.doExecute(TestCaseExecutor.java:319)
	at com.kms.katalon.core.main.TestCaseExecutor.processExecutionPhase(TestCaseExecutor.java:298)
	at com.kms.katalon.core.main.TestCaseExecutor.accessMainPhase(TestCaseExecutor.java:290)
	at com.kms.katalon.core.main.TestCaseExecutor.execute(TestCaseExecutor.java:224)
	at com.kms.katalon.core.main.TestSuiteExecutor.accessTestCaseMainPhase(TestSuiteExecutor.java:129)
	at com.kms.katalon.core.main.TestSuiteExecutor.accessTestSuiteMainPhase(TestSuiteExecutor.java:112)
	at com.kms.katalon.core.main.TestSuiteExecutor.execute(TestSuiteExecutor.java:81)
	at com.kms.katalon.core.main.TestCaseMain.startTestSuite(TestCaseMain.java:149)
	at com.kms.katalon.core.main.TestCaseMain$startTestSuite$0.call(Unknown Source)
	at TempTestSuite1546502277433.run(TempTestSuite1546502277433.groovy:36)]]></system-err>
      </testcase>
      <testcase name="Test Cases/home page/view property by name" classname="Test Cases/home page/view property by name" status="ERROR">
         <error type="ERROR" message="Test Cases/home page/view property by name FAILED.
Reason:
groovy.lang.MissingMethodException: No signature of method: static com.kms.katalon.core.webui.keyword.WebUiBuiltInKeywords.click() is applicable for argument types: (java.lang.String) values: [view property/Page_Chiragh/h2_Burj Khalifa 3214 Dubai mai]
Possible solutions: click(com.kms.katalon.core.testobject.TestObject), click(com.kms.katalon.core.testobject.TestObject, com.kms.katalon.core.model.FailureHandling), check(com.kms.katalon.core.testobject.TestObject), back(), back(com.kms.katalon.core.model.FailureHandling), check(com.kms.katalon.core.testobject.TestObject, com.kms.katalon.core.model.FailureHandling)
	at view property by name.run(view property by name:27)
	at com.kms.katalon.core.main.ScriptEngine.run(ScriptEngine.java:194)
	at com.kms.katalon.core.main.ScriptEngine.runScriptAsRawText(ScriptEngine.java:119)
	at com.kms.katalon.core.main.TestCaseExecutor.runScript(TestCaseExecutor.java:328)
	at com.kms.katalon.core.main.TestCaseExecutor.doExecute(TestCaseExecutor.java:319)
	at com.kms.katalon.core.main.TestCaseExecutor.processExecutionPhase(TestCaseExecutor.java:298)
	at com.kms.katalon.core.main.TestCaseExecutor.accessMainPhase(TestCaseExecutor.java:290)
	at com.kms.katalon.core.main.TestCaseExecutor.execute(TestCaseExecutor.java:224)
	at com.kms.katalon.core.main.TestSuiteExecutor.accessTestCaseMainPhase(TestSuiteExecutor.java:129)
	at com.kms.katalon.core.main.TestSuiteExecutor.accessTestSuiteMainPhase(TestSuiteExecutor.java:112)
	at com.kms.katalon.core.main.TestSuiteExecutor.execute(TestSuiteExecutor.java:81)
	at com.kms.katalon.core.main.TestCaseMain.startTestSuite(TestCaseMain.java:149)
	at com.kms.katalon.core.main.TestCaseMain$startTestSuite$0.call(Unknown Source)
	at TempTestSuite1546502277433.run(TempTestSuite1546502277433.groovy:36)
"/>
         <system-out><![CDATA[2019-01-03 13:01:41 - [TEST_CASE][ERROR] - Test Cases/home page/view property by name: Test Cases/home page/view property by name FAILED.
Reason:
groovy.lang.MissingMethodException: No signature of method: static com.kms.katalon.core.webui.keyword.WebUiBuiltInKeywords.click() is applicable for argument types: (java.lang.String) values: [view property/Page_Chiragh/h2_Burj Khalifa 3214 Dubai mai]
Possible solutions: click(com.kms.katalon.core.testobject.TestObject), click(com.kms.katalon.core.testobject.TestObject, com.kms.katalon.core.model.FailureHandling), check(com.kms.katalon.core.testobject.TestObject), back(), back(com.kms.katalon.core.model.FailureHandling), check(com.kms.katalon.core.testobject.TestObject, com.kms.katalon.core.model.FailureHandling)
	at view property by name.run(view property by name:27)
	at com.kms.katalon.core.main.ScriptEngine.run(ScriptEngine.java:194)
	at com.kms.katalon.core.main.ScriptEngine.runScriptAsRawText(ScriptEngine.java:119)
	at com.kms.katalon.core.main.TestCaseExecutor.runScript(TestCaseExecutor.java:328)
	at com.kms.katalon.core.main.TestCaseExecutor.doExecute(TestCaseExecutor.java:319)
	at com.kms.katalon.core.main.TestCaseExecutor.processExecutionPhase(TestCaseExecutor.java:298)
	at com.kms.katalon.core.main.TestCaseExecutor.accessMainPhase(TestCaseExecutor.java:290)
	at com.kms.katalon.core.main.TestCaseExecutor.execute(TestCaseExecutor.java:224)
	at com.kms.katalon.core.main.TestSuiteExecutor.accessTestCaseMainPhase(TestSuiteExecutor.java:129)
	at com.kms.katalon.core.main.TestSuiteExecutor.accessTestSuiteMainPhase(TestSuiteExecutor.java:112)
	at com.kms.katalon.core.main.TestSuiteExecutor.execute(TestSuiteExecutor.java:81)
	at com.kms.katalon.core.main.TestCaseMain.startTestSuite(TestCaseMain.java:149)
	at com.kms.katalon.core.main.TestCaseMain$startTestSuite$0.call(Unknown Source)
	at TempTestSuite1546502277433.run(TempTestSuite1546502277433.groovy:36)


2019-01-03 13:01:41 - [TEST_STEP][PASSED] - openBrowser(""): Browser is opened with url: ''

2019-01-03 13:01:41 - [MESSAGE][WARNING] - A browser is already opened. Closing browser and opening a new one

2019-01-03 13:01:42 - [MESSAGE][INFO] - Starting 'Chrome' driver

2019-01-03 13:01:44 - [MESSAGE][PASSED] - Browser is opened with url: ''

2019-01-03 13:01:44 - [TEST_STEP][PASSED] - navigateToUrl(Url): Navigate to 'http://dev-chiragh.surge.sh' successfully

2019-01-03 13:01:56 - [MESSAGE][PASSED] - Navigate to 'http://dev-chiragh.surge.sh' successfully

2019-01-03 13:01:56 - [TEST_STEP][PASSED] - maximizeWindow(): Current window maximized

2019-01-03 13:01:57 - [MESSAGE][PASSED] - Current window maximized

2019-01-03 13:01:57 - [TEST_STEP][PASSED] - delay(3): Delayed 3 second(s)

2019-01-03 13:02:00 - [MESSAGE][PASSED] - Delayed 3 second(s)

2019-01-03 13:02:00 - [TEST_STEP][ERROR] - if (getExecutionProfile() == "default"): if (getExecutionProfile() == "default") FAILED.
Reason:
groovy.lang.MissingMethodException: No signature of method: static com.kms.katalon.core.webui.keyword.WebUiBuiltInKeywords.click() is applicable for argument types: (java.lang.String) values: [view property/Page_Chiragh/h2_Burj Khalifa 3214 Dubai mai]
Possible solutions: click(com.kms.katalon.core.testobject.TestObject), click(com.kms.katalon.core.testobject.TestObject, com.kms.katalon.core.model.FailureHandling), check(com.kms.katalon.core.testobject.TestObject), back(), back(com.kms.katalon.core.model.FailureHandling), check(com.kms.katalon.core.testobject.TestObject, com.kms.katalon.core.model.FailureHandling)
	at view property by name.run(view property by name:27)
	at com.kms.katalon.core.main.ScriptEngine.run(ScriptEngine.java:194)
	at com.kms.katalon.core.main.ScriptEngine.runScriptAsRawText(ScriptEngine.java:119)
	at com.kms.katalon.core.main.TestCaseExecutor.runScript(TestCaseExecutor.java:328)
	at com.kms.katalon.core.main.TestCaseExecutor.doExecute(TestCaseExecutor.java:319)
	at com.kms.katalon.core.main.TestCaseExecutor.processExecutionPhase(TestCaseExecutor.java:298)
	at com.kms.katalon.core.main.TestCaseExecutor.accessMainPhase(TestCaseExecutor.java:290)
	at com.kms.katalon.core.main.TestCaseExecutor.execute(TestCaseExecutor.java:224)
	at com.kms.katalon.core.main.TestSuiteExecutor.accessTestCaseMainPhase(TestSuiteExecutor.java:129)
	at com.kms.katalon.core.main.TestSuiteExecutor.accessTestSuiteMainPhase(TestSuiteExecutor.java:112)
	at com.kms.katalon.core.main.TestSuiteExecutor.execute(TestSuiteExecutor.java:81)
	at com.kms.katalon.core.main.TestCaseMain.startTestSuite(TestCaseMain.java:149)
	at com.kms.katalon.core.main.TestCaseMain$startTestSuite$0.call(Unknown Source)
	at TempTestSuite1546502277433.run(TempTestSuite1546502277433.groovy:36)


2019-01-03 13:02:00 - [TEST_STEP][ERROR] - click("view property/Page_Chiragh/h2_Burj Khalifa 3214 Dubai mai"): if (getExecutionProfile() == "default") FAILED.
Reason:
groovy.lang.MissingMethodException: No signature of method: static com.kms.katalon.core.webui.keyword.WebUiBuiltInKeywords.click() is applicable for argument types: (java.lang.String) values: [view property/Page_Chiragh/h2_Burj Khalifa 3214 Dubai mai]
Possible solutions: click(com.kms.katalon.core.testobject.TestObject), click(com.kms.katalon.core.testobject.TestObject, com.kms.katalon.core.model.FailureHandling), check(com.kms.katalon.core.testobject.TestObject), back(), back(com.kms.katalon.core.model.FailureHandling), check(com.kms.katalon.core.testobject.TestObject, com.kms.katalon.core.model.FailureHandling)
	at view property by name.run(view property by name:27)
	at com.kms.katalon.core.main.ScriptEngine.run(ScriptEngine.java:194)
	at com.kms.katalon.core.main.ScriptEngine.runScriptAsRawText(ScriptEngine.java:119)
	at com.kms.katalon.core.main.TestCaseExecutor.runScript(TestCaseExecutor.java:328)
	at com.kms.katalon.core.main.TestCaseExecutor.doExecute(TestCaseExecutor.java:319)
	at com.kms.katalon.core.main.TestCaseExecutor.processExecutionPhase(TestCaseExecutor.java:298)
	at com.kms.katalon.core.main.TestCaseExecutor.accessMainPhase(TestCaseExecutor.java:290)
	at com.kms.katalon.core.main.TestCaseExecutor.execute(TestCaseExecutor.java:224)
	at com.kms.katalon.core.main.TestSuiteExecutor.accessTestCaseMainPhase(TestSuiteExecutor.java:129)
	at com.kms.katalon.core.main.TestSuiteExecutor.accessTestSuiteMainPhase(TestSuiteExecutor.java:112)
	at com.kms.katalon.core.main.TestSuiteExecutor.execute(TestSuiteExecutor.java:81)
	at com.kms.katalon.core.main.TestCaseMain.startTestSuite(TestCaseMain.java:149)
	at com.kms.katalon.core.main.TestCaseMain$startTestSuite$0.call(Unknown Source)
	at TempTestSuite1546502277433.run(TempTestSuite1546502277433.groovy:36)


2019-01-03 13:02:00 - [MESSAGE][ERROR] - if (getExecutionProfile() == "default") FAILED.
Reason:
groovy.lang.MissingMethodException: No signature of method: static com.kms.katalon.core.webui.keyword.WebUiBuiltInKeywords.click() is applicable for argument types: (java.lang.String) values: [view property/Page_Chiragh/h2_Burj Khalifa 3214 Dubai mai]
Possible solutions: click(com.kms.katalon.core.testobject.TestObject), click(com.kms.katalon.core.testobject.TestObject, com.kms.katalon.core.model.FailureHandling), check(com.kms.katalon.core.testobject.TestObject), back(), back(com.kms.katalon.core.model.FailureHandling), check(com.kms.katalon.core.testobject.TestObject, com.kms.katalon.core.model.FailureHandling)
	at view property by name.run(view property by name:27)
	at com.kms.katalon.core.main.ScriptEngine.run(ScriptEngine.java:194)
	at com.kms.katalon.core.main.ScriptEngine.runScriptAsRawText(ScriptEngine.java:119)
	at com.kms.katalon.core.main.TestCaseExecutor.runScript(TestCaseExecutor.java:328)
	at com.kms.katalon.core.main.TestCaseExecutor.doExecute(TestCaseExecutor.java:319)
	at com.kms.katalon.core.main.TestCaseExecutor.processExecutionPhase(TestCaseExecutor.java:298)
	at com.kms.katalon.core.main.TestCaseExecutor.accessMainPhase(TestCaseExecutor.java:290)
	at com.kms.katalon.core.main.TestCaseExecutor.execute(TestCaseExecutor.java:224)
	at com.kms.katalon.core.main.TestSuiteExecutor.accessTestCaseMainPhase(TestSuiteExecutor.java:129)
	at com.kms.katalon.core.main.TestSuiteExecutor.accessTestSuiteMainPhase(TestSuiteExecutor.java:112)
	at com.kms.katalon.core.main.TestSuiteExecutor.execute(TestSuiteExecutor.java:81)
	at com.kms.katalon.core.main.TestCaseMain.startTestSuite(TestCaseMain.java:149)
	at com.kms.katalon.core.main.TestCaseMain$startTestSuite$0.call(Unknown Source)
	at TempTestSuite1546502277433.run(TempTestSuite1546502277433.groovy:36)


2019-01-03 13:02:00 - [TEST_STEP][PASSED] - Start listener action : sampleAfterTestCase: null

2019-01-03 13:02:00 - [TEST_STEP][PASSED] - println(testCaseContext.getTestCaseId()): null

2019-01-03 13:02:00 - [TEST_STEP][PASSED] - println(testCaseContext.getTestCaseStatus()): null]]></system-out>
         <system-err><![CDATA[2019-01-03 13:01:41 - [TEST_CASE][ERROR] - Test Cases/home page/view property by name: Test Cases/home page/view property by name FAILED.
Reason:
groovy.lang.MissingMethodException: No signature of method: static com.kms.katalon.core.webui.keyword.WebUiBuiltInKeywords.click() is applicable for argument types: (java.lang.String) values: [view property/Page_Chiragh/h2_Burj Khalifa 3214 Dubai mai]
Possible solutions: click(com.kms.katalon.core.testobject.TestObject), click(com.kms.katalon.core.testobject.TestObject, com.kms.katalon.core.model.FailureHandling), check(com.kms.katalon.core.testobject.TestObject), back(), back(com.kms.katalon.core.model.FailureHandling), check(com.kms.katalon.core.testobject.TestObject, com.kms.katalon.core.model.FailureHandling)
	at view property by name.run(view property by name:27)
	at com.kms.katalon.core.main.ScriptEngine.run(ScriptEngine.java:194)
	at com.kms.katalon.core.main.ScriptEngine.runScriptAsRawText(ScriptEngine.java:119)
	at com.kms.katalon.core.main.TestCaseExecutor.runScript(TestCaseExecutor.java:328)
	at com.kms.katalon.core.main.TestCaseExecutor.doExecute(TestCaseExecutor.java:319)
	at com.kms.katalon.core.main.TestCaseExecutor.processExecutionPhase(TestCaseExecutor.java:298)
	at com.kms.katalon.core.main.TestCaseExecutor.accessMainPhase(TestCaseExecutor.java:290)
	at com.kms.katalon.core.main.TestCaseExecutor.execute(TestCaseExecutor.java:224)
	at com.kms.katalon.core.main.TestSuiteExecutor.accessTestCaseMainPhase(TestSuiteExecutor.java:129)
	at com.kms.katalon.core.main.TestSuiteExecutor.accessTestSuiteMainPhase(TestSuiteExecutor.java:112)
	at com.kms.katalon.core.main.TestSuiteExecutor.execute(TestSuiteExecutor.java:81)
	at com.kms.katalon.core.main.TestCaseMain.startTestSuite(TestCaseMain.java:149)
	at com.kms.katalon.core.main.TestCaseMain$startTestSuite$0.call(Unknown Source)
	at TempTestSuite1546502277433.run(TempTestSuite1546502277433.groovy:36)]]></system-err>
      </testcase>
      <testcase name="Test Cases/home page/view property" classname="Test Cases/home page/view property" status="PASSED">
         <system-out><![CDATA[2019-01-03 13:02:00 - [TEST_CASE][PASSED] - Test Cases/home page/view property: Test Cases/home page/view property

2019-01-03 13:02:00 - [TEST_STEP][PASSED] - openBrowser(""): Browser is opened with url: ''

2019-01-03 13:02:00 - [MESSAGE][WARNING] - A browser is already opened. Closing browser and opening a new one

2019-01-03 13:02:01 - [MESSAGE][INFO] - Starting 'Chrome' driver

2019-01-03 13:02:04 - [MESSAGE][PASSED] - Browser is opened with url: ''

2019-01-03 13:02:04 - [TEST_STEP][PASSED] - navigateToUrl(Url): Navigate to 'http://dev-chiragh.surge.sh' successfully

2019-01-03 13:02:15 - [MESSAGE][PASSED] - Navigate to 'http://dev-chiragh.surge.sh' successfully

2019-01-03 13:02:15 - [TEST_STEP][PASSED] - maximizeWindow(): Current window maximized

2019-01-03 13:02:16 - [MESSAGE][PASSED] - Current window maximized

2019-01-03 13:02:16 - [TEST_STEP][PASSED] - delay(3): Delayed 3 second(s)

2019-01-03 13:02:19 - [MESSAGE][PASSED] - Delayed 3 second(s)

2019-01-03 13:02:19 - [TEST_STEP][PASSED] - click(findTestObject("Object Repository/view property/Page_Chiragh/img (1)")): Object: 'Object Repository/view property/Page_Chiragh/img (1)' is clicked on

2019-01-03 13:02:20 - [MESSAGE][PASSED] - Object: 'Object Repository/view property/Page_Chiragh/img (1)' is clicked on

2019-01-03 13:02:20 - [TEST_STEP][PASSED] - delay(3): Delayed 3 second(s)

2019-01-03 13:02:23 - [MESSAGE][PASSED] - Delayed 3 second(s)

2019-01-03 13:02:23 - [TEST_STEP][PASSED] - verifyElementPresent(findTestObject("Object Repository/view property/Page_Chiragh/div_Exit VR (1)"), 3): Object 'Object Repository/view property/Page_Chiragh/div_Exit VR (1)' is present

2019-01-03 13:02:23 - [MESSAGE][PASSED] - Object 'Object Repository/view property/Page_Chiragh/div_Exit VR (1)' is present

2019-01-03 13:02:23 - [TEST_STEP][PASSED] - closeBrowser(): Browser is closed

2019-01-03 13:02:24 - [MESSAGE][PASSED] - Browser is closed

2019-01-03 13:02:24 - [TEST_STEP][PASSED] - Start listener action : sampleAfterTestCase: null

2019-01-03 13:02:24 - [TEST_STEP][PASSED] - println(testCaseContext.getTestCaseId()): null

2019-01-03 13:02:24 - [TEST_STEP][PASSED] - println(testCaseContext.getTestCaseStatus()): null]]></system-out>
         <system-err><![CDATA[]]></system-err>
      </testcase>
      <testcase name="Test Cases/header/about us" classname="Test Cases/header/about us" status="PASSED">
         <system-out><![CDATA[2019-01-03 13:02:24 - [TEST_CASE][PASSED] - Test Cases/header/about us: Test Cases/header/about us

2019-01-03 13:02:24 - [TEST_STEP][PASSED] - openBrowser(""): Browser is opened with url: ''

2019-01-03 13:02:24 - [MESSAGE][INFO] - Starting 'Chrome' driver

2019-01-03 13:02:26 - [MESSAGE][PASSED] - Browser is opened with url: ''

2019-01-03 13:02:26 - [TEST_STEP][PASSED] - navigateToUrl(Url): Navigate to 'http://dev-chiragh.surge.sh' successfully

2019-01-03 13:02:42 - [MESSAGE][PASSED] - Navigate to 'http://dev-chiragh.surge.sh' successfully

2019-01-03 13:02:42 - [TEST_STEP][PASSED] - maximizeWindow(): Current window maximized

2019-01-03 13:02:43 - [MESSAGE][PASSED] - Current window maximized

2019-01-03 13:02:43 - [TEST_STEP][PASSED] - delay(3): Delayed 3 second(s)

2019-01-03 13:02:46 - [MESSAGE][PASSED] - Delayed 3 second(s)

2019-01-03 13:02:46 - [TEST_STEP][PASSED] - click(findTestObject("Object Repository/about us/Page_Chiragh/a_About Us(current)")): Object: 'Object Repository/about us/Page_Chiragh/a_About Us(current)' is clicked on

2019-01-03 13:02:46 - [MESSAGE][PASSED] - Object: 'Object Repository/about us/Page_Chiragh/a_About Us(current)' is clicked on

2019-01-03 13:02:46 - [TEST_STEP][PASSED] - delay(3): Delayed 3 second(s)

2019-01-03 13:02:49 - [MESSAGE][PASSED] - Delayed 3 second(s)

2019-01-03 13:02:49 - [TEST_STEP][PASSED] - verifyElementPresent(findTestObject("Object Repository/about us/Page_Chiragh/div_MISSION STATEMENT"), 5): Object 'Object Repository/about us/Page_Chiragh/div_MISSION STATEMENT' is present

2019-01-03 13:02:49 - [MESSAGE][PASSED] - Object 'Object Repository/about us/Page_Chiragh/div_MISSION STATEMENT' is present

2019-01-03 13:02:49 - [TEST_STEP][PASSED] - closeBrowser(): Browser is closed

2019-01-03 13:02:50 - [MESSAGE][PASSED] - Browser is closed

2019-01-03 13:02:50 - [TEST_STEP][PASSED] - Start listener action : sampleAfterTestCase: null

2019-01-03 13:02:50 - [TEST_STEP][PASSED] - println(testCaseContext.getTestCaseId()): null

2019-01-03 13:02:50 - [TEST_STEP][PASSED] - println(testCaseContext.getTestCaseStatus()): null]]></system-out>
         <system-err><![CDATA[]]></system-err>
      </testcase>
      <testcase name="Test Cases/header/Buy" classname="Test Cases/header/Buy" status="PASSED">
         <system-out><![CDATA[2019-01-03 13:02:50 - [TEST_CASE][PASSED] - Test Cases/header/Buy: Test Cases/header/Buy

2019-01-03 13:02:50 - [TEST_STEP][PASSED] - openBrowser(""): Browser is opened with url: ''

2019-01-03 13:02:50 - [MESSAGE][INFO] - Starting 'Chrome' driver

2019-01-03 13:02:53 - [MESSAGE][PASSED] - Browser is opened with url: ''

2019-01-03 13:02:53 - [TEST_STEP][PASSED] - navigateToUrl(Url): Navigate to 'http://dev-chiragh.surge.sh' successfully

2019-01-03 13:03:07 - [MESSAGE][PASSED] - Navigate to 'http://dev-chiragh.surge.sh' successfully

2019-01-03 13:03:07 - [TEST_STEP][PASSED] - maximizeWindow(): Current window maximized

2019-01-03 13:03:08 - [MESSAGE][PASSED] - Current window maximized

2019-01-03 13:03:08 - [TEST_STEP][PASSED] - delay(3): Delayed 3 second(s)

2019-01-03 13:03:11 - [MESSAGE][PASSED] - Delayed 3 second(s)

2019-01-03 13:03:11 - [TEST_STEP][PASSED] - click(findTestObject("buy/Page_Chiragh/a_Buy")): Object: 'Object Repository/buy/Page_Chiragh/a_Buy' is clicked on

2019-01-03 13:03:12 - [MESSAGE][PASSED] - Object: 'Object Repository/buy/Page_Chiragh/a_Buy' is clicked on

2019-01-03 13:03:12 - [TEST_STEP][PASSED] - delay(3): Delayed 3 second(s)

2019-01-03 13:03:15 - [MESSAGE][PASSED] - Delayed 3 second(s)

2019-01-03 13:03:15 - [TEST_STEP][PASSED] - verifyElementPresent(findTestObject("buy/new/Page_Chiragh/div_Current Auctions        Ac"), 5): Object 'Object Repository/buy/new/Page_Chiragh/div_Current Auctions        Ac' is present

2019-01-03 13:03:15 - [MESSAGE][PASSED] - Object 'Object Repository/buy/new/Page_Chiragh/div_Current Auctions        Ac' is present

2019-01-03 13:03:15 - [TEST_STEP][PASSED] - closeBrowser(): Browser is closed

2019-01-03 13:03:15 - [MESSAGE][PASSED] - Browser is closed

2019-01-03 13:03:15 - [TEST_STEP][PASSED] - Start listener action : sampleAfterTestCase: null

2019-01-03 13:03:15 - [TEST_STEP][PASSED] - println(testCaseContext.getTestCaseId()): null

2019-01-03 13:03:15 - [TEST_STEP][PASSED] - println(testCaseContext.getTestCaseStatus()): null]]></system-out>
         <system-err><![CDATA[]]></system-err>
      </testcase>
      <testcase name="Test Cases/header/FAQS" classname="Test Cases/header/FAQS" status="PASSED">
         <system-out><![CDATA[2019-01-03 13:03:15 - [TEST_CASE][PASSED] - Test Cases/header/FAQS: Test Cases/header/FAQS

2019-01-03 13:03:16 - [TEST_STEP][PASSED] - openBrowser(""): Browser is opened with url: ''

2019-01-03 13:03:16 - [MESSAGE][INFO] - Starting 'Chrome' driver

2019-01-03 13:03:18 - [MESSAGE][PASSED] - Browser is opened with url: ''

2019-01-03 13:03:18 - [TEST_STEP][PASSED] - navigateToUrl(Url): Navigate to 'http://dev-chiragh.surge.sh' successfully

2019-01-03 13:03:30 - [MESSAGE][PASSED] - Navigate to 'http://dev-chiragh.surge.sh' successfully

2019-01-03 13:03:30 - [TEST_STEP][PASSED] - maximizeWindow(): Current window maximized

2019-01-03 13:03:32 - [MESSAGE][PASSED] - Current window maximized

2019-01-03 13:03:32 - [TEST_STEP][PASSED] - delay(3): Delayed 3 second(s)

2019-01-03 13:03:35 - [MESSAGE][PASSED] - Delayed 3 second(s)

2019-01-03 13:03:35 - [TEST_STEP][PASSED] - click(findTestObject("Object Repository/FAQS/Page_Chiragh/a_FAQs")): Object: 'Object Repository/FAQS/Page_Chiragh/a_FAQs' is clicked on

2019-01-03 13:03:35 - [MESSAGE][PASSED] - Object: 'Object Repository/FAQS/Page_Chiragh/a_FAQs' is clicked on

2019-01-03 13:03:35 - [TEST_STEP][PASSED] - delay(3): Delayed 3 second(s)

2019-01-03 13:03:38 - [MESSAGE][PASSED] - Delayed 3 second(s)

2019-01-03 13:03:38 - [TEST_STEP][PASSED] - verifyElementPresent(findTestObject("Object Repository/FAQS/Page_Chiragh/div_Frequently Asked Questions"), 3): Object 'Object Repository/FAQS/Page_Chiragh/div_Frequently Asked Questions' is present

2019-01-03 13:03:38 - [MESSAGE][PASSED] - Object 'Object Repository/FAQS/Page_Chiragh/div_Frequently Asked Questions' is present

2019-01-03 13:03:38 - [TEST_STEP][PASSED] - closeBrowser(): Browser is closed

2019-01-03 13:03:39 - [MESSAGE][PASSED] - Browser is closed

2019-01-03 13:03:39 - [TEST_STEP][PASSED] - Start listener action : sampleAfterTestCase: null

2019-01-03 13:03:39 - [TEST_STEP][PASSED] - println(testCaseContext.getTestCaseId()): null

2019-01-03 13:03:39 - [TEST_STEP][PASSED] - println(testCaseContext.getTestCaseStatus()): null]]></system-out>
         <system-err><![CDATA[]]></system-err>
      </testcase>
      <testcase name="Test Cases/header/How it Works" classname="Test Cases/header/How it Works" status="PASSED">
         <system-out><![CDATA[2019-01-03 13:03:39 - [TEST_CASE][PASSED] - Test Cases/header/How it Works: Test Cases/header/How it Works

2019-01-03 13:03:39 - [TEST_STEP][PASSED] - openBrowser(""): Browser is opened with url: ''

2019-01-03 13:03:39 - [MESSAGE][INFO] - Starting 'Chrome' driver

2019-01-03 13:03:41 - [MESSAGE][PASSED] - Browser is opened with url: ''

2019-01-03 13:03:41 - [TEST_STEP][PASSED] - navigateToUrl(Url): Navigate to 'http://dev-chiragh.surge.sh' successfully

2019-01-03 13:03:54 - [MESSAGE][PASSED] - Navigate to 'http://dev-chiragh.surge.sh' successfully

2019-01-03 13:03:54 - [TEST_STEP][PASSED] - maximizeWindow(): Current window maximized

2019-01-03 13:03:55 - [MESSAGE][PASSED] - Current window maximized

2019-01-03 13:03:55 - [TEST_STEP][PASSED] - delay(3): Delayed 3 second(s)

2019-01-03 13:03:58 - [MESSAGE][PASSED] - Delayed 3 second(s)

2019-01-03 13:03:58 - [TEST_STEP][PASSED] - click(findTestObject("Object Repository/How it Works/Page_Chiragh/a_How it Works")): Object: 'Object Repository/How it Works/Page_Chiragh/a_How it Works' is clicked on

2019-01-03 13:03:58 - [MESSAGE][PASSED] - Object: 'Object Repository/How it Works/Page_Chiragh/a_How it Works' is clicked on

2019-01-03 13:03:58 - [TEST_STEP][PASSED] - delay(3): Delayed 3 second(s)

2019-01-03 13:04:01 - [MESSAGE][PASSED] - Delayed 3 second(s)

2019-01-03 13:04:01 - [TEST_STEP][PASSED] - verifyElementPresent(findTestObject("Object Repository/How it Works/Page_Chiragh/div_Seller  Buyer Process"), 5): Object 'Object Repository/How it Works/Page_Chiragh/div_Seller  Buyer Process' is present

2019-01-03 13:04:01 - [MESSAGE][PASSED] - Object 'Object Repository/How it Works/Page_Chiragh/div_Seller  Buyer Process' is present

2019-01-03 13:04:01 - [TEST_STEP][PASSED] - closeBrowser(): Browser is closed

2019-01-03 13:04:02 - [MESSAGE][PASSED] - Browser is closed

2019-01-03 13:04:02 - [TEST_STEP][PASSED] - Start listener action : sampleAfterTestCase: null

2019-01-03 13:04:02 - [TEST_STEP][PASSED] - println(testCaseContext.getTestCaseId()): null

2019-01-03 13:04:02 - [TEST_STEP][PASSED] - println(testCaseContext.getTestCaseStatus()): null]]></system-out>
         <system-err><![CDATA[]]></system-err>
      </testcase>
      <testcase name="Test Cases/header/repurchase" classname="Test Cases/header/repurchase" status="PASSED">
         <system-out><![CDATA[2019-01-03 13:04:02 - [TEST_CASE][PASSED] - Test Cases/header/repurchase: Test Cases/header/repurchase

2019-01-03 13:04:02 - [TEST_STEP][PASSED] - openBrowser(""): Browser is opened with url: ''

2019-01-03 13:04:02 - [MESSAGE][INFO] - Starting 'Chrome' driver

2019-01-03 13:04:05 - [MESSAGE][PASSED] - Browser is opened with url: ''

2019-01-03 13:04:05 - [TEST_STEP][PASSED] - navigateToUrl(Url): Navigate to 'http://dev-chiragh.surge.sh' successfully

2019-01-03 13:04:16 - [MESSAGE][PASSED] - Navigate to 'http://dev-chiragh.surge.sh' successfully

2019-01-03 13:04:16 - [TEST_STEP][PASSED] - maximizeWindow(): Current window maximized

2019-01-03 13:04:18 - [MESSAGE][PASSED] - Current window maximized

2019-01-03 13:04:18 - [TEST_STEP][PASSED] - delay(3): Delayed 3 second(s)

2019-01-03 13:04:21 - [MESSAGE][PASSED] - Delayed 3 second(s)

2019-01-03 13:04:21 - [TEST_STEP][PASSED] - click(findTestObject("Object Repository/repurchase/Page_Chiragh/a_Repurchase")): Object: 'Object Repository/repurchase/Page_Chiragh/a_Repurchase' is clicked on

2019-01-03 13:04:21 - [MESSAGE][PASSED] - Object: 'Object Repository/repurchase/Page_Chiragh/a_Repurchase' is clicked on

2019-01-03 13:04:21 - [TEST_STEP][PASSED] - delay(3): Delayed 3 second(s)

2019-01-03 13:04:24 - [MESSAGE][PASSED] - Delayed 3 second(s)

2019-01-03 13:04:24 - [TEST_STEP][PASSED] - verifyElementPresent(findTestObject("Object Repository/repurchase/Page_Chiragh/div_BUY BACK OR REPURCHASE AGR"), 5): Object 'Object Repository/repurchase/Page_Chiragh/div_BUY BACK OR REPURCHASE AGR' is present

2019-01-03 13:04:24 - [MESSAGE][PASSED] - Object 'Object Repository/repurchase/Page_Chiragh/div_BUY BACK OR REPURCHASE AGR' is present

2019-01-03 13:04:24 - [TEST_STEP][PASSED] - closeBrowser(): Browser is closed

2019-01-03 13:04:25 - [MESSAGE][PASSED] - Browser is closed

2019-01-03 13:04:25 - [TEST_STEP][PASSED] - Start listener action : sampleAfterTestCase: null

2019-01-03 13:04:25 - [TEST_STEP][PASSED] - println(testCaseContext.getTestCaseId()): null

2019-01-03 13:04:25 - [TEST_STEP][PASSED] - println(testCaseContext.getTestCaseStatus()): null]]></system-out>
         <system-err><![CDATA[]]></system-err>
      </testcase>
      <testcase name="Test Cases/header/resources" classname="Test Cases/header/resources" status="PASSED">
         <system-out><![CDATA[2019-01-03 13:04:25 - [TEST_CASE][PASSED] - Test Cases/header/resources: Test Cases/header/resources

2019-01-03 13:04:25 - [TEST_STEP][PASSED] - openBrowser(""): Browser is opened with url: ''

2019-01-03 13:04:25 - [MESSAGE][INFO] - Starting 'Chrome' driver

2019-01-03 13:04:27 - [MESSAGE][PASSED] - Browser is opened with url: ''

2019-01-03 13:04:27 - [TEST_STEP][PASSED] - navigateToUrl(Url): Navigate to 'http://dev-chiragh.surge.sh' successfully

2019-01-03 13:04:42 - [MESSAGE][PASSED] - Navigate to 'http://dev-chiragh.surge.sh' successfully

2019-01-03 13:04:42 - [TEST_STEP][PASSED] - maximizeWindow(): Current window maximized

2019-01-03 13:04:44 - [MESSAGE][PASSED] - Current window maximized

2019-01-03 13:04:44 - [TEST_STEP][PASSED] - delay(3): Delayed 3 second(s)

2019-01-03 13:04:47 - [MESSAGE][PASSED] - Delayed 3 second(s)

2019-01-03 13:04:47 - [TEST_STEP][PASSED] - click(findTestObject("Object Repository/RESOURCES/Page_Chiragh/a_Resources")): Object: 'Object Repository/RESOURCES/Page_Chiragh/a_Resources' is clicked on

2019-01-03 13:04:47 - [MESSAGE][PASSED] - Object: 'Object Repository/RESOURCES/Page_Chiragh/a_Resources' is clicked on

2019-01-03 13:04:47 - [TEST_STEP][PASSED] - delay(3): Delayed 3 second(s)

2019-01-03 13:04:50 - [MESSAGE][PASSED] - Delayed 3 second(s)

2019-01-03 13:04:50 - [TEST_STEP][PASSED] - verifyElementPresent(findTestObject("Object Repository/RESOURCES/Page_Chiragh/div_Resources"), 3): Object 'Object Repository/RESOURCES/Page_Chiragh/div_Resources' is present

2019-01-03 13:04:50 - [MESSAGE][PASSED] - Object 'Object Repository/RESOURCES/Page_Chiragh/div_Resources' is present

2019-01-03 13:04:50 - [TEST_STEP][PASSED] - closeBrowser(): Browser is closed

2019-01-03 13:04:51 - [MESSAGE][PASSED] - Browser is closed

2019-01-03 13:04:51 - [TEST_STEP][PASSED] - Start listener action : sampleAfterTestCase: null

2019-01-03 13:04:51 - [TEST_STEP][PASSED] - println(testCaseContext.getTestCaseId()): null

2019-01-03 13:04:51 - [TEST_STEP][PASSED] - println(testCaseContext.getTestCaseStatus()): null]]></system-out>
         <system-err><![CDATA[]]></system-err>
      </testcase>
      <testcase name="Test Cases/header/Sell" classname="Test Cases/header/Sell" status="PASSED">
         <system-out><![CDATA[2019-01-03 13:04:51 - [TEST_CASE][PASSED] - Test Cases/header/Sell: Test Cases/header/Sell

2019-01-03 13:04:51 - [TEST_STEP][PASSED] - openBrowser(""): Browser is opened with url: ''

2019-01-03 13:04:51 - [MESSAGE][INFO] - Starting 'Chrome' driver

2019-01-03 13:04:53 - [MESSAGE][PASSED] - Browser is opened with url: ''

2019-01-03 13:04:53 - [TEST_STEP][PASSED] - navigateToUrl(Url): Navigate to 'http://dev-chiragh.surge.sh' successfully

2019-01-03 13:05:07 - [MESSAGE][PASSED] - Navigate to 'http://dev-chiragh.surge.sh' successfully

2019-01-03 13:05:07 - [TEST_STEP][PASSED] - maximizeWindow(): Current window maximized

2019-01-03 13:05:08 - [MESSAGE][PASSED] - Current window maximized

2019-01-03 13:05:08 - [TEST_STEP][PASSED] - delay(3): Delayed 3 second(s)

2019-01-03 13:05:11 - [MESSAGE][PASSED] - Delayed 3 second(s)

2019-01-03 13:05:11 - [TEST_STEP][PASSED] - click(findTestObject("Object Repository/sell/Page_Chiragh/Page_Chiragh/a_Sell")): Object: 'Object Repository/sell/Page_Chiragh/Page_Chiragh/a_Sell' is clicked on

2019-01-03 13:05:11 - [MESSAGE][PASSED] - Object: 'Object Repository/sell/Page_Chiragh/Page_Chiragh/a_Sell' is clicked on

2019-01-03 13:05:11 - [TEST_STEP][PASSED] - delay(3): Delayed 3 second(s)

2019-01-03 13:05:14 - [MESSAGE][PASSED] - Delayed 3 second(s)

2019-01-03 13:05:14 - [TEST_STEP][PASSED] - if (verifyElementPresent(findTestObject("sell/Page_Chiragh/Page_Chiragh/form_Sign In"), 3) == true): Object 'Object Repository/sell/Page_Chiragh/Page_Chiragh/form_Owner Details' is present

2019-01-03 13:05:15 - [MESSAGE][PASSED] - Object 'Object Repository/sell/Page_Chiragh/Page_Chiragh/form_Sign In' is present

2019-01-03 13:05:15 - [TEST_STEP][PASSED] - setText(findTestObject("sell/Page_Chiragh/input_Sign In_userName"), userName): Text 'newuser01' is set on object 'Object Repository/sell/Page_Chiragh/input_Sign In_userName'

2019-01-03 13:05:15 - [MESSAGE][PASSED] - Text 'newuser01' is set on object 'Object Repository/sell/Page_Chiragh/input_Sign In_userName'

2019-01-03 13:05:15 - [TEST_STEP][PASSED] - setText(findTestObject("sell/Page_Chiragh/input_Sign In_userPassword"), userPassword): Text '1234567890' is set on object 'Object Repository/sell/Page_Chiragh/input_Sign In_userPassword'

2019-01-03 13:05:15 - [MESSAGE][PASSED] - Text '1234567890' is set on object 'Object Repository/sell/Page_Chiragh/input_Sign In_userPassword'

2019-01-03 13:05:15 - [TEST_STEP][PASSED] - click(findTestObject("Page_Chiragh/button_Sign In")): Object: 'Object Repository/Page_Chiragh/button_Sign In' is clicked on

2019-01-03 13:05:15 - [MESSAGE][PASSED] - Object: 'Object Repository/Page_Chiragh/button_Sign In' is clicked on

2019-01-03 13:05:15 - [TEST_STEP][PASSED] - delay(3): Delayed 3 second(s)

2019-01-03 13:05:18 - [MESSAGE][PASSED] - Delayed 3 second(s)

2019-01-03 13:05:18 - [TEST_STEP][PASSED] - verifyElementPresent(findTestObject("sell/Page_Chiragh/Page_Chiragh/form_Owner Details"), 3): Object 'Object Repository/sell/Page_Chiragh/Page_Chiragh/form_Owner Details' is present

2019-01-03 13:05:18 - [MESSAGE][PASSED] - Object 'Object Repository/sell/Page_Chiragh/Page_Chiragh/form_Owner Details' is present

2019-01-03 13:05:18 - [TEST_STEP][PASSED] - closeBrowser(): Browser is closed

2019-01-03 13:05:19 - [MESSAGE][PASSED] - Browser is closed

2019-01-03 13:05:19 - [TEST_STEP][PASSED] - Start listener action : sampleAfterTestCase: null

2019-01-03 13:05:19 - [TEST_STEP][PASSED] - println(testCaseContext.getTestCaseId()): null

2019-01-03 13:05:19 - [TEST_STEP][PASSED] - println(testCaseContext.getTestCaseStatus()): null]]></system-out>
         <system-err><![CDATA[]]></system-err>
      </testcase>
      <testcase name="Test Cases/footer/Buy a property" classname="Test Cases/footer/Buy a property" status="PASSED">
         <system-out><![CDATA[2019-01-03 13:05:19 - [TEST_CASE][PASSED] - Test Cases/footer/Buy a property: Test Cases/footer/Buy a property

2019-01-03 13:05:19 - [TEST_STEP][PASSED] - openBrowser(""): Browser is opened with url: ''

2019-01-03 13:05:19 - [MESSAGE][INFO] - Starting 'Chrome' driver

2019-01-03 13:05:22 - [MESSAGE][PASSED] - Browser is opened with url: ''

2019-01-03 13:05:22 - [TEST_STEP][PASSED] - navigateToUrl(Url): Navigate to 'http://dev-chiragh.surge.sh' successfully

2019-01-03 13:05:36 - [MESSAGE][PASSED] - Navigate to 'http://dev-chiragh.surge.sh' successfully

2019-01-03 13:05:36 - [TEST_STEP][PASSED] - maximizeWindow(): Current window maximized

2019-01-03 13:05:37 - [MESSAGE][PASSED] - Current window maximized

2019-01-03 13:05:37 - [TEST_STEP][PASSED] - delay(5): Delayed 5 second(s)

2019-01-03 13:05:42 - [MESSAGE][PASSED] - Delayed 5 second(s)

2019-01-03 13:05:42 - [TEST_STEP][PASSED] - click(findTestObject("Object Repository/Buy a property/Page_Chiragh/a_-Buy a property")): Object: 'Object Repository/Buy a property/Page_Chiragh/a_-Buy a property' is clicked on

2019-01-03 13:05:43 - [MESSAGE][PASSED] - Object: 'Object Repository/Buy a property/Page_Chiragh/a_-Buy a property' is clicked on

2019-01-03 13:05:43 - [TEST_STEP][PASSED] - delay(5): Delayed 5 second(s)

2019-01-03 13:05:48 - [MESSAGE][PASSED] - Delayed 5 second(s)

2019-01-03 13:05:48 - [TEST_STEP][PASSED] - verifyElementPresent(findTestObject("Buy a property/new/Page_Chiragh/div_Current Auctions        Ac"), 3): Object 'Object Repository/Buy a property/new/Page_Chiragh/div_Current Auctions        Ac' is present

2019-01-03 13:05:48 - [MESSAGE][PASSED] - Object 'Object Repository/Buy a property/new/Page_Chiragh/div_Current Auctions        Ac' is present

2019-01-03 13:05:48 - [TEST_STEP][PASSED] - closeBrowser(): Browser is closed

2019-01-03 13:05:48 - [MESSAGE][PASSED] - Browser is closed

2019-01-03 13:05:48 - [TEST_STEP][PASSED] - Start listener action : sampleAfterTestCase: null

2019-01-03 13:05:48 - [TEST_STEP][PASSED] - println(testCaseContext.getTestCaseId()): null

2019-01-03 13:05:48 - [TEST_STEP][PASSED] - println(testCaseContext.getTestCaseStatus()): null]]></system-out>
         <system-err><![CDATA[]]></system-err>
      </testcase>
      <testcase name="Test Cases/footer/contact us-footer" classname="Test Cases/footer/contact us-footer" status="PASSED">
         <system-out><![CDATA[2019-01-03 13:05:48 - [TEST_CASE][PASSED] - Test Cases/footer/contact us-footer: Test Cases/footer/contact us-footer

2019-01-03 13:05:49 - [TEST_STEP][PASSED] - openBrowser(""): Browser is opened with url: ''

2019-01-03 13:05:49 - [MESSAGE][INFO] - Starting 'Chrome' driver

2019-01-03 13:05:51 - [MESSAGE][PASSED] - Browser is opened with url: ''

2019-01-03 13:05:51 - [TEST_STEP][PASSED] - navigateToUrl(Url): Navigate to 'http://dev-chiragh.surge.sh' successfully

2019-01-03 13:06:04 - [MESSAGE][PASSED] - Navigate to 'http://dev-chiragh.surge.sh' successfully

2019-01-03 13:06:04 - [TEST_STEP][PASSED] - maximizeWindow(): Current window maximized

2019-01-03 13:06:05 - [MESSAGE][PASSED] - Current window maximized

2019-01-03 13:06:05 - [TEST_STEP][PASSED] - delay(3): Delayed 3 second(s)

2019-01-03 13:06:08 - [MESSAGE][PASSED] - Delayed 3 second(s)

2019-01-03 13:06:08 - [TEST_STEP][PASSED] - click(findTestObject("Object Repository/Contact Us-footer/Page_Chiragh/a_-Contact Us")): Object: 'Object Repository/Contact Us-footer/Page_Chiragh/a_-Contact Us' is clicked on

2019-01-03 13:06:09 - [MESSAGE][PASSED] - Object: 'Object Repository/Contact Us-footer/Page_Chiragh/a_-Contact Us' is clicked on

2019-01-03 13:06:09 - [TEST_STEP][PASSED] - delay(3): Delayed 3 second(s)

2019-01-03 13:06:12 - [MESSAGE][PASSED] - Delayed 3 second(s)

2019-01-03 13:06:12 - [TEST_STEP][PASSED] - verifyElementPresent(findTestObject("Object Repository/Contact Us-footer/Page_Chiragh/div_Headquarter"), 3): Object 'Object Repository/Contact Us-footer/Page_Chiragh/div_Headquarter' is present

2019-01-03 13:06:13 - [MESSAGE][PASSED] - Object 'Object Repository/Contact Us-footer/Page_Chiragh/div_Headquarter' is present

2019-01-03 13:06:13 - [TEST_STEP][PASSED] - closeBrowser(): Browser is closed

2019-01-03 13:06:14 - [MESSAGE][PASSED] - Browser is closed

2019-01-03 13:06:14 - [TEST_STEP][PASSED] - Start listener action : sampleAfterTestCase: null

2019-01-03 13:06:14 - [TEST_STEP][PASSED] - println(testCaseContext.getTestCaseId()): null

2019-01-03 13:06:14 - [TEST_STEP][PASSED] - println(testCaseContext.getTestCaseStatus()): null]]></system-out>
         <system-err><![CDATA[]]></system-err>
      </testcase>
      <testcase name="Test Cases/footer/contact-social links" classname="Test Cases/footer/contact-social links" status="FAILED">
         <failure type="FAILED" message="Test Cases/footer/contact-social links FAILED.
Reason:
com.kms.katalon.core.exception.StepFailedException: Unable to accept alert (Root cause: com.kms.katalon.core.webui.exception.BrowserNotOpenedException: Browser is not opened
Build info: version: '3.7.1', revision: '8a0099a', time: '2017-11-06T21:07:36.161Z'
System info: host: 'DESKTOP-2D7LI1O', ip: '192.168.137.1', os.name: 'Windows 10', os.arch: 'amd64', os.version: '10.0', java.version: '1.8.0_181'
Driver info: driver.version: unknown)
	at com.kms.katalon.core.keyword.internal.KeywordMain.stepFailed(KeywordMain.groovy:36)
	at com.kms.katalon.core.webui.keyword.internal.WebUIKeywordMain.stepFailed(WebUIKeywordMain.groovy:65)
	at com.kms.katalon.core.webui.keyword.internal.WebUIKeywordMain.runKeyword(WebUIKeywordMain.groovy:27)
	at com.kms.katalon.core.webui.keyword.builtin.AcceptAlertKeyword.acceptAlert(AcceptAlertKeyword.groovy:71)
	at com.kms.katalon.core.webui.keyword.builtin.AcceptAlertKeyword.execute(AcceptAlertKeyword.groovy:66)
	at com.kms.katalon.core.keyword.internal.KeywordExecutor.executeKeywordForPlatform(KeywordExecutor.groovy:53)
	at com.kms.katalon.core.webui.keyword.WebUiBuiltInKeywords.acceptAlert(WebUiBuiltInKeywords.groovy:1492)
	at com.kms.katalon.core.webui.keyword.WebUiBuiltInKeywords$acceptAlert$7.call(Unknown Source)
	at contact-social links.run(contact-social links:16)
	at com.kms.katalon.core.main.ScriptEngine.run(ScriptEngine.java:194)
	at com.kms.katalon.core.main.ScriptEngine.runScriptAsRawText(ScriptEngine.java:119)
	at com.kms.katalon.core.main.TestCaseExecutor.runScript(TestCaseExecutor.java:328)
	at com.kms.katalon.core.main.TestCaseExecutor.doExecute(TestCaseExecutor.java:319)
	at com.kms.katalon.core.main.TestCaseExecutor.processExecutionPhase(TestCaseExecutor.java:298)
	at com.kms.katalon.core.main.TestCaseExecutor.accessMainPhase(TestCaseExecutor.java:290)
	at com.kms.katalon.core.main.TestCaseExecutor.execute(TestCaseExecutor.java:224)
	at com.kms.katalon.core.main.TestSuiteExecutor.accessTestCaseMainPhase(TestSuiteExecutor.java:129)
	at com.kms.katalon.core.main.TestSuiteExecutor.accessTestSuiteMainPhase(TestSuiteExecutor.java:112)
	at com.kms.katalon.core.main.TestSuiteExecutor.execute(TestSuiteExecutor.java:81)
	at com.kms.katalon.core.main.TestCaseMain.startTestSuite(TestCaseMain.java:149)
	at com.kms.katalon.core.main.TestCaseMain$startTestSuite$0.call(Unknown Source)
	at TempTestSuite1546502277433.run(TempTestSuite1546502277433.groovy:36)
"/>
         <system-out><![CDATA[2019-01-03 13:06:14 - [TEST_CASE][FAILED] - Test Cases/footer/contact-social links: Test Cases/footer/contact-social links FAILED.
Reason:
com.kms.katalon.core.exception.StepFailedException: Unable to accept alert (Root cause: com.kms.katalon.core.webui.exception.BrowserNotOpenedException: Browser is not opened
Build info: version: '3.7.1', revision: '8a0099a', time: '2017-11-06T21:07:36.161Z'
System info: host: 'DESKTOP-2D7LI1O', ip: '192.168.137.1', os.name: 'Windows 10', os.arch: 'amd64', os.version: '10.0', java.version: '1.8.0_181'
Driver info: driver.version: unknown)
	at com.kms.katalon.core.keyword.internal.KeywordMain.stepFailed(KeywordMain.groovy:36)
	at com.kms.katalon.core.webui.keyword.internal.WebUIKeywordMain.stepFailed(WebUIKeywordMain.groovy:65)
	at com.kms.katalon.core.webui.keyword.internal.WebUIKeywordMain.runKeyword(WebUIKeywordMain.groovy:27)
	at com.kms.katalon.core.webui.keyword.builtin.AcceptAlertKeyword.acceptAlert(AcceptAlertKeyword.groovy:71)
	at com.kms.katalon.core.webui.keyword.builtin.AcceptAlertKeyword.execute(AcceptAlertKeyword.groovy:66)
	at com.kms.katalon.core.keyword.internal.KeywordExecutor.executeKeywordForPlatform(KeywordExecutor.groovy:53)
	at com.kms.katalon.core.webui.keyword.WebUiBuiltInKeywords.acceptAlert(WebUiBuiltInKeywords.groovy:1492)
	at com.kms.katalon.core.webui.keyword.WebUiBuiltInKeywords$acceptAlert$7.call(Unknown Source)
	at contact-social links.run(contact-social links:16)
	at com.kms.katalon.core.main.ScriptEngine.run(ScriptEngine.java:194)
	at com.kms.katalon.core.main.ScriptEngine.runScriptAsRawText(ScriptEngine.java:119)
	at com.kms.katalon.core.main.TestCaseExecutor.runScript(TestCaseExecutor.java:328)
	at com.kms.katalon.core.main.TestCaseExecutor.doExecute(TestCaseExecutor.java:319)
	at com.kms.katalon.core.main.TestCaseExecutor.processExecutionPhase(TestCaseExecutor.java:298)
	at com.kms.katalon.core.main.TestCaseExecutor.accessMainPhase(TestCaseExecutor.java:290)
	at com.kms.katalon.core.main.TestCaseExecutor.execute(TestCaseExecutor.java:224)
	at com.kms.katalon.core.main.TestSuiteExecutor.accessTestCaseMainPhase(TestSuiteExecutor.java:129)
	at com.kms.katalon.core.main.TestSuiteExecutor.accessTestSuiteMainPhase(TestSuiteExecutor.java:112)
	at com.kms.katalon.core.main.TestSuiteExecutor.execute(TestSuiteExecutor.java:81)
	at com.kms.katalon.core.main.TestCaseMain.startTestSuite(TestCaseMain.java:149)
	at com.kms.katalon.core.main.TestCaseMain$startTestSuite$0.call(Unknown Source)
	at TempTestSuite1546502277433.run(TempTestSuite1546502277433.groovy:36)


2019-01-03 13:06:14 - [TEST_STEP][FAILED] - acceptAlert(): acceptAlert() FAILED.
Reason:
com.kms.katalon.core.exception.StepFailedException: Unable to accept alert (Root cause: com.kms.katalon.core.webui.exception.BrowserNotOpenedException: Browser is not opened
Build info: version: '3.7.1', revision: '8a0099a', time: '2017-11-06T21:07:36.161Z'
System info: host: 'DESKTOP-2D7LI1O', ip: '192.168.137.1', os.name: 'Windows 10', os.arch: 'amd64', os.version: '10.0', java.version: '1.8.0_181'
Driver info: driver.version: unknown)
	at com.kms.katalon.core.keyword.internal.KeywordMain.stepFailed(KeywordMain.groovy:36)
	at com.kms.katalon.core.webui.keyword.internal.WebUIKeywordMain.stepFailed(WebUIKeywordMain.groovy:65)
	at com.kms.katalon.core.webui.keyword.internal.WebUIKeywordMain.runKeyword(WebUIKeywordMain.groovy:27)
	at com.kms.katalon.core.webui.keyword.builtin.AcceptAlertKeyword.acceptAlert(AcceptAlertKeyword.groovy:71)
	at com.kms.katalon.core.webui.keyword.builtin.AcceptAlertKeyword.execute(AcceptAlertKeyword.groovy:66)
	at com.kms.katalon.core.keyword.internal.KeywordExecutor.executeKeywordForPlatform(KeywordExecutor.groovy:53)
	at com.kms.katalon.core.webui.keyword.WebUiBuiltInKeywords.acceptAlert(WebUiBuiltInKeywords.groovy:1492)
	at com.kms.katalon.core.webui.keyword.WebUiBuiltInKeywords$acceptAlert$7.call(Unknown Source)
	at contact-social links.run(contact-social links:16)
	at com.kms.katalon.core.main.ScriptEngine.run(ScriptEngine.java:194)
	at com.kms.katalon.core.main.ScriptEngine.runScriptAsRawText(ScriptEngine.java:119)
	at com.kms.katalon.core.main.TestCaseExecutor.runScript(TestCaseExecutor.java:328)
	at com.kms.katalon.core.main.TestCaseExecutor.doExecute(TestCaseExecutor.java:319)
	at com.kms.katalon.core.main.TestCaseExecutor.processExecutionPhase(TestCaseExecutor.java:298)
	at com.kms.katalon.core.main.TestCaseExecutor.accessMainPhase(TestCaseExecutor.java:290)
	at com.kms.katalon.core.main.TestCaseExecutor.execute(TestCaseExecutor.java:224)
	at com.kms.katalon.core.main.TestSuiteExecutor.accessTestCaseMainPhase(TestSuiteExecutor.java:129)
	at com.kms.katalon.core.main.TestSuiteExecutor.accessTestSuiteMainPhase(TestSuiteExecutor.java:112)
	at com.kms.katalon.core.main.TestSuiteExecutor.execute(TestSuiteExecutor.java:81)
	at com.kms.katalon.core.main.TestCaseMain.startTestSuite(TestCaseMain.java:149)
	at com.kms.katalon.core.main.TestCaseMain$startTestSuite$0.call(Unknown Source)
	at TempTestSuite1546502277433.run(TempTestSuite1546502277433.groovy:36)


2019-01-03 13:06:14 - [MESSAGE][WARNING] - Cannot take screenshot

2019-01-03 13:06:14 - [MESSAGE][FAILED] - Unable to accept alert (Root cause: com.kms.katalon.core.webui.exception.BrowserNotOpenedException: Browser is not opened
Build info: version: '3.7.1', revision: '8a0099a', time: '2017-11-06T21:07:36.161Z'
System info: host: 'DESKTOP-2D7LI1O', ip: '192.168.137.1', os.name: 'Windows 10', os.arch: 'amd64', os.version: '10.0', java.version: '1.8.0_181'
Driver info: driver.version: unknown)

2019-01-03 13:06:14 - [MESSAGE][FAILED] - acceptAlert() FAILED.
Reason:
com.kms.katalon.core.exception.StepFailedException: Unable to accept alert (Root cause: com.kms.katalon.core.webui.exception.BrowserNotOpenedException: Browser is not opened
Build info: version: '3.7.1', revision: '8a0099a', time: '2017-11-06T21:07:36.161Z'
System info: host: 'DESKTOP-2D7LI1O', ip: '192.168.137.1', os.name: 'Windows 10', os.arch: 'amd64', os.version: '10.0', java.version: '1.8.0_181'
Driver info: driver.version: unknown)
	at com.kms.katalon.core.keyword.internal.KeywordMain.stepFailed(KeywordMain.groovy:36)
	at com.kms.katalon.core.webui.keyword.internal.WebUIKeywordMain.stepFailed(WebUIKeywordMain.groovy:65)
	at com.kms.katalon.core.webui.keyword.internal.WebUIKeywordMain.runKeyword(WebUIKeywordMain.groovy:27)
	at com.kms.katalon.core.webui.keyword.builtin.AcceptAlertKeyword.acceptAlert(AcceptAlertKeyword.groovy:71)
	at com.kms.katalon.core.webui.keyword.builtin.AcceptAlertKeyword.execute(AcceptAlertKeyword.groovy:66)
	at com.kms.katalon.core.keyword.internal.KeywordExecutor.executeKeywordForPlatform(KeywordExecutor.groovy:53)
	at com.kms.katalon.core.webui.keyword.WebUiBuiltInKeywords.acceptAlert(WebUiBuiltInKeywords.groovy:1492)
	at com.kms.katalon.core.webui.keyword.WebUiBuiltInKeywords$acceptAlert$7.call(Unknown Source)
	at contact-social links.run(contact-social links:16)
	at com.kms.katalon.core.main.ScriptEngine.run(ScriptEngine.java:194)
	at com.kms.katalon.core.main.ScriptEngine.runScriptAsRawText(ScriptEngine.java:119)
	at com.kms.katalon.core.main.TestCaseExecutor.runScript(TestCaseExecutor.java:328)
	at com.kms.katalon.core.main.TestCaseExecutor.doExecute(TestCaseExecutor.java:319)
	at com.kms.katalon.core.main.TestCaseExecutor.processExecutionPhase(TestCaseExecutor.java:298)
	at com.kms.katalon.core.main.TestCaseExecutor.accessMainPhase(TestCaseExecutor.java:290)
	at com.kms.katalon.core.main.TestCaseExecutor.execute(TestCaseExecutor.java:224)
	at com.kms.katalon.core.main.TestSuiteExecutor.accessTestCaseMainPhase(TestSuiteExecutor.java:129)
	at com.kms.katalon.core.main.TestSuiteExecutor.accessTestSuiteMainPhase(TestSuiteExecutor.java:112)
	at com.kms.katalon.core.main.TestSuiteExecutor.execute(TestSuiteExecutor.java:81)
	at com.kms.katalon.core.main.TestCaseMain.startTestSuite(TestCaseMain.java:149)
	at com.kms.katalon.core.main.TestCaseMain$startTestSuite$0.call(Unknown Source)
	at TempTestSuite1546502277433.run(TempTestSuite1546502277433.groovy:36)


2019-01-03 13:06:14 - [TEST_STEP][PASSED] - Start listener action : sampleAfterTestCase: null

2019-01-03 13:06:14 - [TEST_STEP][PASSED] - println(testCaseContext.getTestCaseId()): null

2019-01-03 13:06:14 - [TEST_STEP][PASSED] - println(testCaseContext.getTestCaseStatus()): null]]></system-out>
         <system-err><![CDATA[2019-01-03 13:06:14 - [TEST_CASE][FAILED] - Test Cases/footer/contact-social links: Test Cases/footer/contact-social links FAILED.
Reason:
com.kms.katalon.core.exception.StepFailedException: Unable to accept alert (Root cause: com.kms.katalon.core.webui.exception.BrowserNotOpenedException: Browser is not opened
Build info: version: '3.7.1', revision: '8a0099a', time: '2017-11-06T21:07:36.161Z'
System info: host: 'DESKTOP-2D7LI1O', ip: '192.168.137.1', os.name: 'Windows 10', os.arch: 'amd64', os.version: '10.0', java.version: '1.8.0_181'
Driver info: driver.version: unknown)
	at com.kms.katalon.core.keyword.internal.KeywordMain.stepFailed(KeywordMain.groovy:36)
	at com.kms.katalon.core.webui.keyword.internal.WebUIKeywordMain.stepFailed(WebUIKeywordMain.groovy:65)
	at com.kms.katalon.core.webui.keyword.internal.WebUIKeywordMain.runKeyword(WebUIKeywordMain.groovy:27)
	at com.kms.katalon.core.webui.keyword.builtin.AcceptAlertKeyword.acceptAlert(AcceptAlertKeyword.groovy:71)
	at com.kms.katalon.core.webui.keyword.builtin.AcceptAlertKeyword.execute(AcceptAlertKeyword.groovy:66)
	at com.kms.katalon.core.keyword.internal.KeywordExecutor.executeKeywordForPlatform(KeywordExecutor.groovy:53)
	at com.kms.katalon.core.webui.keyword.WebUiBuiltInKeywords.acceptAlert(WebUiBuiltInKeywords.groovy:1492)
	at com.kms.katalon.core.webui.keyword.WebUiBuiltInKeywords$acceptAlert$7.call(Unknown Source)
	at contact-social links.run(contact-social links:16)
	at com.kms.katalon.core.main.ScriptEngine.run(ScriptEngine.java:194)
	at com.kms.katalon.core.main.ScriptEngine.runScriptAsRawText(ScriptEngine.java:119)
	at com.kms.katalon.core.main.TestCaseExecutor.runScript(TestCaseExecutor.java:328)
	at com.kms.katalon.core.main.TestCaseExecutor.doExecute(TestCaseExecutor.java:319)
	at com.kms.katalon.core.main.TestCaseExecutor.processExecutionPhase(TestCaseExecutor.java:298)
	at com.kms.katalon.core.main.TestCaseExecutor.accessMainPhase(TestCaseExecutor.java:290)
	at com.kms.katalon.core.main.TestCaseExecutor.execute(TestCaseExecutor.java:224)
	at com.kms.katalon.core.main.TestSuiteExecutor.accessTestCaseMainPhase(TestSuiteExecutor.java:129)
	at com.kms.katalon.core.main.TestSuiteExecutor.accessTestSuiteMainPhase(TestSuiteExecutor.java:112)
	at com.kms.katalon.core.main.TestSuiteExecutor.execute(TestSuiteExecutor.java:81)
	at com.kms.katalon.core.main.TestCaseMain.startTestSuite(TestCaseMain.java:149)
	at com.kms.katalon.core.main.TestCaseMain$startTestSuite$0.call(Unknown Source)
	at TempTestSuite1546502277433.run(TempTestSuite1546502277433.groovy:36)]]></system-err>
      </testcase>
      <testcase name="Test Cases/footer/Disclaimer-footer" classname="Test Cases/footer/Disclaimer-footer" status="PASSED">
         <system-out><![CDATA[2019-01-03 13:06:14 - [TEST_CASE][PASSED] - Test Cases/footer/Disclaimer-footer: Test Cases/footer/Disclaimer-footer

2019-01-03 13:06:15 - [TEST_STEP][PASSED] - openBrowser(""): Browser is opened with url: ''

2019-01-03 13:06:15 - [MESSAGE][INFO] - Starting 'Chrome' driver

2019-01-03 13:06:17 - [MESSAGE][PASSED] - Browser is opened with url: ''

2019-01-03 13:06:17 - [TEST_STEP][PASSED] - navigateToUrl(Url): Navigate to 'http://dev-chiragh.surge.sh' successfully

2019-01-03 13:06:33 - [MESSAGE][PASSED] - Navigate to 'http://dev-chiragh.surge.sh' successfully

2019-01-03 13:06:33 - [TEST_STEP][PASSED] - maximizeWindow(): Current window maximized

2019-01-03 13:06:34 - [MESSAGE][PASSED] - Current window maximized

2019-01-03 13:06:34 - [TEST_STEP][PASSED] - delay(3): Delayed 3 second(s)

2019-01-03 13:06:37 - [MESSAGE][PASSED] - Delayed 3 second(s)

2019-01-03 13:06:37 - [TEST_STEP][PASSED] - click(findTestObject("Object Repository/Disclaimer/Page_Chiragh/a_Disclaimer")): Object: 'Object Repository/Disclaimer/Page_Chiragh/a_Disclaimer' is clicked on

2019-01-03 13:06:38 - [MESSAGE][PASSED] - Object: 'Object Repository/Disclaimer/Page_Chiragh/a_Disclaimer' is clicked on

2019-01-03 13:06:38 - [TEST_STEP][PASSED] - delay(3): Delayed 3 second(s)

2019-01-03 13:06:41 - [MESSAGE][PASSED] - Delayed 3 second(s)

2019-01-03 13:06:41 - [TEST_STEP][PASSED] - verifyElementPresent(findTestObject("Object Repository/Disclaimer/Page_Chiragh/div_Disclaimer"), 3): Object 'Object Repository/Disclaimer/Page_Chiragh/div_Disclaimer' is present

2019-01-03 13:06:41 - [MESSAGE][PASSED] - Object 'Object Repository/Disclaimer/Page_Chiragh/div_Disclaimer' is present

2019-01-03 13:06:41 - [TEST_STEP][PASSED] - closeBrowser(): Browser is closed

2019-01-03 13:06:42 - [MESSAGE][PASSED] - Browser is closed

2019-01-03 13:06:42 - [TEST_STEP][PASSED] - Start listener action : sampleAfterTestCase: null

2019-01-03 13:06:42 - [TEST_STEP][PASSED] - println(testCaseContext.getTestCaseId()): null

2019-01-03 13:06:42 - [TEST_STEP][PASSED] - println(testCaseContext.getTestCaseStatus()): null]]></system-out>
         <system-err><![CDATA[]]></system-err>
      </testcase>
      <testcase name="Test Cases/footer/FAQs-footer" classname="Test Cases/footer/FAQs-footer" status="PASSED">
         <system-out><![CDATA[2019-01-03 13:06:42 - [TEST_CASE][PASSED] - Test Cases/footer/FAQs-footer: Test Cases/footer/FAQs-footer

2019-01-03 13:06:42 - [TEST_STEP][PASSED] - openBrowser(""): Browser is opened with url: ''

2019-01-03 13:06:42 - [MESSAGE][INFO] - Starting 'Chrome' driver

2019-01-03 13:06:44 - [MESSAGE][PASSED] - Browser is opened with url: ''

2019-01-03 13:06:44 - [TEST_STEP][PASSED] - navigateToUrl(Url): Navigate to 'http://dev-chiragh.surge.sh' successfully

2019-01-03 13:06:58 - [MESSAGE][PASSED] - Navigate to 'http://dev-chiragh.surge.sh' successfully

2019-01-03 13:06:58 - [TEST_STEP][PASSED] - maximizeWindow(): Current window maximized

2019-01-03 13:06:59 - [MESSAGE][PASSED] - Current window maximized

2019-01-03 13:06:59 - [TEST_STEP][PASSED] - delay(3): Delayed 3 second(s)

2019-01-03 13:07:02 - [MESSAGE][PASSED] - Delayed 3 second(s)

2019-01-03 13:07:02 - [TEST_STEP][PASSED] - click(findTestObject("Object Repository/FAQs-footer/Page_Chiragh/a_-FAQs")): Object: 'Object Repository/FAQs-footer/Page_Chiragh/a_-FAQs' is clicked on

2019-01-03 13:07:02 - [MESSAGE][PASSED] - Object: 'Object Repository/FAQs-footer/Page_Chiragh/a_-FAQs' is clicked on

2019-01-03 13:07:02 - [TEST_STEP][PASSED] - delay(3): Delayed 3 second(s)

2019-01-03 13:07:05 - [MESSAGE][PASSED] - Delayed 3 second(s)

2019-01-03 13:07:05 - [TEST_STEP][PASSED] - verifyElementPresent(findTestObject("Object Repository/FAQs-footer/Page_Chiragh/div_Frequently Asked Questions"), 3): Object 'Object Repository/FAQs-footer/Page_Chiragh/div_Frequently Asked Questions' is present

2019-01-03 13:07:05 - [MESSAGE][PASSED] - Object 'Object Repository/FAQs-footer/Page_Chiragh/div_Frequently Asked Questions' is present

2019-01-03 13:07:05 - [TEST_STEP][PASSED] - closeBrowser(): Browser is closed

2019-01-03 13:07:06 - [MESSAGE][PASSED] - Browser is closed

2019-01-03 13:07:06 - [TEST_STEP][PASSED] - Start listener action : sampleAfterTestCase: null

2019-01-03 13:07:06 - [TEST_STEP][PASSED] - println(testCaseContext.getTestCaseId()): null

2019-01-03 13:07:06 - [TEST_STEP][PASSED] - println(testCaseContext.getTestCaseStatus()): null]]></system-out>
         <system-err><![CDATA[]]></system-err>
      </testcase>
      <testcase name="Test Cases/footer/How it Works-footer" classname="Test Cases/footer/How it Works-footer" status="PASSED">
         <system-out><![CDATA[2019-01-03 13:07:06 - [TEST_CASE][PASSED] - Test Cases/footer/How it Works-footer: Test Cases/footer/How it Works-footer

2019-01-03 13:07:06 - [TEST_STEP][PASSED] - openBrowser(""): Browser is opened with url: ''

2019-01-03 13:07:06 - [MESSAGE][INFO] - Starting 'Chrome' driver

2019-01-03 13:07:09 - [MESSAGE][PASSED] - Browser is opened with url: ''

2019-01-03 13:07:09 - [TEST_STEP][PASSED] - navigateToUrl(Url): Navigate to 'http://dev-chiragh.surge.sh' successfully

2019-01-03 13:07:20 - [MESSAGE][PASSED] - Navigate to 'http://dev-chiragh.surge.sh' successfully

2019-01-03 13:07:20 - [TEST_STEP][PASSED] - maximizeWindow(): Current window maximized

2019-01-03 13:07:21 - [MESSAGE][PASSED] - Current window maximized

2019-01-03 13:07:21 - [TEST_STEP][PASSED] - delay(3): Delayed 3 second(s)

2019-01-03 13:07:24 - [MESSAGE][PASSED] - Delayed 3 second(s)

2019-01-03 13:07:24 - [TEST_STEP][PASSED] - click(findTestObject("Object Repository/How it Works-footer/Page_Chiragh/a_-How it works")): Object: 'Object Repository/How it Works-footer/Page_Chiragh/a_-How it works' is clicked on

2019-01-03 13:07:24 - [MESSAGE][PASSED] - Object: 'Object Repository/How it Works-footer/Page_Chiragh/a_-How it works' is clicked on

2019-01-03 13:07:24 - [TEST_STEP][PASSED] - delay(3): Delayed 3 second(s)

2019-01-03 13:07:27 - [MESSAGE][PASSED] - Delayed 3 second(s)

2019-01-03 13:07:27 - [TEST_STEP][PASSED] - verifyElementPresent(findTestObject("Object Repository/How it Works-footer/Page_Chiragh/img_Seller  Buyer Process_b-im"), 3): Object 'Object Repository/How it Works-footer/Page_Chiragh/img_Seller  Buyer Process_b-im' is present

2019-01-03 13:07:27 - [MESSAGE][PASSED] - Object 'Object Repository/How it Works-footer/Page_Chiragh/img_Seller  Buyer Process_b-im' is present

2019-01-03 13:07:27 - [TEST_STEP][PASSED] - verifyElementPresent(findTestObject("Object Repository/How it Works-footer/Page_Chiragh/div_Seller  Buyer Process"), 3): Object 'Object Repository/How it Works-footer/Page_Chiragh/div_Seller  Buyer Process' is present

2019-01-03 13:07:28 - [MESSAGE][PASSED] - Object 'Object Repository/How it Works-footer/Page_Chiragh/div_Seller  Buyer Process' is present

2019-01-03 13:07:28 - [TEST_STEP][PASSED] - closeBrowser(): Browser is closed

2019-01-03 13:07:28 - [MESSAGE][PASSED] - Browser is closed

2019-01-03 13:07:28 - [TEST_STEP][PASSED] - Start listener action : sampleAfterTestCase: null

2019-01-03 13:07:28 - [TEST_STEP][PASSED] - println(testCaseContext.getTestCaseId()): null

2019-01-03 13:07:28 - [TEST_STEP][PASSED] - println(testCaseContext.getTestCaseStatus()): null]]></system-out>
         <system-err><![CDATA[]]></system-err>
      </testcase>
      <testcase name="Test Cases/footer/Privacy Policy-footer" classname="Test Cases/footer/Privacy Policy-footer" status="PASSED">
         <system-out><![CDATA[2019-01-03 13:07:28 - [TEST_CASE][PASSED] - Test Cases/footer/Privacy Policy-footer: Test Cases/footer/Privacy Policy-footer

2019-01-03 13:07:29 - [TEST_STEP][PASSED] - openBrowser(""): Browser is opened with url: ''

2019-01-03 13:07:29 - [MESSAGE][INFO] - Starting 'Chrome' driver

2019-01-03 13:07:31 - [MESSAGE][PASSED] - Browser is opened with url: ''

2019-01-03 13:07:31 - [TEST_STEP][PASSED] - navigateToUrl(Url): Navigate to 'http://dev-chiragh.surge.sh' successfully

2019-01-03 13:07:43 - [MESSAGE][PASSED] - Navigate to 'http://dev-chiragh.surge.sh' successfully

2019-01-03 13:07:43 - [TEST_STEP][PASSED] - maximizeWindow(): Current window maximized

2019-01-03 13:07:44 - [MESSAGE][PASSED] - Current window maximized

2019-01-03 13:07:44 - [TEST_STEP][PASSED] - delay(3): Delayed 3 second(s)

2019-01-03 13:07:47 - [MESSAGE][PASSED] - Delayed 3 second(s)

2019-01-03 13:07:47 - [TEST_STEP][PASSED] - click(findTestObject("Object Repository/Privacy Policy/Page_Chiragh/a_Privacy Policy")): Object: 'Object Repository/Privacy Policy/Page_Chiragh/a_Privacy Policy' is clicked on

2019-01-03 13:07:47 - [MESSAGE][PASSED] - Object: 'Object Repository/Privacy Policy/Page_Chiragh/a_Privacy Policy' is clicked on

2019-01-03 13:07:47 - [TEST_STEP][PASSED] - delay(3): Delayed 3 second(s)

2019-01-03 13:07:50 - [MESSAGE][PASSED] - Delayed 3 second(s)

2019-01-03 13:07:50 - [TEST_STEP][PASSED] - verifyElementPresent(findTestObject("Object Repository/Privacy Policy/Page_Chiragh/div_Privacy Policy"), 3): Object 'Object Repository/Privacy Policy/Page_Chiragh/div_Privacy Policy' is present

2019-01-03 13:07:51 - [MESSAGE][PASSED] - Object 'Object Repository/Privacy Policy/Page_Chiragh/div_Privacy Policy' is present

2019-01-03 13:07:51 - [TEST_STEP][PASSED] - closeBrowser(): Browser is closed

2019-01-03 13:07:51 - [MESSAGE][PASSED] - Browser is closed

2019-01-03 13:07:51 - [TEST_STEP][PASSED] - Start listener action : sampleAfterTestCase: null

2019-01-03 13:07:51 - [TEST_STEP][PASSED] - println(testCaseContext.getTestCaseId()): null

2019-01-03 13:07:51 - [TEST_STEP][PASSED] - println(testCaseContext.getTestCaseStatus()): null]]></system-out>
         <system-err><![CDATA[]]></system-err>
      </testcase>
      <testcase name="Test Cases/footer/repurchase-footer" classname="Test Cases/footer/repurchase-footer" status="PASSED">
         <system-out><![CDATA[2019-01-03 13:07:51 - [TEST_CASE][PASSED] - Test Cases/footer/repurchase-footer: Test Cases/footer/repurchase-footer

2019-01-03 13:07:52 - [TEST_STEP][PASSED] - openBrowser(""): Browser is opened with url: ''

2019-01-03 13:07:52 - [MESSAGE][INFO] - Starting 'Chrome' driver

2019-01-03 13:07:54 - [MESSAGE][PASSED] - Browser is opened with url: ''

2019-01-03 13:07:54 - [TEST_STEP][PASSED] - navigateToUrl(Url): Navigate to 'http://dev-chiragh.surge.sh' successfully

2019-01-03 13:08:12 - [MESSAGE][PASSED] - Navigate to 'http://dev-chiragh.surge.sh' successfully

2019-01-03 13:08:12 - [TEST_STEP][PASSED] - maximizeWindow(): Current window maximized

2019-01-03 13:08:13 - [MESSAGE][PASSED] - Current window maximized

2019-01-03 13:08:13 - [TEST_STEP][PASSED] - delay(3): Delayed 3 second(s)

2019-01-03 13:08:16 - [MESSAGE][PASSED] - Delayed 3 second(s)

2019-01-03 13:08:16 - [TEST_STEP][PASSED] - click(findTestObject("Object Repository/repurchase-footer/Page_Chiragh/a_-Repurchase")): Object: 'Object Repository/repurchase-footer/Page_Chiragh/a_-Repurchase' is clicked on

2019-01-03 13:08:16 - [MESSAGE][PASSED] - Object: 'Object Repository/repurchase-footer/Page_Chiragh/a_-Repurchase' is clicked on

2019-01-03 13:08:16 - [TEST_STEP][PASSED] - delay(3): Delayed 3 second(s)

2019-01-03 13:08:19 - [MESSAGE][PASSED] - Delayed 3 second(s)

2019-01-03 13:08:19 - [TEST_STEP][PASSED] - verifyElementPresent(findTestObject("Object Repository/repurchase-footer/Page_Chiragh/div_BUY BACK OR REPURCHASE AGR_1"), 3): Object 'Object Repository/repurchase-footer/Page_Chiragh/div_BUY BACK OR REPURCHASE AGR_1' is present

2019-01-03 13:08:19 - [MESSAGE][PASSED] - Object 'Object Repository/repurchase-footer/Page_Chiragh/div_BUY BACK OR REPURCHASE AGR_1' is present

2019-01-03 13:08:19 - [TEST_STEP][PASSED] - closeBrowser(): Browser is closed

2019-01-03 13:08:20 - [MESSAGE][PASSED] - Browser is closed

2019-01-03 13:08:20 - [TEST_STEP][PASSED] - Start listener action : sampleAfterTestCase: null

2019-01-03 13:08:20 - [TEST_STEP][PASSED] - println(testCaseContext.getTestCaseId()): null

2019-01-03 13:08:20 - [TEST_STEP][PASSED] - println(testCaseContext.getTestCaseStatus()): null]]></system-out>
         <system-err><![CDATA[]]></system-err>
      </testcase>
      <testcase name="Test Cases/footer/sell a property" classname="Test Cases/footer/sell a property" status="PASSED">
         <system-out><![CDATA[2019-01-03 13:08:20 - [TEST_CASE][PASSED] - Test Cases/footer/sell a property: Test Cases/footer/sell a property

2019-01-03 13:08:20 - [TEST_STEP][PASSED] - openBrowser(""): Browser is opened with url: ''

2019-01-03 13:08:20 - [MESSAGE][INFO] - Starting 'Chrome' driver

2019-01-03 13:08:23 - [MESSAGE][PASSED] - Browser is opened with url: ''

2019-01-03 13:08:23 - [TEST_STEP][PASSED] - navigateToUrl(Url): Navigate to 'http://dev-chiragh.surge.sh' successfully

2019-01-03 13:08:36 - [MESSAGE][PASSED] - Navigate to 'http://dev-chiragh.surge.sh' successfully

2019-01-03 13:08:36 - [TEST_STEP][PASSED] - maximizeWindow(): Current window maximized

2019-01-03 13:08:37 - [MESSAGE][PASSED] - Current window maximized

2019-01-03 13:08:37 - [TEST_STEP][PASSED] - delay(3): Delayed 3 second(s)

2019-01-03 13:08:40 - [MESSAGE][PASSED] - Delayed 3 second(s)

2019-01-03 13:08:40 - [TEST_STEP][PASSED] - click(findTestObject("Object Repository/sell/Page_Chiragh/Page_Chiragh/a_Sell")): Object: 'Object Repository/sell/Page_Chiragh/Page_Chiragh/a_Sell' is clicked on

2019-01-03 13:08:40 - [MESSAGE][PASSED] - Object: 'Object Repository/sell/Page_Chiragh/Page_Chiragh/a_Sell' is clicked on

2019-01-03 13:08:40 - [TEST_STEP][PASSED] - delay(3): Delayed 3 second(s)

2019-01-03 13:08:43 - [MESSAGE][PASSED] - Delayed 3 second(s)

2019-01-03 13:08:43 - [TEST_STEP][PASSED] - if (verifyElementPresent(findTestObject("sell/Page_Chiragh/Page_Chiragh/form_Sign In"), 3) == true): Object 'Object Repository/sell/Page_Chiragh/Page_Chiragh/form_Owner Details' is present

2019-01-03 13:08:43 - [MESSAGE][PASSED] - Object 'Object Repository/sell/Page_Chiragh/Page_Chiragh/form_Sign In' is present

2019-01-03 13:08:43 - [TEST_STEP][PASSED] - setText(findTestObject("sell/Page_Chiragh/input_Sign In_userName"), userName): Text 'newuser01' is set on object 'Object Repository/sell/Page_Chiragh/input_Sign In_userName'

2019-01-03 13:08:43 - [MESSAGE][PASSED] - Text 'newuser01' is set on object 'Object Repository/sell/Page_Chiragh/input_Sign In_userName'

2019-01-03 13:08:43 - [TEST_STEP][PASSED] - setText(findTestObject("sell/Page_Chiragh/input_Sign In_userPassword"), userPassword): Text '1234567890' is set on object 'Object Repository/sell/Page_Chiragh/input_Sign In_userPassword'

2019-01-03 13:08:43 - [MESSAGE][PASSED] - Text '1234567890' is set on object 'Object Repository/sell/Page_Chiragh/input_Sign In_userPassword'

2019-01-03 13:08:43 - [TEST_STEP][PASSED] - click(findTestObject("Page_Chiragh/button_Sign In")): Object: 'Object Repository/Page_Chiragh/button_Sign In' is clicked on

2019-01-03 13:08:44 - [MESSAGE][PASSED] - Object: 'Object Repository/Page_Chiragh/button_Sign In' is clicked on

2019-01-03 13:08:44 - [TEST_STEP][PASSED] - delay(3): Delayed 3 second(s)

2019-01-03 13:08:47 - [MESSAGE][PASSED] - Delayed 3 second(s)

2019-01-03 13:08:47 - [TEST_STEP][PASSED] - verifyElementPresent(findTestObject("sell/Page_Chiragh/Page_Chiragh/form_Owner Details"), 3): Object 'Object Repository/sell/Page_Chiragh/Page_Chiragh/form_Owner Details' is present

2019-01-03 13:08:47 - [MESSAGE][PASSED] - Object 'Object Repository/sell/Page_Chiragh/Page_Chiragh/form_Owner Details' is present

2019-01-03 13:08:47 - [TEST_STEP][PASSED] - closeBrowser(): Browser is closed

2019-01-03 13:08:48 - [MESSAGE][PASSED] - Browser is closed

2019-01-03 13:08:48 - [TEST_STEP][PASSED] - Start listener action : sampleAfterTestCase: null

2019-01-03 13:08:48 - [TEST_STEP][PASSED] - println(testCaseContext.getTestCaseId()): null

2019-01-03 13:08:48 - [TEST_STEP][PASSED] - println(testCaseContext.getTestCaseStatus()): null]]></system-out>
         <system-err><![CDATA[]]></system-err>
      </testcase>
      <testcase name="Test Cases/footer/Subscribe button" classname="Test Cases/footer/Subscribe button" status="FAILED">
         <failure type="FAILED" message="Test Cases/footer/Subscribe button FAILED.
Reason:
com.kms.katalon.core.exception.StepFailedException: Unable to accept alert (Root cause: com.kms.katalon.core.exception.StepFailedException: No alert found)
	at com.kms.katalon.core.keyword.internal.KeywordMain.stepFailed(KeywordMain.groovy:36)
	at com.kms.katalon.core.webui.keyword.internal.WebUIKeywordMain.stepFailed(WebUIKeywordMain.groovy:65)
	at com.kms.katalon.core.webui.keyword.internal.WebUIKeywordMain.runKeyword(WebUIKeywordMain.groovy:27)
	at com.kms.katalon.core.webui.keyword.builtin.AcceptAlertKeyword.acceptAlert(AcceptAlertKeyword.groovy:71)
	at com.kms.katalon.core.webui.keyword.builtin.AcceptAlertKeyword.execute(AcceptAlertKeyword.groovy:66)
	at com.kms.katalon.core.keyword.internal.KeywordExecutor.executeKeywordForPlatform(KeywordExecutor.groovy:53)
	at com.kms.katalon.core.webui.keyword.WebUiBuiltInKeywords.acceptAlert(WebUiBuiltInKeywords.groovy:1492)
	at com.kms.katalon.core.webui.keyword.WebUiBuiltInKeywords$acceptAlert$7.call(Unknown Source)
	at Subscribe button.run(Subscribe button:30)
	at com.kms.katalon.core.main.ScriptEngine.run(ScriptEngine.java:194)
	at com.kms.katalon.core.main.ScriptEngine.runScriptAsRawText(ScriptEngine.java:119)
	at com.kms.katalon.core.main.TestCaseExecutor.runScript(TestCaseExecutor.java:328)
	at com.kms.katalon.core.main.TestCaseExecutor.doExecute(TestCaseExecutor.java:319)
	at com.kms.katalon.core.main.TestCaseExecutor.processExecutionPhase(TestCaseExecutor.java:298)
	at com.kms.katalon.core.main.TestCaseExecutor.accessMainPhase(TestCaseExecutor.java:290)
	at com.kms.katalon.core.main.TestCaseExecutor.execute(TestCaseExecutor.java:224)
	at com.kms.katalon.core.main.TestSuiteExecutor.accessTestCaseMainPhase(TestSuiteExecutor.java:129)
	at com.kms.katalon.core.main.TestSuiteExecutor.accessTestSuiteMainPhase(TestSuiteExecutor.java:112)
	at com.kms.katalon.core.main.TestSuiteExecutor.execute(TestSuiteExecutor.java:81)
	at com.kms.katalon.core.main.TestCaseMain.startTestSuite(TestCaseMain.java:149)
	at com.kms.katalon.core.main.TestCaseMain$startTestSuite$0.call(Unknown Source)
	at TempTestSuite1546502277433.run(TempTestSuite1546502277433.groovy:36)
"/>
         <system-out><![CDATA[2019-01-03 13:08:48 - [TEST_CASE][FAILED] - Test Cases/footer/Subscribe button: Test Cases/footer/Subscribe button FAILED.
Reason:
com.kms.katalon.core.exception.StepFailedException: Unable to accept alert (Root cause: com.kms.katalon.core.exception.StepFailedException: No alert found)
	at com.kms.katalon.core.keyword.internal.KeywordMain.stepFailed(KeywordMain.groovy:36)
	at com.kms.katalon.core.webui.keyword.internal.WebUIKeywordMain.stepFailed(WebUIKeywordMain.groovy:65)
	at com.kms.katalon.core.webui.keyword.internal.WebUIKeywordMain.runKeyword(WebUIKeywordMain.groovy:27)
	at com.kms.katalon.core.webui.keyword.builtin.AcceptAlertKeyword.acceptAlert(AcceptAlertKeyword.groovy:71)
	at com.kms.katalon.core.webui.keyword.builtin.AcceptAlertKeyword.execute(AcceptAlertKeyword.groovy:66)
	at com.kms.katalon.core.keyword.internal.KeywordExecutor.executeKeywordForPlatform(KeywordExecutor.groovy:53)
	at com.kms.katalon.core.webui.keyword.WebUiBuiltInKeywords.acceptAlert(WebUiBuiltInKeywords.groovy:1492)
	at com.kms.katalon.core.webui.keyword.WebUiBuiltInKeywords$acceptAlert$7.call(Unknown Source)
	at Subscribe button.run(Subscribe button:30)
	at com.kms.katalon.core.main.ScriptEngine.run(ScriptEngine.java:194)
	at com.kms.katalon.core.main.ScriptEngine.runScriptAsRawText(ScriptEngine.java:119)
	at com.kms.katalon.core.main.TestCaseExecutor.runScript(TestCaseExecutor.java:328)
	at com.kms.katalon.core.main.TestCaseExecutor.doExecute(TestCaseExecutor.java:319)
	at com.kms.katalon.core.main.TestCaseExecutor.processExecutionPhase(TestCaseExecutor.java:298)
	at com.kms.katalon.core.main.TestCaseExecutor.accessMainPhase(TestCaseExecutor.java:290)
	at com.kms.katalon.core.main.TestCaseExecutor.execute(TestCaseExecutor.java:224)
	at com.kms.katalon.core.main.TestSuiteExecutor.accessTestCaseMainPhase(TestSuiteExecutor.java:129)
	at com.kms.katalon.core.main.TestSuiteExecutor.accessTestSuiteMainPhase(TestSuiteExecutor.java:112)
	at com.kms.katalon.core.main.TestSuiteExecutor.execute(TestSuiteExecutor.java:81)
	at com.kms.katalon.core.main.TestCaseMain.startTestSuite(TestCaseMain.java:149)
	at com.kms.katalon.core.main.TestCaseMain$startTestSuite$0.call(Unknown Source)
	at TempTestSuite1546502277433.run(TempTestSuite1546502277433.groovy:36)


2019-01-03 13:08:48 - [TEST_STEP][PASSED] - openBrowser(""): Browser is opened with url: ''

2019-01-03 13:08:48 - [MESSAGE][INFO] - Starting 'Chrome' driver

2019-01-03 13:08:50 - [MESSAGE][PASSED] - Browser is opened with url: ''

2019-01-03 13:08:50 - [TEST_STEP][PASSED] - navigateToUrl(Url): Navigate to 'http://dev-chiragh.surge.sh' successfully

2019-01-03 13:09:02 - [MESSAGE][PASSED] - Navigate to 'http://dev-chiragh.surge.sh' successfully

2019-01-03 13:09:02 - [TEST_STEP][PASSED] - maximizeWindow(): Current window maximized

2019-01-03 13:09:03 - [MESSAGE][PASSED] - Current window maximized

2019-01-03 13:09:03 - [TEST_STEP][PASSED] - delay(3): Delayed 3 second(s)

2019-01-03 13:09:06 - [MESSAGE][PASSED] - Delayed 3 second(s)

2019-01-03 13:09:06 - [TEST_STEP][PASSED] - setText(findTestObject("Object Repository/Subscribe/Page_Chiragh/input_Newsletter_form-control"), "a@gmail.com"): Text 'a@gmail.com' is set on object 'Object Repository/Subscribe/Page_Chiragh/input_Newsletter_form-control'

2019-01-03 13:09:07 - [MESSAGE][PASSED] - Text 'a@gmail.com' is set on object 'Object Repository/Subscribe/Page_Chiragh/input_Newsletter_form-control'

2019-01-03 13:09:07 - [TEST_STEP][PASSED] - click(findTestObject("Object Repository/Subscribe/Page_Chiragh/button_Subscribe")): Object: 'Object Repository/Subscribe/Page_Chiragh/button_Subscribe' is clicked on

2019-01-03 13:09:07 - [MESSAGE][PASSED] - Object: 'Object Repository/Subscribe/Page_Chiragh/button_Subscribe' is clicked on

2019-01-03 13:09:07 - [TEST_STEP][PASSED] - delay(3): Delayed 3 second(s)

2019-01-03 13:09:10 - [MESSAGE][PASSED] - Delayed 3 second(s)

2019-01-03 13:09:10 - [TEST_STEP][FAILED] - acceptAlert(): acceptAlert() FAILED.
Reason:
com.kms.katalon.core.exception.StepFailedException: Unable to accept alert (Root cause: com.kms.katalon.core.exception.StepFailedException: No alert found)
	at com.kms.katalon.core.keyword.internal.KeywordMain.stepFailed(KeywordMain.groovy:36)
	at com.kms.katalon.core.webui.keyword.internal.WebUIKeywordMain.stepFailed(WebUIKeywordMain.groovy:65)
	at com.kms.katalon.core.webui.keyword.internal.WebUIKeywordMain.runKeyword(WebUIKeywordMain.groovy:27)
	at com.kms.katalon.core.webui.keyword.builtin.AcceptAlertKeyword.acceptAlert(AcceptAlertKeyword.groovy:71)
	at com.kms.katalon.core.webui.keyword.builtin.AcceptAlertKeyword.execute(AcceptAlertKeyword.groovy:66)
	at com.kms.katalon.core.keyword.internal.KeywordExecutor.executeKeywordForPlatform(KeywordExecutor.groovy:53)
	at com.kms.katalon.core.webui.keyword.WebUiBuiltInKeywords.acceptAlert(WebUiBuiltInKeywords.groovy:1492)
	at com.kms.katalon.core.webui.keyword.WebUiBuiltInKeywords$acceptAlert$7.call(Unknown Source)
	at Subscribe button.run(Subscribe button:30)
	at com.kms.katalon.core.main.ScriptEngine.run(ScriptEngine.java:194)
	at com.kms.katalon.core.main.ScriptEngine.runScriptAsRawText(ScriptEngine.java:119)
	at com.kms.katalon.core.main.TestCaseExecutor.runScript(TestCaseExecutor.java:328)
	at com.kms.katalon.core.main.TestCaseExecutor.doExecute(TestCaseExecutor.java:319)
	at com.kms.katalon.core.main.TestCaseExecutor.processExecutionPhase(TestCaseExecutor.java:298)
	at com.kms.katalon.core.main.TestCaseExecutor.accessMainPhase(TestCaseExecutor.java:290)
	at com.kms.katalon.core.main.TestCaseExecutor.execute(TestCaseExecutor.java:224)
	at com.kms.katalon.core.main.TestSuiteExecutor.accessTestCaseMainPhase(TestSuiteExecutor.java:129)
	at com.kms.katalon.core.main.TestSuiteExecutor.accessTestSuiteMainPhase(TestSuiteExecutor.java:112)
	at com.kms.katalon.core.main.TestSuiteExecutor.execute(TestSuiteExecutor.java:81)
	at com.kms.katalon.core.main.TestCaseMain.startTestSuite(TestCaseMain.java:149)
	at com.kms.katalon.core.main.TestCaseMain$startTestSuite$0.call(Unknown Source)
	at TempTestSuite1546502277433.run(TempTestSuite1546502277433.groovy:36)


2019-01-03 13:09:10 - [MESSAGE][FAILED] - No alert found
[[ATTACHMENT|C:\\Users\\HP\\Katalon Studio\\links\\Reports\\Chiragh links\\20190103_125757\\1546502950314.png]]

2019-01-03 13:09:10 - [MESSAGE][FAILED] - Unable to accept alert (Root cause: com.kms.katalon.core.exception.StepFailedException: No alert found)
[[ATTACHMENT|C:\\Users\\HP\\Katalon Studio\\links\\Reports\\Chiragh links\\20190103_125757\\1546502950620.png]]

2019-01-03 13:09:10 - [MESSAGE][FAILED] - acceptAlert() FAILED.
Reason:
com.kms.katalon.core.exception.StepFailedException: Unable to accept alert (Root cause: com.kms.katalon.core.exception.StepFailedException: No alert found)
	at com.kms.katalon.core.keyword.internal.KeywordMain.stepFailed(KeywordMain.groovy:36)
	at com.kms.katalon.core.webui.keyword.internal.WebUIKeywordMain.stepFailed(WebUIKeywordMain.groovy:65)
	at com.kms.katalon.core.webui.keyword.internal.WebUIKeywordMain.runKeyword(WebUIKeywordMain.groovy:27)
	at com.kms.katalon.core.webui.keyword.builtin.AcceptAlertKeyword.acceptAlert(AcceptAlertKeyword.groovy:71)
	at com.kms.katalon.core.webui.keyword.builtin.AcceptAlertKeyword.execute(AcceptAlertKeyword.groovy:66)
	at com.kms.katalon.core.keyword.internal.KeywordExecutor.executeKeywordForPlatform(KeywordExecutor.groovy:53)
	at com.kms.katalon.core.webui.keyword.WebUiBuiltInKeywords.acceptAlert(WebUiBuiltInKeywords.groovy:1492)
	at com.kms.katalon.core.webui.keyword.WebUiBuiltInKeywords$acceptAlert$7.call(Unknown Source)
	at Subscribe button.run(Subscribe button:30)
	at com.kms.katalon.core.main.ScriptEngine.run(ScriptEngine.java:194)
	at com.kms.katalon.core.main.ScriptEngine.runScriptAsRawText(ScriptEngine.java:119)
	at com.kms.katalon.core.main.TestCaseExecutor.runScript(TestCaseExecutor.java:328)
	at com.kms.katalon.core.main.TestCaseExecutor.doExecute(TestCaseExecutor.java:319)
	at com.kms.katalon.core.main.TestCaseExecutor.processExecutionPhase(TestCaseExecutor.java:298)
	at com.kms.katalon.core.main.TestCaseExecutor.accessMainPhase(TestCaseExecutor.java:290)
	at com.kms.katalon.core.main.TestCaseExecutor.execute(TestCaseExecutor.java:224)
	at com.kms.katalon.core.main.TestSuiteExecutor.accessTestCaseMainPhase(TestSuiteExecutor.java:129)
	at com.kms.katalon.core.main.TestSuiteExecutor.accessTestSuiteMainPhase(TestSuiteExecutor.java:112)
	at com.kms.katalon.core.main.TestSuiteExecutor.execute(TestSuiteExecutor.java:81)
	at com.kms.katalon.core.main.TestCaseMain.startTestSuite(TestCaseMain.java:149)
	at com.kms.katalon.core.main.TestCaseMain$startTestSuite$0.call(Unknown Source)
	at TempTestSuite1546502277433.run(TempTestSuite1546502277433.groovy:36)


2019-01-03 13:09:10 - [TEST_STEP][PASSED] - Start listener action : sampleAfterTestCase: null

2019-01-03 13:09:10 - [TEST_STEP][PASSED] - println(testCaseContext.getTestCaseId()): null

2019-01-03 13:09:10 - [TEST_STEP][PASSED] - println(testCaseContext.getTestCaseStatus()): null]]></system-out>
         <system-err><![CDATA[2019-01-03 13:08:48 - [TEST_CASE][FAILED] - Test Cases/footer/Subscribe button: Test Cases/footer/Subscribe button FAILED.
Reason:
com.kms.katalon.core.exception.StepFailedException: Unable to accept alert (Root cause: com.kms.katalon.core.exception.StepFailedException: No alert found)
	at com.kms.katalon.core.keyword.internal.KeywordMain.stepFailed(KeywordMain.groovy:36)
	at com.kms.katalon.core.webui.keyword.internal.WebUIKeywordMain.stepFailed(WebUIKeywordMain.groovy:65)
	at com.kms.katalon.core.webui.keyword.internal.WebUIKeywordMain.runKeyword(WebUIKeywordMain.groovy:27)
	at com.kms.katalon.core.webui.keyword.builtin.AcceptAlertKeyword.acceptAlert(AcceptAlertKeyword.groovy:71)
	at com.kms.katalon.core.webui.keyword.builtin.AcceptAlertKeyword.execute(AcceptAlertKeyword.groovy:66)
	at com.kms.katalon.core.keyword.internal.KeywordExecutor.executeKeywordForPlatform(KeywordExecutor.groovy:53)
	at com.kms.katalon.core.webui.keyword.WebUiBuiltInKeywords.acceptAlert(WebUiBuiltInKeywords.groovy:1492)
	at com.kms.katalon.core.webui.keyword.WebUiBuiltInKeywords$acceptAlert$7.call(Unknown Source)
	at Subscribe button.run(Subscribe button:30)
	at com.kms.katalon.core.main.ScriptEngine.run(ScriptEngine.java:194)
	at com.kms.katalon.core.main.ScriptEngine.runScriptAsRawText(ScriptEngine.java:119)
	at com.kms.katalon.core.main.TestCaseExecutor.runScript(TestCaseExecutor.java:328)
	at com.kms.katalon.core.main.TestCaseExecutor.doExecute(TestCaseExecutor.java:319)
	at com.kms.katalon.core.main.TestCaseExecutor.processExecutionPhase(TestCaseExecutor.java:298)
	at com.kms.katalon.core.main.TestCaseExecutor.accessMainPhase(TestCaseExecutor.java:290)
	at com.kms.katalon.core.main.TestCaseExecutor.execute(TestCaseExecutor.java:224)
	at com.kms.katalon.core.main.TestSuiteExecutor.accessTestCaseMainPhase(TestSuiteExecutor.java:129)
	at com.kms.katalon.core.main.TestSuiteExecutor.accessTestSuiteMainPhase(TestSuiteExecutor.java:112)
	at com.kms.katalon.core.main.TestSuiteExecutor.execute(TestSuiteExecutor.java:81)
	at com.kms.katalon.core.main.TestCaseMain.startTestSuite(TestCaseMain.java:149)
	at com.kms.katalon.core.main.TestCaseMain$startTestSuite$0.call(Unknown Source)
	at TempTestSuite1546502277433.run(TempTestSuite1546502277433.groovy:36)]]></system-err>
      </testcase>
      <testcase name="Test Cases/footer/Terms and Conditions- footer" classname="Test Cases/footer/Terms and Conditions- footer" status="PASSED">
         <system-out><![CDATA[2019-01-03 13:09:10 - [TEST_CASE][PASSED] - Test Cases/footer/Terms and Conditions- footer: Test Cases/footer/Terms and Conditions- footer

2019-01-03 13:09:11 - [TEST_STEP][PASSED] - openBrowser(""): Browser is opened with url: ''

2019-01-03 13:09:11 - [MESSAGE][WARNING] - A browser is already opened. Closing browser and opening a new one

2019-01-03 13:09:12 - [MESSAGE][INFO] - Starting 'Chrome' driver

2019-01-03 13:09:14 - [MESSAGE][PASSED] - Browser is opened with url: ''

2019-01-03 13:09:14 - [TEST_STEP][PASSED] - navigateToUrl(Url): Navigate to 'http://dev-chiragh.surge.sh' successfully

2019-01-03 13:09:26 - [MESSAGE][PASSED] - Navigate to 'http://dev-chiragh.surge.sh' successfully

2019-01-03 13:09:26 - [TEST_STEP][PASSED] - maximizeWindow(): Current window maximized

2019-01-03 13:09:27 - [MESSAGE][PASSED] - Current window maximized

2019-01-03 13:09:27 - [TEST_STEP][PASSED] - delay(3): Delayed 3 second(s)

2019-01-03 13:09:30 - [MESSAGE][PASSED] - Delayed 3 second(s)

2019-01-03 13:09:30 - [TEST_STEP][PASSED] - click(findTestObject("Object Repository/Terms and Conditions/Page_Chiragh/a_Terms  Conditions")): Object: 'Object Repository/Terms and Conditions/Page_Chiragh/a_Terms  Conditions' is clicked on

2019-01-03 13:09:30 - [MESSAGE][PASSED] - Object: 'Object Repository/Terms and Conditions/Page_Chiragh/a_Terms  Conditions' is clicked on

2019-01-03 13:09:30 - [TEST_STEP][PASSED] - delay(3): Delayed 3 second(s)

2019-01-03 13:09:33 - [MESSAGE][PASSED] - Delayed 3 second(s)

2019-01-03 13:09:33 - [TEST_STEP][PASSED] - verifyElementPresent(findTestObject("Object Repository/Terms and Conditions/Page_Chiragh/div_Terms  Conditions"), 3): Object 'Object Repository/Terms and Conditions/Page_Chiragh/div_Terms  Conditions' is present

2019-01-03 13:09:34 - [MESSAGE][PASSED] - Object 'Object Repository/Terms and Conditions/Page_Chiragh/div_Terms  Conditions' is present

2019-01-03 13:09:34 - [TEST_STEP][PASSED] - closeBrowser(): Browser is closed

2019-01-03 13:09:34 - [MESSAGE][PASSED] - Browser is closed

2019-01-03 13:09:34 - [TEST_STEP][PASSED] - Start listener action : sampleAfterTestCase: null

2019-01-03 13:09:34 - [TEST_STEP][PASSED] - println(testCaseContext.getTestCaseId()): null

2019-01-03 13:09:34 - [TEST_STEP][PASSED] - println(testCaseContext.getTestCaseStatus()): null]]></system-out>
         <system-err><![CDATA[]]></system-err>
      </testcase>
      <testcase name="Test Cases/about us page/start buying now button" classname="Test Cases/about us page/start buying now button" status="FAILED">
         <failure type="FAILED" message="Test Cases/about us page/start buying now button FAILED.
Reason:
com.kms.katalon.core.exception.StepFailedException: Unable to verify text 'Current Auctions' is present  (Root cause: com.kms.katalon.core.exception.StepFailedException: Text 'Current Auctions' is not present on page )
	at com.kms.katalon.core.keyword.internal.KeywordMain.stepFailed(KeywordMain.groovy:36)
	at com.kms.katalon.core.webui.keyword.internal.WebUIKeywordMain.stepFailed(WebUIKeywordMain.groovy:65)
	at com.kms.katalon.core.webui.keyword.internal.WebUIKeywordMain.runKeyword(WebUIKeywordMain.groovy:27)
	at com.kms.katalon.core.webui.keyword.builtin.VerifyTextPresentKeyword.verifyTextPresent(VerifyTextPresentKeyword.groovy:83)
	at com.kms.katalon.core.webui.keyword.builtin.VerifyTextPresentKeyword.execute(VerifyTextPresentKeyword.groovy:68)
	at com.kms.katalon.core.keyword.internal.KeywordExecutor.executeKeywordForPlatform(KeywordExecutor.groovy:53)
	at com.kms.katalon.core.webui.keyword.WebUiBuiltInKeywords.verifyTextPresent(WebUiBuiltInKeywords.groovy:1693)
	at com.kms.katalon.core.webui.keyword.WebUiBuiltInKeywords$verifyTextPresent$6.call(Unknown Source)
	at start buying now button.run(start buying now button:30)
	at com.kms.katalon.core.main.ScriptEngine.run(ScriptEngine.java:194)
	at com.kms.katalon.core.main.ScriptEngine.runScriptAsRawText(ScriptEngine.java:119)
	at com.kms.katalon.core.main.TestCaseExecutor.runScript(TestCaseExecutor.java:328)
	at com.kms.katalon.core.main.TestCaseExecutor.doExecute(TestCaseExecutor.java:319)
	at com.kms.katalon.core.main.TestCaseExecutor.processExecutionPhase(TestCaseExecutor.java:298)
	at com.kms.katalon.core.main.TestCaseExecutor.accessMainPhase(TestCaseExecutor.java:290)
	at com.kms.katalon.core.main.TestCaseExecutor.execute(TestCaseExecutor.java:224)
	at com.kms.katalon.core.main.TestSuiteExecutor.accessTestCaseMainPhase(TestSuiteExecutor.java:129)
	at com.kms.katalon.core.main.TestSuiteExecutor.accessTestSuiteMainPhase(TestSuiteExecutor.java:112)
	at com.kms.katalon.core.main.TestSuiteExecutor.execute(TestSuiteExecutor.java:81)
	at com.kms.katalon.core.main.TestCaseMain.startTestSuite(TestCaseMain.java:149)
	at com.kms.katalon.core.main.TestCaseMain$startTestSuite$0.call(Unknown Source)
	at TempTestSuite1546502277433.run(TempTestSuite1546502277433.groovy:36)
"/>
         <system-out><![CDATA[2019-01-03 13:09:34 - [TEST_CASE][FAILED] - Test Cases/about us page/start buying now button: Test Cases/about us page/start buying now button FAILED.
Reason:
com.kms.katalon.core.exception.StepFailedException: Unable to verify text 'Current Auctions' is present  (Root cause: com.kms.katalon.core.exception.StepFailedException: Text 'Current Auctions' is not present on page )
	at com.kms.katalon.core.keyword.internal.KeywordMain.stepFailed(KeywordMain.groovy:36)
	at com.kms.katalon.core.webui.keyword.internal.WebUIKeywordMain.stepFailed(WebUIKeywordMain.groovy:65)
	at com.kms.katalon.core.webui.keyword.internal.WebUIKeywordMain.runKeyword(WebUIKeywordMain.groovy:27)
	at com.kms.katalon.core.webui.keyword.builtin.VerifyTextPresentKeyword.verifyTextPresent(VerifyTextPresentKeyword.groovy:83)
	at com.kms.katalon.core.webui.keyword.builtin.VerifyTextPresentKeyword.execute(VerifyTextPresentKeyword.groovy:68)
	at com.kms.katalon.core.keyword.internal.KeywordExecutor.executeKeywordForPlatform(KeywordExecutor.groovy:53)
	at com.kms.katalon.core.webui.keyword.WebUiBuiltInKeywords.verifyTextPresent(WebUiBuiltInKeywords.groovy:1693)
	at com.kms.katalon.core.webui.keyword.WebUiBuiltInKeywords$verifyTextPresent$6.call(Unknown Source)
	at start buying now button.run(start buying now button:30)
	at com.kms.katalon.core.main.ScriptEngine.run(ScriptEngine.java:194)
	at com.kms.katalon.core.main.ScriptEngine.runScriptAsRawText(ScriptEngine.java:119)
	at com.kms.katalon.core.main.TestCaseExecutor.runScript(TestCaseExecutor.java:328)
	at com.kms.katalon.core.main.TestCaseExecutor.doExecute(TestCaseExecutor.java:319)
	at com.kms.katalon.core.main.TestCaseExecutor.processExecutionPhase(TestCaseExecutor.java:298)
	at com.kms.katalon.core.main.TestCaseExecutor.accessMainPhase(TestCaseExecutor.java:290)
	at com.kms.katalon.core.main.TestCaseExecutor.execute(TestCaseExecutor.java:224)
	at com.kms.katalon.core.main.TestSuiteExecutor.accessTestCaseMainPhase(TestSuiteExecutor.java:129)
	at com.kms.katalon.core.main.TestSuiteExecutor.accessTestSuiteMainPhase(TestSuiteExecutor.java:112)
	at com.kms.katalon.core.main.TestSuiteExecutor.execute(TestSuiteExecutor.java:81)
	at com.kms.katalon.core.main.TestCaseMain.startTestSuite(TestCaseMain.java:149)
	at com.kms.katalon.core.main.TestCaseMain$startTestSuite$0.call(Unknown Source)
	at TempTestSuite1546502277433.run(TempTestSuite1546502277433.groovy:36)


2019-01-03 13:09:35 - [TEST_STEP][PASSED] - openBrowser(""): Browser is opened with url: ''

2019-01-03 13:09:35 - [MESSAGE][INFO] - Starting 'Chrome' driver

2019-01-03 13:09:37 - [MESSAGE][PASSED] - Browser is opened with url: ''

2019-01-03 13:09:37 - [TEST_STEP][PASSED] - navigateToUrl(Url): Navigate to 'http://dev-chiragh.surge.sh' successfully

2019-01-03 13:09:49 - [MESSAGE][PASSED] - Navigate to 'http://dev-chiragh.surge.sh' successfully

2019-01-03 13:09:49 - [TEST_STEP][PASSED] - maximizeWindow(): Current window maximized

2019-01-03 13:09:50 - [MESSAGE][PASSED] - Current window maximized

2019-01-03 13:09:50 - [TEST_STEP][PASSED] - delay(5): Delayed 5 second(s)

2019-01-03 13:09:55 - [MESSAGE][PASSED] - Delayed 5 second(s)

2019-01-03 13:09:55 - [TEST_STEP][PASSED] - click(findTestObject("about us/Page_Chiragh/a_About Us(current) (1)")): Object: 'Object Repository/about us/Page_Chiragh/a_About Us(current) (1)' is clicked on

2019-01-03 13:09:55 - [MESSAGE][PASSED] - Object: 'Object Repository/about us/Page_Chiragh/a_About Us(current) (1)' is clicked on

2019-01-03 13:09:55 - [TEST_STEP][PASSED] - click(findTestObject("about us/Page_Chiragh/Page_Chiragh/button_Start Buying")): Object: 'Object Repository/about us/Page_Chiragh/Page_Chiragh/button_Start Buying' is clicked on

2019-01-03 13:09:55 - [MESSAGE][PASSED] - Object: 'Object Repository/about us/Page_Chiragh/Page_Chiragh/button_Start Buying' is clicked on

2019-01-03 13:09:55 - [TEST_STEP][PASSED] - waitForPageLoad(5): Wait for page load successfully

2019-01-03 13:09:55 - [MESSAGE][PASSED] - Wait for page load successfully

2019-01-03 13:09:55 - [TEST_STEP][FAILED] - verifyTextPresent("Current Auctions", false): verifyTextPresent("Current Auctions", false) FAILED.
Reason:
com.kms.katalon.core.exception.StepFailedException: Unable to verify text 'Current Auctions' is present  (Root cause: com.kms.katalon.core.exception.StepFailedException: Text 'Current Auctions' is not present on page )
	at com.kms.katalon.core.keyword.internal.KeywordMain.stepFailed(KeywordMain.groovy:36)
	at com.kms.katalon.core.webui.keyword.internal.WebUIKeywordMain.stepFailed(WebUIKeywordMain.groovy:65)
	at com.kms.katalon.core.webui.keyword.internal.WebUIKeywordMain.runKeyword(WebUIKeywordMain.groovy:27)
	at com.kms.katalon.core.webui.keyword.builtin.VerifyTextPresentKeyword.verifyTextPresent(VerifyTextPresentKeyword.groovy:83)
	at com.kms.katalon.core.webui.keyword.builtin.VerifyTextPresentKeyword.execute(VerifyTextPresentKeyword.groovy:68)
	at com.kms.katalon.core.keyword.internal.KeywordExecutor.executeKeywordForPlatform(KeywordExecutor.groovy:53)
	at com.kms.katalon.core.webui.keyword.WebUiBuiltInKeywords.verifyTextPresent(WebUiBuiltInKeywords.groovy:1693)
	at com.kms.katalon.core.webui.keyword.WebUiBuiltInKeywords$verifyTextPresent$6.call(Unknown Source)
	at start buying now button.run(start buying now button:30)
	at com.kms.katalon.core.main.ScriptEngine.run(ScriptEngine.java:194)
	at com.kms.katalon.core.main.ScriptEngine.runScriptAsRawText(ScriptEngine.java:119)
	at com.kms.katalon.core.main.TestCaseExecutor.runScript(TestCaseExecutor.java:328)
	at com.kms.katalon.core.main.TestCaseExecutor.doExecute(TestCaseExecutor.java:319)
	at com.kms.katalon.core.main.TestCaseExecutor.processExecutionPhase(TestCaseExecutor.java:298)
	at com.kms.katalon.core.main.TestCaseExecutor.accessMainPhase(TestCaseExecutor.java:290)
	at com.kms.katalon.core.main.TestCaseExecutor.execute(TestCaseExecutor.java:224)
	at com.kms.katalon.core.main.TestSuiteExecutor.accessTestCaseMainPhase(TestSuiteExecutor.java:129)
	at com.kms.katalon.core.main.TestSuiteExecutor.accessTestSuiteMainPhase(TestSuiteExecutor.java:112)
	at com.kms.katalon.core.main.TestSuiteExecutor.execute(TestSuiteExecutor.java:81)
	at com.kms.katalon.core.main.TestCaseMain.startTestSuite(TestCaseMain.java:149)
	at com.kms.katalon.core.main.TestCaseMain$startTestSuite$0.call(Unknown Source)
	at TempTestSuite1546502277433.run(TempTestSuite1546502277433.groovy:36)


2019-01-03 13:09:56 - [MESSAGE][FAILED] - Text 'Current Auctions' is not present on page 

2019-01-03 13:09:57 - [MESSAGE][FAILED] - Unable to verify text 'Current Auctions' is present  (Root cause: com.kms.katalon.core.exception.StepFailedException: Text 'Current Auctions' is not present on page )
[[ATTACHMENT|C:\\Users\\HP\\Katalon Studio\\links\\Reports\\Chiragh links\\20190103_125757\\1546502996641.png]]

2019-01-03 13:09:57 - [MESSAGE][FAILED] - verifyTextPresent("Current Auctions", false) FAILED.
Reason:
com.kms.katalon.core.exception.StepFailedException: Unable to verify text 'Current Auctions' is present  (Root cause: com.kms.katalon.core.exception.StepFailedException: Text 'Current Auctions' is not present on page )
	at com.kms.katalon.core.keyword.internal.KeywordMain.stepFailed(KeywordMain.groovy:36)
	at com.kms.katalon.core.webui.keyword.internal.WebUIKeywordMain.stepFailed(WebUIKeywordMain.groovy:65)
	at com.kms.katalon.core.webui.keyword.internal.WebUIKeywordMain.runKeyword(WebUIKeywordMain.groovy:27)
	at com.kms.katalon.core.webui.keyword.builtin.VerifyTextPresentKeyword.verifyTextPresent(VerifyTextPresentKeyword.groovy:83)
	at com.kms.katalon.core.webui.keyword.builtin.VerifyTextPresentKeyword.execute(VerifyTextPresentKeyword.groovy:68)
	at com.kms.katalon.core.keyword.internal.KeywordExecutor.executeKeywordForPlatform(KeywordExecutor.groovy:53)
	at com.kms.katalon.core.webui.keyword.WebUiBuiltInKeywords.verifyTextPresent(WebUiBuiltInKeywords.groovy:1693)
	at com.kms.katalon.core.webui.keyword.WebUiBuiltInKeywords$verifyTextPresent$6.call(Unknown Source)
	at start buying now button.run(start buying now button:30)
	at com.kms.katalon.core.main.ScriptEngine.run(ScriptEngine.java:194)
	at com.kms.katalon.core.main.ScriptEngine.runScriptAsRawText(ScriptEngine.java:119)
	at com.kms.katalon.core.main.TestCaseExecutor.runScript(TestCaseExecutor.java:328)
	at com.kms.katalon.core.main.TestCaseExecutor.doExecute(TestCaseExecutor.java:319)
	at com.kms.katalon.core.main.TestCaseExecutor.processExecutionPhase(TestCaseExecutor.java:298)
	at com.kms.katalon.core.main.TestCaseExecutor.accessMainPhase(TestCaseExecutor.java:290)
	at com.kms.katalon.core.main.TestCaseExecutor.execute(TestCaseExecutor.java:224)
	at com.kms.katalon.core.main.TestSuiteExecutor.accessTestCaseMainPhase(TestSuiteExecutor.java:129)
	at com.kms.katalon.core.main.TestSuiteExecutor.accessTestSuiteMainPhase(TestSuiteExecutor.java:112)
	at com.kms.katalon.core.main.TestSuiteExecutor.execute(TestSuiteExecutor.java:81)
	at com.kms.katalon.core.main.TestCaseMain.startTestSuite(TestCaseMain.java:149)
	at com.kms.katalon.core.main.TestCaseMain$startTestSuite$0.call(Unknown Source)
	at TempTestSuite1546502277433.run(TempTestSuite1546502277433.groovy:36)


2019-01-03 13:09:57 - [TEST_STEP][PASSED] - Start listener action : sampleAfterTestCase: null

2019-01-03 13:09:57 - [TEST_STEP][PASSED] - println(testCaseContext.getTestCaseId()): null

2019-01-03 13:09:57 - [TEST_STEP][PASSED] - println(testCaseContext.getTestCaseStatus()): null]]></system-out>
         <system-err><![CDATA[2019-01-03 13:09:34 - [TEST_CASE][FAILED] - Test Cases/about us page/start buying now button: Test Cases/about us page/start buying now button FAILED.
Reason:
com.kms.katalon.core.exception.StepFailedException: Unable to verify text 'Current Auctions' is present  (Root cause: com.kms.katalon.core.exception.StepFailedException: Text 'Current Auctions' is not present on page )
	at com.kms.katalon.core.keyword.internal.KeywordMain.stepFailed(KeywordMain.groovy:36)
	at com.kms.katalon.core.webui.keyword.internal.WebUIKeywordMain.stepFailed(WebUIKeywordMain.groovy:65)
	at com.kms.katalon.core.webui.keyword.internal.WebUIKeywordMain.runKeyword(WebUIKeywordMain.groovy:27)
	at com.kms.katalon.core.webui.keyword.builtin.VerifyTextPresentKeyword.verifyTextPresent(VerifyTextPresentKeyword.groovy:83)
	at com.kms.katalon.core.webui.keyword.builtin.VerifyTextPresentKeyword.execute(VerifyTextPresentKeyword.groovy:68)
	at com.kms.katalon.core.keyword.internal.KeywordExecutor.executeKeywordForPlatform(KeywordExecutor.groovy:53)
	at com.kms.katalon.core.webui.keyword.WebUiBuiltInKeywords.verifyTextPresent(WebUiBuiltInKeywords.groovy:1693)
	at com.kms.katalon.core.webui.keyword.WebUiBuiltInKeywords$verifyTextPresent$6.call(Unknown Source)
	at start buying now button.run(start buying now button:30)
	at com.kms.katalon.core.main.ScriptEngine.run(ScriptEngine.java:194)
	at com.kms.katalon.core.main.ScriptEngine.runScriptAsRawText(ScriptEngine.java:119)
	at com.kms.katalon.core.main.TestCaseExecutor.runScript(TestCaseExecutor.java:328)
	at com.kms.katalon.core.main.TestCaseExecutor.doExecute(TestCaseExecutor.java:319)
	at com.kms.katalon.core.main.TestCaseExecutor.processExecutionPhase(TestCaseExecutor.java:298)
	at com.kms.katalon.core.main.TestCaseExecutor.accessMainPhase(TestCaseExecutor.java:290)
	at com.kms.katalon.core.main.TestCaseExecutor.execute(TestCaseExecutor.java:224)
	at com.kms.katalon.core.main.TestSuiteExecutor.accessTestCaseMainPhase(TestSuiteExecutor.java:129)
	at com.kms.katalon.core.main.TestSuiteExecutor.accessTestSuiteMainPhase(TestSuiteExecutor.java:112)
	at com.kms.katalon.core.main.TestSuiteExecutor.execute(TestSuiteExecutor.java:81)
	at com.kms.katalon.core.main.TestCaseMain.startTestSuite(TestCaseMain.java:149)
	at com.kms.katalon.core.main.TestCaseMain$startTestSuite$0.call(Unknown Source)
	at TempTestSuite1546502277433.run(TempTestSuite1546502277433.groovy:36)]]></system-err>
      </testcase>
      <testcase name="Test Cases/about us page/start selling now button" classname="Test Cases/about us page/start selling now button" status="FAILED">
         <failure type="FAILED" message="Test Cases/about us page/start selling now button FAILED.
Reason:
com.kms.katalon.core.exception.StepFailedException: Unable to verify object 'Object Repository/sell/Page_Chiragh/Page_Chiragh/form_Sign In' is present (Root cause: com.kms.katalon.core.exception.StepFailedException: com.kms.katalon.core.webui.exception.WebElementNotFoundException: Web element with id: 'Object Repository/sell/Page_Chiragh/Page_Chiragh/form_Sign In' located by 'By.xpath: (.//*[normalize-space(text()) and normalize-space(.)='Resources'])[1]/following::form[1]' not found)
	at com.kms.katalon.core.keyword.internal.KeywordMain.stepFailed(KeywordMain.groovy:36)
	at com.kms.katalon.core.webui.keyword.internal.WebUIKeywordMain.stepFailed(WebUIKeywordMain.groovy:65)
	at com.kms.katalon.core.webui.keyword.internal.WebUIKeywordMain.runKeyword(WebUIKeywordMain.groovy:27)
	at com.kms.katalon.core.webui.keyword.builtin.VerifyElementPresentKeyword.verifyElementPresent(VerifyElementPresentKeyword.groovy:92)
	at com.kms.katalon.core.webui.keyword.builtin.VerifyElementPresentKeyword.execute(VerifyElementPresentKeyword.groovy:68)
	at com.kms.katalon.core.keyword.internal.KeywordExecutor.executeKeywordForPlatform(KeywordExecutor.groovy:53)
	at com.kms.katalon.core.webui.keyword.WebUiBuiltInKeywords.verifyElementPresent(WebUiBuiltInKeywords.groovy:1434)
	at com.kms.katalon.core.webui.keyword.WebUiBuiltInKeywords$verifyElementPresent$3.call(Unknown Source)
	at start selling now button.run(start selling now button:30)
	at com.kms.katalon.core.main.ScriptEngine.run(ScriptEngine.java:194)
	at com.kms.katalon.core.main.ScriptEngine.runScriptAsRawText(ScriptEngine.java:119)
	at com.kms.katalon.core.main.TestCaseExecutor.runScript(TestCaseExecutor.java:328)
	at com.kms.katalon.core.main.TestCaseExecutor.doExecute(TestCaseExecutor.java:319)
	at com.kms.katalon.core.main.TestCaseExecutor.processExecutionPhase(TestCaseExecutor.java:298)
	at com.kms.katalon.core.main.TestCaseExecutor.accessMainPhase(TestCaseExecutor.java:290)
	at com.kms.katalon.core.main.TestCaseExecutor.execute(TestCaseExecutor.java:224)
	at com.kms.katalon.core.main.TestSuiteExecutor.accessTestCaseMainPhase(TestSuiteExecutor.java:129)
	at com.kms.katalon.core.main.TestSuiteExecutor.accessTestSuiteMainPhase(TestSuiteExecutor.java:112)
	at com.kms.katalon.core.main.TestSuiteExecutor.execute(TestSuiteExecutor.java:81)
	at com.kms.katalon.core.main.TestCaseMain.startTestSuite(TestCaseMain.java:149)
	at com.kms.katalon.core.main.TestCaseMain$startTestSuite$0.call(Unknown Source)
	at TempTestSuite1546502277433.run(TempTestSuite1546502277433.groovy:36)
"/>
         <system-out><![CDATA[2019-01-03 13:09:57 - [TEST_CASE][FAILED] - Test Cases/about us page/start selling now button: Test Cases/about us page/start selling now button FAILED.
Reason:
com.kms.katalon.core.exception.StepFailedException: Unable to verify object 'Object Repository/sell/Page_Chiragh/Page_Chiragh/form_Sign In' is present (Root cause: com.kms.katalon.core.exception.StepFailedException: com.kms.katalon.core.webui.exception.WebElementNotFoundException: Web element with id: 'Object Repository/sell/Page_Chiragh/Page_Chiragh/form_Sign In' located by 'By.xpath: (.//*[normalize-space(text()) and normalize-space(.)='Resources'])[1]/following::form[1]' not found)
	at com.kms.katalon.core.keyword.internal.KeywordMain.stepFailed(KeywordMain.groovy:36)
	at com.kms.katalon.core.webui.keyword.internal.WebUIKeywordMain.stepFailed(WebUIKeywordMain.groovy:65)
	at com.kms.katalon.core.webui.keyword.internal.WebUIKeywordMain.runKeyword(WebUIKeywordMain.groovy:27)
	at com.kms.katalon.core.webui.keyword.builtin.VerifyElementPresentKeyword.verifyElementPresent(VerifyElementPresentKeyword.groovy:92)
	at com.kms.katalon.core.webui.keyword.builtin.VerifyElementPresentKeyword.execute(VerifyElementPresentKeyword.groovy:68)
	at com.kms.katalon.core.keyword.internal.KeywordExecutor.executeKeywordForPlatform(KeywordExecutor.groovy:53)
	at com.kms.katalon.core.webui.keyword.WebUiBuiltInKeywords.verifyElementPresent(WebUiBuiltInKeywords.groovy:1434)
	at com.kms.katalon.core.webui.keyword.WebUiBuiltInKeywords$verifyElementPresent$3.call(Unknown Source)
	at start selling now button.run(start selling now button:30)
	at com.kms.katalon.core.main.ScriptEngine.run(ScriptEngine.java:194)
	at com.kms.katalon.core.main.ScriptEngine.runScriptAsRawText(ScriptEngine.java:119)
	at com.kms.katalon.core.main.TestCaseExecutor.runScript(TestCaseExecutor.java:328)
	at com.kms.katalon.core.main.TestCaseExecutor.doExecute(TestCaseExecutor.java:319)
	at com.kms.katalon.core.main.TestCaseExecutor.processExecutionPhase(TestCaseExecutor.java:298)
	at com.kms.katalon.core.main.TestCaseExecutor.accessMainPhase(TestCaseExecutor.java:290)
	at com.kms.katalon.core.main.TestCaseExecutor.execute(TestCaseExecutor.java:224)
	at com.kms.katalon.core.main.TestSuiteExecutor.accessTestCaseMainPhase(TestSuiteExecutor.java:129)
	at com.kms.katalon.core.main.TestSuiteExecutor.accessTestSuiteMainPhase(TestSuiteExecutor.java:112)
	at com.kms.katalon.core.main.TestSuiteExecutor.execute(TestSuiteExecutor.java:81)
	at com.kms.katalon.core.main.TestCaseMain.startTestSuite(TestCaseMain.java:149)
	at com.kms.katalon.core.main.TestCaseMain$startTestSuite$0.call(Unknown Source)
	at TempTestSuite1546502277433.run(TempTestSuite1546502277433.groovy:36)


2019-01-03 13:09:57 - [TEST_STEP][PASSED] - openBrowser(""): Browser is opened with url: ''

2019-01-03 13:09:57 - [MESSAGE][WARNING] - A browser is already opened. Closing browser and opening a new one

2019-01-03 13:09:58 - [MESSAGE][INFO] - Starting 'Chrome' driver

2019-01-03 13:10:00 - [MESSAGE][PASSED] - Browser is opened with url: ''

2019-01-03 13:10:00 - [TEST_STEP][PASSED] - navigateToUrl(Url): Navigate to 'http://dev-chiragh.surge.sh' successfully

2019-01-03 13:10:13 - [MESSAGE][PASSED] - Navigate to 'http://dev-chiragh.surge.sh' successfully

2019-01-03 13:10:13 - [TEST_STEP][PASSED] - maximizeWindow(): Current window maximized

2019-01-03 13:10:14 - [MESSAGE][PASSED] - Current window maximized

2019-01-03 13:10:14 - [TEST_STEP][PASSED] - delay(5): Delayed 5 second(s)

2019-01-03 13:10:19 - [MESSAGE][PASSED] - Delayed 5 second(s)

2019-01-03 13:10:19 - [TEST_STEP][PASSED] - click(findTestObject("Object Repository/about us/Page_Chiragh/a_About Us(current) (1)")): Object: 'Object Repository/about us/Page_Chiragh/a_About Us(current) (1)' is clicked on

2019-01-03 13:10:19 - [MESSAGE][PASSED] - Object: 'Object Repository/about us/Page_Chiragh/a_About Us(current) (1)' is clicked on

2019-01-03 13:10:19 - [TEST_STEP][PASSED] - click(findTestObject("Object Repository/about us/Page_Chiragh/button_Start                Se")): Object: 'Object Repository/about us/Page_Chiragh/button_Start                Se' is clicked on

2019-01-03 13:10:19 - [MESSAGE][PASSED] - Object: 'Object Repository/about us/Page_Chiragh/button_Start                Se' is clicked on

2019-01-03 13:10:19 - [TEST_STEP][PASSED] - waitForPageLoad(5): Wait for page load successfully

2019-01-03 13:10:19 - [MESSAGE][PASSED] - Wait for page load successfully

2019-01-03 13:10:19 - [TEST_STEP][FAILED] - if (verifyElementPresent(findTestObject("sell/Page_Chiragh/Page_Chiragh/form_Sign In"), 3) == true): if (verifyElementPresent(findTestObject("sell/Page_Chiragh/Page_Chiragh/form_Sign In"), 3) == true) FAILED.
Reason:
com.kms.katalon.core.exception.StepFailedException: Unable to verify object 'Object Repository/sell/Page_Chiragh/Page_Chiragh/form_Sign In' is present (Root cause: com.kms.katalon.core.exception.StepFailedException: com.kms.katalon.core.webui.exception.WebElementNotFoundException: Web element with id: 'Object Repository/sell/Page_Chiragh/Page_Chiragh/form_Sign In' located by 'By.xpath: (.//*[normalize-space(text()) and normalize-space(.)='Resources'])[1]/following::form[1]' not found)
	at com.kms.katalon.core.keyword.internal.KeywordMain.stepFailed(KeywordMain.groovy:36)
	at com.kms.katalon.core.webui.keyword.internal.WebUIKeywordMain.stepFailed(WebUIKeywordMain.groovy:65)
	at com.kms.katalon.core.webui.keyword.internal.WebUIKeywordMain.runKeyword(WebUIKeywordMain.groovy:27)
	at com.kms.katalon.core.webui.keyword.builtin.VerifyElementPresentKeyword.verifyElementPresent(VerifyElementPresentKeyword.groovy:92)
	at com.kms.katalon.core.webui.keyword.builtin.VerifyElementPresentKeyword.execute(VerifyElementPresentKeyword.groovy:68)
	at com.kms.katalon.core.keyword.internal.KeywordExecutor.executeKeywordForPlatform(KeywordExecutor.groovy:53)
	at com.kms.katalon.core.webui.keyword.WebUiBuiltInKeywords.verifyElementPresent(WebUiBuiltInKeywords.groovy:1434)
	at com.kms.katalon.core.webui.keyword.WebUiBuiltInKeywords$verifyElementPresent$3.call(Unknown Source)
	at start selling now button.run(start selling now button:30)
	at com.kms.katalon.core.main.ScriptEngine.run(ScriptEngine.java:194)
	at com.kms.katalon.core.main.ScriptEngine.runScriptAsRawText(ScriptEngine.java:119)
	at com.kms.katalon.core.main.TestCaseExecutor.runScript(TestCaseExecutor.java:328)
	at com.kms.katalon.core.main.TestCaseExecutor.doExecute(TestCaseExecutor.java:319)
	at com.kms.katalon.core.main.TestCaseExecutor.processExecutionPhase(TestCaseExecutor.java:298)
	at com.kms.katalon.core.main.TestCaseExecutor.accessMainPhase(TestCaseExecutor.java:290)
	at com.kms.katalon.core.main.TestCaseExecutor.execute(TestCaseExecutor.java:224)
	at com.kms.katalon.core.main.TestSuiteExecutor.accessTestCaseMainPhase(TestSuiteExecutor.java:129)
	at com.kms.katalon.core.main.TestSuiteExecutor.accessTestSuiteMainPhase(TestSuiteExecutor.java:112)
	at com.kms.katalon.core.main.TestSuiteExecutor.execute(TestSuiteExecutor.java:81)
	at com.kms.katalon.core.main.TestCaseMain.startTestSuite(TestCaseMain.java:149)
	at com.kms.katalon.core.main.TestCaseMain$startTestSuite$0.call(Unknown Source)
	at TempTestSuite1546502277433.run(TempTestSuite1546502277433.groovy:36)


2019-01-03 13:10:22 - [MESSAGE][INFO] - Unable to find the element located by 'By.xpath: (.//*[normalize-space(text()) and normalize-space(.)='Resources'])[1]/following::form[1]'. Please recheck the objects properties to make sure the desired element is located. 

2019-01-03 13:10:23 - [MESSAGE][FAILED] - com.kms.katalon.core.webui.exception.WebElementNotFoundException: Web element with id: 'Object Repository/sell/Page_Chiragh/Page_Chiragh/form_Sign In' located by 'By.xpath: (.//*[normalize-space(text()) and normalize-space(.)='Resources'])[1]/following::form[1]' not found
[[ATTACHMENT|C:\\Users\\HP\\Katalon Studio\\links\\Reports\\Chiragh links\\20190103_125757\\1546503022872.png]]

2019-01-03 13:10:23 - [MESSAGE][FAILED] - Unable to verify object 'Object Repository/sell/Page_Chiragh/Page_Chiragh/form_Sign In' is present (Root cause: com.kms.katalon.core.exception.StepFailedException: com.kms.katalon.core.webui.exception.WebElementNotFoundException: Web element with id: 'Object Repository/sell/Page_Chiragh/Page_Chiragh/form_Sign In' located by 'By.xpath: (.//*[normalize-space(text()) and normalize-space(.)='Resources'])[1]/following::form[1]' not found)
[[ATTACHMENT|C:\\Users\\HP\\Katalon Studio\\links\\Reports\\Chiragh links\\20190103_125757\\1546503023168.png]]

2019-01-03 13:10:23 - [MESSAGE][FAILED] - if (verifyElementPresent(findTestObject("sell/Page_Chiragh/Page_Chiragh/form_Sign In"), 3) == true) FAILED.
Reason:
com.kms.katalon.core.exception.StepFailedException: Unable to verify object 'Object Repository/sell/Page_Chiragh/Page_Chiragh/form_Sign In' is present (Root cause: com.kms.katalon.core.exception.StepFailedException: com.kms.katalon.core.webui.exception.WebElementNotFoundException: Web element with id: 'Object Repository/sell/Page_Chiragh/Page_Chiragh/form_Sign In' located by 'By.xpath: (.//*[normalize-space(text()) and normalize-space(.)='Resources'])[1]/following::form[1]' not found)
	at com.kms.katalon.core.keyword.internal.KeywordMain.stepFailed(KeywordMain.groovy:36)
	at com.kms.katalon.core.webui.keyword.internal.WebUIKeywordMain.stepFailed(WebUIKeywordMain.groovy:65)
	at com.kms.katalon.core.webui.keyword.internal.WebUIKeywordMain.runKeyword(WebUIKeywordMain.groovy:27)
	at com.kms.katalon.core.webui.keyword.builtin.VerifyElementPresentKeyword.verifyElementPresent(VerifyElementPresentKeyword.groovy:92)
	at com.kms.katalon.core.webui.keyword.builtin.VerifyElementPresentKeyword.execute(VerifyElementPresentKeyword.groovy:68)
	at com.kms.katalon.core.keyword.internal.KeywordExecutor.executeKeywordForPlatform(KeywordExecutor.groovy:53)
	at com.kms.katalon.core.webui.keyword.WebUiBuiltInKeywords.verifyElementPresent(WebUiBuiltInKeywords.groovy:1434)
	at com.kms.katalon.core.webui.keyword.WebUiBuiltInKeywords$verifyElementPresent$3.call(Unknown Source)
	at start selling now button.run(start selling now button:30)
	at com.kms.katalon.core.main.ScriptEngine.run(ScriptEngine.java:194)
	at com.kms.katalon.core.main.ScriptEngine.runScriptAsRawText(ScriptEngine.java:119)
	at com.kms.katalon.core.main.TestCaseExecutor.runScript(TestCaseExecutor.java:328)
	at com.kms.katalon.core.main.TestCaseExecutor.doExecute(TestCaseExecutor.java:319)
	at com.kms.katalon.core.main.TestCaseExecutor.processExecutionPhase(TestCaseExecutor.java:298)
	at com.kms.katalon.core.main.TestCaseExecutor.accessMainPhase(TestCaseExecutor.java:290)
	at com.kms.katalon.core.main.TestCaseExecutor.execute(TestCaseExecutor.java:224)
	at com.kms.katalon.core.main.TestSuiteExecutor.accessTestCaseMainPhase(TestSuiteExecutor.java:129)
	at com.kms.katalon.core.main.TestSuiteExecutor.accessTestSuiteMainPhase(TestSuiteExecutor.java:112)
	at com.kms.katalon.core.main.TestSuiteExecutor.execute(TestSuiteExecutor.java:81)
	at com.kms.katalon.core.main.TestCaseMain.startTestSuite(TestCaseMain.java:149)
	at com.kms.katalon.core.main.TestCaseMain$startTestSuite$0.call(Unknown Source)
	at TempTestSuite1546502277433.run(TempTestSuite1546502277433.groovy:36)


2019-01-03 13:10:23 - [TEST_STEP][PASSED] - Start listener action : sampleAfterTestCase: null

2019-01-03 13:10:23 - [TEST_STEP][PASSED] - println(testCaseContext.getTestCaseId()): null

2019-01-03 13:10:23 - [TEST_STEP][PASSED] - println(testCaseContext.getTestCaseStatus()): null]]></system-out>
         <system-err><![CDATA[2019-01-03 13:09:57 - [TEST_CASE][FAILED] - Test Cases/about us page/start selling now button: Test Cases/about us page/start selling now button FAILED.
Reason:
com.kms.katalon.core.exception.StepFailedException: Unable to verify object 'Object Repository/sell/Page_Chiragh/Page_Chiragh/form_Sign In' is present (Root cause: com.kms.katalon.core.exception.StepFailedException: com.kms.katalon.core.webui.exception.WebElementNotFoundException: Web element with id: 'Object Repository/sell/Page_Chiragh/Page_Chiragh/form_Sign In' located by 'By.xpath: (.//*[normalize-space(text()) and normalize-space(.)='Resources'])[1]/following::form[1]' not found)
	at com.kms.katalon.core.keyword.internal.KeywordMain.stepFailed(KeywordMain.groovy:36)
	at com.kms.katalon.core.webui.keyword.internal.WebUIKeywordMain.stepFailed(WebUIKeywordMain.groovy:65)
	at com.kms.katalon.core.webui.keyword.internal.WebUIKeywordMain.runKeyword(WebUIKeywordMain.groovy:27)
	at com.kms.katalon.core.webui.keyword.builtin.VerifyElementPresentKeyword.verifyElementPresent(VerifyElementPresentKeyword.groovy:92)
	at com.kms.katalon.core.webui.keyword.builtin.VerifyElementPresentKeyword.execute(VerifyElementPresentKeyword.groovy:68)
	at com.kms.katalon.core.keyword.internal.KeywordExecutor.executeKeywordForPlatform(KeywordExecutor.groovy:53)
	at com.kms.katalon.core.webui.keyword.WebUiBuiltInKeywords.verifyElementPresent(WebUiBuiltInKeywords.groovy:1434)
	at com.kms.katalon.core.webui.keyword.WebUiBuiltInKeywords$verifyElementPresent$3.call(Unknown Source)
	at start selling now button.run(start selling now button:30)
	at com.kms.katalon.core.main.ScriptEngine.run(ScriptEngine.java:194)
	at com.kms.katalon.core.main.ScriptEngine.runScriptAsRawText(ScriptEngine.java:119)
	at com.kms.katalon.core.main.TestCaseExecutor.runScript(TestCaseExecutor.java:328)
	at com.kms.katalon.core.main.TestCaseExecutor.doExecute(TestCaseExecutor.java:319)
	at com.kms.katalon.core.main.TestCaseExecutor.processExecutionPhase(TestCaseExecutor.java:298)
	at com.kms.katalon.core.main.TestCaseExecutor.accessMainPhase(TestCaseExecutor.java:290)
	at com.kms.katalon.core.main.TestCaseExecutor.execute(TestCaseExecutor.java:224)
	at com.kms.katalon.core.main.TestSuiteExecutor.accessTestCaseMainPhase(TestSuiteExecutor.java:129)
	at com.kms.katalon.core.main.TestSuiteExecutor.accessTestSuiteMainPhase(TestSuiteExecutor.java:112)
	at com.kms.katalon.core.main.TestSuiteExecutor.execute(TestSuiteExecutor.java:81)
	at com.kms.katalon.core.main.TestCaseMain.startTestSuite(TestCaseMain.java:149)
	at com.kms.katalon.core.main.TestCaseMain$startTestSuite$0.call(Unknown Source)
	at TempTestSuite1546502277433.run(TempTestSuite1546502277433.groovy:36)]]></system-err>
      </testcase>
      <system-out><![CDATA[2019-01-03 12:58:00 - [TEST_SUITE][FAILED] - Chiragh links: Test Cases/signin/login FAILED.
Reason:
com.kms.katalon.core.exception.StepFailedException: Unable to verify text 'newuser01' is present  (Root cause: com.kms.katalon.core.exception.StepFailedException: Text 'newuser01' is not present on page )
	at com.kms.katalon.core.keyword.internal.KeywordMain.stepFailed(KeywordMain.groovy:36)
	at com.kms.katalon.core.webui.keyword.internal.WebUIKeywordMain.stepFailed(WebUIKeywordMain.groovy:65)
	at com.kms.katalon.core.webui.keyword.internal.WebUIKeywordMain.runKeyword(WebUIKeywordMain.groovy:27)
	at com.kms.katalon.core.webui.keyword.builtin.VerifyTextPresentKeyword.verifyTextPresent(VerifyTextPresentKeyword.groovy:83)
	at com.kms.katalon.core.webui.keyword.builtin.VerifyTextPresentKeyword.execute(VerifyTextPresentKeyword.groovy:68)
	at com.kms.katalon.core.keyword.internal.KeywordExecutor.executeKeywordForPlatform(KeywordExecutor.groovy:53)
	at com.kms.katalon.core.webui.keyword.WebUiBuiltInKeywords.verifyTextPresent(WebUiBuiltInKeywords.groovy:1693)
	at com.kms.katalon.core.webui.keyword.WebUiBuiltInKeywords$verifyTextPresent$6.call(Unknown Source)
	at login.run(login:36)
	at com.kms.katalon.core.main.ScriptEngine.run(ScriptEngine.java:194)
	at com.kms.katalon.core.main.ScriptEngine.runScriptAsRawText(ScriptEngine.java:119)
	at com.kms.katalon.core.main.TestCaseExecutor.runScript(TestCaseExecutor.java:328)
	at com.kms.katalon.core.main.TestCaseExecutor.doExecute(TestCaseExecutor.java:319)
	at com.kms.katalon.core.main.TestCaseExecutor.processExecutionPhase(TestCaseExecutor.java:298)
	at com.kms.katalon.core.main.TestCaseExecutor.accessMainPhase(TestCaseExecutor.java:290)
	at com.kms.katalon.core.main.TestCaseExecutor.execute(TestCaseExecutor.java:224)
	at com.kms.katalon.core.main.TestSuiteExecutor.accessTestCaseMainPhase(TestSuiteExecutor.java:129)
	at com.kms.katalon.core.main.TestSuiteExecutor.accessTestSuiteMainPhase(TestSuiteExecutor.java:112)
	at com.kms.katalon.core.main.TestSuiteExecutor.execute(TestSuiteExecutor.java:81)
	at com.kms.katalon.core.main.TestCaseMain.startTestSuite(TestCaseMain.java:149)
	at com.kms.katalon.core.main.TestCaseMain$startTestSuite$0.call(Unknown Source)
	at TempTestSuite1546502277433.run(TempTestSuite1546502277433.groovy:36)]]></system-out>
      <system-err><![CDATA[2019-01-03 12:58:00 - [TEST_SUITE][FAILED] - Chiragh links: Test Cases/signin/login FAILED.
Reason:
com.kms.katalon.core.exception.StepFailedException: Unable to verify text 'newuser01' is present  (Root cause: com.kms.katalon.core.exception.StepFailedException: Text 'newuser01' is not present on page )
	at com.kms.katalon.core.keyword.internal.KeywordMain.stepFailed(KeywordMain.groovy:36)
	at com.kms.katalon.core.webui.keyword.internal.WebUIKeywordMain.stepFailed(WebUIKeywordMain.groovy:65)
	at com.kms.katalon.core.webui.keyword.internal.WebUIKeywordMain.runKeyword(WebUIKeywordMain.groovy:27)
	at com.kms.katalon.core.webui.keyword.builtin.VerifyTextPresentKeyword.verifyTextPresent(VerifyTextPresentKeyword.groovy:83)
	at com.kms.katalon.core.webui.keyword.builtin.VerifyTextPresentKeyword.execute(VerifyTextPresentKeyword.groovy:68)
	at com.kms.katalon.core.keyword.internal.KeywordExecutor.executeKeywordForPlatform(KeywordExecutor.groovy:53)
	at com.kms.katalon.core.webui.keyword.WebUiBuiltInKeywords.verifyTextPresent(WebUiBuiltInKeywords.groovy:1693)
	at com.kms.katalon.core.webui.keyword.WebUiBuiltInKeywords$verifyTextPresent$6.call(Unknown Source)
	at login.run(login:36)
	at com.kms.katalon.core.main.ScriptEngine.run(ScriptEngine.java:194)
	at com.kms.katalon.core.main.ScriptEngine.runScriptAsRawText(ScriptEngine.java:119)
	at com.kms.katalon.core.main.TestCaseExecutor.runScript(TestCaseExecutor.java:328)
	at com.kms.katalon.core.main.TestCaseExecutor.doExecute(TestCaseExecutor.java:319)
	at com.kms.katalon.core.main.TestCaseExecutor.processExecutionPhase(TestCaseExecutor.java:298)
	at com.kms.katalon.core.main.TestCaseExecutor.accessMainPhase(TestCaseExecutor.java:290)
	at com.kms.katalon.core.main.TestCaseExecutor.execute(TestCaseExecutor.java:224)
	at com.kms.katalon.core.main.TestSuiteExecutor.accessTestCaseMainPhase(TestSuiteExecutor.java:129)
	at com.kms.katalon.core.main.TestSuiteExecutor.accessTestSuiteMainPhase(TestSuiteExecutor.java:112)
	at com.kms.katalon.core.main.TestSuiteExecutor.execute(TestSuiteExecutor.java:81)
	at com.kms.katalon.core.main.TestCaseMain.startTestSuite(TestCaseMain.java:149)
	at com.kms.katalon.core.main.TestCaseMain$startTestSuite$0.call(Unknown Source)
	at TempTestSuite1546502277433.run(TempTestSuite1546502277433.groovy:36)]]></system-err>
   </testsuite>
</testsuites>
